2025-05-12 11:20:09,163 - client_34 - INFO - Client 34 started with algorithm: fedewma, model: lenet5
2025-05-12 11:20:15,060 - client_34 - INFO - Epoch 1/2 - Loss: 0.2233
2025-05-12 11:20:16,562 - client_34 - INFO - Epoch 2/2 - Loss: 0.0590
2025-05-12 11:20:16,562 - client_34 - INFO - Client 34 sending full delta weights
2025-05-12 11:20:16,565 - client_34 - INFO - Sent 250184 bytes to server (weights size: 250032 bytes, client data size: 1765, sparse: False)
2025-05-12 11:20:16,570 - client_34 - INFO - Data transmission successful
2025-05-12 11:21:30,656 - client_34 - INFO - Client 34 started with algorithm: fedewma, model: lenet5
2025-05-12 11:21:37,769 - client_34 - INFO - Epoch 1/2 - Loss: 0.1256
2025-05-12 11:21:39,915 - client_34 - INFO - Epoch 2/2 - Loss: 0.0463
2025-05-12 11:21:39,918 - client_34 - INFO - Client 34 sending full delta weights
2025-05-12 11:21:39,921 - client_34 - INFO - Sent 250184 bytes to server (weights size: 250032 bytes, client data size: 1765, sparse: False)
2025-05-12 11:21:39,926 - client_34 - INFO - Data transmission successful
2025-05-12 11:23:02,711 - client_34 - INFO - Client 34 started with algorithm: fedewma, model: lenet5
2025-05-12 11:23:08,042 - client_34 - INFO - Epoch 1/2 - Loss: 0.0775
2025-05-12 11:23:09,475 - client_34 - INFO - Epoch 2/2 - Loss: 0.0389
2025-05-12 11:23:09,475 - client_34 - INFO - Client 34 sending full delta weights
2025-05-12 11:23:09,478 - client_34 - INFO - Sent 250184 bytes to server (weights size: 250032 bytes, client data size: 1765, sparse: False)
2025-05-12 11:23:09,482 - client_34 - INFO - Data transmission successful
2025-05-12 11:23:45,976 - client_34 - INFO - Client 34 started with algorithm: fedewma, model: lenet5
2025-05-12 11:23:52,982 - client_34 - INFO - Epoch 1/2 - Loss: 0.0748
2025-05-12 11:23:55,274 - client_34 - INFO - Epoch 2/2 - Loss: 0.0319
2025-05-12 11:23:55,275 - client_34 - INFO - Client 34 sending full delta weights
2025-05-12 11:23:55,278 - client_34 - INFO - Sent 250184 bytes to server (weights size: 250032 bytes, client data size: 1765, sparse: False)
2025-05-12 11:23:55,285 - client_34 - INFO - Data transmission successful
2025-05-12 11:25:15,112 - client_34 - INFO - Client 34 started with algorithm: fedewma, model: lenet5
2025-05-12 11:25:20,728 - client_34 - INFO - Epoch 1/2 - Loss: 0.0605
2025-05-12 11:25:22,675 - client_34 - INFO - Epoch 2/2 - Loss: 0.0264
2025-05-12 11:25:22,675 - client_34 - INFO - Client 34 sending full delta weights
2025-05-12 11:25:22,678 - client_34 - INFO - Sent 250184 bytes to server (weights size: 250032 bytes, client data size: 1765, sparse: False)
2025-05-12 11:25:22,682 - client_34 - INFO - Data transmission successful
2025-05-12 11:25:46,380 - client_34 - INFO - Client 34 started with algorithm: fedewma, model: lenet5
2025-05-12 11:25:52,805 - client_34 - INFO - Epoch 1/2 - Loss: 0.0583
2025-05-12 11:25:55,264 - client_34 - INFO - Epoch 2/2 - Loss: 0.0242
2025-05-12 11:25:55,264 - client_34 - INFO - Client 34 sending full delta weights
2025-05-12 11:25:55,267 - client_34 - INFO - Sent 250184 bytes to server (weights size: 250032 bytes, client data size: 1765, sparse: False)
2025-05-12 11:25:55,275 - client_34 - INFO - Data transmission successful
2025-05-12 11:26:42,465 - client_34 - INFO - Client 34 started with algorithm: fedewma, model: lenet5
2025-05-12 11:26:49,664 - client_34 - INFO - Epoch 1/2 - Loss: 0.0429
2025-05-12 11:26:50,856 - client_34 - INFO - Epoch 2/2 - Loss: 0.0220
2025-05-12 11:26:50,856 - client_34 - INFO - Client 34 sending full delta weights
2025-05-12 11:26:50,858 - client_34 - INFO - Sent 250184 bytes to server (weights size: 250032 bytes, client data size: 1765, sparse: False)
2025-05-12 11:26:50,861 - client_34 - INFO - Data transmission successful
2025-05-12 11:28:04,513 - client_34 - INFO - Client 34 started with algorithm: fedewma, model: lenet5
2025-05-12 11:28:11,746 - client_34 - INFO - Epoch 1/2 - Loss: 0.0421
2025-05-12 11:28:13,155 - client_34 - INFO - Epoch 2/2 - Loss: 0.0212
2025-05-12 11:28:13,155 - client_34 - INFO - Client 34 sending full delta weights
2025-05-12 11:28:13,157 - client_34 - INFO - Sent 250184 bytes to server (weights size: 250032 bytes, client data size: 1765, sparse: False)
2025-05-12 11:28:13,160 - client_34 - INFO - Data transmission successful
2025-05-12 11:29:00,762 - client_34 - INFO - Client 34 started with algorithm: fedewma, model: lenet5
2025-05-12 11:29:07,099 - client_34 - INFO - Epoch 1/2 - Loss: 0.0422
2025-05-12 11:29:08,282 - client_34 - INFO - Epoch 2/2 - Loss: 0.0262
2025-05-12 11:29:08,282 - client_34 - INFO - Client 34 sending full delta weights
2025-05-12 11:29:08,286 - client_34 - INFO - Sent 250184 bytes to server (weights size: 250032 bytes, client data size: 1765, sparse: False)
2025-05-12 11:29:08,290 - client_34 - INFO - Data transmission successful
2025-05-12 11:29:40,006 - client_34 - INFO - Client 34 started with algorithm: fedewma, model: lenet5
2025-05-12 11:29:45,707 - client_34 - INFO - Epoch 1/2 - Loss: 0.0313
2025-05-12 11:29:47,490 - client_34 - INFO - Epoch 2/2 - Loss: 0.0172
2025-05-12 11:29:47,491 - client_34 - INFO - Client 34 sending full delta weights
2025-05-12 11:29:47,493 - client_34 - INFO - Sent 250184 bytes to server (weights size: 250032 bytes, client data size: 1765, sparse: False)
2025-05-12 11:29:47,496 - client_34 - INFO - Data transmission successful
2025-05-12 11:29:50,413 - client_34 - INFO - Client 34 started with algorithm: fedewma, model: lenet5
2025-05-12 11:29:57,647 - client_34 - INFO - Epoch 1/2 - Loss: 0.0380
2025-05-12 11:29:59,382 - client_34 - INFO - Epoch 2/2 - Loss: 0.0233
2025-05-12 11:29:59,382 - client_34 - INFO - Client 34 sending full delta weights
2025-05-12 11:29:59,387 - client_34 - INFO - Sent 250184 bytes to server (weights size: 250032 bytes, client data size: 1765, sparse: False)
2025-05-12 11:29:59,392 - client_34 - INFO - Data transmission successful
2025-05-12 11:31:56,908 - client_34 - INFO - Client 34 started with algorithm: fedewma, model: lenet5
2025-05-12 11:32:03,498 - client_34 - INFO - Epoch 1/2 - Loss: 0.0415
2025-05-12 11:32:04,942 - client_34 - INFO - Epoch 2/2 - Loss: 0.0197
2025-05-12 11:32:04,942 - client_34 - INFO - Client 34 sending full delta weights
2025-05-12 11:32:04,946 - client_34 - INFO - Sent 250184 bytes to server (weights size: 250032 bytes, client data size: 1765, sparse: False)
2025-05-12 11:32:04,953 - client_34 - INFO - Data transmission successful
2025-05-12 11:33:19,343 - client_34 - INFO - Client 34 started with algorithm: fedewma, model: lenet5
2025-05-12 11:33:26,555 - client_34 - INFO - Epoch 1/2 - Loss: 0.0289
2025-05-12 11:33:28,741 - client_34 - INFO - Epoch 2/2 - Loss: 0.0150
2025-05-12 11:33:28,742 - client_34 - INFO - Client 34 sending full delta weights
2025-05-12 11:33:28,744 - client_34 - INFO - Sent 250184 bytes to server (weights size: 250032 bytes, client data size: 1765, sparse: False)
2025-05-12 11:33:28,748 - client_34 - INFO - Data transmission successful
2025-05-12 11:36:38,289 - client_34 - INFO - Client 34 started with algorithm: fedewma, model: lenet5
2025-05-12 11:36:44,345 - client_34 - INFO - Epoch 1/2 - Loss: 0.0270
2025-05-12 11:36:46,381 - client_34 - INFO - Epoch 2/2 - Loss: 0.0154
2025-05-12 11:36:46,382 - client_34 - INFO - Client 34 sending full delta weights
2025-05-12 11:36:46,386 - client_34 - INFO - Sent 250184 bytes to server (weights size: 250032 bytes, client data size: 1765, sparse: False)
2025-05-12 11:36:46,392 - client_34 - INFO - Data transmission successful
2025-05-13 07:07:52,909 - client_34 - INFO - Client 34 started with algorithm: fedprox, model: lenet5
2025-05-13 07:07:57,141 - client_34 - INFO - Epoch 1/2 - Loss: 0.2236
2025-05-13 07:07:58,701 - client_34 - INFO - Epoch 2/2 - Loss: 0.0629
2025-05-13 07:07:58,704 - client_34 - INFO - Sent 250511 bytes to server (weights size: 250359 bytes, client data size: 1765, sparse: False)
2025-05-13 07:07:58,708 - client_34 - INFO - Data transmission successful
2025-05-13 07:09:16,800 - client_34 - INFO - Client 34 started with algorithm: fedprox, model: lenet5
2025-05-13 07:09:22,286 - client_34 - INFO - Epoch 1/2 - Loss: 0.1264
2025-05-13 07:09:24,488 - client_34 - INFO - Epoch 2/2 - Loss: 0.0451
2025-05-13 07:09:24,491 - client_34 - INFO - Sent 250511 bytes to server (weights size: 250359 bytes, client data size: 1765, sparse: False)
2025-05-13 07:09:24,497 - client_34 - INFO - Data transmission successful
2025-05-13 07:10:33,071 - client_34 - INFO - Client 34 started with algorithm: fedprox, model: lenet5
2025-05-13 07:10:35,920 - client_34 - INFO - Epoch 1/2 - Loss: 0.0800
2025-05-13 07:10:37,499 - client_34 - INFO - Epoch 2/2 - Loss: 0.0398
2025-05-13 07:10:37,502 - client_34 - INFO - Sent 250511 bytes to server (weights size: 250359 bytes, client data size: 1765, sparse: False)
2025-05-13 07:10:37,505 - client_34 - INFO - Data transmission successful
2025-05-13 07:11:05,850 - client_34 - INFO - Client 34 started with algorithm: fedprox, model: lenet5
2025-05-13 07:11:10,094 - client_34 - INFO - Epoch 1/2 - Loss: 0.0714
2025-05-13 07:11:12,543 - client_34 - INFO - Epoch 2/2 - Loss: 0.0333
2025-05-13 07:11:12,548 - client_34 - INFO - Sent 250511 bytes to server (weights size: 250359 bytes, client data size: 1765, sparse: False)
2025-05-13 07:11:12,555 - client_34 - INFO - Data transmission successful
2025-05-13 07:12:17,489 - client_34 - INFO - Client 34 started with algorithm: fedprox, model: lenet5
2025-05-13 07:12:20,840 - client_34 - INFO - Epoch 1/2 - Loss: 0.0600
2025-05-13 07:12:22,860 - client_34 - INFO - Epoch 2/2 - Loss: 0.0276
2025-05-13 07:12:22,863 - client_34 - INFO - Sent 250511 bytes to server (weights size: 250359 bytes, client data size: 1765, sparse: False)
2025-05-13 07:12:22,868 - client_34 - INFO - Data transmission successful
2025-05-13 07:12:41,147 - client_34 - INFO - Client 34 started with algorithm: fedprox, model: lenet5
2025-05-13 07:12:44,889 - client_34 - INFO - Epoch 1/2 - Loss: 0.0575
2025-05-13 07:12:47,224 - client_34 - INFO - Epoch 2/2 - Loss: 0.0245
2025-05-13 07:12:47,227 - client_34 - INFO - Sent 250511 bytes to server (weights size: 250359 bytes, client data size: 1765, sparse: False)
2025-05-13 07:12:47,231 - client_34 - INFO - Data transmission successful
2025-05-13 07:13:25,156 - client_34 - INFO - Client 34 started with algorithm: fedprox, model: lenet5
2025-05-13 07:13:29,579 - client_34 - INFO - Epoch 1/2 - Loss: 0.0426
2025-05-13 07:13:30,717 - client_34 - INFO - Epoch 2/2 - Loss: 0.0224
2025-05-13 07:13:30,719 - client_34 - INFO - Sent 250511 bytes to server (weights size: 250359 bytes, client data size: 1765, sparse: False)
2025-05-13 07:13:30,722 - client_34 - INFO - Data transmission successful
2025-05-13 07:14:24,565 - client_34 - INFO - Client 34 started with algorithm: fedprox, model: lenet5
2025-05-13 07:14:29,250 - client_34 - INFO - Epoch 1/2 - Loss: 0.0367
2025-05-13 07:14:30,444 - client_34 - INFO - Epoch 2/2 - Loss: 0.0201
2025-05-13 07:14:30,449 - client_34 - INFO - Sent 250511 bytes to server (weights size: 250359 bytes, client data size: 1765, sparse: False)
2025-05-13 07:14:30,451 - client_34 - INFO - Data transmission successful
2025-05-13 07:15:08,949 - client_34 - INFO - Client 34 started with algorithm: fedprox, model: lenet5
2025-05-13 07:15:12,701 - client_34 - INFO - Epoch 1/2 - Loss: 0.0396
2025-05-13 07:15:13,857 - client_34 - INFO - Epoch 2/2 - Loss: 0.0170
2025-05-13 07:15:13,860 - client_34 - INFO - Sent 250511 bytes to server (weights size: 250359 bytes, client data size: 1765, sparse: False)
2025-05-13 07:15:13,863 - client_34 - INFO - Data transmission successful
2025-05-13 07:15:38,504 - client_34 - INFO - Client 34 started with algorithm: fedprox, model: lenet5
2025-05-13 07:15:41,727 - client_34 - INFO - Epoch 1/2 - Loss: 0.0315
2025-05-13 07:15:43,596 - client_34 - INFO - Epoch 2/2 - Loss: 0.0169
2025-05-13 07:15:43,599 - client_34 - INFO - Sent 250511 bytes to server (weights size: 250359 bytes, client data size: 1765, sparse: False)
2025-05-13 07:15:43,603 - client_34 - INFO - Data transmission successful
2025-05-13 07:15:46,542 - client_34 - INFO - Client 34 started with algorithm: fedprox, model: lenet5
2025-05-13 07:15:51,023 - client_34 - INFO - Epoch 1/2 - Loss: 0.0298
2025-05-13 07:15:52,807 - client_34 - INFO - Epoch 2/2 - Loss: 0.0204
2025-05-13 07:15:52,810 - client_34 - INFO - Sent 250511 bytes to server (weights size: 250359 bytes, client data size: 1765, sparse: False)
2025-05-13 07:15:52,814 - client_34 - INFO - Data transmission successful
2025-05-13 07:17:22,026 - client_34 - INFO - Client 34 started with algorithm: fedprox, model: lenet5
2025-05-13 07:17:26,825 - client_34 - INFO - Epoch 1/2 - Loss: 0.0516
2025-05-13 07:17:29,195 - client_34 - INFO - Epoch 2/2 - Loss: 0.0164
2025-05-13 07:17:29,198 - client_34 - INFO - Sent 250511 bytes to server (weights size: 250359 bytes, client data size: 1765, sparse: False)
2025-05-13 07:17:29,201 - client_34 - INFO - Data transmission successful
2025-05-13 07:18:32,577 - client_34 - INFO - Client 34 started with algorithm: fedprox, model: lenet5
2025-05-13 07:18:37,157 - client_34 - INFO - Epoch 1/2 - Loss: 0.0295
2025-05-13 07:18:39,373 - client_34 - INFO - Epoch 2/2 - Loss: 0.0150
2025-05-13 07:18:39,376 - client_34 - INFO - Sent 250511 bytes to server (weights size: 250359 bytes, client data size: 1765, sparse: False)
2025-05-13 07:18:39,380 - client_34 - INFO - Data transmission successful
2025-05-13 07:21:04,451 - client_34 - INFO - Client 34 started with algorithm: fedprox, model: lenet5
2025-05-13 07:21:07,641 - client_34 - INFO - Epoch 1/2 - Loss: 0.0248
2025-05-13 07:21:10,062 - client_34 - INFO - Epoch 2/2 - Loss: 0.0141
2025-05-13 07:21:10,065 - client_34 - INFO - Sent 250511 bytes to server (weights size: 250359 bytes, client data size: 1765, sparse: False)
2025-05-13 07:21:10,071 - client_34 - INFO - Data transmission successful
2025-05-13 07:27:59,818 - client_34 - INFO - Client 34 started with algorithm: fedavg, model: lenet5
2025-05-13 07:28:02,778 - client_34 - INFO - Epoch 1/2 - Loss: 0.2303
2025-05-13 07:28:04,603 - client_34 - INFO - Epoch 2/2 - Loss: 0.0628
2025-05-13 07:28:04,606 - client_34 - INFO - Sent 250513 bytes to server (weights size: 250359 bytes, client data size: 1765, sparse: False)
2025-05-13 07:28:04,612 - client_34 - INFO - Data transmission successful
2025-05-13 07:28:58,772 - client_34 - INFO - Client 34 started with algorithm: fedavg, model: lenet5
2025-05-13 07:29:02,727 - client_34 - INFO - Epoch 1/2 - Loss: 0.1404
2025-05-13 07:29:04,706 - client_34 - INFO - Epoch 2/2 - Loss: 0.0437
2025-05-13 07:29:04,709 - client_34 - INFO - Sent 250513 bytes to server (weights size: 250359 bytes, client data size: 1765, sparse: False)
2025-05-13 07:29:04,714 - client_34 - INFO - Data transmission successful
2025-05-13 07:30:05,031 - client_34 - INFO - Client 34 started with algorithm: fedavg, model: lenet5
2025-05-13 07:30:07,699 - client_34 - INFO - Epoch 1/2 - Loss: 0.1028
2025-05-13 07:30:08,977 - client_34 - INFO - Epoch 2/2 - Loss: 0.0369
2025-05-13 07:30:08,980 - client_34 - INFO - Sent 250513 bytes to server (weights size: 250359 bytes, client data size: 1765, sparse: False)
2025-05-13 07:30:08,985 - client_34 - INFO - Data transmission successful
2025-05-13 07:30:36,269 - client_34 - INFO - Client 34 started with algorithm: fedavg, model: lenet5
2025-05-13 07:30:39,871 - client_34 - INFO - Epoch 1/2 - Loss: 0.0715
2025-05-13 07:30:42,019 - client_34 - INFO - Epoch 2/2 - Loss: 0.0318
2025-05-13 07:30:42,022 - client_34 - INFO - Sent 250513 bytes to server (weights size: 250359 bytes, client data size: 1765, sparse: False)
2025-05-13 07:30:42,029 - client_34 - INFO - Data transmission successful
2025-05-13 07:31:40,512 - client_34 - INFO - Client 34 started with algorithm: fedavg, model: lenet5
2025-05-13 07:31:43,175 - client_34 - INFO - Epoch 1/2 - Loss: 0.0860
2025-05-13 07:31:45,030 - client_34 - INFO - Epoch 2/2 - Loss: 0.0284
2025-05-13 07:31:45,033 - client_34 - INFO - Sent 250513 bytes to server (weights size: 250359 bytes, client data size: 1765, sparse: False)
2025-05-13 07:31:45,037 - client_34 - INFO - Data transmission successful
2025-05-13 07:32:01,728 - client_34 - INFO - Client 34 started with algorithm: fedavg, model: lenet5
2025-05-13 07:32:05,287 - client_34 - INFO - Epoch 1/2 - Loss: 0.0756
2025-05-13 07:32:07,280 - client_34 - INFO - Epoch 2/2 - Loss: 0.0244
2025-05-13 07:32:07,283 - client_34 - INFO - Sent 250513 bytes to server (weights size: 250359 bytes, client data size: 1765, sparse: False)
2025-05-13 07:32:07,288 - client_34 - INFO - Data transmission successful
2025-05-13 07:32:43,171 - client_34 - INFO - Client 34 started with algorithm: fedavg, model: lenet5
2025-05-13 07:32:47,311 - client_34 - INFO - Epoch 1/2 - Loss: 0.0438
2025-05-13 07:32:48,398 - client_34 - INFO - Epoch 2/2 - Loss: 0.0217
2025-05-13 07:32:48,400 - client_34 - INFO - Sent 250513 bytes to server (weights size: 250359 bytes, client data size: 1765, sparse: False)
2025-05-13 07:32:48,402 - client_34 - INFO - Data transmission successful
2025-05-13 07:33:41,923 - client_34 - INFO - Client 34 started with algorithm: fedavg, model: lenet5
2025-05-13 07:33:47,048 - client_34 - INFO - Epoch 1/2 - Loss: 0.0362
2025-05-13 07:33:47,975 - client_34 - INFO - Epoch 2/2 - Loss: 0.0203
2025-05-13 07:33:47,977 - client_34 - INFO - Sent 250513 bytes to server (weights size: 250359 bytes, client data size: 1765, sparse: False)
2025-05-13 07:33:47,980 - client_34 - INFO - Data transmission successful
2025-05-13 07:34:22,549 - client_34 - INFO - Client 34 started with algorithm: fedavg, model: lenet5
2025-05-13 07:34:25,889 - client_34 - INFO - Epoch 1/2 - Loss: 0.0313
2025-05-13 07:34:26,876 - client_34 - INFO - Epoch 2/2 - Loss: 0.0174
2025-05-13 07:34:26,879 - client_34 - INFO - Sent 250513 bytes to server (weights size: 250359 bytes, client data size: 1765, sparse: False)
2025-05-13 07:34:26,881 - client_34 - INFO - Data transmission successful
2025-05-13 07:34:50,227 - client_34 - INFO - Client 34 started with algorithm: fedavg, model: lenet5
2025-05-13 07:34:53,202 - client_34 - INFO - Epoch 1/2 - Loss: 0.0390
2025-05-13 07:34:54,485 - client_34 - INFO - Epoch 2/2 - Loss: 0.0166
2025-05-13 07:34:54,487 - client_34 - INFO - Sent 250513 bytes to server (weights size: 250359 bytes, client data size: 1765, sparse: False)
2025-05-13 07:34:54,491 - client_34 - INFO - Data transmission successful
2025-05-13 07:34:57,324 - client_34 - INFO - Client 34 started with algorithm: fedavg, model: lenet5
2025-05-13 07:35:01,433 - client_34 - INFO - Epoch 1/2 - Loss: 0.0361
2025-05-13 07:35:02,847 - client_34 - INFO - Epoch 2/2 - Loss: 0.0191
2025-05-13 07:35:02,850 - client_34 - INFO - Sent 250513 bytes to server (weights size: 250359 bytes, client data size: 1765, sparse: False)
2025-05-13 07:35:02,854 - client_34 - INFO - Data transmission successful
2025-05-13 07:36:26,251 - client_34 - INFO - Client 34 started with algorithm: fedavg, model: lenet5
2025-05-13 07:36:29,894 - client_34 - INFO - Epoch 1/2 - Loss: 0.0513
2025-05-13 07:36:31,232 - client_34 - INFO - Epoch 2/2 - Loss: 0.0155
2025-05-13 07:36:31,235 - client_34 - INFO - Sent 250513 bytes to server (weights size: 250359 bytes, client data size: 1765, sparse: False)
2025-05-13 07:36:31,237 - client_34 - INFO - Data transmission successful
2025-05-13 07:37:24,992 - client_34 - INFO - Client 34 started with algorithm: fedavg, model: lenet5
2025-05-13 07:37:29,010 - client_34 - INFO - Epoch 1/2 - Loss: 0.0357
2025-05-13 07:37:30,900 - client_34 - INFO - Epoch 2/2 - Loss: 0.0152
2025-05-13 07:37:30,902 - client_34 - INFO - Sent 250513 bytes to server (weights size: 250359 bytes, client data size: 1765, sparse: False)
2025-05-13 07:37:30,906 - client_34 - INFO - Data transmission successful
2025-05-13 07:39:47,330 - client_34 - INFO - Client 34 started with algorithm: fedavg, model: lenet5
2025-05-13 07:39:50,101 - client_34 - INFO - Epoch 1/2 - Loss: 0.0292
2025-05-13 07:39:51,853 - client_34 - INFO - Epoch 2/2 - Loss: 0.0144
2025-05-13 07:39:51,856 - client_34 - INFO - Sent 250513 bytes to server (weights size: 250359 bytes, client data size: 1765, sparse: False)
2025-05-13 07:39:51,861 - client_34 - INFO - Data transmission successful
2025-05-13 14:34:40,572 - client_34 - INFO - Client 34 started with algorithm: fedewma, model: lenet5
2025-05-13 14:34:45,098 - client_34 - INFO - Epoch 1/2 - Loss: 0.2315
2025-05-13 14:34:46,332 - client_34 - INFO - Epoch 2/2 - Loss: 0.0612
2025-05-13 14:34:46,333 - client_34 - INFO - Client 34 sending full delta weights
2025-05-13 14:34:46,335 - client_34 - INFO - Sent 250184 bytes to server (weights size: 250032 bytes, client data size: 1765, sparse: False)
2025-05-13 14:34:46,339 - client_34 - INFO - Data transmission successful
2025-05-13 14:35:49,857 - client_34 - INFO - Client 34 started with algorithm: fedewma, model: lenet5
2025-05-13 14:35:55,582 - client_34 - INFO - Epoch 1/2 - Loss: 0.1134
2025-05-13 14:35:57,502 - client_34 - INFO - Epoch 2/2 - Loss: 0.0422
2025-05-13 14:35:57,503 - client_34 - INFO - Client 34 sending full delta weights
2025-05-13 14:35:57,505 - client_34 - INFO - Sent 250184 bytes to server (weights size: 250032 bytes, client data size: 1765, sparse: False)
2025-05-13 14:35:57,510 - client_34 - INFO - Data transmission successful
2025-05-13 14:37:06,198 - client_34 - INFO - Client 34 started with algorithm: fedewma, model: lenet5
2025-05-13 14:37:10,503 - client_34 - INFO - Epoch 1/2 - Loss: 0.0829
2025-05-13 14:37:11,736 - client_34 - INFO - Epoch 2/2 - Loss: 0.0388
2025-05-13 14:37:11,736 - client_34 - INFO - Client 34 sending full delta weights
2025-05-13 14:37:11,739 - client_34 - INFO - Sent 250184 bytes to server (weights size: 250032 bytes, client data size: 1765, sparse: False)
2025-05-13 14:37:11,742 - client_34 - INFO - Data transmission successful
2025-05-13 14:37:42,759 - client_34 - INFO - Client 34 started with algorithm: fedewma, model: lenet5
2025-05-13 14:37:48,162 - client_34 - INFO - Epoch 1/2 - Loss: 0.0747
2025-05-13 14:37:50,307 - client_34 - INFO - Epoch 2/2 - Loss: 0.0344
2025-05-13 14:37:50,308 - client_34 - INFO - Client 34 sending full delta weights
2025-05-13 14:37:50,310 - client_34 - INFO - Sent 250184 bytes to server (weights size: 250032 bytes, client data size: 1765, sparse: False)
2025-05-13 14:37:50,314 - client_34 - INFO - Data transmission successful
2025-05-13 14:38:58,350 - client_34 - INFO - Client 34 started with algorithm: fedewma, model: lenet5
2025-05-13 14:39:02,902 - client_34 - INFO - Epoch 1/2 - Loss: 0.0616
2025-05-13 14:39:04,610 - client_34 - INFO - Epoch 2/2 - Loss: 0.0268
2025-05-13 14:39:04,611 - client_34 - INFO - Client 34 sending full delta weights
2025-05-13 14:39:04,613 - client_34 - INFO - Sent 250184 bytes to server (weights size: 250032 bytes, client data size: 1765, sparse: False)
2025-05-13 14:39:04,617 - client_34 - INFO - Data transmission successful
2025-05-13 14:39:25,172 - client_34 - INFO - Client 34 started with algorithm: fedewma, model: lenet5
2025-05-13 14:39:30,331 - client_34 - INFO - Epoch 1/2 - Loss: 0.0508
2025-05-13 14:39:32,832 - client_34 - INFO - Epoch 2/2 - Loss: 0.0236
2025-05-13 14:39:32,833 - client_34 - INFO - Client 34 sending full delta weights
2025-05-13 14:39:32,835 - client_34 - INFO - Sent 250184 bytes to server (weights size: 250032 bytes, client data size: 1765, sparse: False)
2025-05-13 14:39:32,840 - client_34 - INFO - Data transmission successful
2025-05-13 14:40:13,590 - client_34 - INFO - Client 34 started with algorithm: fedewma, model: lenet5
2025-05-13 14:40:19,340 - client_34 - INFO - Epoch 1/2 - Loss: 0.0423
2025-05-13 14:40:20,368 - client_34 - INFO - Epoch 2/2 - Loss: 0.0286
2025-05-13 14:40:20,369 - client_34 - INFO - Client 34 sending full delta weights
2025-05-13 14:40:20,370 - client_34 - INFO - Sent 250184 bytes to server (weights size: 250032 bytes, client data size: 1765, sparse: False)
2025-05-13 14:40:20,373 - client_34 - INFO - Data transmission successful
2025-05-13 14:41:22,852 - client_34 - INFO - Client 34 started with algorithm: fedewma, model: lenet5
2025-05-13 14:41:28,731 - client_34 - INFO - Epoch 1/2 - Loss: 0.0435
2025-05-13 14:41:29,718 - client_34 - INFO - Epoch 2/2 - Loss: 0.0201
2025-05-13 14:41:29,718 - client_34 - INFO - Client 34 sending full delta weights
2025-05-13 14:41:29,720 - client_34 - INFO - Sent 250184 bytes to server (weights size: 250032 bytes, client data size: 1765, sparse: False)
2025-05-13 14:41:29,722 - client_34 - INFO - Data transmission successful
2025-05-13 14:42:10,592 - client_34 - INFO - Client 34 started with algorithm: fedewma, model: lenet5
2025-05-13 14:42:15,712 - client_34 - INFO - Epoch 1/2 - Loss: 0.0557
2025-05-13 14:42:16,526 - client_34 - INFO - Epoch 2/2 - Loss: 0.0350
2025-05-13 14:42:16,526 - client_34 - INFO - Client 34 sending full delta weights
2025-05-13 14:42:16,528 - client_34 - INFO - Sent 250184 bytes to server (weights size: 250032 bytes, client data size: 1765, sparse: False)
2025-05-13 14:42:16,531 - client_34 - INFO - Data transmission successful
2025-05-13 14:42:43,924 - client_34 - INFO - Client 34 started with algorithm: fedewma, model: lenet5
2025-05-13 14:42:48,263 - client_34 - INFO - Epoch 1/2 - Loss: 0.0311
2025-05-13 14:42:49,760 - client_34 - INFO - Epoch 2/2 - Loss: 0.0177
2025-05-13 14:42:49,760 - client_34 - INFO - Client 34 sending full delta weights
2025-05-13 14:42:49,763 - client_34 - INFO - Sent 250184 bytes to server (weights size: 250032 bytes, client data size: 1765, sparse: False)
2025-05-13 14:42:49,766 - client_34 - INFO - Data transmission successful
2025-05-13 14:42:52,597 - client_34 - INFO - Client 34 started with algorithm: fedewma, model: lenet5
2025-05-13 14:42:58,406 - client_34 - INFO - Epoch 1/2 - Loss: 0.0293
2025-05-13 14:42:59,734 - client_34 - INFO - Epoch 2/2 - Loss: 0.0172
2025-05-13 14:42:59,734 - client_34 - INFO - Client 34 sending full delta weights
2025-05-13 14:42:59,736 - client_34 - INFO - Sent 250184 bytes to server (weights size: 250032 bytes, client data size: 1765, sparse: False)
2025-05-13 14:42:59,740 - client_34 - INFO - Data transmission successful
2025-05-13 14:44:39,838 - client_34 - INFO - Client 34 started with algorithm: fedewma, model: lenet5
2025-05-13 14:44:45,180 - client_34 - INFO - Epoch 1/2 - Loss: 0.0362
2025-05-13 14:44:46,565 - client_34 - INFO - Epoch 2/2 - Loss: 0.0168
2025-05-13 14:44:46,565 - client_34 - INFO - Client 34 sending full delta weights
2025-05-13 14:44:46,567 - client_34 - INFO - Sent 250184 bytes to server (weights size: 250032 bytes, client data size: 1765, sparse: False)
2025-05-13 14:44:46,570 - client_34 - INFO - Data transmission successful
2025-05-13 14:45:52,569 - client_34 - INFO - Client 34 started with algorithm: fedewma, model: lenet5
2025-05-13 14:45:58,462 - client_34 - INFO - Epoch 1/2 - Loss: 0.0252
2025-05-13 14:46:00,468 - client_34 - INFO - Epoch 2/2 - Loss: 0.0146
2025-05-13 14:46:00,468 - client_34 - INFO - Client 34 sending full delta weights
2025-05-13 14:46:00,471 - client_34 - INFO - Sent 250184 bytes to server (weights size: 250032 bytes, client data size: 1765, sparse: False)
2025-05-13 14:46:00,474 - client_34 - INFO - Data transmission successful
2025-05-13 14:48:41,511 - client_34 - INFO - Client 34 started with algorithm: fedewma, model: lenet5
2025-05-13 14:48:46,171 - client_34 - INFO - Epoch 1/2 - Loss: 0.0282
2025-05-13 14:48:48,051 - client_34 - INFO - Epoch 2/2 - Loss: 0.0142
2025-05-13 14:48:48,052 - client_34 - INFO - Client 34 sending full delta weights
2025-05-13 14:48:48,054 - client_34 - INFO - Sent 250184 bytes to server (weights size: 250032 bytes, client data size: 1765, sparse: False)
2025-05-13 14:48:48,058 - client_34 - INFO - Data transmission successful
2025-05-13 15:15:11,683 - client_34 - INFO - Client 34 started with algorithm: fedewma, model: lenet5
2025-05-13 15:15:16,502 - client_34 - INFO - Epoch 1/2 - Loss: 0.2295
2025-05-13 15:15:17,830 - client_34 - INFO - Epoch 2/2 - Loss: 0.0607
2025-05-13 15:15:17,830 - client_34 - INFO - Client 34 sending full delta weights
2025-05-13 15:15:17,833 - client_34 - INFO - Sent 250184 bytes to server (weights size: 250032 bytes, client data size: 1765, sparse: False)
2025-05-13 15:15:17,836 - client_34 - INFO - Data transmission successful
2025-05-13 15:16:22,040 - client_34 - INFO - Client 34 started with algorithm: fedewma, model: lenet5
2025-05-13 15:16:28,159 - client_34 - INFO - Epoch 1/2 - Loss: 0.1131
2025-05-13 15:16:30,064 - client_34 - INFO - Epoch 2/2 - Loss: 0.0421
2025-05-13 15:16:30,065 - client_34 - INFO - Client 34 sending full delta weights
2025-05-13 15:16:30,067 - client_34 - INFO - Sent 250184 bytes to server (weights size: 250032 bytes, client data size: 1765, sparse: False)
2025-05-13 15:16:30,072 - client_34 - INFO - Data transmission successful
2025-05-13 15:17:44,140 - client_34 - INFO - Client 34 started with algorithm: fedewma, model: lenet5
2025-05-13 15:17:48,551 - client_34 - INFO - Epoch 1/2 - Loss: 0.0830
2025-05-13 15:17:49,773 - client_34 - INFO - Epoch 2/2 - Loss: 0.0387
2025-05-13 15:17:49,774 - client_34 - INFO - Client 34 sending full delta weights
2025-05-13 15:17:49,775 - client_34 - INFO - Sent 250184 bytes to server (weights size: 250032 bytes, client data size: 1765, sparse: False)
2025-05-13 15:17:49,779 - client_34 - INFO - Data transmission successful
2025-05-13 15:18:20,856 - client_34 - INFO - Client 34 started with algorithm: fedewma, model: lenet5
2025-05-13 15:18:26,278 - client_34 - INFO - Epoch 1/2 - Loss: 0.0666
2025-05-13 15:18:28,484 - client_34 - INFO - Epoch 2/2 - Loss: 0.0323
2025-05-13 15:18:28,485 - client_34 - INFO - Client 34 sending full delta weights
2025-05-13 15:18:28,487 - client_34 - INFO - Sent 250184 bytes to server (weights size: 250032 bytes, client data size: 1765, sparse: False)
2025-05-13 15:18:28,493 - client_34 - INFO - Data transmission successful
2025-05-13 15:19:40,326 - client_34 - INFO - Client 34 started with algorithm: fedewma, model: lenet5
2025-05-13 15:19:44,889 - client_34 - INFO - Epoch 1/2 - Loss: 0.0619
2025-05-13 15:19:46,508 - client_34 - INFO - Epoch 2/2 - Loss: 0.0263
2025-05-13 15:19:46,509 - client_34 - INFO - Client 34 sending full delta weights
2025-05-13 15:19:46,511 - client_34 - INFO - Sent 250184 bytes to server (weights size: 250032 bytes, client data size: 1765, sparse: False)
2025-05-13 15:19:46,516 - client_34 - INFO - Data transmission successful
2025-05-13 15:20:07,197 - client_34 - INFO - Client 34 started with algorithm: fedewma, model: lenet5
2025-05-13 15:20:12,501 - client_34 - INFO - Epoch 1/2 - Loss: 0.0529
2025-05-13 15:20:14,581 - client_34 - INFO - Epoch 2/2 - Loss: 0.0245
2025-05-13 15:20:14,582 - client_34 - INFO - Client 34 sending full delta weights
2025-05-13 15:20:14,584 - client_34 - INFO - Sent 250184 bytes to server (weights size: 250032 bytes, client data size: 1765, sparse: False)
2025-05-13 15:20:14,591 - client_34 - INFO - Data transmission successful
2025-05-13 15:20:55,885 - client_34 - INFO - Client 34 started with algorithm: fedewma, model: lenet5
2025-05-13 15:21:01,978 - client_34 - INFO - Epoch 1/2 - Loss: 0.0485
2025-05-13 15:21:03,010 - client_34 - INFO - Epoch 2/2 - Loss: 0.0287
2025-05-13 15:21:03,010 - client_34 - INFO - Client 34 sending full delta weights
2025-05-13 15:21:03,012 - client_34 - INFO - Sent 250184 bytes to server (weights size: 250032 bytes, client data size: 1765, sparse: False)
2025-05-13 15:21:03,014 - client_34 - INFO - Data transmission successful
2025-05-13 15:22:06,629 - client_34 - INFO - Client 34 started with algorithm: fedewma, model: lenet5
2025-05-13 15:22:12,590 - client_34 - INFO - Epoch 1/2 - Loss: 0.0454
2025-05-13 15:22:13,588 - client_34 - INFO - Epoch 2/2 - Loss: 0.0214
2025-05-13 15:22:13,588 - client_34 - INFO - Client 34 sending full delta weights
2025-05-13 15:22:13,590 - client_34 - INFO - Sent 250184 bytes to server (weights size: 250032 bytes, client data size: 1765, sparse: False)
2025-05-13 15:22:13,592 - client_34 - INFO - Data transmission successful
2025-05-13 15:22:58,537 - client_34 - INFO - Client 34 started with algorithm: fedewma, model: lenet5
2025-05-13 15:23:04,415 - client_34 - INFO - Epoch 1/2 - Loss: 0.0554
2025-05-13 15:23:05,386 - client_34 - INFO - Epoch 2/2 - Loss: 0.0401
2025-05-13 15:23:05,387 - client_34 - INFO - Client 34 sending full delta weights
2025-05-13 15:23:05,390 - client_34 - INFO - Sent 250184 bytes to server (weights size: 250032 bytes, client data size: 1765, sparse: False)
2025-05-13 15:23:05,393 - client_34 - INFO - Data transmission successful
2025-05-13 15:23:34,317 - client_34 - INFO - Client 34 started with algorithm: fedewma, model: lenet5
2025-05-13 15:23:39,167 - client_34 - INFO - Epoch 1/2 - Loss: 0.0325
2025-05-13 15:23:40,625 - client_34 - INFO - Epoch 2/2 - Loss: 0.0247
2025-05-13 15:23:40,625 - client_34 - INFO - Client 34 sending full delta weights
2025-05-13 15:23:40,627 - client_34 - INFO - Sent 250184 bytes to server (weights size: 250032 bytes, client data size: 1765, sparse: False)
2025-05-13 15:23:40,631 - client_34 - INFO - Data transmission successful
2025-05-13 15:23:43,546 - client_34 - INFO - Client 34 started with algorithm: fedewma, model: lenet5
2025-05-13 15:23:49,962 - client_34 - INFO - Epoch 1/2 - Loss: 0.0305
2025-05-13 15:23:51,379 - client_34 - INFO - Epoch 2/2 - Loss: 0.0166
2025-05-13 15:23:51,379 - client_34 - INFO - Client 34 sending full delta weights
2025-05-13 15:23:51,382 - client_34 - INFO - Sent 250184 bytes to server (weights size: 250032 bytes, client data size: 1765, sparse: False)
2025-05-13 15:23:51,385 - client_34 - INFO - Data transmission successful
2025-05-13 15:25:40,567 - client_34 - INFO - Client 34 started with algorithm: fedewma, model: lenet5
2025-05-13 15:25:48,428 - client_34 - INFO - Epoch 1/2 - Loss: 0.0331
2025-05-13 15:25:49,947 - client_34 - INFO - Epoch 2/2 - Loss: 0.0156
2025-05-13 15:25:49,948 - client_34 - INFO - Client 34 sending full delta weights
2025-05-13 15:25:49,953 - client_34 - INFO - Sent 250184 bytes to server (weights size: 250032 bytes, client data size: 1765, sparse: False)
2025-05-13 15:25:49,959 - client_34 - INFO - Data transmission successful
2025-05-13 15:27:02,896 - client_34 - INFO - Client 34 started with algorithm: fedewma, model: lenet5
2025-05-13 15:27:09,165 - client_34 - INFO - Epoch 1/2 - Loss: 0.0275
2025-05-13 15:27:11,218 - client_34 - INFO - Epoch 2/2 - Loss: 0.0151
2025-05-13 15:27:11,218 - client_34 - INFO - Client 34 sending full delta weights
2025-05-13 15:27:11,221 - client_34 - INFO - Sent 250184 bytes to server (weights size: 250032 bytes, client data size: 1765, sparse: False)
2025-05-13 15:27:11,224 - client_34 - INFO - Data transmission successful
2025-05-13 15:29:58,679 - client_34 - INFO - Client 34 started with algorithm: fedewma, model: lenet5
2025-05-13 15:30:04,302 - client_34 - INFO - Epoch 1/2 - Loss: 0.0277
2025-05-13 15:30:06,479 - client_34 - INFO - Epoch 2/2 - Loss: 0.0141
2025-05-13 15:30:06,479 - client_34 - INFO - Client 34 sending full delta weights
2025-05-13 15:30:06,482 - client_34 - INFO - Sent 250184 bytes to server (weights size: 250032 bytes, client data size: 1765, sparse: False)
2025-05-13 15:30:06,487 - client_34 - INFO - Data transmission successful
2025-05-13 15:57:39,233 - client_34 - INFO - Client 34 started with algorithm: fedewma, model: resnet18fashion
2025-05-13 15:57:57,944 - client_34 - INFO - Epoch 1/2 - Loss: 0.7509
2025-05-13 15:58:02,699 - client_34 - INFO - Epoch 2/2 - Loss: 0.6366
2025-05-13 15:58:02,700 - client_34 - INFO - Client 34 sending full delta weights
2025-05-13 15:58:02,709 - client_34 - INFO - Sent 716145 bytes to server (weights size: 715993 bytes, client data size: 1645, sparse: False)
2025-05-13 15:58:02,724 - client_34 - INFO - Data transmission successful
2025-05-13 15:59:50,538 - client_34 - INFO - Client 34 started with algorithm: fedewma, model: resnet18fashion
2025-05-13 16:00:04,780 - client_34 - INFO - Epoch 1/2 - Loss: 0.6395
2025-05-13 16:00:09,322 - client_34 - INFO - Epoch 2/2 - Loss: 0.5500
2025-05-13 16:00:09,324 - client_34 - INFO - Client 34 sending full delta weights
2025-05-13 16:00:09,333 - client_34 - INFO - Sent 716145 bytes to server (weights size: 715993 bytes, client data size: 1645, sparse: False)
2025-05-13 16:00:09,351 - client_34 - INFO - Data transmission successful
2025-05-13 16:02:05,633 - client_34 - INFO - Client 34 started with algorithm: fedewma, model: resnet18fashion
2025-05-13 16:02:14,883 - client_34 - INFO - Epoch 1/2 - Loss: 0.5650
2025-05-13 16:02:16,824 - client_34 - INFO - Epoch 2/2 - Loss: 0.5197
2025-05-13 16:02:16,824 - client_34 - INFO - Client 34 sending full delta weights
2025-05-13 16:02:16,831 - client_34 - INFO - Sent 716145 bytes to server (weights size: 715993 bytes, client data size: 1645, sparse: False)
2025-05-13 16:02:16,840 - client_34 - INFO - Data transmission successful
2025-05-13 16:03:10,056 - client_34 - INFO - Client 34 started with algorithm: fedewma, model: resnet18fashion
2025-05-13 16:03:22,152 - client_34 - INFO - Epoch 1/2 - Loss: 0.5699
2025-05-13 16:03:27,577 - client_34 - INFO - Epoch 2/2 - Loss: 0.5215
2025-05-13 16:03:27,578 - client_34 - INFO - Client 34 sending full delta weights
2025-05-13 16:03:27,587 - client_34 - INFO - Sent 716145 bytes to server (weights size: 715993 bytes, client data size: 1645, sparse: False)
2025-05-13 16:03:27,600 - client_34 - INFO - Data transmission successful
2025-05-13 16:05:14,041 - client_34 - INFO - Client 34 started with algorithm: fedewma, model: resnet18fashion
2025-05-13 16:05:24,572 - client_34 - INFO - Epoch 1/2 - Loss: 0.5415
2025-05-13 16:05:27,125 - client_34 - INFO - Epoch 2/2 - Loss: 0.5150
2025-05-13 16:05:27,126 - client_34 - INFO - Client 34 sending full delta weights
2025-05-13 16:05:27,133 - client_34 - INFO - Sent 716145 bytes to server (weights size: 715993 bytes, client data size: 1645, sparse: False)
2025-05-13 16:05:27,144 - client_34 - INFO - Data transmission successful
2025-05-13 16:06:02,810 - client_34 - INFO - Client 34 started with algorithm: fedewma, model: resnet18fashion
2025-05-13 16:06:12,388 - client_34 - INFO - Epoch 1/2 - Loss: 0.5551
2025-05-13 16:06:15,713 - client_34 - INFO - Epoch 2/2 - Loss: 0.4910
2025-05-13 16:06:15,715 - client_34 - INFO - Client 34 sending full delta weights
2025-05-13 16:06:15,723 - client_34 - INFO - Sent 716145 bytes to server (weights size: 715993 bytes, client data size: 1645, sparse: False)
2025-05-13 16:06:15,738 - client_34 - INFO - Data transmission successful
2025-05-13 16:07:28,423 - client_34 - INFO - Client 34 started with algorithm: fedewma, model: resnet18fashion
2025-05-13 16:07:43,037 - client_34 - INFO - Epoch 1/2 - Loss: 0.5399
2025-05-13 16:07:48,419 - client_34 - INFO - Epoch 2/2 - Loss: 0.4701
2025-05-13 16:07:48,420 - client_34 - INFO - Client 34 sending full delta weights
2025-05-13 16:07:48,427 - client_34 - INFO - Sent 716145 bytes to server (weights size: 715993 bytes, client data size: 1645, sparse: False)
2025-05-13 16:07:48,439 - client_34 - INFO - Data transmission successful
2025-05-13 16:10:04,352 - client_34 - INFO - Client 34 started with algorithm: fedewma, model: resnet18fashion
2025-05-13 16:10:17,273 - client_34 - INFO - Epoch 1/2 - Loss: 0.5283
2025-05-13 16:10:23,079 - client_34 - INFO - Epoch 2/2 - Loss: 0.4742
2025-05-13 16:10:23,080 - client_34 - INFO - Client 34 sending full delta weights
2025-05-13 16:10:23,088 - client_34 - INFO - Sent 716145 bytes to server (weights size: 715993 bytes, client data size: 1645, sparse: False)
2025-05-13 16:10:23,102 - client_34 - INFO - Data transmission successful
2025-05-13 16:11:42,224 - client_34 - INFO - Client 34 started with algorithm: fedewma, model: resnet18fashion
2025-05-13 16:11:53,401 - client_34 - INFO - Epoch 1/2 - Loss: 0.4980
2025-05-13 16:11:56,736 - client_34 - INFO - Epoch 2/2 - Loss: 0.4633
2025-05-13 16:11:56,736 - client_34 - INFO - Client 34 sending full delta weights
2025-05-13 16:11:56,744 - client_34 - INFO - Sent 716145 bytes to server (weights size: 715993 bytes, client data size: 1645, sparse: False)
2025-05-13 16:11:56,756 - client_34 - INFO - Data transmission successful
2025-05-13 16:12:49,093 - client_34 - INFO - Client 34 started with algorithm: fedewma, model: resnet18fashion
2025-05-13 16:12:58,806 - client_34 - INFO - Epoch 1/2 - Loss: 0.4965
2025-05-13 16:13:00,963 - client_34 - INFO - Epoch 2/2 - Loss: 0.4923
2025-05-13 16:13:00,963 - client_34 - INFO - Client 34 sending full delta weights
2025-05-13 16:13:00,970 - client_34 - INFO - Sent 716145 bytes to server (weights size: 715993 bytes, client data size: 1645, sparse: False)
2025-05-13 16:13:00,981 - client_34 - INFO - Data transmission successful
2025-05-13 16:13:02,986 - client_34 - INFO - Client 34 started with algorithm: fedewma, model: resnet18fashion
2025-05-13 16:13:15,495 - client_34 - INFO - Epoch 1/2 - Loss: 0.5004
2025-05-13 16:13:18,952 - client_34 - INFO - Epoch 2/2 - Loss: 0.4922
2025-05-13 16:13:18,953 - client_34 - INFO - Client 34 sending full delta weights
2025-05-13 16:13:18,961 - client_34 - INFO - Sent 716145 bytes to server (weights size: 715993 bytes, client data size: 1645, sparse: False)
2025-05-13 16:13:18,972 - client_34 - INFO - Data transmission successful
2025-05-13 16:16:09,537 - client_34 - INFO - Client 34 started with algorithm: fedewma, model: resnet18fashion
2025-05-13 16:16:22,046 - client_34 - INFO - Epoch 1/2 - Loss: 0.5000
2025-05-13 16:16:27,232 - client_34 - INFO - Epoch 2/2 - Loss: 0.4350
2025-05-13 16:16:27,233 - client_34 - INFO - Client 34 sending full delta weights
2025-05-13 16:16:27,241 - client_34 - INFO - Sent 716145 bytes to server (weights size: 715993 bytes, client data size: 1645, sparse: False)
2025-05-13 16:16:27,254 - client_34 - INFO - Data transmission successful
2025-05-13 16:18:34,431 - client_34 - INFO - Client 34 started with algorithm: fedewma, model: resnet18fashion
2025-05-13 16:18:47,141 - client_34 - INFO - Epoch 1/2 - Loss: 0.4776
2025-05-13 16:18:51,449 - client_34 - INFO - Epoch 2/2 - Loss: 0.4414
2025-05-13 16:18:51,450 - client_34 - INFO - Client 34 sending full delta weights
2025-05-13 16:18:51,459 - client_34 - INFO - Sent 716145 bytes to server (weights size: 715993 bytes, client data size: 1645, sparse: False)
2025-05-13 16:18:51,473 - client_34 - INFO - Data transmission successful
2025-05-13 16:24:44,989 - client_34 - INFO - Client 34 started with algorithm: fedewma, model: resnet18fashion
2025-05-13 16:24:54,096 - client_34 - INFO - Epoch 1/2 - Loss: 0.4782
2025-05-13 16:24:55,473 - client_34 - INFO - Epoch 2/2 - Loss: 0.4562
2025-05-13 16:24:55,474 - client_34 - INFO - Client 34 sending full delta weights
2025-05-13 16:24:55,480 - client_34 - INFO - Sent 716145 bytes to server (weights size: 715993 bytes, client data size: 1645, sparse: False)
2025-05-13 16:24:55,489 - client_34 - INFO - Data transmission successful
2025-05-14 07:22:08,670 - client_34 - INFO - Client 34 started with algorithm: fedprox, model: resnet18fashion
2025-05-14 07:22:19,737 - client_34 - INFO - Epoch 1/2 - Loss: 0.7312
2025-05-14 07:22:24,322 - client_34 - INFO - Epoch 2/2 - Loss: 0.6366
2025-05-14 07:22:24,332 - client_34 - INFO - Sent 717496 bytes to server (weights size: 717344 bytes, client data size: 1645, sparse: False)
2025-05-14 07:22:24,347 - client_34 - INFO - Data transmission successful
2025-05-14 07:24:05,748 - client_34 - INFO - Client 34 started with algorithm: fedprox, model: resnet18fashion
2025-05-14 07:24:17,328 - client_34 - INFO - Epoch 1/2 - Loss: 0.6742
2025-05-14 07:24:22,722 - client_34 - INFO - Epoch 2/2 - Loss: 0.5745
2025-05-14 07:24:22,732 - client_34 - INFO - Sent 717496 bytes to server (weights size: 717344 bytes, client data size: 1645, sparse: False)
2025-05-14 07:24:22,750 - client_34 - INFO - Data transmission successful
2025-05-14 07:26:29,388 - client_34 - INFO - Client 34 started with algorithm: fedprox, model: resnet18fashion
2025-05-14 07:26:37,853 - client_34 - INFO - Epoch 1/2 - Loss: 0.5914
2025-05-14 07:26:40,456 - client_34 - INFO - Epoch 2/2 - Loss: 0.5298
2025-05-14 07:26:40,467 - client_34 - INFO - Sent 717496 bytes to server (weights size: 717344 bytes, client data size: 1645, sparse: False)
2025-05-14 07:26:40,478 - client_34 - INFO - Data transmission successful
2025-05-14 07:27:37,998 - client_34 - INFO - Client 34 started with algorithm: fedprox, model: resnet18fashion
2025-05-14 07:27:49,581 - client_34 - INFO - Epoch 1/2 - Loss: 0.5981
2025-05-14 07:27:56,171 - client_34 - INFO - Epoch 2/2 - Loss: 0.5150
2025-05-14 07:27:56,178 - client_34 - INFO - Sent 717496 bytes to server (weights size: 717344 bytes, client data size: 1645, sparse: False)
2025-05-14 07:27:56,189 - client_34 - INFO - Data transmission successful
2025-05-14 07:29:51,122 - client_34 - INFO - Client 34 started with algorithm: fedprox, model: resnet18fashion
2025-05-14 07:30:00,533 - client_34 - INFO - Epoch 1/2 - Loss: 0.5636
2025-05-14 07:30:03,804 - client_34 - INFO - Epoch 2/2 - Loss: 0.5067
2025-05-14 07:30:03,813 - client_34 - INFO - Sent 717496 bytes to server (weights size: 717344 bytes, client data size: 1645, sparse: False)
2025-05-14 07:30:03,831 - client_34 - INFO - Data transmission successful
2025-05-14 07:30:39,168 - client_34 - INFO - Client 34 started with algorithm: fedprox, model: resnet18fashion
2025-05-14 07:30:48,145 - client_34 - INFO - Epoch 1/2 - Loss: 0.5401
2025-05-14 07:30:52,221 - client_34 - INFO - Epoch 2/2 - Loss: 0.4838
2025-05-14 07:30:52,231 - client_34 - INFO - Sent 717496 bytes to server (weights size: 717344 bytes, client data size: 1645, sparse: False)
2025-05-14 07:30:52,244 - client_34 - INFO - Data transmission successful
2025-05-14 07:31:56,451 - client_34 - INFO - Client 34 started with algorithm: fedprox, model: resnet18fashion
2025-05-14 07:32:09,167 - client_34 - INFO - Epoch 1/2 - Loss: 0.5317
2025-05-14 07:32:14,986 - client_34 - INFO - Epoch 2/2 - Loss: 0.4769
2025-05-14 07:32:14,994 - client_34 - INFO - Sent 717496 bytes to server (weights size: 717344 bytes, client data size: 1645, sparse: False)
2025-05-14 07:32:15,017 - client_34 - INFO - Data transmission successful
2025-05-14 07:34:28,027 - client_34 - INFO - Client 34 started with algorithm: fedprox, model: resnet18fashion
2025-05-14 07:34:39,060 - client_34 - INFO - Epoch 1/2 - Loss: 0.5288
2025-05-14 07:34:46,476 - client_34 - INFO - Epoch 2/2 - Loss: 0.4746
2025-05-14 07:34:46,485 - client_34 - INFO - Sent 717496 bytes to server (weights size: 717344 bytes, client data size: 1645, sparse: False)
2025-05-14 07:34:46,501 - client_34 - INFO - Data transmission successful
2025-05-14 07:36:03,422 - client_34 - INFO - Client 34 started with algorithm: fedprox, model: resnet18fashion
2025-05-14 07:36:12,633 - client_34 - INFO - Epoch 1/2 - Loss: 0.5012
2025-05-14 07:36:16,510 - client_34 - INFO - Epoch 2/2 - Loss: 0.4582
2025-05-14 07:36:16,518 - client_34 - INFO - Sent 717496 bytes to server (weights size: 717344 bytes, client data size: 1645, sparse: False)
2025-05-14 07:36:16,530 - client_34 - INFO - Data transmission successful
2025-05-14 07:37:10,300 - client_34 - INFO - Client 34 started with algorithm: fedprox, model: resnet18fashion
2025-05-14 07:37:18,492 - client_34 - INFO - Epoch 1/2 - Loss: 0.5036
2025-05-14 07:37:21,354 - client_34 - INFO - Epoch 2/2 - Loss: 0.4680
2025-05-14 07:37:21,360 - client_34 - INFO - Sent 717496 bytes to server (weights size: 717344 bytes, client data size: 1645, sparse: False)
2025-05-14 07:37:21,370 - client_34 - INFO - Data transmission successful
2025-05-14 07:37:23,375 - client_34 - INFO - Client 34 started with algorithm: fedprox, model: resnet18fashion
2025-05-14 07:37:35,442 - client_34 - INFO - Epoch 1/2 - Loss: 0.4841
2025-05-14 07:37:40,559 - client_34 - INFO - Epoch 2/2 - Loss: 0.4556
2025-05-14 07:37:40,571 - client_34 - INFO - Sent 717496 bytes to server (weights size: 717344 bytes, client data size: 1645, sparse: False)
2025-05-14 07:37:40,586 - client_34 - INFO - Data transmission successful
2025-05-14 07:40:23,848 - client_34 - INFO - Client 34 started with algorithm: fedprox, model: resnet18fashion
2025-05-14 07:40:34,491 - client_34 - INFO - Epoch 1/2 - Loss: 0.5056
2025-05-14 07:40:40,543 - client_34 - INFO - Epoch 2/2 - Loss: 0.4552
2025-05-14 07:40:40,553 - client_34 - INFO - Sent 717496 bytes to server (weights size: 717344 bytes, client data size: 1645, sparse: False)
2025-05-14 07:40:40,570 - client_34 - INFO - Data transmission successful
2025-05-14 07:42:45,540 - client_34 - INFO - Client 34 started with algorithm: fedprox, model: resnet18fashion
2025-05-14 07:42:58,055 - client_34 - INFO - Epoch 1/2 - Loss: 0.4790
2025-05-14 07:43:03,054 - client_34 - INFO - Epoch 2/2 - Loss: 0.4367
2025-05-14 07:43:03,063 - client_34 - INFO - Sent 717496 bytes to server (weights size: 717344 bytes, client data size: 1645, sparse: False)
2025-05-14 07:43:03,080 - client_34 - INFO - Data transmission successful
2025-05-14 07:48:25,151 - client_34 - INFO - Client 34 started with algorithm: fedprox, model: resnet18fashion
2025-05-14 07:48:32,380 - client_34 - INFO - Epoch 1/2 - Loss: 0.4732
2025-05-14 07:48:34,186 - client_34 - INFO - Epoch 2/2 - Loss: 0.4238
2025-05-14 07:48:34,192 - client_34 - INFO - Sent 717496 bytes to server (weights size: 717344 bytes, client data size: 1645, sparse: False)
2025-05-14 07:48:34,202 - client_34 - INFO - Data transmission successful
2025-05-14 08:36:30,168 - client_34 - INFO - Client 34 started with algorithm: fedavg, model: resnet18fashion
2025-05-14 08:36:40,790 - client_34 - INFO - Epoch 1/2 - Loss: 0.7556
2025-05-14 08:36:45,785 - client_34 - INFO - Epoch 2/2 - Loss: 0.6436
2025-05-14 08:36:45,797 - client_34 - INFO - Sent 717498 bytes to server (weights size: 717344 bytes, client data size: 1645, sparse: False)
2025-05-14 08:36:45,818 - client_34 - INFO - Data transmission successful
2025-05-14 08:38:36,780 - client_34 - INFO - Client 34 started with algorithm: fedavg, model: resnet18fashion
2025-05-14 08:38:47,952 - client_34 - INFO - Epoch 1/2 - Loss: 0.6723
2025-05-14 08:38:52,991 - client_34 - INFO - Epoch 2/2 - Loss: 0.5679
2025-05-14 08:38:53,002 - client_34 - INFO - Sent 717498 bytes to server (weights size: 717344 bytes, client data size: 1645, sparse: False)
2025-05-14 08:38:53,022 - client_34 - INFO - Data transmission successful
2025-05-14 08:40:49,120 - client_34 - INFO - Client 34 started with algorithm: fedavg, model: resnet18fashion
2025-05-14 08:40:56,462 - client_34 - INFO - Epoch 1/2 - Loss: 0.5597
2025-05-14 08:40:58,442 - client_34 - INFO - Epoch 2/2 - Loss: 0.5283
2025-05-14 08:40:58,450 - client_34 - INFO - Sent 717498 bytes to server (weights size: 717344 bytes, client data size: 1645, sparse: False)
2025-05-14 08:40:58,461 - client_34 - INFO - Data transmission successful
2025-05-14 08:41:43,891 - client_34 - INFO - Client 34 started with algorithm: fedavg, model: resnet18fashion
2025-05-14 08:41:53,027 - client_34 - INFO - Epoch 1/2 - Loss: 0.5616
2025-05-14 08:41:59,865 - client_34 - INFO - Epoch 2/2 - Loss: 0.5016
2025-05-14 08:41:59,877 - client_34 - INFO - Sent 717498 bytes to server (weights size: 717344 bytes, client data size: 1645, sparse: False)
2025-05-14 08:41:59,895 - client_34 - INFO - Data transmission successful
2025-05-14 08:43:56,174 - client_34 - INFO - Client 34 started with algorithm: fedavg, model: resnet18fashion
2025-05-14 08:44:06,031 - client_34 - INFO - Epoch 1/2 - Loss: 0.5457
2025-05-14 08:44:09,326 - client_34 - INFO - Epoch 2/2 - Loss: 0.5019
2025-05-14 08:44:09,337 - client_34 - INFO - Sent 717498 bytes to server (weights size: 717344 bytes, client data size: 1645, sparse: False)
2025-05-14 08:44:09,352 - client_34 - INFO - Data transmission successful
2025-05-14 08:44:51,921 - client_34 - INFO - Client 34 started with algorithm: fedavg, model: resnet18fashion
2025-05-14 08:45:03,558 - client_34 - INFO - Epoch 1/2 - Loss: 0.5473
2025-05-14 08:45:08,207 - client_34 - INFO - Epoch 2/2 - Loss: 0.4691
2025-05-14 08:45:08,216 - client_34 - INFO - Sent 717498 bytes to server (weights size: 717344 bytes, client data size: 1645, sparse: False)
2025-05-14 08:45:08,233 - client_34 - INFO - Data transmission successful
2025-05-14 08:46:15,230 - client_34 - INFO - Client 34 started with algorithm: fedavg, model: resnet18fashion
2025-05-14 08:46:28,288 - client_34 - INFO - Epoch 1/2 - Loss: 0.5076
2025-05-14 08:46:33,850 - client_34 - INFO - Epoch 2/2 - Loss: 0.4518
2025-05-14 08:46:33,860 - client_34 - INFO - Sent 717498 bytes to server (weights size: 717344 bytes, client data size: 1645, sparse: False)
2025-05-14 08:46:33,878 - client_34 - INFO - Data transmission successful
2025-05-14 08:48:30,046 - client_34 - INFO - Client 34 started with algorithm: fedavg, model: resnet18fashion
2025-05-14 08:48:40,718 - client_34 - INFO - Epoch 1/2 - Loss: 0.5042
2025-05-14 08:48:48,171 - client_34 - INFO - Epoch 2/2 - Loss: 0.4669
2025-05-14 08:48:48,183 - client_34 - INFO - Sent 717498 bytes to server (weights size: 717344 bytes, client data size: 1645, sparse: False)
2025-05-14 08:48:48,209 - client_34 - INFO - Data transmission successful
2025-05-14 08:49:54,182 - client_34 - INFO - Client 34 started with algorithm: fedavg, model: resnet18fashion
2025-05-14 08:50:02,636 - client_34 - INFO - Epoch 1/2 - Loss: 0.4924
2025-05-14 08:50:05,991 - client_34 - INFO - Epoch 2/2 - Loss: 0.4570
2025-05-14 08:50:06,000 - client_34 - INFO - Sent 717498 bytes to server (weights size: 717344 bytes, client data size: 1645, sparse: False)
2025-05-14 08:50:06,013 - client_34 - INFO - Data transmission successful
2025-05-14 08:50:54,585 - client_34 - INFO - Client 34 started with algorithm: fedavg, model: resnet18fashion
2025-05-14 08:51:02,398 - client_34 - INFO - Epoch 1/2 - Loss: 0.4824
2025-05-14 08:51:05,149 - client_34 - INFO - Epoch 2/2 - Loss: 0.4688
2025-05-14 08:51:05,159 - client_34 - INFO - Sent 717498 bytes to server (weights size: 717344 bytes, client data size: 1645, sparse: False)
2025-05-14 08:51:05,169 - client_34 - INFO - Data transmission successful
2025-05-14 08:51:07,176 - client_34 - INFO - Client 34 started with algorithm: fedavg, model: resnet18fashion
2025-05-14 08:51:17,789 - client_34 - INFO - Epoch 1/2 - Loss: 0.4756
2025-05-14 08:51:22,015 - client_34 - INFO - Epoch 2/2 - Loss: 0.4518
2025-05-14 08:51:22,024 - client_34 - INFO - Sent 717498 bytes to server (weights size: 717344 bytes, client data size: 1645, sparse: False)
2025-05-14 08:51:22,041 - client_34 - INFO - Data transmission successful
2025-05-14 08:53:42,567 - client_34 - INFO - Client 34 started with algorithm: fedavg, model: resnet18fashion
2025-05-14 08:53:51,409 - client_34 - INFO - Epoch 1/2 - Loss: 0.5153
2025-05-14 08:53:56,876 - client_34 - INFO - Epoch 2/2 - Loss: 0.4470
2025-05-14 08:53:56,886 - client_34 - INFO - Sent 717498 bytes to server (weights size: 717344 bytes, client data size: 1645, sparse: False)
2025-05-14 08:53:56,913 - client_34 - INFO - Data transmission successful
2025-05-14 08:56:01,562 - client_34 - INFO - Client 34 started with algorithm: fedavg, model: resnet18fashion
2025-05-14 08:56:14,850 - client_34 - INFO - Epoch 1/2 - Loss: 0.4720
2025-05-14 08:56:20,579 - client_34 - INFO - Epoch 2/2 - Loss: 0.4265
2025-05-14 08:56:20,590 - client_34 - INFO - Sent 717498 bytes to server (weights size: 717344 bytes, client data size: 1645, sparse: False)
2025-05-14 08:56:20,606 - client_34 - INFO - Data transmission successful
2025-05-14 09:01:06,200 - client_34 - INFO - Client 34 started with algorithm: fedavg, model: resnet18fashion
2025-05-14 09:01:12,895 - client_34 - INFO - Epoch 1/2 - Loss: 0.4915
2025-05-14 09:01:14,567 - client_34 - INFO - Epoch 2/2 - Loss: 0.4303
2025-05-14 09:01:14,577 - client_34 - INFO - Sent 717498 bytes to server (weights size: 717344 bytes, client data size: 1645, sparse: False)
2025-05-14 09:01:14,587 - client_34 - INFO - Data transmission successful
