2025-05-12 11:20:09,160 - client_30 - INFO - Client 30 started with algorithm: fedewma, model: lenet5
2025-05-12 11:20:12,115 - client_30 - INFO - Epoch 1/2 - Loss: 1.5712
2025-05-12 11:20:12,256 - client_30 - INFO - Epoch 2/2 - Loss: 1.1743
2025-05-12 11:20:12,257 - client_30 - INFO - Client 30 sending full delta weights
2025-05-12 11:20:12,260 - client_30 - INFO - Sent 250184 bytes to server (weights size: 250032 bytes, client data size: 39, sparse: False)
2025-05-12 11:20:12,271 - client_30 - INFO - Data transmission successful
2025-05-12 11:23:25,127 - client_30 - INFO - Client 30 started with algorithm: fedewma, model: lenet5
2025-05-12 11:23:28,063 - client_30 - INFO - Epoch 1/2 - Loss: 0.0611
2025-05-12 11:23:28,174 - client_30 - INFO - Epoch 2/2 - Loss: 0.0991
2025-05-12 11:23:28,175 - client_30 - INFO - Early stopping triggered at epoch 2: Loss increased from 0.0611 to 0.0991
2025-05-12 11:23:28,176 - client_30 - INFO - Client 30 sending full delta weights
2025-05-12 11:23:28,179 - client_30 - INFO - Sent 250184 bytes to server (weights size: 250032 bytes, client data size: 39, sparse: False)
2025-05-12 11:23:28,189 - client_30 - INFO - Data transmission successful
2025-05-12 11:24:52,727 - client_30 - INFO - Client 30 started with algorithm: fedewma, model: lenet5
2025-05-12 11:24:55,645 - client_30 - INFO - Epoch 1/2 - Loss: 0.3905
2025-05-12 11:24:55,737 - client_30 - INFO - Epoch 2/2 - Loss: 0.1812
2025-05-12 11:24:55,738 - client_30 - INFO - Client 30 sending full delta weights
2025-05-12 11:24:55,741 - client_30 - INFO - Sent 250184 bytes to server (weights size: 250032 bytes, client data size: 39, sparse: False)
2025-05-12 11:24:55,752 - client_30 - INFO - Data transmission successful
2025-05-12 11:26:28,230 - client_30 - INFO - Client 30 started with algorithm: fedewma, model: lenet5
2025-05-12 11:26:31,144 - client_30 - INFO - Epoch 1/2 - Loss: 0.0872
2025-05-12 11:26:31,261 - client_30 - INFO - Epoch 2/2 - Loss: 0.0497
2025-05-12 11:26:31,263 - client_30 - INFO - Client 30 sending full delta weights
2025-05-12 11:26:31,265 - client_30 - INFO - Sent 250184 bytes to server (weights size: 250032 bytes, client data size: 39, sparse: False)
2025-05-12 11:26:31,278 - client_30 - INFO - Data transmission successful
2025-05-12 11:27:47,745 - client_30 - INFO - Client 30 started with algorithm: fedewma, model: lenet5
2025-05-12 11:27:50,564 - client_30 - INFO - Epoch 1/2 - Loss: 0.1720
2025-05-12 11:27:50,654 - client_30 - INFO - Epoch 2/2 - Loss: 0.0668
2025-05-12 11:27:50,656 - client_30 - INFO - Client 30 sending full delta weights
2025-05-12 11:27:50,658 - client_30 - INFO - Sent 250184 bytes to server (weights size: 250032 bytes, client data size: 39, sparse: False)
2025-05-12 11:27:50,666 - client_30 - INFO - Data transmission successful
2025-05-12 11:32:06,962 - client_30 - INFO - Client 30 started with algorithm: fedewma, model: lenet5
2025-05-12 11:32:09,987 - client_30 - INFO - Epoch 1/2 - Loss: 0.0549
2025-05-12 11:32:10,126 - client_30 - INFO - Epoch 2/2 - Loss: 0.0471
2025-05-12 11:32:10,128 - client_30 - INFO - Client 30 sending full delta weights
2025-05-12 11:32:10,130 - client_30 - INFO - Sent 250184 bytes to server (weights size: 250032 bytes, client data size: 39, sparse: False)
2025-05-12 11:32:10,144 - client_30 - INFO - Data transmission successful
2025-05-12 11:32:27,413 - client_30 - INFO - Client 30 started with algorithm: fedewma, model: lenet5
2025-05-12 11:32:30,380 - client_30 - INFO - Epoch 1/2 - Loss: 0.2010
2025-05-12 11:32:30,500 - client_30 - INFO - Epoch 2/2 - Loss: 0.0605
2025-05-12 11:32:30,504 - client_30 - INFO - Client 30 sending full delta weights
2025-05-12 11:32:30,507 - client_30 - INFO - Sent 250184 bytes to server (weights size: 250032 bytes, client data size: 39, sparse: False)
2025-05-12 11:32:30,519 - client_30 - INFO - Data transmission successful
2025-05-12 11:32:50,161 - client_30 - INFO - Client 30 started with algorithm: fedewma, model: lenet5
2025-05-12 11:32:53,162 - client_30 - INFO - Epoch 1/2 - Loss: 0.0466
2025-05-12 11:32:53,307 - client_30 - INFO - Epoch 2/2 - Loss: 0.0342
2025-05-12 11:32:53,309 - client_30 - INFO - Client 30 sending full delta weights
2025-05-12 11:32:53,311 - client_30 - INFO - Sent 250184 bytes to server (weights size: 250032 bytes, client data size: 39, sparse: False)
2025-05-12 11:32:53,326 - client_30 - INFO - Data transmission successful
2025-05-12 11:33:10,478 - client_30 - INFO - Client 30 started with algorithm: fedewma, model: lenet5
2025-05-12 11:33:13,367 - client_30 - INFO - Epoch 1/2 - Loss: 0.0297
2025-05-12 11:33:13,469 - client_30 - INFO - Epoch 2/2 - Loss: 0.0388
2025-05-12 11:33:13,470 - client_30 - INFO - Early stopping triggered at epoch 2: Loss increased from 0.0297 to 0.0388
2025-05-12 11:33:13,471 - client_30 - INFO - Client 30 sending full delta weights
2025-05-12 11:33:13,475 - client_30 - INFO - Sent 250184 bytes to server (weights size: 250032 bytes, client data size: 39, sparse: False)
2025-05-12 11:33:13,486 - client_30 - INFO - Data transmission successful
2025-05-12 11:34:18,872 - client_30 - INFO - Client 30 started with algorithm: fedewma, model: lenet5
2025-05-12 11:34:21,716 - client_30 - INFO - Epoch 1/2 - Loss: 0.0343
2025-05-12 11:34:21,805 - client_30 - INFO - Epoch 2/2 - Loss: 0.0250
2025-05-12 11:34:21,807 - client_30 - INFO - Client 30 sending full delta weights
2025-05-12 11:34:21,809 - client_30 - INFO - Sent 250184 bytes to server (weights size: 250032 bytes, client data size: 39, sparse: False)
2025-05-12 11:34:21,818 - client_30 - INFO - Data transmission successful
2025-05-12 11:35:31,803 - client_30 - INFO - Client 30 started with algorithm: fedewma, model: lenet5
2025-05-12 11:35:34,622 - client_30 - INFO - Epoch 1/2 - Loss: 0.0661
2025-05-12 11:35:34,694 - client_30 - INFO - Epoch 2/2 - Loss: 0.0620
2025-05-12 11:35:34,695 - client_30 - INFO - Client 30 sending full delta weights
2025-05-12 11:35:34,697 - client_30 - INFO - Sent 250184 bytes to server (weights size: 250032 bytes, client data size: 39, sparse: False)
2025-05-12 11:35:34,706 - client_30 - INFO - Data transmission successful
2025-05-12 11:36:07,192 - client_30 - INFO - Client 30 started with algorithm: fedewma, model: lenet5
2025-05-12 11:36:09,959 - client_30 - INFO - Epoch 1/2 - Loss: 0.0183
2025-05-12 11:36:10,052 - client_30 - INFO - Epoch 2/2 - Loss: 0.0236
2025-05-12 11:36:10,053 - client_30 - INFO - Early stopping triggered at epoch 2: Loss increased from 0.0183 to 0.0236
2025-05-12 11:36:10,054 - client_30 - INFO - Client 30 sending full delta weights
2025-05-12 11:36:10,057 - client_30 - INFO - Sent 250184 bytes to server (weights size: 250032 bytes, client data size: 39, sparse: False)
2025-05-12 11:36:10,063 - client_30 - INFO - Data transmission successful
2025-05-12 11:36:16,473 - client_30 - INFO - Client 30 started with algorithm: fedewma, model: lenet5
2025-05-12 11:36:19,358 - client_30 - INFO - Epoch 1/2 - Loss: 0.0313
2025-05-12 11:36:19,462 - client_30 - INFO - Epoch 2/2 - Loss: 0.0272
2025-05-12 11:36:19,463 - client_30 - INFO - Client 30 sending full delta weights
2025-05-12 11:36:19,466 - client_30 - INFO - Sent 250184 bytes to server (weights size: 250032 bytes, client data size: 39, sparse: False)
2025-05-12 11:36:19,478 - client_30 - INFO - Data transmission successful
2025-05-13 07:07:52,906 - client_30 - INFO - Client 30 started with algorithm: fedprox, model: lenet5
2025-05-13 07:07:53,579 - client_30 - INFO - Epoch 1/2 - Loss: 1.3449
2025-05-13 07:07:53,723 - client_30 - INFO - Epoch 2/2 - Loss: 1.2363
2025-05-13 07:07:53,727 - client_30 - INFO - Sent 250511 bytes to server (weights size: 250359 bytes, client data size: 39, sparse: False)
2025-05-13 07:07:53,734 - client_30 - INFO - Data transmission successful
2025-05-13 07:10:50,454 - client_30 - INFO - Client 30 started with algorithm: fedprox, model: lenet5
2025-05-13 07:10:50,909 - client_30 - INFO - Epoch 1/2 - Loss: 0.0621
2025-05-13 07:10:51,043 - client_30 - INFO - Epoch 2/2 - Loss: 0.0441
2025-05-13 07:10:51,047 - client_30 - INFO - Sent 250511 bytes to server (weights size: 250359 bytes, client data size: 39, sparse: False)
2025-05-13 07:10:51,055 - client_30 - INFO - Data transmission successful
2025-05-13 07:12:00,216 - client_30 - INFO - Client 30 started with algorithm: fedprox, model: lenet5
2025-05-13 07:12:00,445 - client_30 - INFO - Epoch 1/2 - Loss: 0.5212
2025-05-13 07:12:00,536 - client_30 - INFO - Epoch 2/2 - Loss: 0.1677
2025-05-13 07:12:00,539 - client_30 - INFO - Sent 250511 bytes to server (weights size: 250359 bytes, client data size: 39, sparse: False)
2025-05-13 07:12:00,547 - client_30 - INFO - Data transmission successful
2025-05-13 07:13:14,041 - client_30 - INFO - Client 30 started with algorithm: fedprox, model: lenet5
2025-05-13 07:13:14,224 - client_30 - INFO - Epoch 1/2 - Loss: 0.1270
2025-05-13 07:13:14,338 - client_30 - INFO - Epoch 2/2 - Loss: 0.0924
2025-05-13 07:13:14,341 - client_30 - INFO - Sent 250511 bytes to server (weights size: 250359 bytes, client data size: 39, sparse: False)
2025-05-13 07:13:14,352 - client_30 - INFO - Data transmission successful
2025-05-13 07:14:13,185 - client_30 - INFO - Client 30 started with algorithm: fedprox, model: lenet5
2025-05-13 07:14:13,435 - client_30 - INFO - Epoch 1/2 - Loss: 0.1390
2025-05-13 07:14:13,538 - client_30 - INFO - Epoch 2/2 - Loss: 0.0669
2025-05-13 07:14:13,541 - client_30 - INFO - Sent 250511 bytes to server (weights size: 250359 bytes, client data size: 39, sparse: False)
2025-05-13 07:14:13,549 - client_30 - INFO - Data transmission successful
2025-05-13 07:17:31,297 - client_30 - INFO - Client 30 started with algorithm: fedprox, model: lenet5
2025-05-13 07:17:32,854 - client_30 - INFO - Epoch 1/2 - Loss: 0.0477
2025-05-13 07:17:33,002 - client_30 - INFO - Epoch 2/2 - Loss: 0.0455
2025-05-13 07:17:33,007 - client_30 - INFO - Sent 250511 bytes to server (weights size: 250359 bytes, client data size: 39, sparse: False)
2025-05-13 07:17:33,018 - client_30 - INFO - Data transmission successful
2025-05-13 07:17:48,921 - client_30 - INFO - Client 30 started with algorithm: fedprox, model: lenet5
2025-05-13 07:17:49,997 - client_30 - INFO - Epoch 1/2 - Loss: 0.2926
2025-05-13 07:17:50,121 - client_30 - INFO - Epoch 2/2 - Loss: 0.0862
2025-05-13 07:17:50,125 - client_30 - INFO - Sent 250511 bytes to server (weights size: 250359 bytes, client data size: 39, sparse: False)
2025-05-13 07:17:50,137 - client_30 - INFO - Data transmission successful
2025-05-13 07:18:11,227 - client_30 - INFO - Client 30 started with algorithm: fedprox, model: lenet5
2025-05-13 07:18:11,659 - client_30 - INFO - Epoch 1/2 - Loss: 0.0902
2025-05-13 07:18:11,785 - client_30 - INFO - Epoch 2/2 - Loss: 0.0444
2025-05-13 07:18:11,789 - client_30 - INFO - Sent 250511 bytes to server (weights size: 250359 bytes, client data size: 39, sparse: False)
2025-05-13 07:18:11,799 - client_30 - INFO - Data transmission successful
2025-05-13 07:18:26,258 - client_30 - INFO - Client 30 started with algorithm: fedprox, model: lenet5
2025-05-13 07:18:26,472 - client_30 - INFO - Epoch 1/2 - Loss: 0.0575
2025-05-13 07:18:26,570 - client_30 - INFO - Epoch 2/2 - Loss: 0.0218
2025-05-13 07:18:26,574 - client_30 - INFO - Sent 250511 bytes to server (weights size: 250359 bytes, client data size: 39, sparse: False)
2025-05-13 07:18:26,580 - client_30 - INFO - Data transmission successful
2025-05-13 07:19:15,911 - client_30 - INFO - Client 30 started with algorithm: fedprox, model: lenet5
2025-05-13 07:19:16,202 - client_30 - INFO - Epoch 1/2 - Loss: 0.0404
2025-05-13 07:19:16,293 - client_30 - INFO - Epoch 2/2 - Loss: 0.0268
2025-05-13 07:19:16,296 - client_30 - INFO - Sent 250511 bytes to server (weights size: 250359 bytes, client data size: 39, sparse: False)
2025-05-13 07:19:16,304 - client_30 - INFO - Data transmission successful
2025-05-13 07:20:14,411 - client_30 - INFO - Client 30 started with algorithm: fedprox, model: lenet5
2025-05-13 07:20:14,916 - client_30 - INFO - Epoch 1/2 - Loss: 0.0525
2025-05-13 07:20:14,982 - client_30 - INFO - Epoch 2/2 - Loss: 0.0371
2025-05-13 07:20:14,985 - client_30 - INFO - Sent 250511 bytes to server (weights size: 250359 bytes, client data size: 39, sparse: False)
2025-05-13 07:20:14,992 - client_30 - INFO - Data transmission successful
2025-05-13 07:20:40,752 - client_30 - INFO - Client 30 started with algorithm: fedprox, model: lenet5
2025-05-13 07:20:41,601 - client_30 - INFO - Epoch 1/2 - Loss: 0.0231
2025-05-13 07:20:41,680 - client_30 - INFO - Epoch 2/2 - Loss: 0.0208
2025-05-13 07:20:41,683 - client_30 - INFO - Sent 250511 bytes to server (weights size: 250359 bytes, client data size: 39, sparse: False)
2025-05-13 07:20:41,692 - client_30 - INFO - Data transmission successful
2025-05-13 07:20:48,291 - client_30 - INFO - Client 30 started with algorithm: fedprox, model: lenet5
2025-05-13 07:20:48,740 - client_30 - INFO - Epoch 1/2 - Loss: 0.0368
2025-05-13 07:20:48,857 - client_30 - INFO - Epoch 2/2 - Loss: 0.0453
2025-05-13 07:20:48,858 - client_30 - INFO - Early stopping triggered at epoch 2: Loss increased from 0.0368 to 0.0453
2025-05-13 07:20:48,861 - client_30 - INFO - Sent 250511 bytes to server (weights size: 250359 bytes, client data size: 39, sparse: False)
2025-05-13 07:20:48,870 - client_30 - INFO - Data transmission successful
2025-05-13 07:27:59,812 - client_30 - INFO - Client 30 started with algorithm: fedavg, model: lenet5
2025-05-13 07:28:00,006 - client_30 - INFO - Epoch 1/2 - Loss: 1.9412
2025-05-13 07:28:00,126 - client_30 - INFO - Epoch 2/2 - Loss: 1.5085
2025-05-13 07:28:00,129 - client_30 - INFO - Sent 250512 bytes to server (weights size: 250359 bytes, client data size: 39, sparse: False)
2025-05-13 07:28:00,138 - client_30 - INFO - Data transmission successful
2025-05-13 07:30:20,366 - client_30 - INFO - Client 30 started with algorithm: fedavg, model: lenet5
2025-05-13 07:30:20,695 - client_30 - INFO - Epoch 1/2 - Loss: 0.0603
2025-05-13 07:30:20,796 - client_30 - INFO - Epoch 2/2 - Loss: 0.0633
2025-05-13 07:30:20,796 - client_30 - INFO - Early stopping triggered at epoch 2: Loss increased from 0.0603 to 0.0633
2025-05-13 07:30:20,800 - client_30 - INFO - Sent 250512 bytes to server (weights size: 250359 bytes, client data size: 39, sparse: False)
2025-05-13 07:30:20,808 - client_30 - INFO - Data transmission successful
2025-05-13 07:31:25,178 - client_30 - INFO - Client 30 started with algorithm: fedavg, model: lenet5
2025-05-13 07:31:25,319 - client_30 - INFO - Epoch 1/2 - Loss: 0.4788
2025-05-13 07:31:25,393 - client_30 - INFO - Epoch 2/2 - Loss: 0.2817
2025-05-13 07:31:25,396 - client_30 - INFO - Sent 250512 bytes to server (weights size: 250359 bytes, client data size: 39, sparse: False)
2025-05-13 07:31:25,404 - client_30 - INFO - Data transmission successful
2025-05-13 07:32:31,661 - client_30 - INFO - Client 30 started with algorithm: fedavg, model: lenet5
2025-05-13 07:32:32,060 - client_30 - INFO - Epoch 1/2 - Loss: 0.5932
2025-05-13 07:32:32,166 - client_30 - INFO - Epoch 2/2 - Loss: 0.1472
2025-05-13 07:32:32,169 - client_30 - INFO - Sent 250512 bytes to server (weights size: 250359 bytes, client data size: 39, sparse: False)
2025-05-13 07:32:32,179 - client_30 - INFO - Data transmission successful
2025-05-13 07:33:31,322 - client_30 - INFO - Client 30 started with algorithm: fedavg, model: lenet5
2025-05-13 07:33:31,610 - client_30 - INFO - Epoch 1/2 - Loss: 0.3486
2025-05-13 07:33:31,697 - client_30 - INFO - Epoch 2/2 - Loss: 0.1270
2025-05-13 07:33:31,700 - client_30 - INFO - Sent 250512 bytes to server (weights size: 250359 bytes, client data size: 39, sparse: False)
2025-05-13 07:33:31,709 - client_30 - INFO - Data transmission successful
2025-05-13 07:36:33,302 - client_30 - INFO - Client 30 started with algorithm: fedavg, model: lenet5
2025-05-13 07:36:34,063 - client_30 - INFO - Epoch 1/2 - Loss: 0.1190
2025-05-13 07:36:34,185 - client_30 - INFO - Epoch 2/2 - Loss: 0.0700
2025-05-13 07:36:34,189 - client_30 - INFO - Sent 250512 bytes to server (weights size: 250359 bytes, client data size: 39, sparse: False)
2025-05-13 07:36:34,200 - client_30 - INFO - Data transmission successful
2025-05-13 07:36:48,252 - client_30 - INFO - Client 30 started with algorithm: fedavg, model: lenet5
2025-05-13 07:36:48,649 - client_30 - INFO - Epoch 1/2 - Loss: 0.3853
2025-05-13 07:36:48,819 - client_30 - INFO - Epoch 2/2 - Loss: 0.1402
2025-05-13 07:36:48,823 - client_30 - INFO - Sent 250512 bytes to server (weights size: 250359 bytes, client data size: 39, sparse: False)
2025-05-13 07:36:48,832 - client_30 - INFO - Data transmission successful
2025-05-13 07:37:05,167 - client_30 - INFO - Client 30 started with algorithm: fedavg, model: lenet5
2025-05-13 07:37:05,703 - client_30 - INFO - Epoch 1/2 - Loss: 0.1050
2025-05-13 07:37:05,839 - client_30 - INFO - Epoch 2/2 - Loss: 0.0519
2025-05-13 07:37:05,843 - client_30 - INFO - Sent 250512 bytes to server (weights size: 250359 bytes, client data size: 39, sparse: False)
2025-05-13 07:37:05,856 - client_30 - INFO - Data transmission successful
2025-05-13 07:37:19,461 - client_30 - INFO - Client 30 started with algorithm: fedavg, model: lenet5
2025-05-13 07:37:19,648 - client_30 - INFO - Epoch 1/2 - Loss: 0.1614
2025-05-13 07:37:19,731 - client_30 - INFO - Epoch 2/2 - Loss: 0.0577
2025-05-13 07:37:19,734 - client_30 - INFO - Sent 250512 bytes to server (weights size: 250359 bytes, client data size: 39, sparse: False)
2025-05-13 07:37:19,742 - client_30 - INFO - Data transmission successful
2025-05-13 07:38:05,199 - client_30 - INFO - Client 30 started with algorithm: fedavg, model: lenet5
2025-05-13 07:38:05,398 - client_30 - INFO - Epoch 1/2 - Loss: 0.0191
2025-05-13 07:38:05,479 - client_30 - INFO - Epoch 2/2 - Loss: 0.0165
2025-05-13 07:38:05,482 - client_30 - INFO - Sent 250512 bytes to server (weights size: 250359 bytes, client data size: 39, sparse: False)
2025-05-13 07:38:05,490 - client_30 - INFO - Data transmission successful
2025-05-13 07:39:02,429 - client_30 - INFO - Client 30 started with algorithm: fedavg, model: lenet5
2025-05-13 07:39:02,687 - client_30 - INFO - Epoch 1/2 - Loss: 0.0827
2025-05-13 07:39:02,742 - client_30 - INFO - Epoch 2/2 - Loss: 0.0425
2025-05-13 07:39:02,746 - client_30 - INFO - Sent 250512 bytes to server (weights size: 250359 bytes, client data size: 39, sparse: False)
2025-05-13 07:39:02,752 - client_30 - INFO - Data transmission successful
2025-05-13 07:39:27,068 - client_30 - INFO - Client 30 started with algorithm: fedavg, model: lenet5
2025-05-13 07:39:27,229 - client_30 - INFO - Epoch 1/2 - Loss: 0.0599
2025-05-13 07:39:27,299 - client_30 - INFO - Epoch 2/2 - Loss: 0.0424
2025-05-13 07:39:27,303 - client_30 - INFO - Sent 250512 bytes to server (weights size: 250359 bytes, client data size: 39, sparse: False)
2025-05-13 07:39:27,309 - client_30 - INFO - Data transmission successful
2025-05-13 07:39:33,101 - client_30 - INFO - Client 30 started with algorithm: fedavg, model: lenet5
2025-05-13 07:39:33,368 - client_30 - INFO - Epoch 1/2 - Loss: 0.0737
2025-05-13 07:39:33,452 - client_30 - INFO - Epoch 2/2 - Loss: 0.0959
2025-05-13 07:39:33,452 - client_30 - INFO - Early stopping triggered at epoch 2: Loss increased from 0.0737 to 0.0959
2025-05-13 07:39:33,456 - client_30 - INFO - Sent 250512 bytes to server (weights size: 250359 bytes, client data size: 39, sparse: False)
2025-05-13 07:39:33,464 - client_30 - INFO - Data transmission successful
2025-05-13 14:34:40,568 - client_30 - INFO - Client 30 started with algorithm: fedewma, model: lenet5
2025-05-13 14:34:42,655 - client_30 - INFO - Epoch 1/2 - Loss: 1.2074
2025-05-13 14:34:42,771 - client_30 - INFO - Epoch 2/2 - Loss: 1.1398
2025-05-13 14:34:42,772 - client_30 - INFO - Client 30 sending full delta weights
2025-05-13 14:34:42,775 - client_30 - INFO - Sent 250184 bytes to server (weights size: 250032 bytes, client data size: 39, sparse: False)
2025-05-13 14:34:42,784 - client_30 - INFO - Data transmission successful
2025-05-13 14:37:24,828 - client_30 - INFO - Client 30 started with algorithm: fedewma, model: lenet5
2025-05-13 14:37:26,967 - client_30 - INFO - Epoch 1/2 - Loss: 0.1189
2025-05-13 14:37:27,067 - client_30 - INFO - Epoch 2/2 - Loss: 0.0893
2025-05-13 14:37:27,069 - client_30 - INFO - Client 30 sending full delta weights
2025-05-13 14:37:27,071 - client_30 - INFO - Sent 250184 bytes to server (weights size: 250032 bytes, client data size: 39, sparse: False)
2025-05-13 14:37:27,080 - client_30 - INFO - Data transmission successful
2025-05-13 14:38:39,438 - client_30 - INFO - Client 30 started with algorithm: fedewma, model: lenet5
2025-05-13 14:38:41,468 - client_30 - INFO - Epoch 1/2 - Loss: 0.3757
2025-05-13 14:38:41,550 - client_30 - INFO - Epoch 2/2 - Loss: 0.1022
2025-05-13 14:38:41,551 - client_30 - INFO - Client 30 sending full delta weights
2025-05-13 14:38:41,554 - client_30 - INFO - Sent 250184 bytes to server (weights size: 250032 bytes, client data size: 39, sparse: False)
2025-05-13 14:38:41,562 - client_30 - INFO - Data transmission successful
2025-05-13 14:40:01,349 - client_30 - INFO - Client 30 started with algorithm: fedewma, model: lenet5
2025-05-13 14:40:03,513 - client_30 - INFO - Epoch 1/2 - Loss: 0.0588
2025-05-13 14:40:03,616 - client_30 - INFO - Epoch 2/2 - Loss: 0.0457
2025-05-13 14:40:03,618 - client_30 - INFO - Client 30 sending full delta weights
2025-05-13 14:40:03,620 - client_30 - INFO - Sent 250184 bytes to server (weights size: 250032 bytes, client data size: 39, sparse: False)
2025-05-13 14:40:03,630 - client_30 - INFO - Data transmission successful
2025-05-13 14:41:08,824 - client_30 - INFO - Client 30 started with algorithm: fedewma, model: lenet5
2025-05-13 14:41:10,902 - client_30 - INFO - Epoch 1/2 - Loss: 0.0523
2025-05-13 14:41:10,988 - client_30 - INFO - Epoch 2/2 - Loss: 0.0428
2025-05-13 14:41:10,989 - client_30 - INFO - Client 30 sending full delta weights
2025-05-13 14:41:10,992 - client_30 - INFO - Sent 250184 bytes to server (weights size: 250032 bytes, client data size: 39, sparse: False)
2025-05-13 14:41:11,001 - client_30 - INFO - Data transmission successful
2025-05-13 14:44:48,577 - client_30 - INFO - Client 30 started with algorithm: fedewma, model: lenet5
2025-05-13 14:44:50,924 - client_30 - INFO - Epoch 1/2 - Loss: 0.1046
2025-05-13 14:44:51,038 - client_30 - INFO - Epoch 2/2 - Loss: 0.0441
2025-05-13 14:44:51,039 - client_30 - INFO - Client 30 sending full delta weights
2025-05-13 14:44:51,042 - client_30 - INFO - Sent 250184 bytes to server (weights size: 250032 bytes, client data size: 39, sparse: False)
2025-05-13 14:44:51,052 - client_30 - INFO - Data transmission successful
2025-05-13 14:45:06,447 - client_30 - INFO - Client 30 started with algorithm: fedewma, model: lenet5
2025-05-13 14:45:09,228 - client_30 - INFO - Epoch 1/2 - Loss: 0.0536
2025-05-13 14:45:09,351 - client_30 - INFO - Epoch 2/2 - Loss: 0.0288
2025-05-13 14:45:09,353 - client_30 - INFO - Client 30 sending full delta weights
2025-05-13 14:45:09,356 - client_30 - INFO - Sent 250184 bytes to server (weights size: 250032 bytes, client data size: 39, sparse: False)
2025-05-13 14:45:09,367 - client_30 - INFO - Data transmission successful
2025-05-13 14:45:27,758 - client_30 - INFO - Client 30 started with algorithm: fedewma, model: lenet5
2025-05-13 14:45:30,010 - client_30 - INFO - Epoch 1/2 - Loss: 0.0387
2025-05-13 14:45:30,135 - client_30 - INFO - Epoch 2/2 - Loss: 0.0258
2025-05-13 14:45:30,137 - client_30 - INFO - Client 30 sending full delta weights
2025-05-13 14:45:30,139 - client_30 - INFO - Sent 250184 bytes to server (weights size: 250032 bytes, client data size: 39, sparse: False)
2025-05-13 14:45:30,149 - client_30 - INFO - Data transmission successful
2025-05-13 14:45:45,024 - client_30 - INFO - Client 30 started with algorithm: fedewma, model: lenet5
2025-05-13 14:45:47,163 - client_30 - INFO - Epoch 1/2 - Loss: 0.0352
2025-05-13 14:45:47,245 - client_30 - INFO - Epoch 2/2 - Loss: 0.0290
2025-05-13 14:45:47,246 - client_30 - INFO - Client 30 sending full delta weights
2025-05-13 14:45:47,249 - client_30 - INFO - Sent 250184 bytes to server (weights size: 250032 bytes, client data size: 39, sparse: False)
2025-05-13 14:45:47,256 - client_30 - INFO - Data transmission successful
2025-05-13 14:46:43,501 - client_30 - INFO - Client 30 started with algorithm: fedewma, model: lenet5
2025-05-13 14:46:45,573 - client_30 - INFO - Epoch 1/2 - Loss: 0.0280
2025-05-13 14:46:45,677 - client_30 - INFO - Epoch 2/2 - Loss: 0.0202
2025-05-13 14:46:45,678 - client_30 - INFO - Client 30 sending full delta weights
2025-05-13 14:46:45,681 - client_30 - INFO - Sent 250184 bytes to server (weights size: 250032 bytes, client data size: 39, sparse: False)
2025-05-13 14:46:45,689 - client_30 - INFO - Data transmission successful
2025-05-13 14:47:45,167 - client_30 - INFO - Client 30 started with algorithm: fedewma, model: lenet5
2025-05-13 14:47:47,210 - client_30 - INFO - Epoch 1/2 - Loss: 0.0454
2025-05-13 14:47:47,328 - client_30 - INFO - Epoch 2/2 - Loss: 0.0326
2025-05-13 14:47:47,329 - client_30 - INFO - Client 30 sending full delta weights
2025-05-13 14:47:47,331 - client_30 - INFO - Sent 250184 bytes to server (weights size: 250032 bytes, client data size: 39, sparse: False)
2025-05-13 14:47:47,337 - client_30 - INFO - Data transmission successful
2025-05-13 14:48:15,296 - client_30 - INFO - Client 30 started with algorithm: fedewma, model: lenet5
2025-05-13 14:48:17,564 - client_30 - INFO - Epoch 1/2 - Loss: 0.0364
2025-05-13 14:48:17,637 - client_30 - INFO - Epoch 2/2 - Loss: 0.0281
2025-05-13 14:48:17,639 - client_30 - INFO - Client 30 sending full delta weights
2025-05-13 14:48:17,641 - client_30 - INFO - Sent 250184 bytes to server (weights size: 250032 bytes, client data size: 39, sparse: False)
2025-05-13 14:48:17,648 - client_30 - INFO - Data transmission successful
2025-05-13 14:48:23,461 - client_30 - INFO - Client 30 started with algorithm: fedewma, model: lenet5
2025-05-13 14:48:25,651 - client_30 - INFO - Epoch 1/2 - Loss: 0.0257
2025-05-13 14:48:25,741 - client_30 - INFO - Epoch 2/2 - Loss: 0.0258
2025-05-13 14:48:25,741 - client_30 - INFO - Early stopping triggered at epoch 2: Loss increased from 0.0257 to 0.0258
2025-05-13 14:48:25,742 - client_30 - INFO - Client 30 sending full delta weights
2025-05-13 14:48:25,745 - client_30 - INFO - Sent 250184 bytes to server (weights size: 250032 bytes, client data size: 39, sparse: False)
2025-05-13 14:48:25,755 - client_30 - INFO - Data transmission successful
2025-05-13 15:15:11,678 - client_30 - INFO - Client 30 started with algorithm: fedewma, model: lenet5
2025-05-13 15:15:14,108 - client_30 - INFO - Epoch 1/2 - Loss: 1.4108
2025-05-13 15:15:14,231 - client_30 - INFO - Epoch 2/2 - Loss: 1.1249
2025-05-13 15:15:14,232 - client_30 - INFO - Client 30 sending full delta weights
2025-05-13 15:15:14,234 - client_30 - INFO - Sent 250184 bytes to server (weights size: 250032 bytes, client data size: 39, sparse: False)
2025-05-13 15:15:14,245 - client_30 - INFO - Data transmission successful
2025-05-13 15:18:03,068 - client_30 - INFO - Client 30 started with algorithm: fedewma, model: lenet5
2025-05-13 15:18:05,343 - client_30 - INFO - Epoch 1/2 - Loss: 0.1388
2025-05-13 15:18:05,444 - client_30 - INFO - Epoch 2/2 - Loss: 0.1428
2025-05-13 15:18:05,444 - client_30 - INFO - Early stopping triggered at epoch 2: Loss increased from 0.1388 to 0.1428
2025-05-13 15:18:05,446 - client_30 - INFO - Client 30 sending full delta weights
2025-05-13 15:18:05,448 - client_30 - INFO - Sent 250184 bytes to server (weights size: 250032 bytes, client data size: 39, sparse: False)
2025-05-13 15:18:05,456 - client_30 - INFO - Data transmission successful
2025-05-13 15:19:21,172 - client_30 - INFO - Client 30 started with algorithm: fedewma, model: lenet5
2025-05-13 15:19:23,463 - client_30 - INFO - Epoch 1/2 - Loss: 0.2362
2025-05-13 15:19:23,543 - client_30 - INFO - Epoch 2/2 - Loss: 0.1113
2025-05-13 15:19:23,544 - client_30 - INFO - Client 30 sending full delta weights
2025-05-13 15:19:23,546 - client_30 - INFO - Sent 250184 bytes to server (weights size: 250032 bytes, client data size: 39, sparse: False)
2025-05-13 15:19:23,555 - client_30 - INFO - Data transmission successful
2025-05-13 15:20:43,407 - client_30 - INFO - Client 30 started with algorithm: fedewma, model: lenet5
2025-05-13 15:20:45,627 - client_30 - INFO - Epoch 1/2 - Loss: 0.0948
2025-05-13 15:20:45,730 - client_30 - INFO - Epoch 2/2 - Loss: 0.0469
2025-05-13 15:20:45,731 - client_30 - INFO - Client 30 sending full delta weights
2025-05-13 15:20:45,734 - client_30 - INFO - Sent 250184 bytes to server (weights size: 250032 bytes, client data size: 39, sparse: False)
2025-05-13 15:20:45,744 - client_30 - INFO - Data transmission successful
2025-05-13 15:21:52,073 - client_30 - INFO - Client 30 started with algorithm: fedewma, model: lenet5
2025-05-13 15:21:54,330 - client_30 - INFO - Epoch 1/2 - Loss: 0.1439
2025-05-13 15:21:54,430 - client_30 - INFO - Epoch 2/2 - Loss: 0.0353
2025-05-13 15:21:54,432 - client_30 - INFO - Client 30 sending full delta weights
2025-05-13 15:21:54,434 - client_30 - INFO - Sent 250184 bytes to server (weights size: 250032 bytes, client data size: 39, sparse: False)
2025-05-13 15:21:54,442 - client_30 - INFO - Data transmission successful
2025-05-13 15:25:51,977 - client_30 - INFO - Client 30 started with algorithm: fedewma, model: lenet5
2025-05-13 15:25:55,431 - client_30 - INFO - Epoch 1/2 - Loss: 0.0608
2025-05-13 15:25:55,598 - client_30 - INFO - Epoch 2/2 - Loss: 0.0458
2025-05-13 15:25:55,600 - client_30 - INFO - Client 30 sending full delta weights
2025-05-13 15:25:55,604 - client_30 - INFO - Sent 250184 bytes to server (weights size: 250032 bytes, client data size: 39, sparse: False)
2025-05-13 15:25:55,613 - client_30 - INFO - Data transmission successful
2025-05-13 15:26:13,014 - client_30 - INFO - Client 30 started with algorithm: fedewma, model: lenet5
2025-05-13 15:26:15,292 - client_30 - INFO - Epoch 1/2 - Loss: 0.0425
2025-05-13 15:26:15,412 - client_30 - INFO - Epoch 2/2 - Loss: 0.0246
2025-05-13 15:26:15,414 - client_30 - INFO - Client 30 sending full delta weights
2025-05-13 15:26:15,417 - client_30 - INFO - Sent 250184 bytes to server (weights size: 250032 bytes, client data size: 39, sparse: False)
2025-05-13 15:26:15,427 - client_30 - INFO - Data transmission successful
2025-05-13 15:26:36,847 - client_30 - INFO - Client 30 started with algorithm: fedewma, model: lenet5
2025-05-13 15:26:39,292 - client_30 - INFO - Epoch 1/2 - Loss: 0.0250
2025-05-13 15:26:39,433 - client_30 - INFO - Epoch 2/2 - Loss: 0.0218
2025-05-13 15:26:39,435 - client_30 - INFO - Client 30 sending full delta weights
2025-05-13 15:26:39,438 - client_30 - INFO - Sent 250184 bytes to server (weights size: 250032 bytes, client data size: 39, sparse: False)
2025-05-13 15:26:39,452 - client_30 - INFO - Data transmission successful
2025-05-13 15:26:54,770 - client_30 - INFO - Client 30 started with algorithm: fedewma, model: lenet5
2025-05-13 15:26:56,982 - client_30 - INFO - Epoch 1/2 - Loss: 0.0315
2025-05-13 15:26:57,135 - client_30 - INFO - Epoch 2/2 - Loss: 0.0174
2025-05-13 15:26:57,136 - client_30 - INFO - Client 30 sending full delta weights
2025-05-13 15:26:57,139 - client_30 - INFO - Sent 250184 bytes to server (weights size: 250032 bytes, client data size: 39, sparse: False)
2025-05-13 15:26:57,150 - client_30 - INFO - Data transmission successful
2025-05-13 15:27:55,678 - client_30 - INFO - Client 30 started with algorithm: fedewma, model: lenet5
2025-05-13 15:27:57,819 - client_30 - INFO - Epoch 1/2 - Loss: 0.0351
2025-05-13 15:27:57,957 - client_30 - INFO - Epoch 2/2 - Loss: 0.0238
2025-05-13 15:27:57,958 - client_30 - INFO - Client 30 sending full delta weights
2025-05-13 15:27:57,960 - client_30 - INFO - Sent 250184 bytes to server (weights size: 250032 bytes, client data size: 39, sparse: False)
2025-05-13 15:27:57,968 - client_30 - INFO - Data transmission successful
2025-05-13 15:28:59,748 - client_30 - INFO - Client 30 started with algorithm: fedewma, model: lenet5
2025-05-13 15:29:02,133 - client_30 - INFO - Epoch 1/2 - Loss: 0.0592
2025-05-13 15:29:02,191 - client_30 - INFO - Epoch 2/2 - Loss: 0.0476
2025-05-13 15:29:02,192 - client_30 - INFO - Client 30 sending full delta weights
2025-05-13 15:29:02,195 - client_30 - INFO - Sent 250184 bytes to server (weights size: 250032 bytes, client data size: 39, sparse: False)
2025-05-13 15:29:02,201 - client_30 - INFO - Data transmission successful
2025-05-13 15:29:31,256 - client_30 - INFO - Client 30 started with algorithm: fedewma, model: lenet5
2025-05-13 15:29:34,120 - client_30 - INFO - Epoch 1/2 - Loss: 0.0319
2025-05-13 15:29:34,210 - client_30 - INFO - Epoch 2/2 - Loss: 0.0334
2025-05-13 15:29:34,210 - client_30 - INFO - Early stopping triggered at epoch 2: Loss increased from 0.0319 to 0.0334
2025-05-13 15:29:34,211 - client_30 - INFO - Client 30 sending full delta weights
2025-05-13 15:29:34,214 - client_30 - INFO - Sent 250184 bytes to server (weights size: 250032 bytes, client data size: 39, sparse: False)
2025-05-13 15:29:34,221 - client_30 - INFO - Data transmission successful
2025-05-13 15:29:40,057 - client_30 - INFO - Client 30 started with algorithm: fedewma, model: lenet5
2025-05-13 15:29:42,261 - client_30 - INFO - Epoch 1/2 - Loss: 0.0368
2025-05-13 15:29:42,355 - client_30 - INFO - Epoch 2/2 - Loss: 0.0261
2025-05-13 15:29:42,356 - client_30 - INFO - Client 30 sending full delta weights
2025-05-13 15:29:42,359 - client_30 - INFO - Sent 250184 bytes to server (weights size: 250032 bytes, client data size: 39, sparse: False)
2025-05-13 15:29:42,368 - client_30 - INFO - Data transmission successful
2025-05-13 15:57:39,229 - client_30 - INFO - Client 30 started with algorithm: fedewma, model: resnet18fashion
2025-05-13 15:57:58,530 - client_30 - INFO - Epoch 1/2 - Loss: 0.6836
2025-05-13 15:58:03,061 - client_30 - INFO - Epoch 2/2 - Loss: 0.5912
2025-05-13 15:58:03,062 - client_30 - INFO - Client 30 sending full delta weights
2025-05-13 15:58:03,070 - client_30 - INFO - Sent 716145 bytes to server (weights size: 715993 bytes, client data size: 1783, sparse: False)
2025-05-13 15:58:03,083 - client_30 - INFO - Data transmission successful
2025-05-13 16:02:37,904 - client_30 - INFO - Client 30 started with algorithm: fedewma, model: resnet18fashion
2025-05-13 16:02:48,940 - client_30 - INFO - Epoch 1/2 - Loss: 0.3851
2025-05-13 16:02:53,206 - client_30 - INFO - Epoch 2/2 - Loss: 0.3813
2025-05-13 16:02:53,209 - client_30 - INFO - Client 30 sending full delta weights
2025-05-13 16:02:53,217 - client_30 - INFO - Sent 716145 bytes to server (weights size: 715993 bytes, client data size: 1783, sparse: False)
2025-05-13 16:02:53,238 - client_30 - INFO - Data transmission successful
2025-05-13 16:04:40,112 - client_30 - INFO - Client 30 started with algorithm: fedewma, model: resnet18fashion
2025-05-13 16:04:50,799 - client_30 - INFO - Epoch 1/2 - Loss: 0.3790
2025-05-13 16:04:54,021 - client_30 - INFO - Epoch 2/2 - Loss: 0.3524
2025-05-13 16:04:54,022 - client_30 - INFO - Client 30 sending full delta weights
2025-05-13 16:04:54,030 - client_30 - INFO - Sent 716145 bytes to server (weights size: 715993 bytes, client data size: 1783, sparse: False)
2025-05-13 16:04:54,043 - client_30 - INFO - Data transmission successful
2025-05-13 16:07:06,970 - client_30 - INFO - Client 30 started with algorithm: fedewma, model: resnet18fashion
2025-05-13 16:07:21,417 - client_30 - INFO - Epoch 1/2 - Loss: 0.3376
2025-05-13 16:07:26,394 - client_30 - INFO - Epoch 2/2 - Loss: 0.3318
2025-05-13 16:07:26,395 - client_30 - INFO - Client 30 sending full delta weights
2025-05-13 16:07:26,401 - client_30 - INFO - Sent 716145 bytes to server (weights size: 715993 bytes, client data size: 1783, sparse: False)
2025-05-13 16:07:26,411 - client_30 - INFO - Data transmission successful
2025-05-13 16:09:29,411 - client_30 - INFO - Client 30 started with algorithm: fedewma, model: resnet18fashion
2025-05-13 16:09:40,721 - client_30 - INFO - Epoch 1/2 - Loss: 0.3685
2025-05-13 16:09:44,554 - client_30 - INFO - Epoch 2/2 - Loss: 0.3226
2025-05-13 16:09:44,555 - client_30 - INFO - Client 30 sending full delta weights
2025-05-13 16:09:44,563 - client_30 - INFO - Sent 716145 bytes to server (weights size: 715993 bytes, client data size: 1783, sparse: False)
2025-05-13 16:09:44,577 - client_30 - INFO - Data transmission successful
2025-05-13 16:16:29,316 - client_30 - INFO - Client 30 started with algorithm: fedewma, model: resnet18fashion
2025-05-13 16:16:43,136 - client_30 - INFO - Epoch 1/2 - Loss: 0.3134
2025-05-13 16:16:46,443 - client_30 - INFO - Epoch 2/2 - Loss: 0.2981
2025-05-13 16:16:46,443 - client_30 - INFO - Client 30 sending full delta weights
2025-05-13 16:16:46,450 - client_30 - INFO - Sent 716145 bytes to server (weights size: 715993 bytes, client data size: 1783, sparse: False)
2025-05-13 16:16:46,459 - client_30 - INFO - Data transmission successful
2025-05-13 16:17:04,046 - client_30 - INFO - Client 30 started with algorithm: fedewma, model: resnet18fashion
2025-05-13 16:17:17,915 - client_30 - INFO - Epoch 1/2 - Loss: 0.3031
2025-05-13 16:17:21,163 - client_30 - INFO - Epoch 2/2 - Loss: 0.2994
2025-05-13 16:17:21,163 - client_30 - INFO - Client 30 sending full delta weights
2025-05-13 16:17:21,170 - client_30 - INFO - Sent 716145 bytes to server (weights size: 715993 bytes, client data size: 1783, sparse: False)
2025-05-13 16:17:21,179 - client_30 - INFO - Data transmission successful
2025-05-13 16:17:41,300 - client_30 - INFO - Client 30 started with algorithm: fedewma, model: resnet18fashion
2025-05-13 16:17:55,333 - client_30 - INFO - Epoch 1/2 - Loss: 0.3048
2025-05-13 16:18:01,098 - client_30 - INFO - Epoch 2/2 - Loss: 0.2835
2025-05-13 16:18:01,099 - client_30 - INFO - Client 30 sending full delta weights
2025-05-13 16:18:01,108 - client_30 - INFO - Sent 716145 bytes to server (weights size: 715993 bytes, client data size: 1783, sparse: False)
2025-05-13 16:18:01,123 - client_30 - INFO - Data transmission successful
2025-05-13 16:18:18,399 - client_30 - INFO - Client 30 started with algorithm: fedewma, model: resnet18fashion
2025-05-13 16:18:29,109 - client_30 - INFO - Epoch 1/2 - Loss: 0.3085
2025-05-13 16:18:32,124 - client_30 - INFO - Epoch 2/2 - Loss: 0.3002
2025-05-13 16:18:32,125 - client_30 - INFO - Client 30 sending full delta weights
2025-05-13 16:18:32,134 - client_30 - INFO - Sent 716145 bytes to server (weights size: 715993 bytes, client data size: 1783, sparse: False)
2025-05-13 16:18:32,155 - client_30 - INFO - Data transmission successful
2025-05-13 16:20:09,368 - client_30 - INFO - Client 30 started with algorithm: fedewma, model: resnet18fashion
2025-05-13 16:20:19,811 - client_30 - INFO - Epoch 1/2 - Loss: 0.3192
2025-05-13 16:20:23,159 - client_30 - INFO - Epoch 2/2 - Loss: 0.2849
2025-05-13 16:20:23,160 - client_30 - INFO - Client 30 sending full delta weights
2025-05-13 16:20:23,166 - client_30 - INFO - Sent 716145 bytes to server (weights size: 715993 bytes, client data size: 1783, sparse: False)
2025-05-13 16:20:23,177 - client_30 - INFO - Data transmission successful
2025-05-13 16:22:30,957 - client_30 - INFO - Client 30 started with algorithm: fedewma, model: resnet18fashion
2025-05-13 16:22:39,982 - client_30 - INFO - Epoch 1/2 - Loss: 0.3112
2025-05-13 16:22:43,473 - client_30 - INFO - Epoch 2/2 - Loss: 0.2727
2025-05-13 16:22:43,474 - client_30 - INFO - Client 30 sending full delta weights
2025-05-13 16:22:43,482 - client_30 - INFO - Sent 716145 bytes to server (weights size: 715993 bytes, client data size: 1783, sparse: False)
2025-05-13 16:22:43,495 - client_30 - INFO - Data transmission successful
2025-05-13 16:23:53,427 - client_30 - INFO - Client 30 started with algorithm: fedewma, model: resnet18fashion
2025-05-13 16:24:02,560 - client_30 - INFO - Epoch 1/2 - Loss: 0.3011
2025-05-13 16:24:05,050 - client_30 - INFO - Epoch 2/2 - Loss: 0.2924
2025-05-13 16:24:05,051 - client_30 - INFO - Client 30 sending full delta weights
2025-05-13 16:24:05,058 - client_30 - INFO - Sent 716145 bytes to server (weights size: 715993 bytes, client data size: 1783, sparse: False)
2025-05-13 16:24:05,067 - client_30 - INFO - Data transmission successful
2025-05-13 16:24:07,074 - client_30 - INFO - Client 30 started with algorithm: fedewma, model: resnet18fashion
2025-05-13 16:24:21,034 - client_30 - INFO - Epoch 1/2 - Loss: 0.3045
2025-05-13 16:24:24,578 - client_30 - INFO - Epoch 2/2 - Loss: 0.2850
2025-05-13 16:24:24,579 - client_30 - INFO - Client 30 sending full delta weights
2025-05-13 16:24:24,587 - client_30 - INFO - Sent 716145 bytes to server (weights size: 715993 bytes, client data size: 1783, sparse: False)
2025-05-13 16:24:24,601 - client_30 - INFO - Data transmission successful
2025-05-14 07:22:08,666 - client_30 - INFO - Client 30 started with algorithm: fedprox, model: resnet18fashion
2025-05-14 07:22:20,461 - client_30 - INFO - Epoch 1/2 - Loss: 0.6989
2025-05-14 07:22:24,791 - client_30 - INFO - Epoch 2/2 - Loss: 0.5833
2025-05-14 07:22:24,799 - client_30 - INFO - Sent 717496 bytes to server (weights size: 717344 bytes, client data size: 1783, sparse: False)
2025-05-14 07:22:24,814 - client_30 - INFO - Data transmission successful
2025-05-14 07:27:04,264 - client_30 - INFO - Client 30 started with algorithm: fedprox, model: resnet18fashion
2025-05-14 07:27:15,292 - client_30 - INFO - Epoch 1/2 - Loss: 0.3855
2025-05-14 07:27:21,138 - client_30 - INFO - Epoch 2/2 - Loss: 0.3502
2025-05-14 07:27:21,147 - client_30 - INFO - Sent 717496 bytes to server (weights size: 717344 bytes, client data size: 1783, sparse: False)
2025-05-14 07:27:21,162 - client_30 - INFO - Data transmission successful
2025-05-14 07:29:14,888 - client_30 - INFO - Client 30 started with algorithm: fedprox, model: resnet18fashion
2025-05-14 07:29:25,093 - client_30 - INFO - Epoch 1/2 - Loss: 0.3714
2025-05-14 07:29:29,824 - client_30 - INFO - Epoch 2/2 - Loss: 0.3357
2025-05-14 07:29:29,838 - client_30 - INFO - Sent 717496 bytes to server (weights size: 717344 bytes, client data size: 1783, sparse: False)
2025-05-14 07:29:29,859 - client_30 - INFO - Data transmission successful
2025-05-14 07:31:36,720 - client_30 - INFO - Client 30 started with algorithm: fedprox, model: resnet18fashion
2025-05-14 07:31:48,596 - client_30 - INFO - Epoch 1/2 - Loss: 0.3745
2025-05-14 07:31:54,423 - client_30 - INFO - Epoch 2/2 - Loss: 0.3313
2025-05-14 07:31:54,431 - client_30 - INFO - Sent 717496 bytes to server (weights size: 717344 bytes, client data size: 1783, sparse: False)
2025-05-14 07:31:54,441 - client_30 - INFO - Data transmission successful
2025-05-14 07:33:49,718 - client_30 - INFO - Client 30 started with algorithm: fedprox, model: resnet18fashion
2025-05-14 07:34:00,125 - client_30 - INFO - Epoch 1/2 - Loss: 0.3667
2025-05-14 07:34:04,545 - client_30 - INFO - Epoch 2/2 - Loss: 0.3085
2025-05-14 07:34:04,555 - client_30 - INFO - Sent 717496 bytes to server (weights size: 717344 bytes, client data size: 1783, sparse: False)
2025-05-14 07:34:04,570 - client_30 - INFO - Data transmission successful
2025-05-14 07:40:42,633 - client_30 - INFO - Client 30 started with algorithm: fedprox, model: resnet18fashion
2025-05-14 07:40:55,448 - client_30 - INFO - Epoch 1/2 - Loss: 0.3335
2025-05-14 07:40:59,626 - client_30 - INFO - Epoch 2/2 - Loss: 0.2843
2025-05-14 07:40:59,634 - client_30 - INFO - Sent 717496 bytes to server (weights size: 717344 bytes, client data size: 1783, sparse: False)
2025-05-14 07:40:59,643 - client_30 - INFO - Data transmission successful
2025-05-14 07:41:14,695 - client_30 - INFO - Client 30 started with algorithm: fedprox, model: resnet18fashion
2025-05-14 07:41:26,331 - client_30 - INFO - Epoch 1/2 - Loss: 0.3461
2025-05-14 07:41:30,424 - client_30 - INFO - Epoch 2/2 - Loss: 0.2923
2025-05-14 07:41:30,431 - client_30 - INFO - Sent 717496 bytes to server (weights size: 717344 bytes, client data size: 1783, sparse: False)
2025-05-14 07:41:30,440 - client_30 - INFO - Data transmission successful
2025-05-14 07:41:51,048 - client_30 - INFO - Client 30 started with algorithm: fedprox, model: resnet18fashion
2025-05-14 07:42:05,060 - client_30 - INFO - Epoch 1/2 - Loss: 0.3215
2025-05-14 07:42:12,116 - client_30 - INFO - Epoch 2/2 - Loss: 0.2897
2025-05-14 07:42:12,125 - client_30 - INFO - Sent 717496 bytes to server (weights size: 717344 bytes, client data size: 1783, sparse: False)
2025-05-14 07:42:12,141 - client_30 - INFO - Data transmission successful
2025-05-14 07:42:29,078 - client_30 - INFO - Client 30 started with algorithm: fedprox, model: resnet18fashion
2025-05-14 07:42:39,155 - client_30 - INFO - Epoch 1/2 - Loss: 0.3254
2025-05-14 07:42:43,088 - client_30 - INFO - Epoch 2/2 - Loss: 0.2833
2025-05-14 07:42:43,099 - client_30 - INFO - Sent 717496 bytes to server (weights size: 717344 bytes, client data size: 1783, sparse: False)
2025-05-14 07:42:43,114 - client_30 - INFO - Data transmission successful
2025-05-14 07:44:16,786 - client_30 - INFO - Client 30 started with algorithm: fedprox, model: resnet18fashion
2025-05-14 07:44:25,481 - client_30 - INFO - Epoch 1/2 - Loss: 0.3050
2025-05-14 07:44:29,232 - client_30 - INFO - Epoch 2/2 - Loss: 0.2796
2025-05-14 07:44:29,238 - client_30 - INFO - Sent 717496 bytes to server (weights size: 717344 bytes, client data size: 1783, sparse: False)
2025-05-14 07:44:29,248 - client_30 - INFO - Data transmission successful
2025-05-14 07:46:28,568 - client_30 - INFO - Client 30 started with algorithm: fedprox, model: resnet18fashion
2025-05-14 07:46:36,332 - client_30 - INFO - Epoch 1/2 - Loss: 0.3279
2025-05-14 07:46:40,556 - client_30 - INFO - Epoch 2/2 - Loss: 0.2971
2025-05-14 07:46:40,566 - client_30 - INFO - Sent 717496 bytes to server (weights size: 717344 bytes, client data size: 1783, sparse: False)
2025-05-14 07:46:40,581 - client_30 - INFO - Data transmission successful
2025-05-14 07:47:29,220 - client_30 - INFO - Client 30 started with algorithm: fedprox, model: resnet18fashion
2025-05-14 07:47:37,141 - client_30 - INFO - Epoch 1/2 - Loss: 0.3176
2025-05-14 07:47:40,555 - client_30 - INFO - Epoch 2/2 - Loss: 0.2734
2025-05-14 07:47:40,563 - client_30 - INFO - Sent 717496 bytes to server (weights size: 717344 bytes, client data size: 1783, sparse: False)
2025-05-14 07:47:40,574 - client_30 - INFO - Data transmission successful
2025-05-14 07:47:42,581 - client_30 - INFO - Client 30 started with algorithm: fedprox, model: resnet18fashion
2025-05-14 07:47:52,921 - client_30 - INFO - Epoch 1/2 - Loss: 0.2851
2025-05-14 07:48:00,391 - client_30 - INFO - Epoch 2/2 - Loss: 0.2568
2025-05-14 07:48:00,400 - client_30 - INFO - Sent 717496 bytes to server (weights size: 717344 bytes, client data size: 1783, sparse: False)
2025-05-14 07:48:00,415 - client_30 - INFO - Data transmission successful
2025-05-14 08:36:30,164 - client_30 - INFO - Client 30 started with algorithm: fedavg, model: resnet18fashion
2025-05-14 08:36:41,023 - client_30 - INFO - Epoch 1/2 - Loss: 0.6732
2025-05-14 08:36:46,202 - client_30 - INFO - Epoch 2/2 - Loss: 0.5755
2025-05-14 08:36:46,212 - client_30 - INFO - Sent 717498 bytes to server (weights size: 717344 bytes, client data size: 1783, sparse: False)
2025-05-14 08:36:46,224 - client_30 - INFO - Data transmission successful
2025-05-14 08:41:16,425 - client_30 - INFO - Client 30 started with algorithm: fedavg, model: resnet18fashion
2025-05-14 08:41:25,619 - client_30 - INFO - Epoch 1/2 - Loss: 0.3808
2025-05-14 08:41:29,590 - client_30 - INFO - Epoch 2/2 - Loss: 0.3585
2025-05-14 08:41:29,599 - client_30 - INFO - Sent 717498 bytes to server (weights size: 717344 bytes, client data size: 1783, sparse: False)
2025-05-14 08:41:29,612 - client_30 - INFO - Data transmission successful
2025-05-14 08:43:16,706 - client_30 - INFO - Client 30 started with algorithm: fedavg, model: resnet18fashion
2025-05-14 08:43:27,631 - client_30 - INFO - Epoch 1/2 - Loss: 0.3850
2025-05-14 08:43:36,139 - client_30 - INFO - Epoch 2/2 - Loss: 0.3387
2025-05-14 08:43:36,151 - client_30 - INFO - Sent 717498 bytes to server (weights size: 717344 bytes, client data size: 1783, sparse: False)
2025-05-14 08:43:36,178 - client_30 - INFO - Data transmission successful
2025-05-14 08:45:55,767 - client_30 - INFO - Client 30 started with algorithm: fedavg, model: resnet18fashion
2025-05-14 08:46:07,604 - client_30 - INFO - Epoch 1/2 - Loss: 0.3801
2025-05-14 08:46:13,200 - client_30 - INFO - Epoch 2/2 - Loss: 0.3289
2025-05-14 08:46:13,209 - client_30 - INFO - Sent 717498 bytes to server (weights size: 717344 bytes, client data size: 1783, sparse: False)
2025-05-14 08:46:13,221 - client_30 - INFO - Data transmission successful
2025-05-14 08:48:01,463 - client_30 - INFO - Client 30 started with algorithm: fedavg, model: resnet18fashion
2025-05-14 08:48:10,035 - client_30 - INFO - Epoch 1/2 - Loss: 0.3468
2025-05-14 08:48:13,865 - client_30 - INFO - Epoch 2/2 - Loss: 0.3104
2025-05-14 08:48:13,873 - client_30 - INFO - Sent 717498 bytes to server (weights size: 717344 bytes, client data size: 1783, sparse: False)
2025-05-14 08:48:13,889 - client_30 - INFO - Data transmission successful
2025-05-14 08:53:59,000 - client_30 - INFO - Client 30 started with algorithm: fedavg, model: resnet18fashion
2025-05-14 08:54:10,303 - client_30 - INFO - Epoch 1/2 - Loss: 0.3137
2025-05-14 08:54:16,005 - client_30 - INFO - Epoch 2/2 - Loss: 0.2945
2025-05-14 08:54:16,012 - client_30 - INFO - Sent 717498 bytes to server (weights size: 717344 bytes, client data size: 1783, sparse: False)
2025-05-14 08:54:16,023 - client_30 - INFO - Data transmission successful
2025-05-14 08:54:31,921 - client_30 - INFO - Client 30 started with algorithm: fedavg, model: resnet18fashion
2025-05-14 08:54:42,380 - client_30 - INFO - Epoch 1/2 - Loss: 0.3345
2025-05-14 08:54:46,281 - client_30 - INFO - Epoch 2/2 - Loss: 0.2846
2025-05-14 08:54:46,288 - client_30 - INFO - Sent 717498 bytes to server (weights size: 717344 bytes, client data size: 1783, sparse: False)
2025-05-14 08:54:46,297 - client_30 - INFO - Data transmission successful
2025-05-14 08:55:06,123 - client_30 - INFO - Client 30 started with algorithm: fedavg, model: resnet18fashion
2025-05-14 08:55:22,315 - client_30 - INFO - Epoch 1/2 - Loss: 0.3195
2025-05-14 08:55:27,558 - client_30 - INFO - Epoch 2/2 - Loss: 0.2660
2025-05-14 08:55:27,567 - client_30 - INFO - Sent 717498 bytes to server (weights size: 717344 bytes, client data size: 1783, sparse: False)
2025-05-14 08:55:27,582 - client_30 - INFO - Data transmission successful
2025-05-14 08:55:42,756 - client_30 - INFO - Client 30 started with algorithm: fedavg, model: resnet18fashion
2025-05-14 08:55:53,774 - client_30 - INFO - Epoch 1/2 - Loss: 0.3195
2025-05-14 08:55:59,008 - client_30 - INFO - Epoch 2/2 - Loss: 0.2702
2025-05-14 08:55:59,019 - client_30 - INFO - Sent 717498 bytes to server (weights size: 717344 bytes, client data size: 1783, sparse: False)
2025-05-14 08:55:59,033 - client_30 - INFO - Data transmission successful
2025-05-14 08:57:27,350 - client_30 - INFO - Client 30 started with algorithm: fedavg, model: resnet18fashion
2025-05-14 08:57:34,782 - client_30 - INFO - Epoch 1/2 - Loss: 0.3146
2025-05-14 08:57:38,505 - client_30 - INFO - Epoch 2/2 - Loss: 0.2731
2025-05-14 08:57:38,513 - client_30 - INFO - Sent 717498 bytes to server (weights size: 717344 bytes, client data size: 1783, sparse: False)
2025-05-14 08:57:38,525 - client_30 - INFO - Data transmission successful
2025-05-14 08:59:22,352 - client_30 - INFO - Client 30 started with algorithm: fedavg, model: resnet18fashion
2025-05-14 08:59:32,266 - client_30 - INFO - Epoch 1/2 - Loss: 0.3026
2025-05-14 08:59:37,874 - client_30 - INFO - Epoch 2/2 - Loss: 0.2783
2025-05-14 08:59:37,885 - client_30 - INFO - Sent 717498 bytes to server (weights size: 717344 bytes, client data size: 1783, sparse: False)
2025-05-14 08:59:37,900 - client_30 - INFO - Data transmission successful
2025-05-14 09:00:19,712 - client_30 - INFO - Client 30 started with algorithm: fedavg, model: resnet18fashion
2025-05-14 09:00:26,228 - client_30 - INFO - Epoch 1/2 - Loss: 0.3363
2025-05-14 09:00:29,228 - client_30 - INFO - Epoch 2/2 - Loss: 0.2789
2025-05-14 09:00:29,240 - client_30 - INFO - Sent 717498 bytes to server (weights size: 717344 bytes, client data size: 1783, sparse: False)
2025-05-14 09:00:29,249 - client_30 - INFO - Data transmission successful
2025-05-14 09:00:31,254 - client_30 - INFO - Client 30 started with algorithm: fedavg, model: resnet18fashion
2025-05-14 09:00:41,210 - client_30 - INFO - Epoch 1/2 - Loss: 0.2785
2025-05-14 09:00:46,558 - client_30 - INFO - Epoch 2/2 - Loss: 0.2604
2025-05-14 09:00:46,568 - client_30 - INFO - Sent 717498 bytes to server (weights size: 717344 bytes, client data size: 1783, sparse: False)
2025-05-14 09:00:46,584 - client_30 - INFO - Data transmission successful
