2025-05-12 11:19:51,178 - client_12 - INFO - Client 12 started with algorithm: fedewma, model: lenet5
2025-05-12 11:19:54,829 - client_12 - INFO - Epoch 1/2 - Loss: 0.9266
2025-05-12 11:19:56,733 - client_12 - INFO - Epoch 2/2 - Loss: 0.2106
2025-05-12 11:19:56,734 - client_12 - INFO - Client 12 sending full delta weights
2025-05-12 11:19:56,739 - client_12 - INFO - Sent 250184 bytes to server (weights size: 250032 bytes, client data size: 1206, sparse: False)
2025-05-12 11:19:56,744 - client_12 - INFO - Data transmission successful
2025-05-12 11:23:25,127 - client_12 - INFO - Client 12 started with algorithm: fedewma, model: lenet5
2025-05-12 11:23:30,856 - client_12 - INFO - Epoch 1/2 - Loss: 0.0757
2025-05-12 11:23:33,587 - client_12 - INFO - Epoch 2/2 - Loss: 0.0154
2025-05-12 11:23:33,590 - client_12 - INFO - Client 12 sending full delta weights
2025-05-12 11:23:33,592 - client_12 - INFO - Sent 250184 bytes to server (weights size: 250032 bytes, client data size: 1206, sparse: False)
2025-05-12 11:23:33,602 - client_12 - INFO - Data transmission successful
2025-05-12 11:25:58,775 - client_12 - INFO - Client 12 started with algorithm: fedewma, model: lenet5
2025-05-12 11:26:04,373 - client_12 - INFO - Epoch 1/2 - Loss: 0.0282
2025-05-12 11:26:05,841 - client_12 - INFO - Epoch 2/2 - Loss: 0.0097
2025-05-12 11:26:05,842 - client_12 - INFO - Client 12 sending full delta weights
2025-05-12 11:26:05,844 - client_12 - INFO - Sent 250184 bytes to server (weights size: 250032 bytes, client data size: 1206, sparse: False)
2025-05-12 11:26:05,848 - client_12 - INFO - Data transmission successful
2025-05-12 11:27:37,228 - client_12 - INFO - Client 12 started with algorithm: fedewma, model: lenet5
2025-05-12 11:27:42,809 - client_12 - INFO - Epoch 1/2 - Loss: 0.0498
2025-05-12 11:27:44,542 - client_12 - INFO - Epoch 2/2 - Loss: 0.0053
2025-05-12 11:27:44,542 - client_12 - INFO - Client 12 sending full delta weights
2025-05-12 11:27:44,545 - client_12 - INFO - Sent 250184 bytes to server (weights size: 250032 bytes, client data size: 1206, sparse: False)
2025-05-12 11:27:44,549 - client_12 - INFO - Data transmission successful
2025-05-12 11:28:38,831 - client_12 - INFO - Client 12 started with algorithm: fedewma, model: lenet5
2025-05-12 11:28:44,455 - client_12 - INFO - Epoch 1/2 - Loss: 0.0325
2025-05-12 11:28:46,290 - client_12 - INFO - Epoch 2/2 - Loss: 0.0057
2025-05-12 11:28:46,291 - client_12 - INFO - Client 12 sending full delta weights
2025-05-12 11:28:46,294 - client_12 - INFO - Sent 250184 bytes to server (weights size: 250032 bytes, client data size: 1206, sparse: False)
2025-05-12 11:28:46,300 - client_12 - INFO - Data transmission successful
2025-05-12 11:30:13,523 - client_12 - INFO - Client 12 started with algorithm: fedewma, model: lenet5
2025-05-12 11:30:18,746 - client_12 - INFO - Epoch 1/2 - Loss: 0.0259
2025-05-12 11:30:20,441 - client_12 - INFO - Epoch 2/2 - Loss: 0.0041
2025-05-12 11:30:20,441 - client_12 - INFO - Client 12 sending full delta weights
2025-05-12 11:30:20,444 - client_12 - INFO - Sent 250184 bytes to server (weights size: 250032 bytes, client data size: 1206, sparse: False)
2025-05-12 11:30:20,448 - client_12 - INFO - Data transmission successful
2025-05-12 11:31:48,699 - client_12 - INFO - Client 12 started with algorithm: fedewma, model: lenet5
2025-05-12 11:31:53,277 - client_12 - INFO - Epoch 1/2 - Loss: 0.0364
2025-05-12 11:31:54,457 - client_12 - INFO - Epoch 2/2 - Loss: 0.0054
2025-05-12 11:31:54,458 - client_12 - INFO - Client 12 sending full delta weights
2025-05-12 11:31:54,460 - client_12 - INFO - Sent 250184 bytes to server (weights size: 250032 bytes, client data size: 1206, sparse: False)
2025-05-12 11:31:54,463 - client_12 - INFO - Data transmission successful
2025-05-12 11:32:18,699 - client_12 - INFO - Client 12 started with algorithm: fedewma, model: lenet5
2025-05-12 11:32:23,188 - client_12 - INFO - Epoch 1/2 - Loss: 0.0177
2025-05-12 11:32:24,717 - client_12 - INFO - Epoch 2/2 - Loss: 0.0028
2025-05-12 11:32:24,719 - client_12 - INFO - Client 12 sending full delta weights
2025-05-12 11:32:24,722 - client_12 - INFO - Sent 250184 bytes to server (weights size: 250032 bytes, client data size: 1206, sparse: False)
2025-05-12 11:32:24,728 - client_12 - INFO - Data transmission successful
2025-05-12 11:32:37,490 - client_12 - INFO - Client 12 started with algorithm: fedewma, model: lenet5
2025-05-12 11:32:43,587 - client_12 - INFO - Epoch 1/2 - Loss: 0.0233
2025-05-12 11:32:45,963 - client_12 - INFO - Epoch 2/2 - Loss: 0.0032
2025-05-12 11:32:45,964 - client_12 - INFO - Client 12 sending full delta weights
2025-05-12 11:32:45,967 - client_12 - INFO - Sent 250184 bytes to server (weights size: 250032 bytes, client data size: 1206, sparse: False)
2025-05-12 11:32:45,976 - client_12 - INFO - Data transmission successful
2025-05-12 11:34:00,040 - client_12 - INFO - Client 12 started with algorithm: fedewma, model: lenet5
2025-05-12 11:34:04,544 - client_12 - INFO - Epoch 1/2 - Loss: 0.0258
2025-05-12 11:34:06,373 - client_12 - INFO - Epoch 2/2 - Loss: 0.0024
2025-05-12 11:34:06,373 - client_12 - INFO - Client 12 sending full delta weights
2025-05-12 11:34:06,376 - client_12 - INFO - Sent 250184 bytes to server (weights size: 250032 bytes, client data size: 1206, sparse: False)
2025-05-12 11:34:06,382 - client_12 - INFO - Data transmission successful
2025-05-12 11:34:30,564 - client_12 - INFO - Client 12 started with algorithm: fedewma, model: lenet5
2025-05-12 11:34:37,262 - client_12 - INFO - Epoch 1/2 - Loss: 0.0146
2025-05-12 11:34:39,105 - client_12 - INFO - Epoch 2/2 - Loss: 0.0020
2025-05-12 11:34:39,106 - client_12 - INFO - Client 12 sending full delta weights
2025-05-12 11:34:39,108 - client_12 - INFO - Sent 250184 bytes to server (weights size: 250032 bytes, client data size: 1206, sparse: False)
2025-05-12 11:34:39,116 - client_12 - INFO - Data transmission successful
2025-05-12 11:34:41,383 - client_12 - INFO - Client 12 started with algorithm: fedewma, model: lenet5
2025-05-12 11:34:47,045 - client_12 - INFO - Epoch 1/2 - Loss: 0.0188
2025-05-12 11:34:48,823 - client_12 - INFO - Epoch 2/2 - Loss: 0.0025
2025-05-12 11:34:48,824 - client_12 - INFO - Client 12 sending full delta weights
2025-05-12 11:34:48,826 - client_12 - INFO - Sent 250184 bytes to server (weights size: 250032 bytes, client data size: 1206, sparse: False)
2025-05-12 11:34:48,830 - client_12 - INFO - Data transmission successful
2025-05-12 11:35:20,413 - client_12 - INFO - Client 12 started with algorithm: fedewma, model: lenet5
2025-05-12 11:35:25,883 - client_12 - INFO - Epoch 1/2 - Loss: 0.0180
2025-05-12 11:35:27,668 - client_12 - INFO - Epoch 2/2 - Loss: 0.0025
2025-05-12 11:35:27,669 - client_12 - INFO - Client 12 sending full delta weights
2025-05-12 11:35:27,672 - client_12 - INFO - Sent 250184 bytes to server (weights size: 250032 bytes, client data size: 1206, sparse: False)
2025-05-12 11:35:27,680 - client_12 - INFO - Data transmission successful
2025-05-12 11:37:02,959 - client_12 - INFO - Client 12 started with algorithm: fedewma, model: lenet5
2025-05-12 11:37:08,206 - client_12 - INFO - Epoch 1/2 - Loss: 0.0248
2025-05-12 11:37:09,105 - client_12 - INFO - Epoch 2/2 - Loss: 0.0033
2025-05-12 11:37:09,106 - client_12 - INFO - Client 12 sending full delta weights
2025-05-12 11:37:09,108 - client_12 - INFO - Sent 250184 bytes to server (weights size: 250032 bytes, client data size: 1206, sparse: False)
2025-05-12 11:37:09,112 - client_12 - INFO - Data transmission successful
2025-05-13 07:07:32,022 - client_12 - INFO - Client 12 started with algorithm: fedprox, model: lenet5
2025-05-13 07:07:38,972 - client_12 - INFO - Epoch 1/2 - Loss: 0.9112
2025-05-13 07:07:41,069 - client_12 - INFO - Epoch 2/2 - Loss: 0.1833
2025-05-13 07:07:41,072 - client_12 - INFO - Sent 250511 bytes to server (weights size: 250359 bytes, client data size: 1206, sparse: False)
2025-05-13 07:07:41,078 - client_12 - INFO - Data transmission successful
2025-05-13 07:10:50,455 - client_12 - INFO - Client 12 started with algorithm: fedprox, model: lenet5
2025-05-13 07:10:53,629 - client_12 - INFO - Epoch 1/2 - Loss: 0.0965
2025-05-13 07:10:56,332 - client_12 - INFO - Epoch 2/2 - Loss: 0.0147
2025-05-13 07:10:56,336 - client_12 - INFO - Sent 250511 bytes to server (weights size: 250359 bytes, client data size: 1206, sparse: False)
2025-05-13 07:10:56,343 - client_12 - INFO - Data transmission successful
2025-05-13 07:12:51,112 - client_12 - INFO - Client 12 started with algorithm: fedprox, model: lenet5
2025-05-13 07:12:54,228 - client_12 - INFO - Epoch 1/2 - Loss: 0.0261
2025-05-13 07:12:55,707 - client_12 - INFO - Epoch 2/2 - Loss: 0.0070
2025-05-13 07:12:55,710 - client_12 - INFO - Sent 250511 bytes to server (weights size: 250359 bytes, client data size: 1206, sparse: False)
2025-05-13 07:12:55,715 - client_12 - INFO - Data transmission successful
2025-05-13 07:14:05,627 - client_12 - INFO - Client 12 started with algorithm: fedprox, model: lenet5
2025-05-13 07:14:08,504 - client_12 - INFO - Epoch 1/2 - Loss: 0.0490
2025-05-13 07:14:10,035 - client_12 - INFO - Epoch 2/2 - Loss: 0.0044
2025-05-13 07:14:10,037 - client_12 - INFO - Sent 250511 bytes to server (weights size: 250359 bytes, client data size: 1206, sparse: False)
2025-05-13 07:14:10,040 - client_12 - INFO - Data transmission successful
2025-05-13 07:14:52,045 - client_12 - INFO - Client 12 started with algorithm: fedprox, model: lenet5
2025-05-13 07:14:54,904 - client_12 - INFO - Epoch 1/2 - Loss: 0.0358
2025-05-13 07:14:56,836 - client_12 - INFO - Epoch 2/2 - Loss: 0.0064
2025-05-13 07:14:56,840 - client_12 - INFO - Sent 250511 bytes to server (weights size: 250359 bytes, client data size: 1206, sparse: False)
2025-05-13 07:14:56,846 - client_12 - INFO - Data transmission successful
2025-05-13 07:16:04,453 - client_12 - INFO - Client 12 started with algorithm: fedprox, model: lenet5
2025-05-13 07:16:07,107 - client_12 - INFO - Epoch 1/2 - Loss: 0.0250
2025-05-13 07:16:08,924 - client_12 - INFO - Epoch 2/2 - Loss: 0.0044
2025-05-13 07:16:08,927 - client_12 - INFO - Sent 250511 bytes to server (weights size: 250359 bytes, client data size: 1206, sparse: False)
2025-05-13 07:16:08,933 - client_12 - INFO - Data transmission successful
2025-05-13 07:17:16,238 - client_12 - INFO - Client 12 started with algorithm: fedprox, model: lenet5
2025-05-13 07:17:18,040 - client_12 - INFO - Epoch 1/2 - Loss: 0.0318
2025-05-13 07:17:19,405 - client_12 - INFO - Epoch 2/2 - Loss: 0.0046
2025-05-13 07:17:19,408 - client_12 - INFO - Sent 250511 bytes to server (weights size: 250359 bytes, client data size: 1206, sparse: False)
2025-05-13 07:17:19,411 - client_12 - INFO - Data transmission successful
2025-05-13 07:17:42,063 - client_12 - INFO - Client 12 started with algorithm: fedprox, model: lenet5
2025-05-13 07:17:44,630 - client_12 - INFO - Epoch 1/2 - Loss: 0.0200
2025-05-13 07:17:46,254 - client_12 - INFO - Epoch 2/2 - Loss: 0.0030
2025-05-13 07:17:46,257 - client_12 - INFO - Sent 250511 bytes to server (weights size: 250359 bytes, client data size: 1206, sparse: False)
2025-05-13 07:17:46,262 - client_12 - INFO - Data transmission successful
2025-05-13 07:17:57,559 - client_12 - INFO - Client 12 started with algorithm: fedprox, model: lenet5
2025-05-13 07:18:02,981 - client_12 - INFO - Epoch 1/2 - Loss: 0.0319
2025-05-13 07:18:06,338 - client_12 - INFO - Epoch 2/2 - Loss: 0.0044
2025-05-13 07:18:06,341 - client_12 - INFO - Sent 250511 bytes to server (weights size: 250359 bytes, client data size: 1206, sparse: False)
2025-05-13 07:18:06,348 - client_12 - INFO - Data transmission successful
2025-05-13 07:19:02,171 - client_12 - INFO - Client 12 started with algorithm: fedprox, model: lenet5
2025-05-13 07:19:04,174 - client_12 - INFO - Epoch 1/2 - Loss: 0.0252
2025-05-13 07:19:05,784 - client_12 - INFO - Epoch 2/2 - Loss: 0.0033
2025-05-13 07:19:05,788 - client_12 - INFO - Sent 250511 bytes to server (weights size: 250359 bytes, client data size: 1206, sparse: False)
2025-05-13 07:19:05,792 - client_12 - INFO - Data transmission successful
2025-05-13 07:19:25,282 - client_12 - INFO - Client 12 started with algorithm: fedprox, model: lenet5
2025-05-13 07:19:29,779 - client_12 - INFO - Epoch 1/2 - Loss: 0.0181
2025-05-13 07:19:31,631 - client_12 - INFO - Epoch 2/2 - Loss: 0.0048
2025-05-13 07:19:31,633 - client_12 - INFO - Sent 250511 bytes to server (weights size: 250359 bytes, client data size: 1206, sparse: False)
2025-05-13 07:19:31,638 - client_12 - INFO - Data transmission successful
2025-05-13 07:19:33,829 - client_12 - INFO - Client 12 started with algorithm: fedprox, model: lenet5
2025-05-13 07:19:36,758 - client_12 - INFO - Epoch 1/2 - Loss: 0.0223
2025-05-13 07:19:38,426 - client_12 - INFO - Epoch 2/2 - Loss: 0.0027
2025-05-13 07:19:38,429 - client_12 - INFO - Sent 250511 bytes to server (weights size: 250359 bytes, client data size: 1206, sparse: False)
2025-05-13 07:19:38,434 - client_12 - INFO - Data transmission successful
2025-05-13 07:20:03,468 - client_12 - INFO - Client 12 started with algorithm: fedprox, model: lenet5
2025-05-13 07:20:07,652 - client_12 - INFO - Epoch 1/2 - Loss: 0.0167
2025-05-13 07:20:09,673 - client_12 - INFO - Epoch 2/2 - Loss: 0.0033
2025-05-13 07:20:09,677 - client_12 - INFO - Sent 250511 bytes to server (weights size: 250359 bytes, client data size: 1206, sparse: False)
2025-05-13 07:20:09,686 - client_12 - INFO - Data transmission successful
2025-05-13 07:21:24,687 - client_12 - INFO - Client 12 started with algorithm: fedprox, model: lenet5
2025-05-13 07:21:27,893 - client_12 - INFO - Epoch 1/2 - Loss: 0.0280
2025-05-13 07:21:28,660 - client_12 - INFO - Epoch 2/2 - Loss: 0.0034
2025-05-13 07:21:28,663 - client_12 - INFO - Sent 250511 bytes to server (weights size: 250359 bytes, client data size: 1206, sparse: False)
2025-05-13 07:21:28,667 - client_12 - INFO - Data transmission successful
2025-05-13 07:27:44,323 - client_12 - INFO - Client 12 started with algorithm: fedavg, model: lenet5
2025-05-13 07:27:47,730 - client_12 - INFO - Epoch 1/2 - Loss: 0.8848
2025-05-13 07:27:50,052 - client_12 - INFO - Epoch 2/2 - Loss: 0.1939
2025-05-13 07:27:50,057 - client_12 - INFO - Sent 250513 bytes to server (weights size: 250359 bytes, client data size: 1206, sparse: False)
2025-05-13 07:27:50,067 - client_12 - INFO - Data transmission successful
2025-05-13 07:30:20,367 - client_12 - INFO - Client 12 started with algorithm: fedavg, model: lenet5
2025-05-13 07:30:23,233 - client_12 - INFO - Epoch 1/2 - Loss: 0.0756
2025-05-13 07:30:26,689 - client_12 - INFO - Epoch 2/2 - Loss: 0.0140
2025-05-13 07:30:26,693 - client_12 - INFO - Sent 250513 bytes to server (weights size: 250359 bytes, client data size: 1206, sparse: False)
2025-05-13 07:30:26,700 - client_12 - INFO - Data transmission successful
2025-05-13 07:32:10,927 - client_12 - INFO - Client 12 started with algorithm: fedavg, model: lenet5
2025-05-13 07:32:13,764 - client_12 - INFO - Epoch 1/2 - Loss: 0.0216
2025-05-13 07:32:15,347 - client_12 - INFO - Epoch 2/2 - Loss: 0.0057
2025-05-13 07:32:15,349 - client_12 - INFO - Sent 250513 bytes to server (weights size: 250359 bytes, client data size: 1206, sparse: False)
2025-05-13 07:32:15,352 - client_12 - INFO - Data transmission successful
2025-05-13 07:33:23,604 - client_12 - INFO - Client 12 started with algorithm: fedavg, model: lenet5
2025-05-13 07:33:26,369 - client_12 - INFO - Epoch 1/2 - Loss: 0.0580
2025-05-13 07:33:28,091 - client_12 - INFO - Epoch 2/2 - Loss: 0.0045
2025-05-13 07:33:28,094 - client_12 - INFO - Sent 250513 bytes to server (weights size: 250359 bytes, client data size: 1206, sparse: False)
2025-05-13 07:33:28,098 - client_12 - INFO - Data transmission successful
2025-05-13 07:34:07,074 - client_12 - INFO - Client 12 started with algorithm: fedavg, model: lenet5
2025-05-13 07:34:09,766 - client_12 - INFO - Epoch 1/2 - Loss: 0.0378
2025-05-13 07:34:11,421 - client_12 - INFO - Epoch 2/2 - Loss: 0.0058
2025-05-13 07:34:11,423 - client_12 - INFO - Sent 250513 bytes to server (weights size: 250359 bytes, client data size: 1206, sparse: False)
2025-05-13 07:34:11,429 - client_12 - INFO - Data transmission successful
2025-05-13 07:35:13,391 - client_12 - INFO - Client 12 started with algorithm: fedavg, model: lenet5
2025-05-13 07:35:15,517 - client_12 - INFO - Epoch 1/2 - Loss: 0.0296
2025-05-13 07:35:17,081 - client_12 - INFO - Epoch 2/2 - Loss: 0.0046
2025-05-13 07:35:17,084 - client_12 - INFO - Sent 250513 bytes to server (weights size: 250359 bytes, client data size: 1206, sparse: False)
2025-05-13 07:35:17,089 - client_12 - INFO - Data transmission successful
2025-05-13 07:36:21,044 - client_12 - INFO - Client 12 started with algorithm: fedavg, model: lenet5
2025-05-13 07:36:22,767 - client_12 - INFO - Epoch 1/2 - Loss: 0.0380
2025-05-13 07:36:23,829 - client_12 - INFO - Epoch 2/2 - Loss: 0.0051
2025-05-13 07:36:23,832 - client_12 - INFO - Sent 250513 bytes to server (weights size: 250359 bytes, client data size: 1206, sparse: False)
2025-05-13 07:36:23,835 - client_12 - INFO - Data transmission successful
2025-05-13 07:36:42,108 - client_12 - INFO - Client 12 started with algorithm: fedavg, model: lenet5
2025-05-13 07:36:44,110 - client_12 - INFO - Epoch 1/2 - Loss: 0.0242
2025-05-13 07:36:45,517 - client_12 - INFO - Epoch 2/2 - Loss: 0.0048
2025-05-13 07:36:45,520 - client_12 - INFO - Sent 250513 bytes to server (weights size: 250359 bytes, client data size: 1206, sparse: False)
2025-05-13 07:36:45,527 - client_12 - INFO - Data transmission successful
2025-05-13 07:36:55,061 - client_12 - INFO - Client 12 started with algorithm: fedavg, model: lenet5
2025-05-13 07:36:58,669 - client_12 - INFO - Epoch 1/2 - Loss: 0.0278
2025-05-13 07:37:00,867 - client_12 - INFO - Epoch 2/2 - Loss: 0.0044
2025-05-13 07:37:00,870 - client_12 - INFO - Sent 250513 bytes to server (weights size: 250359 bytes, client data size: 1206, sparse: False)
2025-05-13 07:37:00,878 - client_12 - INFO - Data transmission successful
2025-05-13 07:37:52,535 - client_12 - INFO - Client 12 started with algorithm: fedavg, model: lenet5
2025-05-13 07:37:54,303 - client_12 - INFO - Epoch 1/2 - Loss: 0.0263
2025-05-13 07:37:55,987 - client_12 - INFO - Epoch 2/2 - Loss: 0.0031
2025-05-13 07:37:55,990 - client_12 - INFO - Sent 250513 bytes to server (weights size: 250359 bytes, client data size: 1206, sparse: False)
2025-05-13 07:37:55,995 - client_12 - INFO - Data transmission successful
2025-05-13 07:38:13,255 - client_12 - INFO - Client 12 started with algorithm: fedavg, model: lenet5
2025-05-13 07:38:16,595 - client_12 - INFO - Epoch 1/2 - Loss: 0.0244
2025-05-13 07:38:18,330 - client_12 - INFO - Epoch 2/2 - Loss: 0.0025
2025-05-13 07:38:18,333 - client_12 - INFO - Sent 250513 bytes to server (weights size: 250359 bytes, client data size: 1206, sparse: False)
2025-05-13 07:38:18,338 - client_12 - INFO - Data transmission successful
2025-05-13 07:38:20,657 - client_12 - INFO - Client 12 started with algorithm: fedavg, model: lenet5
2025-05-13 07:38:23,351 - client_12 - INFO - Epoch 1/2 - Loss: 0.0209
2025-05-13 07:38:24,846 - client_12 - INFO - Epoch 2/2 - Loss: 0.0042
2025-05-13 07:38:24,849 - client_12 - INFO - Sent 250513 bytes to server (weights size: 250359 bytes, client data size: 1206, sparse: False)
2025-05-13 07:38:24,852 - client_12 - INFO - Data transmission successful
2025-05-13 07:38:50,710 - client_12 - INFO - Client 12 started with algorithm: fedavg, model: lenet5
2025-05-13 07:38:56,539 - client_12 - INFO - Epoch 1/2 - Loss: 0.0184
2025-05-13 07:38:58,152 - client_12 - INFO - Epoch 2/2 - Loss: 0.0021
2025-05-13 07:38:58,155 - client_12 - INFO - Sent 250513 bytes to server (weights size: 250359 bytes, client data size: 1206, sparse: False)
2025-05-13 07:38:58,161 - client_12 - INFO - Data transmission successful
2025-05-13 07:40:04,618 - client_12 - INFO - Client 12 started with algorithm: fedavg, model: lenet5
2025-05-13 07:40:06,914 - client_12 - INFO - Epoch 1/2 - Loss: 0.0311
2025-05-13 07:40:07,724 - client_12 - INFO - Epoch 2/2 - Loss: 0.0041
2025-05-13 07:40:07,727 - client_12 - INFO - Sent 250513 bytes to server (weights size: 250359 bytes, client data size: 1206, sparse: False)
2025-05-13 07:40:07,730 - client_12 - INFO - Data transmission successful
2025-05-13 14:34:25,121 - client_12 - INFO - Client 12 started with algorithm: fedewma, model: lenet5
2025-05-13 14:34:28,046 - client_12 - INFO - Epoch 1/2 - Loss: 0.9158
2025-05-13 14:34:29,779 - client_12 - INFO - Epoch 2/2 - Loss: 0.1937
2025-05-13 14:34:29,779 - client_12 - INFO - Client 12 sending full delta weights
2025-05-13 14:34:29,782 - client_12 - INFO - Sent 250184 bytes to server (weights size: 250032 bytes, client data size: 1206, sparse: False)
2025-05-13 14:34:29,784 - client_12 - INFO - Data transmission successful
2025-05-13 14:37:24,829 - client_12 - INFO - Client 12 started with algorithm: fedewma, model: lenet5
2025-05-13 14:37:29,498 - client_12 - INFO - Epoch 1/2 - Loss: 0.0653
2025-05-13 14:37:32,016 - client_12 - INFO - Epoch 2/2 - Loss: 0.0132
2025-05-13 14:37:32,017 - client_12 - INFO - Client 12 sending full delta weights
2025-05-13 14:37:32,020 - client_12 - INFO - Sent 250184 bytes to server (weights size: 250032 bytes, client data size: 1206, sparse: False)
2025-05-13 14:37:32,027 - client_12 - INFO - Data transmission successful
2025-05-13 14:39:35,849 - client_12 - INFO - Client 12 started with algorithm: fedewma, model: lenet5
2025-05-13 14:39:40,327 - client_12 - INFO - Epoch 1/2 - Loss: 0.0414
2025-05-13 14:39:41,532 - client_12 - INFO - Epoch 2/2 - Loss: 0.0071
2025-05-13 14:39:41,532 - client_12 - INFO - Client 12 sending full delta weights
2025-05-13 14:39:41,534 - client_12 - INFO - Sent 250184 bytes to server (weights size: 250032 bytes, client data size: 1206, sparse: False)
2025-05-13 14:39:41,538 - client_12 - INFO - Data transmission successful
2025-05-13 14:41:00,067 - client_12 - INFO - Client 12 started with algorithm: fedewma, model: lenet5
2025-05-13 14:41:04,450 - client_12 - INFO - Epoch 1/2 - Loss: 0.0444
2025-05-13 14:41:05,902 - client_12 - INFO - Epoch 2/2 - Loss: 0.0052
2025-05-13 14:41:05,903 - client_12 - INFO - Client 12 sending full delta weights
2025-05-13 14:41:05,905 - client_12 - INFO - Sent 250184 bytes to server (weights size: 250032 bytes, client data size: 1206, sparse: False)
2025-05-13 14:41:05,909 - client_12 - INFO - Data transmission successful
2025-05-13 14:41:51,850 - client_12 - INFO - Client 12 started with algorithm: fedewma, model: lenet5
2025-05-13 14:41:56,278 - client_12 - INFO - Epoch 1/2 - Loss: 0.0298
2025-05-13 14:41:57,921 - client_12 - INFO - Epoch 2/2 - Loss: 0.0049
2025-05-13 14:41:57,922 - client_12 - INFO - Client 12 sending full delta weights
2025-05-13 14:41:57,924 - client_12 - INFO - Sent 250184 bytes to server (weights size: 250032 bytes, client data size: 1206, sparse: False)
2025-05-13 14:41:57,930 - client_12 - INFO - Data transmission successful
2025-05-13 14:43:12,409 - client_12 - INFO - Client 12 started with algorithm: fedewma, model: lenet5
2025-05-13 14:43:16,350 - client_12 - INFO - Epoch 1/2 - Loss: 0.0267
2025-05-13 14:43:17,848 - client_12 - INFO - Epoch 2/2 - Loss: 0.0030
2025-05-13 14:43:17,849 - client_12 - INFO - Client 12 sending full delta weights
2025-05-13 14:43:17,851 - client_12 - INFO - Sent 250184 bytes to server (weights size: 250032 bytes, client data size: 1206, sparse: False)
2025-05-13 14:43:17,856 - client_12 - INFO - Data transmission successful
2025-05-13 14:44:32,961 - client_12 - INFO - Client 12 started with algorithm: fedewma, model: lenet5
2025-05-13 14:44:36,474 - client_12 - INFO - Epoch 1/2 - Loss: 0.0226
2025-05-13 14:44:37,468 - client_12 - INFO - Epoch 2/2 - Loss: 0.0034
2025-05-13 14:44:37,469 - client_12 - INFO - Client 12 sending full delta weights
2025-05-13 14:44:37,471 - client_12 - INFO - Sent 250184 bytes to server (weights size: 250032 bytes, client data size: 1206, sparse: False)
2025-05-13 14:44:37,475 - client_12 - INFO - Data transmission successful
2025-05-13 14:44:58,801 - client_12 - INFO - Client 12 started with algorithm: fedewma, model: lenet5
2025-05-13 14:45:02,499 - client_12 - INFO - Epoch 1/2 - Loss: 0.0165
2025-05-13 14:45:03,869 - client_12 - INFO - Epoch 2/2 - Loss: 0.0028
2025-05-13 14:45:03,870 - client_12 - INFO - Client 12 sending full delta weights
2025-05-13 14:45:03,872 - client_12 - INFO - Sent 250184 bytes to server (weights size: 250032 bytes, client data size: 1206, sparse: False)
2025-05-13 14:45:03,877 - client_12 - INFO - Data transmission successful
2025-05-13 14:45:15,709 - client_12 - INFO - Client 12 started with algorithm: fedewma, model: lenet5
2025-05-13 14:45:21,303 - client_12 - INFO - Epoch 1/2 - Loss: 0.0147
2025-05-13 14:45:23,840 - client_12 - INFO - Epoch 2/2 - Loss: 0.0033
2025-05-13 14:45:23,841 - client_12 - INFO - Client 12 sending full delta weights
2025-05-13 14:45:23,843 - client_12 - INFO - Sent 250184 bytes to server (weights size: 250032 bytes, client data size: 1206, sparse: False)
2025-05-13 14:45:23,849 - client_12 - INFO - Data transmission successful
2025-05-13 14:46:27,371 - client_12 - INFO - Client 12 started with algorithm: fedewma, model: lenet5
2025-05-13 14:46:30,951 - client_12 - INFO - Epoch 1/2 - Loss: 0.0210
2025-05-13 14:46:32,459 - client_12 - INFO - Epoch 2/2 - Loss: 0.0040
2025-05-13 14:46:32,460 - client_12 - INFO - Client 12 sending full delta weights
2025-05-13 14:46:32,463 - client_12 - INFO - Sent 250184 bytes to server (weights size: 250032 bytes, client data size: 1206, sparse: False)
2025-05-13 14:46:32,468 - client_12 - INFO - Data transmission successful
2025-05-13 14:46:53,448 - client_12 - INFO - Client 12 started with algorithm: fedewma, model: lenet5
2025-05-13 14:46:58,915 - client_12 - INFO - Epoch 1/2 - Loss: 0.0220
2025-05-13 14:47:00,526 - client_12 - INFO - Epoch 2/2 - Loss: 0.0062
2025-05-13 14:47:00,527 - client_12 - INFO - Client 12 sending full delta weights
2025-05-13 14:47:00,529 - client_12 - INFO - Sent 250184 bytes to server (weights size: 250032 bytes, client data size: 1206, sparse: False)
2025-05-13 14:47:00,533 - client_12 - INFO - Data transmission successful
2025-05-13 14:47:02,763 - client_12 - INFO - Client 12 started with algorithm: fedewma, model: lenet5
2025-05-13 14:47:07,297 - client_12 - INFO - Epoch 1/2 - Loss: 0.0170
2025-05-13 14:47:08,765 - client_12 - INFO - Epoch 2/2 - Loss: 0.0023
2025-05-13 14:47:08,766 - client_12 - INFO - Client 12 sending full delta weights
2025-05-13 14:47:08,768 - client_12 - INFO - Sent 250184 bytes to server (weights size: 250032 bytes, client data size: 1206, sparse: False)
2025-05-13 14:47:08,773 - client_12 - INFO - Data transmission successful
2025-05-13 14:47:35,215 - client_12 - INFO - Client 12 started with algorithm: fedewma, model: lenet5
2025-05-13 14:47:39,763 - client_12 - INFO - Epoch 1/2 - Loss: 0.0168
2025-05-13 14:47:41,420 - client_12 - INFO - Epoch 2/2 - Loss: 0.0025
2025-05-13 14:47:41,421 - client_12 - INFO - Client 12 sending full delta weights
2025-05-13 14:47:41,423 - client_12 - INFO - Sent 250184 bytes to server (weights size: 250032 bytes, client data size: 1206, sparse: False)
2025-05-13 14:47:41,428 - client_12 - INFO - Data transmission successful
2025-05-13 14:49:02,726 - client_12 - INFO - Client 12 started with algorithm: fedewma, model: lenet5
2025-05-13 14:49:06,887 - client_12 - INFO - Epoch 1/2 - Loss: 0.0209
2025-05-13 14:49:07,613 - client_12 - INFO - Epoch 2/2 - Loss: 0.0019
2025-05-13 14:49:07,614 - client_12 - INFO - Client 12 sending full delta weights
2025-05-13 14:49:07,616 - client_12 - INFO - Sent 250184 bytes to server (weights size: 250032 bytes, client data size: 1206, sparse: False)
2025-05-13 14:49:07,620 - client_12 - INFO - Data transmission successful
2025-05-13 15:14:55,682 - client_12 - INFO - Client 12 started with algorithm: fedewma, model: lenet5
2025-05-13 15:14:58,704 - client_12 - INFO - Epoch 1/2 - Loss: 0.8848
2025-05-13 15:15:00,465 - client_12 - INFO - Epoch 2/2 - Loss: 0.1951
2025-05-13 15:15:00,466 - client_12 - INFO - Client 12 sending full delta weights
2025-05-13 15:15:00,468 - client_12 - INFO - Sent 250184 bytes to server (weights size: 250032 bytes, client data size: 1206, sparse: False)
2025-05-13 15:15:00,474 - client_12 - INFO - Data transmission successful
2025-05-13 15:18:03,069 - client_12 - INFO - Client 12 started with algorithm: fedewma, model: lenet5
2025-05-13 15:18:07,756 - client_12 - INFO - Epoch 1/2 - Loss: 0.0705
2025-05-13 15:18:10,150 - client_12 - INFO - Epoch 2/2 - Loss: 0.0150
2025-05-13 15:18:10,151 - client_12 - INFO - Client 12 sending full delta weights
2025-05-13 15:18:10,154 - client_12 - INFO - Sent 250184 bytes to server (weights size: 250032 bytes, client data size: 1206, sparse: False)
2025-05-13 15:18:10,161 - client_12 - INFO - Data transmission successful
2025-05-13 15:20:17,856 - client_12 - INFO - Client 12 started with algorithm: fedewma, model: lenet5
2025-05-13 15:20:22,363 - client_12 - INFO - Epoch 1/2 - Loss: 0.0418
2025-05-13 15:20:23,636 - client_12 - INFO - Epoch 2/2 - Loss: 0.0069
2025-05-13 15:20:23,637 - client_12 - INFO - Client 12 sending full delta weights
2025-05-13 15:20:23,639 - client_12 - INFO - Sent 250184 bytes to server (weights size: 250032 bytes, client data size: 1206, sparse: False)
2025-05-13 15:20:23,643 - client_12 - INFO - Data transmission successful
2025-05-13 15:21:43,202 - client_12 - INFO - Client 12 started with algorithm: fedewma, model: lenet5
2025-05-13 15:21:47,714 - client_12 - INFO - Epoch 1/2 - Loss: 0.0360
2025-05-13 15:21:49,086 - client_12 - INFO - Epoch 2/2 - Loss: 0.0046
2025-05-13 15:21:49,087 - client_12 - INFO - Client 12 sending full delta weights
2025-05-13 15:21:49,090 - client_12 - INFO - Sent 250184 bytes to server (weights size: 250032 bytes, client data size: 1206, sparse: False)
2025-05-13 15:21:49,093 - client_12 - INFO - Data transmission successful
2025-05-13 15:22:38,289 - client_12 - INFO - Client 12 started with algorithm: fedewma, model: lenet5
2025-05-13 15:22:43,387 - client_12 - INFO - Epoch 1/2 - Loss: 0.0310
2025-05-13 15:22:45,017 - client_12 - INFO - Epoch 2/2 - Loss: 0.0058
2025-05-13 15:22:45,017 - client_12 - INFO - Client 12 sending full delta weights
2025-05-13 15:22:45,020 - client_12 - INFO - Sent 250184 bytes to server (weights size: 250032 bytes, client data size: 1206, sparse: False)
2025-05-13 15:22:45,024 - client_12 - INFO - Data transmission successful
2025-05-13 15:24:03,762 - client_12 - INFO - Client 12 started with algorithm: fedewma, model: lenet5
2025-05-13 15:24:08,068 - client_12 - INFO - Epoch 1/2 - Loss: 0.0289
2025-05-13 15:24:09,570 - client_12 - INFO - Epoch 2/2 - Loss: 0.0028
2025-05-13 15:24:09,570 - client_12 - INFO - Client 12 sending full delta weights
2025-05-13 15:24:09,573 - client_12 - INFO - Sent 250184 bytes to server (weights size: 250032 bytes, client data size: 1206, sparse: False)
2025-05-13 15:24:09,577 - client_12 - INFO - Data transmission successful
2025-05-13 15:25:31,236 - client_12 - INFO - Client 12 started with algorithm: fedewma, model: lenet5
2025-05-13 15:25:36,677 - client_12 - INFO - Epoch 1/2 - Loss: 0.0252
2025-05-13 15:25:38,095 - client_12 - INFO - Epoch 2/2 - Loss: 0.0024
2025-05-13 15:25:38,096 - client_12 - INFO - Client 12 sending full delta weights
2025-05-13 15:25:38,099 - client_12 - INFO - Sent 250184 bytes to server (weights size: 250032 bytes, client data size: 1206, sparse: False)
2025-05-13 15:25:38,105 - client_12 - INFO - Data transmission successful
2025-05-13 15:26:04,382 - client_12 - INFO - Client 12 started with algorithm: fedewma, model: lenet5
2025-05-13 15:26:09,124 - client_12 - INFO - Epoch 1/2 - Loss: 0.0175
2025-05-13 15:26:10,455 - client_12 - INFO - Epoch 2/2 - Loss: 0.0033
2025-05-13 15:26:10,456 - client_12 - INFO - Client 12 sending full delta weights
2025-05-13 15:26:10,458 - client_12 - INFO - Sent 250184 bytes to server (weights size: 250032 bytes, client data size: 1206, sparse: False)
2025-05-13 15:26:10,463 - client_12 - INFO - Data transmission successful
2025-05-13 15:26:22,870 - client_12 - INFO - Client 12 started with algorithm: fedewma, model: lenet5
2025-05-13 15:26:30,133 - client_12 - INFO - Epoch 1/2 - Loss: 0.0151
2025-05-13 15:26:32,632 - client_12 - INFO - Epoch 2/2 - Loss: 0.0036
2025-05-13 15:26:32,633 - client_12 - INFO - Client 12 sending full delta weights
2025-05-13 15:26:32,635 - client_12 - INFO - Sent 250184 bytes to server (weights size: 250032 bytes, client data size: 1206, sparse: False)
2025-05-13 15:26:32,642 - client_12 - INFO - Data transmission successful
2025-05-13 15:27:39,107 - client_12 - INFO - Client 12 started with algorithm: fedewma, model: lenet5
2025-05-13 15:27:42,807 - client_12 - INFO - Epoch 1/2 - Loss: 0.0205
2025-05-13 15:27:44,290 - client_12 - INFO - Epoch 2/2 - Loss: 0.0021
2025-05-13 15:27:44,290 - client_12 - INFO - Client 12 sending full delta weights
2025-05-13 15:27:44,292 - client_12 - INFO - Sent 250184 bytes to server (weights size: 250032 bytes, client data size: 1206, sparse: False)
2025-05-13 15:27:44,295 - client_12 - INFO - Data transmission successful
2025-05-13 15:28:06,071 - client_12 - INFO - Client 12 started with algorithm: fedewma, model: lenet5
2025-05-13 15:28:11,943 - client_12 - INFO - Epoch 1/2 - Loss: 0.0204
2025-05-13 15:28:13,621 - client_12 - INFO - Epoch 2/2 - Loss: 0.0031
2025-05-13 15:28:13,622 - client_12 - INFO - Client 12 sending full delta weights
2025-05-13 15:28:13,625 - client_12 - INFO - Sent 250184 bytes to server (weights size: 250032 bytes, client data size: 1206, sparse: False)
2025-05-13 15:28:13,627 - client_12 - INFO - Data transmission successful
2025-05-13 15:28:15,840 - client_12 - INFO - Client 12 started with algorithm: fedewma, model: lenet5
2025-05-13 15:28:21,571 - client_12 - INFO - Epoch 1/2 - Loss: 0.0212
2025-05-13 15:28:23,410 - client_12 - INFO - Epoch 2/2 - Loss: 0.0019
2025-05-13 15:28:23,410 - client_12 - INFO - Client 12 sending full delta weights
2025-05-13 15:28:23,412 - client_12 - INFO - Sent 250184 bytes to server (weights size: 250032 bytes, client data size: 1206, sparse: False)
2025-05-13 15:28:23,416 - client_12 - INFO - Data transmission successful
2025-05-13 15:28:49,746 - client_12 - INFO - Client 12 started with algorithm: fedewma, model: lenet5
2025-05-13 15:28:54,265 - client_12 - INFO - Epoch 1/2 - Loss: 0.0137
2025-05-13 15:28:56,001 - client_12 - INFO - Epoch 2/2 - Loss: 0.0017
2025-05-13 15:28:56,002 - client_12 - INFO - Client 12 sending full delta weights
2025-05-13 15:28:56,004 - client_12 - INFO - Sent 250184 bytes to server (weights size: 250032 bytes, client data size: 1206, sparse: False)
2025-05-13 15:28:56,009 - client_12 - INFO - Data transmission successful
2025-05-13 15:30:20,938 - client_12 - INFO - Client 12 started with algorithm: fedewma, model: lenet5
2025-05-13 15:30:25,108 - client_12 - INFO - Epoch 1/2 - Loss: 0.0186
2025-05-13 15:30:25,880 - client_12 - INFO - Epoch 2/2 - Loss: 0.0023
2025-05-13 15:30:25,880 - client_12 - INFO - Client 12 sending full delta weights
2025-05-13 15:30:25,882 - client_12 - INFO - Sent 250184 bytes to server (weights size: 250032 bytes, client data size: 1206, sparse: False)
2025-05-13 15:30:25,886 - client_12 - INFO - Data transmission successful
2025-05-13 15:54:09,716 - client_12 - INFO - Client 12 started with algorithm: fedewma, model: resnet18fashion
2025-05-13 15:55:54,458 - client_12 - INFO - Client 12 started with algorithm: fedewma, model: resnet18fashion
2025-05-13 15:57:12,138 - client_12 - INFO - Client 12 started with algorithm: fedewma, model: resnet18fashion
2025-05-13 15:57:19,428 - client_12 - INFO - Epoch 1/2 - Loss: 0.5377
2025-05-13 15:57:21,098 - client_12 - INFO - Epoch 2/2 - Loss: 0.2570
2025-05-13 15:57:21,098 - client_12 - INFO - Client 12 sending full delta weights
2025-05-13 15:57:21,105 - client_12 - INFO - Sent 716145 bytes to server (weights size: 715993 bytes, client data size: 2034, sparse: False)
2025-05-13 15:57:21,113 - client_12 - INFO - Data transmission successful
2025-05-13 16:02:37,905 - client_12 - INFO - Client 12 started with algorithm: fedewma, model: resnet18fashion
2025-05-13 16:02:50,218 - client_12 - INFO - Epoch 1/2 - Loss: 0.2511
2025-05-13 16:02:54,001 - client_12 - INFO - Epoch 2/2 - Loss: 0.1846
2025-05-13 16:02:54,002 - client_12 - INFO - Client 12 sending full delta weights
2025-05-13 16:02:54,009 - client_12 - INFO - Sent 716145 bytes to server (weights size: 715993 bytes, client data size: 2034, sparse: False)
2025-05-13 16:02:54,020 - client_12 - INFO - Data transmission successful
2025-05-13 16:06:17,837 - client_12 - INFO - Client 12 started with algorithm: fedewma, model: resnet18fashion
2025-05-13 16:06:31,442 - client_12 - INFO - Epoch 1/2 - Loss: 0.2261
2025-05-13 16:06:35,594 - client_12 - INFO - Epoch 2/2 - Loss: 0.1947
2025-05-13 16:06:35,595 - client_12 - INFO - Client 12 sending full delta weights
2025-05-13 16:06:35,601 - client_12 - INFO - Sent 716145 bytes to server (weights size: 715993 bytes, client data size: 2034, sparse: False)
2025-05-13 16:06:35,610 - client_12 - INFO - Data transmission successful
2025-05-13 16:09:10,334 - client_12 - INFO - Client 12 started with algorithm: fedewma, model: resnet18fashion
2025-05-13 16:09:24,278 - client_12 - INFO - Epoch 1/2 - Loss: 0.2061
2025-05-13 16:09:27,386 - client_12 - INFO - Epoch 2/2 - Loss: 0.1694
2025-05-13 16:09:27,387 - client_12 - INFO - Client 12 sending full delta weights
2025-05-13 16:09:27,394 - client_12 - INFO - Sent 716145 bytes to server (weights size: 715993 bytes, client data size: 2034, sparse: False)
2025-05-13 16:09:27,406 - client_12 - INFO - Data transmission successful
2025-05-13 16:11:03,425 - client_12 - INFO - Client 12 started with algorithm: fedewma, model: resnet18fashion
2025-05-13 16:11:16,986 - client_12 - INFO - Epoch 1/2 - Loss: 0.2099
2025-05-13 16:11:20,699 - client_12 - INFO - Epoch 2/2 - Loss: 0.1601
2025-05-13 16:11:20,700 - client_12 - INFO - Client 12 sending full delta weights
2025-05-13 16:11:20,709 - client_12 - INFO - Sent 716145 bytes to server (weights size: 715993 bytes, client data size: 2034, sparse: False)
2025-05-13 16:11:20,720 - client_12 - INFO - Data transmission successful
2025-05-13 16:13:36,232 - client_12 - INFO - Client 12 started with algorithm: fedewma, model: resnet18fashion
2025-05-13 16:13:47,404 - client_12 - INFO - Epoch 1/2 - Loss: 0.2121
2025-05-13 16:13:49,478 - client_12 - INFO - Epoch 2/2 - Loss: 0.1495
2025-05-13 16:13:49,479 - client_12 - INFO - Client 12 sending full delta weights
2025-05-13 16:13:49,485 - client_12 - INFO - Sent 716145 bytes to server (weights size: 715993 bytes, client data size: 2034, sparse: False)
2025-05-13 16:13:49,495 - client_12 - INFO - Data transmission successful
2025-05-13 16:15:54,260 - client_12 - INFO - Client 12 started with algorithm: fedewma, model: resnet18fashion
2025-05-13 16:16:03,713 - client_12 - INFO - Epoch 1/2 - Loss: 0.2151
2025-05-13 16:16:07,512 - client_12 - INFO - Epoch 2/2 - Loss: 0.1443
2025-05-13 16:16:07,512 - client_12 - INFO - Client 12 sending full delta weights
2025-05-13 16:16:07,519 - client_12 - INFO - Sent 716145 bytes to server (weights size: 715993 bytes, client data size: 2034, sparse: False)
2025-05-13 16:16:07,529 - client_12 - INFO - Data transmission successful
2025-05-13 16:16:48,465 - client_12 - INFO - Client 12 started with algorithm: fedewma, model: resnet18fashion
2025-05-13 16:16:58,725 - client_12 - INFO - Epoch 1/2 - Loss: 0.1895
2025-05-13 16:17:02,012 - client_12 - INFO - Epoch 2/2 - Loss: 0.1451
2025-05-13 16:17:02,012 - client_12 - INFO - Client 12 sending full delta weights
2025-05-13 16:17:02,021 - client_12 - INFO - Sent 716145 bytes to server (weights size: 715993 bytes, client data size: 2034, sparse: False)
2025-05-13 16:17:02,033 - client_12 - INFO - Data transmission successful
2025-05-13 16:17:23,184 - client_12 - INFO - Client 12 started with algorithm: fedewma, model: resnet18fashion
2025-05-13 16:17:36,503 - client_12 - INFO - Epoch 1/2 - Loss: 0.1915
2025-05-13 16:17:39,277 - client_12 - INFO - Epoch 2/2 - Loss: 0.1433
2025-05-13 16:17:39,277 - client_12 - INFO - Client 12 sending full delta weights
2025-05-13 16:17:39,285 - client_12 - INFO - Sent 716145 bytes to server (weights size: 715993 bytes, client data size: 2034, sparse: False)
2025-05-13 16:17:39,296 - client_12 - INFO - Data transmission successful
2025-05-13 16:19:38,443 - client_12 - INFO - Client 12 started with algorithm: fedewma, model: resnet18fashion
2025-05-13 16:19:47,356 - client_12 - INFO - Epoch 1/2 - Loss: 0.2045
2025-05-13 16:19:50,782 - client_12 - INFO - Epoch 2/2 - Loss: 0.1500
2025-05-13 16:19:50,783 - client_12 - INFO - Client 12 sending full delta weights
2025-05-13 16:19:50,790 - client_12 - INFO - Sent 716145 bytes to server (weights size: 715993 bytes, client data size: 2034, sparse: False)
2025-05-13 16:19:50,802 - client_12 - INFO - Data transmission successful
2025-05-13 16:20:25,185 - client_12 - INFO - Client 12 started with algorithm: fedewma, model: resnet18fashion
2025-05-13 16:20:41,226 - client_12 - INFO - Epoch 1/2 - Loss: 0.1785
2025-05-13 16:20:45,933 - client_12 - INFO - Epoch 2/2 - Loss: 0.1577
2025-05-13 16:20:45,933 - client_12 - INFO - Client 12 sending full delta weights
2025-05-13 16:20:45,940 - client_12 - INFO - Sent 716145 bytes to server (weights size: 715993 bytes, client data size: 2034, sparse: False)
2025-05-13 16:20:45,948 - client_12 - INFO - Data transmission successful
2025-05-13 16:20:47,954 - client_12 - INFO - Client 12 started with algorithm: fedewma, model: resnet18fashion
2025-05-13 16:21:02,144 - client_12 - INFO - Epoch 1/2 - Loss: 0.1769
2025-05-13 16:21:06,144 - client_12 - INFO - Epoch 2/2 - Loss: 0.1395
2025-05-13 16:21:06,146 - client_12 - INFO - Client 12 sending full delta weights
2025-05-13 16:21:06,153 - client_12 - INFO - Sent 716145 bytes to server (weights size: 715993 bytes, client data size: 2034, sparse: False)
2025-05-13 16:21:06,179 - client_12 - INFO - Data transmission successful
2025-05-13 16:22:14,691 - client_12 - INFO - Client 12 started with algorithm: fedewma, model: resnet18fashion
2025-05-13 16:22:26,374 - client_12 - INFO - Epoch 1/2 - Loss: 0.1751
2025-05-13 16:22:28,927 - client_12 - INFO - Epoch 2/2 - Loss: 0.1473
2025-05-13 16:22:28,928 - client_12 - INFO - Client 12 sending full delta weights
2025-05-13 16:22:28,935 - client_12 - INFO - Sent 716145 bytes to server (weights size: 715993 bytes, client data size: 2034, sparse: False)
2025-05-13 16:22:28,948 - client_12 - INFO - Data transmission successful
2025-05-13 16:25:19,013 - client_12 - INFO - Client 12 started with algorithm: fedewma, model: resnet18fashion
2025-05-13 16:25:31,080 - client_12 - INFO - Epoch 1/2 - Loss: 0.1960
2025-05-13 16:25:32,958 - client_12 - INFO - Epoch 2/2 - Loss: 0.1436
2025-05-13 16:25:32,959 - client_12 - INFO - Client 12 sending full delta weights
2025-05-13 16:25:32,967 - client_12 - INFO - Sent 716145 bytes to server (weights size: 715993 bytes, client data size: 2034, sparse: False)
2025-05-13 16:25:32,976 - client_12 - INFO - Data transmission successful
2025-05-14 07:21:30,539 - client_12 - INFO - Client 12 started with algorithm: fedprox, model: resnet18fashion
2025-05-14 07:21:42,276 - client_12 - INFO - Epoch 1/2 - Loss: 0.5404
2025-05-14 07:21:44,902 - client_12 - INFO - Epoch 2/2 - Loss: 0.2632
2025-05-14 07:21:44,909 - client_12 - INFO - Sent 717496 bytes to server (weights size: 717344 bytes, client data size: 2034, sparse: False)
2025-05-14 07:21:44,921 - client_12 - INFO - Data transmission successful
2025-05-14 07:27:04,265 - client_12 - INFO - Client 12 started with algorithm: fedprox, model: resnet18fashion
2025-05-14 07:27:16,315 - client_12 - INFO - Epoch 1/2 - Loss: 0.2509
2025-05-14 07:27:21,408 - client_12 - INFO - Epoch 2/2 - Loss: 0.1887
2025-05-14 07:27:21,415 - client_12 - INFO - Sent 717496 bytes to server (weights size: 717344 bytes, client data size: 2034, sparse: False)
2025-05-14 07:27:21,426 - client_12 - INFO - Data transmission successful
2025-05-14 07:30:54,438 - client_12 - INFO - Client 12 started with algorithm: fedprox, model: resnet18fashion
2025-05-14 07:31:06,102 - client_12 - INFO - Epoch 1/2 - Loss: 0.2461
2025-05-14 07:31:11,229 - client_12 - INFO - Epoch 2/2 - Loss: 0.1751
2025-05-14 07:31:11,236 - client_12 - INFO - Sent 717496 bytes to server (weights size: 717344 bytes, client data size: 2034, sparse: False)
2025-05-14 07:31:11,247 - client_12 - INFO - Data transmission successful
2025-05-14 07:33:32,638 - client_12 - INFO - Client 12 started with algorithm: fedprox, model: resnet18fashion
2025-05-14 07:33:43,790 - client_12 - INFO - Epoch 1/2 - Loss: 0.2097
2025-05-14 07:33:47,691 - client_12 - INFO - Epoch 2/2 - Loss: 0.1783
2025-05-14 07:33:47,700 - client_12 - INFO - Sent 717496 bytes to server (weights size: 717344 bytes, client data size: 2034, sparse: False)
2025-05-14 07:33:47,712 - client_12 - INFO - Data transmission successful
2025-05-14 07:35:21,411 - client_12 - INFO - Client 12 started with algorithm: fedprox, model: resnet18fashion
2025-05-14 07:35:36,389 - client_12 - INFO - Epoch 1/2 - Loss: 0.2138
2025-05-14 07:35:41,008 - client_12 - INFO - Epoch 2/2 - Loss: 0.1632
2025-05-14 07:35:41,016 - client_12 - INFO - Sent 717496 bytes to server (weights size: 717344 bytes, client data size: 2034, sparse: False)
2025-05-14 07:35:41,028 - client_12 - INFO - Data transmission successful
2025-05-14 07:37:57,102 - client_12 - INFO - Client 12 started with algorithm: fedprox, model: resnet18fashion
2025-05-14 07:38:06,875 - client_12 - INFO - Epoch 1/2 - Loss: 0.2024
2025-05-14 07:38:09,516 - client_12 - INFO - Epoch 2/2 - Loss: 0.1663
2025-05-14 07:38:09,524 - client_12 - INFO - Sent 717496 bytes to server (weights size: 717344 bytes, client data size: 2034, sparse: False)
2025-05-14 07:38:09,536 - client_12 - INFO - Data transmission successful
2025-05-14 07:40:09,851 - client_12 - INFO - Client 12 started with algorithm: fedprox, model: resnet18fashion
2025-05-14 07:40:17,523 - client_12 - INFO - Epoch 1/2 - Loss: 0.2239
2025-05-14 07:40:21,820 - client_12 - INFO - Epoch 2/2 - Loss: 0.1657
2025-05-14 07:40:21,829 - client_12 - INFO - Sent 717496 bytes to server (weights size: 717344 bytes, client data size: 2034, sparse: False)
2025-05-14 07:40:21,839 - client_12 - INFO - Data transmission successful
2025-05-14 07:41:01,647 - client_12 - INFO - Client 12 started with algorithm: fedprox, model: resnet18fashion
2025-05-14 07:41:09,225 - client_12 - INFO - Epoch 1/2 - Loss: 0.1981
2025-05-14 07:41:12,669 - client_12 - INFO - Epoch 2/2 - Loss: 0.1499
2025-05-14 07:41:12,676 - client_12 - INFO - Sent 717496 bytes to server (weights size: 717344 bytes, client data size: 2034, sparse: False)
2025-05-14 07:41:12,685 - client_12 - INFO - Data transmission successful
2025-05-14 07:41:32,447 - client_12 - INFO - Client 12 started with algorithm: fedprox, model: resnet18fashion
2025-05-14 07:41:45,534 - client_12 - INFO - Epoch 1/2 - Loss: 0.2042
2025-05-14 07:41:49,027 - client_12 - INFO - Epoch 2/2 - Loss: 0.1467
2025-05-14 07:41:49,034 - client_12 - INFO - Sent 717496 bytes to server (weights size: 717344 bytes, client data size: 2034, sparse: False)
2025-05-14 07:41:49,043 - client_12 - INFO - Data transmission successful
2025-05-14 07:43:47,302 - client_12 - INFO - Client 12 started with algorithm: fedprox, model: resnet18fashion
2025-05-14 07:43:54,289 - client_12 - INFO - Epoch 1/2 - Loss: 0.1822
2025-05-14 07:43:57,905 - client_12 - INFO - Epoch 2/2 - Loss: 0.1363
2025-05-14 07:43:57,914 - client_12 - INFO - Sent 717496 bytes to server (weights size: 717344 bytes, client data size: 2034, sparse: False)
2025-05-14 07:43:57,926 - client_12 - INFO - Data transmission successful
2025-05-14 07:44:31,256 - client_12 - INFO - Client 12 started with algorithm: fedprox, model: resnet18fashion
2025-05-14 07:44:40,744 - client_12 - INFO - Epoch 1/2 - Loss: 0.1830
2025-05-14 07:44:51,980 - client_12 - INFO - Epoch 2/2 - Loss: 0.1429
2025-05-14 07:44:51,992 - client_12 - INFO - Sent 717496 bytes to server (weights size: 717344 bytes, client data size: 2034, sparse: False)
2025-05-14 07:44:52,038 - client_12 - INFO - Data transmission successful
2025-05-14 07:44:55,435 - client_12 - INFO - Client 12 started with algorithm: fedprox, model: resnet18fashion
2025-05-14 07:45:08,909 - client_12 - INFO - Epoch 1/2 - Loss: 0.1705
2025-05-14 07:45:14,575 - client_12 - INFO - Epoch 2/2 - Loss: 0.1464
2025-05-14 07:45:14,584 - client_12 - INFO - Sent 717496 bytes to server (weights size: 717344 bytes, client data size: 2034, sparse: False)
2025-05-14 07:45:14,599 - client_12 - INFO - Data transmission successful
2025-05-14 07:46:12,736 - client_12 - INFO - Client 12 started with algorithm: fedprox, model: resnet18fashion
2025-05-14 07:46:23,012 - client_12 - INFO - Epoch 1/2 - Loss: 0.1983
2025-05-14 07:46:26,542 - client_12 - INFO - Epoch 2/2 - Loss: 0.1460
2025-05-14 07:46:26,549 - client_12 - INFO - Sent 717496 bytes to server (weights size: 717344 bytes, client data size: 2034, sparse: False)
2025-05-14 07:46:26,559 - client_12 - INFO - Data transmission successful
2025-05-14 07:48:59,586 - client_12 - INFO - Client 12 started with algorithm: fedprox, model: resnet18fashion
2025-05-14 07:49:10,738 - client_12 - INFO - Epoch 1/2 - Loss: 0.1813
2025-05-14 07:49:13,527 - client_12 - INFO - Epoch 2/2 - Loss: 0.1375
2025-05-14 07:49:13,534 - client_12 - INFO - Sent 717496 bytes to server (weights size: 717344 bytes, client data size: 2034, sparse: False)
2025-05-14 07:49:13,547 - client_12 - INFO - Data transmission successful
2025-05-14 08:35:53,122 - client_12 - INFO - Client 12 started with algorithm: fedavg, model: resnet18fashion
2025-05-14 08:36:05,687 - client_12 - INFO - Epoch 1/2 - Loss: 0.5273
2025-05-14 08:36:09,137 - client_12 - INFO - Epoch 2/2 - Loss: 0.2649
2025-05-14 08:36:09,149 - client_12 - INFO - Sent 717498 bytes to server (weights size: 717344 bytes, client data size: 2034, sparse: False)
2025-05-14 08:36:09,227 - client_12 - INFO - Data transmission successful
2025-05-14 08:41:16,427 - client_12 - INFO - Client 12 started with algorithm: fedavg, model: resnet18fashion
2025-05-14 08:41:26,968 - client_12 - INFO - Epoch 1/2 - Loss: 0.2591
2025-05-14 08:41:30,285 - client_12 - INFO - Epoch 2/2 - Loss: 0.1889
2025-05-14 08:41:30,292 - client_12 - INFO - Sent 717498 bytes to server (weights size: 717344 bytes, client data size: 2034, sparse: False)
2025-05-14 08:41:30,303 - client_12 - INFO - Data transmission successful
2025-05-14 08:45:10,374 - client_12 - INFO - Client 12 started with algorithm: fedavg, model: resnet18fashion
2025-05-14 08:45:25,185 - client_12 - INFO - Epoch 1/2 - Loss: 0.2635
2025-05-14 08:45:31,016 - client_12 - INFO - Epoch 2/2 - Loss: 0.1656
2025-05-14 08:45:31,026 - client_12 - INFO - Sent 717498 bytes to server (weights size: 717344 bytes, client data size: 2034, sparse: False)
2025-05-14 08:45:31,039 - client_12 - INFO - Data transmission successful
2025-05-14 08:47:45,945 - client_12 - INFO - Client 12 started with algorithm: fedavg, model: resnet18fashion
2025-05-14 08:47:56,153 - client_12 - INFO - Epoch 1/2 - Loss: 0.2042
2025-05-14 08:47:59,443 - client_12 - INFO - Epoch 2/2 - Loss: 0.1603
2025-05-14 08:47:59,449 - client_12 - INFO - Sent 717498 bytes to server (weights size: 717344 bytes, client data size: 2034, sparse: False)
2025-05-14 08:47:59,459 - client_12 - INFO - Data transmission successful
2025-05-14 08:49:19,429 - client_12 - INFO - Client 12 started with algorithm: fedavg, model: resnet18fashion
2025-05-14 08:49:30,603 - client_12 - INFO - Epoch 1/2 - Loss: 0.2172
2025-05-14 08:49:34,813 - client_12 - INFO - Epoch 2/2 - Loss: 0.1562
2025-05-14 08:49:34,821 - client_12 - INFO - Sent 717498 bytes to server (weights size: 717344 bytes, client data size: 2034, sparse: False)
2025-05-14 08:49:34,830 - client_12 - INFO - Data transmission successful
2025-05-14 08:51:35,934 - client_12 - INFO - Client 12 started with algorithm: fedavg, model: resnet18fashion
2025-05-14 08:51:43,750 - client_12 - INFO - Epoch 1/2 - Loss: 0.2148
2025-05-14 08:51:46,174 - client_12 - INFO - Epoch 2/2 - Loss: 0.1548
2025-05-14 08:51:46,183 - client_12 - INFO - Sent 717498 bytes to server (weights size: 717344 bytes, client data size: 2034, sparse: False)
2025-05-14 08:51:46,194 - client_12 - INFO - Data transmission successful
2025-05-14 08:53:29,945 - client_12 - INFO - Client 12 started with algorithm: fedavg, model: resnet18fashion
2025-05-14 08:53:36,358 - client_12 - INFO - Epoch 1/2 - Loss: 0.1931
2025-05-14 08:53:40,541 - client_12 - INFO - Epoch 2/2 - Loss: 0.1506
2025-05-14 08:53:40,548 - client_12 - INFO - Sent 717498 bytes to server (weights size: 717344 bytes, client data size: 2034, sparse: False)
2025-05-14 08:53:40,557 - client_12 - INFO - Data transmission successful
2025-05-14 08:54:18,030 - client_12 - INFO - Client 12 started with algorithm: fedavg, model: resnet18fashion
2025-05-14 08:54:25,271 - client_12 - INFO - Epoch 1/2 - Loss: 0.1953
2025-05-14 08:54:29,890 - client_12 - INFO - Epoch 2/2 - Loss: 0.1467
2025-05-14 08:54:29,899 - client_12 - INFO - Sent 717498 bytes to server (weights size: 717344 bytes, client data size: 2034, sparse: False)
2025-05-14 08:54:29,913 - client_12 - INFO - Data transmission successful
2025-05-14 08:54:48,302 - client_12 - INFO - Client 12 started with algorithm: fedavg, model: resnet18fashion
2025-05-14 08:55:01,330 - client_12 - INFO - Epoch 1/2 - Loss: 0.2044
2025-05-14 08:55:04,099 - client_12 - INFO - Epoch 2/2 - Loss: 0.1476
2025-05-14 08:55:04,106 - client_12 - INFO - Sent 717498 bytes to server (weights size: 717344 bytes, client data size: 2034, sparse: False)
2025-05-14 08:55:04,118 - client_12 - INFO - Data transmission successful
2025-05-14 08:57:01,033 - client_12 - INFO - Client 12 started with algorithm: fedavg, model: resnet18fashion
2025-05-14 08:57:07,150 - client_12 - INFO - Epoch 1/2 - Loss: 0.1881
2025-05-14 08:57:10,272 - client_12 - INFO - Epoch 2/2 - Loss: 0.1428
2025-05-14 08:57:10,282 - client_12 - INFO - Sent 717498 bytes to server (weights size: 717344 bytes, client data size: 2034, sparse: False)
2025-05-14 08:57:10,297 - client_12 - INFO - Data transmission successful
2025-05-14 08:57:40,535 - client_12 - INFO - Client 12 started with algorithm: fedavg, model: resnet18fashion
2025-05-14 08:57:58,348 - client_12 - INFO - Epoch 1/2 - Loss: 0.1721
2025-05-14 08:58:02,652 - client_12 - INFO - Epoch 2/2 - Loss: 0.1429
2025-05-14 08:58:02,658 - client_12 - INFO - Sent 717498 bytes to server (weights size: 717344 bytes, client data size: 2034, sparse: False)
2025-05-14 08:58:02,669 - client_12 - INFO - Data transmission successful
2025-05-14 08:58:04,675 - client_12 - INFO - Client 12 started with algorithm: fedavg, model: resnet18fashion
2025-05-14 08:58:15,842 - client_12 - INFO - Epoch 1/2 - Loss: 0.1714
2025-05-14 08:58:20,261 - client_12 - INFO - Epoch 2/2 - Loss: 0.1353
2025-05-14 08:58:20,270 - client_12 - INFO - Sent 717498 bytes to server (weights size: 717344 bytes, client data size: 2034, sparse: False)
2025-05-14 08:58:20,288 - client_12 - INFO - Data transmission successful
2025-05-14 08:59:07,647 - client_12 - INFO - Client 12 started with algorithm: fedavg, model: resnet18fashion
2025-05-14 08:59:17,167 - client_12 - INFO - Epoch 1/2 - Loss: 0.1879
2025-05-14 08:59:20,324 - client_12 - INFO - Epoch 2/2 - Loss: 0.1276
2025-05-14 08:59:20,334 - client_12 - INFO - Sent 717498 bytes to server (weights size: 717344 bytes, client data size: 2034, sparse: False)
2025-05-14 08:59:20,346 - client_12 - INFO - Data transmission successful
2025-05-14 09:01:38,581 - client_12 - INFO - Client 12 started with algorithm: fedavg, model: resnet18fashion
2025-05-14 09:01:54,439 - client_12 - INFO - Epoch 1/2 - Loss: 0.1626
2025-05-14 09:01:58,740 - client_12 - INFO - Epoch 2/2 - Loss: 0.1332
2025-05-14 09:01:58,753 - client_12 - INFO - Sent 717498 bytes to server (weights size: 717344 bytes, client data size: 2034, sparse: False)
2025-05-14 09:01:58,772 - client_12 - INFO - Data transmission successful
