2025-05-12 11:20:19,325 - client_2 - INFO - Client 2 started with algorithm: fedewma, model: lenet5
2025-05-12 11:20:26,614 - client_2 - INFO - Epoch 1/2 - Loss: 0.0563
2025-05-12 11:20:28,322 - client_2 - INFO - Epoch 2/2 - Loss: 0.0001
2025-05-12 11:20:28,323 - client_2 - INFO - Client 2 sending full delta weights
2025-05-12 11:20:28,325 - client_2 - INFO - Sent 250184 bytes to server (weights size: 250032 bytes, client data size: 2381, sparse: False)
2025-05-12 11:20:28,329 - client_2 - INFO - Data transmission successful
2025-05-12 11:21:43,216 - client_2 - INFO - Client 2 started with algorithm: fedewma, model: lenet5
2025-05-12 11:21:49,540 - client_2 - INFO - Epoch 1/2 - Loss: 0.0242
2025-05-12 11:21:51,393 - client_2 - INFO - Epoch 2/2 - Loss: 0.0004
2025-05-12 11:21:51,394 - client_2 - INFO - Client 2 sending full delta weights
2025-05-12 11:21:51,396 - client_2 - INFO - Sent 250184 bytes to server (weights size: 250032 bytes, client data size: 2381, sparse: False)
2025-05-12 11:21:51,401 - client_2 - INFO - Data transmission successful
2025-05-12 11:22:10,848 - client_2 - INFO - Client 2 started with algorithm: fedewma, model: lenet5
2025-05-12 11:22:18,828 - client_2 - INFO - Epoch 1/2 - Loss: 0.0246
2025-05-12 11:22:22,098 - client_2 - INFO - Epoch 2/2 - Loss: 0.0003
2025-05-12 11:22:22,099 - client_2 - INFO - Client 2 sending full delta weights
2025-05-12 11:22:22,103 - client_2 - INFO - Sent 250184 bytes to server (weights size: 250032 bytes, client data size: 2381, sparse: False)
2025-05-12 11:22:22,108 - client_2 - INFO - Data transmission successful
2025-05-12 11:24:52,730 - client_2 - INFO - Client 2 started with algorithm: fedewma, model: lenet5
2025-05-12 11:24:58,977 - client_2 - INFO - Epoch 1/2 - Loss: 0.0206
2025-05-12 11:25:01,113 - client_2 - INFO - Epoch 2/2 - Loss: 0.0003
2025-05-12 11:25:01,114 - client_2 - INFO - Client 2 sending full delta weights
2025-05-12 11:25:01,116 - client_2 - INFO - Sent 250184 bytes to server (weights size: 250032 bytes, client data size: 2381, sparse: False)
2025-05-12 11:25:01,122 - client_2 - INFO - Data transmission successful
2025-05-12 11:25:46,381 - client_2 - INFO - Client 2 started with algorithm: fedewma, model: lenet5
2025-05-12 11:25:54,006 - client_2 - INFO - Epoch 1/2 - Loss: 0.0144
2025-05-12 11:25:56,213 - client_2 - INFO - Epoch 2/2 - Loss: 0.0002
2025-05-12 11:25:56,214 - client_2 - INFO - Client 2 sending full delta weights
2025-05-12 11:25:56,216 - client_2 - INFO - Sent 250184 bytes to server (weights size: 250032 bytes, client data size: 2381, sparse: False)
2025-05-12 11:25:56,223 - client_2 - INFO - Data transmission successful
2025-05-12 11:26:08,722 - client_2 - INFO - Client 2 started with algorithm: fedewma, model: lenet5
2025-05-12 11:26:13,795 - client_2 - INFO - Epoch 1/2 - Loss: 0.0159
2025-05-12 11:26:15,272 - client_2 - INFO - Epoch 2/2 - Loss: 0.0002
2025-05-12 11:26:15,273 - client_2 - INFO - Client 2 sending full delta weights
2025-05-12 11:26:15,275 - client_2 - INFO - Sent 250184 bytes to server (weights size: 250032 bytes, client data size: 2381, sparse: False)
2025-05-12 11:26:15,279 - client_2 - INFO - Data transmission successful
2025-05-12 11:28:15,172 - client_2 - INFO - Client 2 started with algorithm: fedewma, model: lenet5
2025-05-12 11:28:25,046 - client_2 - INFO - Epoch 1/2 - Loss: 0.0133
2025-05-12 11:28:28,581 - client_2 - INFO - Epoch 2/2 - Loss: 0.0002
2025-05-12 11:28:28,582 - client_2 - INFO - Client 2 sending full delta weights
2025-05-12 11:28:28,585 - client_2 - INFO - Sent 250184 bytes to server (weights size: 250032 bytes, client data size: 2381, sparse: False)
2025-05-12 11:28:28,591 - client_2 - INFO - Data transmission successful
2025-05-12 11:28:31,290 - client_2 - INFO - Client 2 started with algorithm: fedewma, model: lenet5
2025-05-12 11:28:35,754 - client_2 - INFO - Epoch 1/2 - Loss: 0.0071
2025-05-12 11:28:36,813 - client_2 - INFO - Epoch 2/2 - Loss: 0.0004
2025-05-12 11:28:36,813 - client_2 - INFO - Client 2 sending full delta weights
2025-05-12 11:28:36,815 - client_2 - INFO - Sent 250184 bytes to server (weights size: 250032 bytes, client data size: 2381, sparse: False)
2025-05-12 11:28:36,820 - client_2 - INFO - Data transmission successful
2025-05-12 11:29:17,165 - client_2 - INFO - Client 2 started with algorithm: fedewma, model: lenet5
2025-05-12 11:29:25,140 - client_2 - INFO - Epoch 1/2 - Loss: 0.0123
2025-05-12 11:29:27,876 - client_2 - INFO - Epoch 2/2 - Loss: 0.0002
2025-05-12 11:29:27,877 - client_2 - INFO - Client 2 sending full delta weights
2025-05-12 11:29:27,879 - client_2 - INFO - Sent 250184 bytes to server (weights size: 250032 bytes, client data size: 2381, sparse: False)
2025-05-12 11:29:27,885 - client_2 - INFO - Data transmission successful
2025-05-12 11:30:01,959 - client_2 - INFO - Client 2 started with algorithm: fedewma, model: lenet5
2025-05-12 11:30:09,513 - client_2 - INFO - Epoch 1/2 - Loss: 0.0072
2025-05-12 11:30:10,890 - client_2 - INFO - Epoch 2/2 - Loss: 0.0003
2025-05-12 11:30:10,891 - client_2 - INFO - Client 2 sending full delta weights
2025-05-12 11:30:10,893 - client_2 - INFO - Sent 250184 bytes to server (weights size: 250032 bytes, client data size: 2381, sparse: False)
2025-05-12 11:30:10,897 - client_2 - INFO - Data transmission successful
2025-05-12 11:31:03,658 - client_2 - INFO - Client 2 started with algorithm: fedewma, model: lenet5
2025-05-12 11:31:10,992 - client_2 - INFO - Epoch 1/2 - Loss: 0.0102
2025-05-12 11:31:12,263 - client_2 - INFO - Epoch 2/2 - Loss: 0.0001
2025-05-12 11:31:12,263 - client_2 - INFO - Client 2 sending full delta weights
2025-05-12 11:31:12,265 - client_2 - INFO - Sent 250184 bytes to server (weights size: 250032 bytes, client data size: 2381, sparse: False)
2025-05-12 11:31:12,270 - client_2 - INFO - Data transmission successful
2025-05-12 11:33:02,646 - client_2 - INFO - Client 2 started with algorithm: fedewma, model: lenet5
2025-05-12 11:33:07,662 - client_2 - INFO - Epoch 1/2 - Loss: 0.0051
2025-05-12 11:33:08,462 - client_2 - INFO - Epoch 2/2 - Loss: 0.0003
2025-05-12 11:33:08,463 - client_2 - INFO - Client 2 sending full delta weights
2025-05-12 11:33:08,464 - client_2 - INFO - Sent 250184 bytes to server (weights size: 250032 bytes, client data size: 2381, sparse: False)
2025-05-12 11:33:08,468 - client_2 - INFO - Data transmission successful
2025-05-12 11:34:18,873 - client_2 - INFO - Client 2 started with algorithm: fedewma, model: lenet5
2025-05-12 11:34:25,528 - client_2 - INFO - Epoch 1/2 - Loss: 0.0075
2025-05-12 11:34:27,833 - client_2 - INFO - Epoch 2/2 - Loss: 0.0002
2025-05-12 11:34:27,836 - client_2 - INFO - Client 2 sending full delta weights
2025-05-12 11:34:27,839 - client_2 - INFO - Sent 250184 bytes to server (weights size: 250032 bytes, client data size: 2381, sparse: False)
2025-05-12 11:34:27,844 - client_2 - INFO - Data transmission successful
2025-05-12 11:35:04,221 - client_2 - INFO - Client 2 started with algorithm: fedewma, model: lenet5
2025-05-12 11:35:09,330 - client_2 - INFO - Epoch 1/2 - Loss: 0.0061
2025-05-12 11:35:10,113 - client_2 - INFO - Epoch 2/2 - Loss: 0.0002
2025-05-12 11:35:10,113 - client_2 - INFO - Client 2 sending full delta weights
2025-05-12 11:35:10,115 - client_2 - INFO - Sent 250184 bytes to server (weights size: 250032 bytes, client data size: 2381, sparse: False)
2025-05-12 11:35:10,119 - client_2 - INFO - Data transmission successful
2025-05-12 11:35:20,412 - client_2 - INFO - Client 2 started with algorithm: fedewma, model: lenet5
2025-05-12 11:35:27,642 - client_2 - INFO - Epoch 1/2 - Loss: 0.0070
2025-05-12 11:35:29,140 - client_2 - INFO - Epoch 2/2 - Loss: 0.0003
2025-05-12 11:35:29,140 - client_2 - INFO - Client 2 sending full delta weights
2025-05-12 11:35:29,143 - client_2 - INFO - Sent 250184 bytes to server (weights size: 250032 bytes, client data size: 2381, sparse: False)
2025-05-12 11:35:29,147 - client_2 - INFO - Data transmission successful
2025-05-12 11:36:16,471 - client_2 - INFO - Client 2 started with algorithm: fedewma, model: lenet5
2025-05-12 11:36:24,256 - client_2 - INFO - Epoch 1/2 - Loss: 0.0044
2025-05-12 11:36:25,371 - client_2 - INFO - Epoch 2/2 - Loss: 0.0003
2025-05-12 11:36:25,371 - client_2 - INFO - Client 2 sending full delta weights
2025-05-12 11:36:25,373 - client_2 - INFO - Sent 250184 bytes to server (weights size: 250032 bytes, client data size: 2381, sparse: False)
2025-05-12 11:36:25,376 - client_2 - INFO - Data transmission successful
2025-05-12 11:36:27,383 - client_2 - INFO - Client 2 started with algorithm: fedewma, model: lenet5
2025-05-12 11:36:34,957 - client_2 - INFO - Epoch 1/2 - Loss: 0.0053
2025-05-12 11:36:36,274 - client_2 - INFO - Epoch 2/2 - Loss: 0.0003
2025-05-12 11:36:36,274 - client_2 - INFO - Client 2 sending full delta weights
2025-05-12 11:36:36,277 - client_2 - INFO - Sent 250184 bytes to server (weights size: 250032 bytes, client data size: 2381, sparse: False)
2025-05-12 11:36:36,279 - client_2 - INFO - Data transmission successful
2025-05-12 11:37:11,317 - client_2 - INFO - Client 2 started with algorithm: fedewma, model: lenet5
2025-05-12 11:37:19,681 - client_2 - INFO - Epoch 1/2 - Loss: 0.0051
2025-05-12 11:37:21,323 - client_2 - INFO - Epoch 2/2 - Loss: 0.0002
2025-05-12 11:37:21,324 - client_2 - INFO - Client 2 sending full delta weights
2025-05-12 11:37:21,327 - client_2 - INFO - Sent 250184 bytes to server (weights size: 250032 bytes, client data size: 2381, sparse: False)
2025-05-12 11:37:21,331 - client_2 - INFO - Data transmission successful
2025-05-13 07:08:01,731 - client_2 - INFO - Client 2 started with algorithm: fedprox, model: lenet5
2025-05-13 07:08:06,834 - client_2 - INFO - Epoch 1/2 - Loss: 0.0589
2025-05-13 07:08:08,962 - client_2 - INFO - Epoch 2/2 - Loss: 0.0016
2025-05-13 07:08:08,965 - client_2 - INFO - Sent 250511 bytes to server (weights size: 250359 bytes, client data size: 2381, sparse: False)
2025-05-13 07:08:08,969 - client_2 - INFO - Data transmission successful
2025-05-13 07:09:28,261 - client_2 - INFO - Client 2 started with algorithm: fedprox, model: lenet5
2025-05-13 07:09:32,723 - client_2 - INFO - Epoch 1/2 - Loss: 0.0246
2025-05-13 07:09:35,069 - client_2 - INFO - Epoch 2/2 - Loss: 0.0010
2025-05-13 07:09:35,072 - client_2 - INFO - Sent 250511 bytes to server (weights size: 250359 bytes, client data size: 2381, sparse: False)
2025-05-13 07:09:35,077 - client_2 - INFO - Data transmission successful
2025-05-13 07:09:51,329 - client_2 - INFO - Client 2 started with algorithm: fedprox, model: lenet5
2025-05-13 07:09:56,933 - client_2 - INFO - Epoch 1/2 - Loss: 0.0230
2025-05-13 07:10:00,190 - client_2 - INFO - Epoch 2/2 - Loss: 0.0010
2025-05-13 07:10:00,194 - client_2 - INFO - Sent 250511 bytes to server (weights size: 250359 bytes, client data size: 2381, sparse: False)
2025-05-13 07:10:00,197 - client_2 - INFO - Data transmission successful
2025-05-13 07:12:00,219 - client_2 - INFO - Client 2 started with algorithm: fedprox, model: lenet5
2025-05-13 07:12:03,828 - client_2 - INFO - Epoch 1/2 - Loss: 0.0263
2025-05-13 07:12:05,886 - client_2 - INFO - Epoch 2/2 - Loss: 0.0008
2025-05-13 07:12:05,889 - client_2 - INFO - Sent 250511 bytes to server (weights size: 250359 bytes, client data size: 2381, sparse: False)
2025-05-13 07:12:05,893 - client_2 - INFO - Data transmission successful
2025-05-13 07:12:41,148 - client_2 - INFO - Client 2 started with algorithm: fedprox, model: lenet5
2025-05-13 07:12:46,101 - client_2 - INFO - Epoch 1/2 - Loss: 0.0151
2025-05-13 07:12:48,573 - client_2 - INFO - Epoch 2/2 - Loss: 0.0008
2025-05-13 07:12:48,576 - client_2 - INFO - Sent 250511 bytes to server (weights size: 250359 bytes, client data size: 2381, sparse: False)
2025-05-13 07:12:48,579 - client_2 - INFO - Data transmission successful
2025-05-13 07:12:58,600 - client_2 - INFO - Client 2 started with algorithm: fedprox, model: lenet5
2025-05-13 07:13:01,191 - client_2 - INFO - Epoch 1/2 - Loss: 0.0194
2025-05-13 07:13:02,726 - client_2 - INFO - Epoch 2/2 - Loss: 0.0007
2025-05-13 07:13:02,728 - client_2 - INFO - Sent 250511 bytes to server (weights size: 250359 bytes, client data size: 2381, sparse: False)
2025-05-13 07:13:02,732 - client_2 - INFO - Data transmission successful
2025-05-13 07:14:32,461 - client_2 - INFO - Client 2 started with algorithm: fedprox, model: lenet5
2025-05-13 07:14:40,229 - client_2 - INFO - Epoch 1/2 - Loss: 0.0130
2025-05-13 07:14:44,094 - client_2 - INFO - Epoch 2/2 - Loss: 0.0006
2025-05-13 07:14:44,097 - client_2 - INFO - Sent 250511 bytes to server (weights size: 250359 bytes, client data size: 2381, sparse: False)
2025-05-13 07:14:44,101 - client_2 - INFO - Data transmission successful
2025-05-13 07:14:46,957 - client_2 - INFO - Client 2 started with algorithm: fedprox, model: lenet5
2025-05-13 07:14:49,142 - client_2 - INFO - Epoch 1/2 - Loss: 0.0079
2025-05-13 07:14:50,033 - client_2 - INFO - Epoch 2/2 - Loss: 0.0005
2025-05-13 07:14:50,035 - client_2 - INFO - Sent 250511 bytes to server (weights size: 250359 bytes, client data size: 2381, sparse: False)
2025-05-13 07:14:50,037 - client_2 - INFO - Data transmission successful
2025-05-13 07:15:20,430 - client_2 - INFO - Client 2 started with algorithm: fedprox, model: lenet5
2025-05-13 07:15:25,814 - client_2 - INFO - Epoch 1/2 - Loss: 0.0132
2025-05-13 07:15:28,812 - client_2 - INFO - Epoch 2/2 - Loss: 0.0006
2025-05-13 07:15:28,815 - client_2 - INFO - Sent 250511 bytes to server (weights size: 250359 bytes, client data size: 2381, sparse: False)
2025-05-13 07:15:28,820 - client_2 - INFO - Data transmission successful
2025-05-13 07:15:55,484 - client_2 - INFO - Client 2 started with algorithm: fedprox, model: lenet5
2025-05-13 07:15:59,873 - client_2 - INFO - Epoch 1/2 - Loss: 0.0090
2025-05-13 07:16:01,725 - client_2 - INFO - Epoch 2/2 - Loss: 0.0004
2025-05-13 07:16:01,728 - client_2 - INFO - Sent 250511 bytes to server (weights size: 250359 bytes, client data size: 2381, sparse: False)
2025-05-13 07:16:01,732 - client_2 - INFO - Data transmission successful
2025-05-13 07:16:42,141 - client_2 - INFO - Client 2 started with algorithm: fedprox, model: lenet5
2025-05-13 07:16:46,443 - client_2 - INFO - Epoch 1/2 - Loss: 0.0091
2025-05-13 07:16:47,969 - client_2 - INFO - Epoch 2/2 - Loss: 0.0005
2025-05-13 07:16:47,972 - client_2 - INFO - Sent 250511 bytes to server (weights size: 250359 bytes, client data size: 2381, sparse: False)
2025-05-13 07:16:47,975 - client_2 - INFO - Data transmission successful
2025-05-13 07:18:20,969 - client_2 - INFO - Client 2 started with algorithm: fedprox, model: lenet5
2025-05-13 07:18:23,467 - client_2 - INFO - Epoch 1/2 - Loss: 0.0055
2025-05-13 07:18:24,246 - client_2 - INFO - Epoch 2/2 - Loss: 0.0004
2025-05-13 07:18:24,248 - client_2 - INFO - Sent 250511 bytes to server (weights size: 250359 bytes, client data size: 2381, sparse: False)
2025-05-13 07:18:24,250 - client_2 - INFO - Data transmission successful
2025-05-13 07:19:15,915 - client_2 - INFO - Client 2 started with algorithm: fedprox, model: lenet5
2025-05-13 07:19:19,978 - client_2 - INFO - Epoch 1/2 - Loss: 0.0058
2025-05-13 07:19:22,348 - client_2 - INFO - Epoch 2/2 - Loss: 0.0004
2025-05-13 07:19:22,351 - client_2 - INFO - Sent 250511 bytes to server (weights size: 250359 bytes, client data size: 2381, sparse: False)
2025-05-13 07:19:22,355 - client_2 - INFO - Data transmission successful
2025-05-13 07:19:50,829 - client_2 - INFO - Client 2 started with algorithm: fedprox, model: lenet5
2025-05-13 07:19:53,644 - client_2 - INFO - Epoch 1/2 - Loss: 0.0058
2025-05-13 07:19:54,551 - client_2 - INFO - Epoch 2/2 - Loss: 0.0004
2025-05-13 07:19:54,553 - client_2 - INFO - Sent 250511 bytes to server (weights size: 250359 bytes, client data size: 2381, sparse: False)
2025-05-13 07:19:54,556 - client_2 - INFO - Data transmission successful
2025-05-13 07:20:03,467 - client_2 - INFO - Client 2 started with algorithm: fedprox, model: lenet5
2025-05-13 07:20:09,623 - client_2 - INFO - Epoch 1/2 - Loss: 0.0062
2025-05-13 07:20:11,509 - client_2 - INFO - Epoch 2/2 - Loss: 0.0005
2025-05-13 07:20:11,512 - client_2 - INFO - Sent 250511 bytes to server (weights size: 250359 bytes, client data size: 2381, sparse: False)
2025-05-13 07:20:11,516 - client_2 - INFO - Data transmission successful
2025-05-13 07:20:48,289 - client_2 - INFO - Client 2 started with algorithm: fedprox, model: lenet5
2025-05-13 07:20:53,353 - client_2 - INFO - Epoch 1/2 - Loss: 0.0055
2025-05-13 07:20:54,420 - client_2 - INFO - Epoch 2/2 - Loss: 0.0004
2025-05-13 07:20:54,423 - client_2 - INFO - Sent 250511 bytes to server (weights size: 250359 bytes, client data size: 2381, sparse: False)
2025-05-13 07:20:54,425 - client_2 - INFO - Data transmission successful
2025-05-13 07:20:56,432 - client_2 - INFO - Client 2 started with algorithm: fedprox, model: lenet5
2025-05-13 07:21:01,011 - client_2 - INFO - Epoch 1/2 - Loss: 0.0043
2025-05-13 07:21:02,439 - client_2 - INFO - Epoch 2/2 - Loss: 0.0004
2025-05-13 07:21:02,441 - client_2 - INFO - Sent 250511 bytes to server (weights size: 250359 bytes, client data size: 2381, sparse: False)
2025-05-13 07:21:02,443 - client_2 - INFO - Data transmission successful
2025-05-13 07:21:30,885 - client_2 - INFO - Client 2 started with algorithm: fedprox, model: lenet5
2025-05-13 07:21:36,457 - client_2 - INFO - Epoch 1/2 - Loss: 0.0044
2025-05-13 07:21:38,268 - client_2 - INFO - Epoch 2/2 - Loss: 0.0004
2025-05-13 07:21:38,271 - client_2 - INFO - Sent 250511 bytes to server (weights size: 250359 bytes, client data size: 2381, sparse: False)
2025-05-13 07:21:38,276 - client_2 - INFO - Data transmission successful
2025-05-13 07:28:07,249 - client_2 - INFO - Client 2 started with algorithm: fedavg, model: lenet5
2025-05-13 07:28:11,442 - client_2 - INFO - Epoch 1/2 - Loss: 0.0746
2025-05-13 07:28:13,160 - client_2 - INFO - Epoch 2/2 - Loss: 0.0004
2025-05-13 07:28:13,162 - client_2 - INFO - Sent 250513 bytes to server (weights size: 250359 bytes, client data size: 2381, sparse: False)
2025-05-13 07:28:13,165 - client_2 - INFO - Data transmission successful
2025-05-13 07:29:07,890 - client_2 - INFO - Client 2 started with algorithm: fedavg, model: lenet5
2025-05-13 07:29:11,614 - client_2 - INFO - Epoch 1/2 - Loss: 0.0342
2025-05-13 07:29:13,416 - client_2 - INFO - Epoch 2/2 - Loss: 0.0003
2025-05-13 07:29:13,418 - client_2 - INFO - Sent 250513 bytes to server (weights size: 250359 bytes, client data size: 2381, sparse: False)
2025-05-13 07:29:13,422 - client_2 - INFO - Data transmission successful
2025-05-13 07:29:27,732 - client_2 - INFO - Client 2 started with algorithm: fedavg, model: lenet5
2025-05-13 07:29:32,922 - client_2 - INFO - Epoch 1/2 - Loss: 0.0271
2025-05-13 07:29:35,739 - client_2 - INFO - Epoch 2/2 - Loss: 0.0004
2025-05-13 07:29:35,742 - client_2 - INFO - Sent 250513 bytes to server (weights size: 250359 bytes, client data size: 2381, sparse: False)
2025-05-13 07:29:35,746 - client_2 - INFO - Data transmission successful
2025-05-13 07:31:25,180 - client_2 - INFO - Client 2 started with algorithm: fedavg, model: lenet5
2025-05-13 07:31:28,402 - client_2 - INFO - Epoch 1/2 - Loss: 0.0262
2025-05-13 07:31:30,157 - client_2 - INFO - Epoch 2/2 - Loss: 0.0003
2025-05-13 07:31:30,159 - client_2 - INFO - Sent 250513 bytes to server (weights size: 250359 bytes, client data size: 2381, sparse: False)
2025-05-13 07:31:30,163 - client_2 - INFO - Data transmission successful
2025-05-13 07:32:01,730 - client_2 - INFO - Client 2 started with algorithm: fedavg, model: lenet5
2025-05-13 07:32:06,425 - client_2 - INFO - Epoch 1/2 - Loss: 0.0216
2025-05-13 07:32:08,452 - client_2 - INFO - Epoch 2/2 - Loss: 0.0005
2025-05-13 07:32:08,454 - client_2 - INFO - Sent 250513 bytes to server (weights size: 250359 bytes, client data size: 2381, sparse: False)
2025-05-13 07:32:08,458 - client_2 - INFO - Data transmission successful
2025-05-13 07:32:18,172 - client_2 - INFO - Client 2 started with algorithm: fedavg, model: lenet5
2025-05-13 07:32:20,434 - client_2 - INFO - Epoch 1/2 - Loss: 0.0170
2025-05-13 07:32:21,806 - client_2 - INFO - Epoch 2/2 - Loss: 0.0002
2025-05-13 07:32:21,809 - client_2 - INFO - Sent 250513 bytes to server (weights size: 250359 bytes, client data size: 2381, sparse: False)
2025-05-13 07:32:21,814 - client_2 - INFO - Data transmission successful
2025-05-13 07:33:49,988 - client_2 - INFO - Client 2 started with algorithm: fedavg, model: lenet5
2025-05-13 07:33:56,702 - client_2 - INFO - Epoch 1/2 - Loss: 0.0147
2025-05-13 07:33:59,615 - client_2 - INFO - Epoch 2/2 - Loss: 0.0002
2025-05-13 07:33:59,619 - client_2 - INFO - Sent 250513 bytes to server (weights size: 250359 bytes, client data size: 2381, sparse: False)
2025-05-13 07:33:59,624 - client_2 - INFO - Data transmission successful
2025-05-13 07:34:02,519 - client_2 - INFO - Client 2 started with algorithm: fedavg, model: lenet5
2025-05-13 07:34:04,327 - client_2 - INFO - Epoch 1/2 - Loss: 0.0060
2025-05-13 07:34:05,063 - client_2 - INFO - Epoch 2/2 - Loss: 0.0005
2025-05-13 07:34:05,066 - client_2 - INFO - Sent 250513 bytes to server (weights size: 250359 bytes, client data size: 2381, sparse: False)
2025-05-13 07:34:05,068 - client_2 - INFO - Data transmission successful
2025-05-13 07:34:33,016 - client_2 - INFO - Client 2 started with algorithm: fedavg, model: lenet5
2025-05-13 07:34:38,679 - client_2 - INFO - Epoch 1/2 - Loss: 0.0230
2025-05-13 07:34:41,438 - client_2 - INFO - Epoch 2/2 - Loss: 0.0001
2025-05-13 07:34:41,441 - client_2 - INFO - Sent 250513 bytes to server (weights size: 250359 bytes, client data size: 2381, sparse: False)
2025-05-13 07:34:41,445 - client_2 - INFO - Data transmission successful
2025-05-13 07:35:05,283 - client_2 - INFO - Client 2 started with algorithm: fedavg, model: lenet5
2025-05-13 07:35:09,517 - client_2 - INFO - Epoch 1/2 - Loss: 0.0103
2025-05-13 07:35:10,921 - client_2 - INFO - Epoch 2/2 - Loss: 0.0002
2025-05-13 07:35:10,924 - client_2 - INFO - Sent 250513 bytes to server (weights size: 250359 bytes, client data size: 2381, sparse: False)
2025-05-13 07:35:10,927 - client_2 - INFO - Data transmission successful
2025-05-13 07:35:48,259 - client_2 - INFO - Client 2 started with algorithm: fedavg, model: lenet5
2025-05-13 07:35:52,170 - client_2 - INFO - Epoch 1/2 - Loss: 0.0090
2025-05-13 07:35:53,535 - client_2 - INFO - Epoch 2/2 - Loss: 0.0003
2025-05-13 07:35:53,537 - client_2 - INFO - Sent 250513 bytes to server (weights size: 250359 bytes, client data size: 2381, sparse: False)
2025-05-13 07:35:53,539 - client_2 - INFO - Data transmission successful
2025-05-13 07:37:14,549 - client_2 - INFO - Client 2 started with algorithm: fedavg, model: lenet5
2025-05-13 07:37:16,793 - client_2 - INFO - Epoch 1/2 - Loss: 0.0076
2025-05-13 07:37:17,450 - client_2 - INFO - Epoch 2/2 - Loss: 0.0004
2025-05-13 07:37:17,452 - client_2 - INFO - Sent 250513 bytes to server (weights size: 250359 bytes, client data size: 2381, sparse: False)
2025-05-13 07:37:17,454 - client_2 - INFO - Data transmission successful
2025-05-13 07:38:05,201 - client_2 - INFO - Client 2 started with algorithm: fedavg, model: lenet5
2025-05-13 07:38:08,664 - client_2 - INFO - Epoch 1/2 - Loss: 0.0079
2025-05-13 07:38:10,633 - client_2 - INFO - Epoch 2/2 - Loss: 0.0003
2025-05-13 07:38:10,636 - client_2 - INFO - Sent 250513 bytes to server (weights size: 250359 bytes, client data size: 2381, sparse: False)
2025-05-13 07:38:10,641 - client_2 - INFO - Data transmission successful
2025-05-13 07:38:38,181 - client_2 - INFO - Client 2 started with algorithm: fedavg, model: lenet5
2025-05-13 07:38:40,919 - client_2 - INFO - Epoch 1/2 - Loss: 0.0062
2025-05-13 07:38:41,572 - client_2 - INFO - Epoch 2/2 - Loss: 0.0003
2025-05-13 07:38:41,574 - client_2 - INFO - Sent 250513 bytes to server (weights size: 250359 bytes, client data size: 2381, sparse: False)
2025-05-13 07:38:41,577 - client_2 - INFO - Data transmission successful
2025-05-13 07:38:50,707 - client_2 - INFO - Client 2 started with algorithm: fedavg, model: lenet5
2025-05-13 07:38:58,110 - client_2 - INFO - Epoch 1/2 - Loss: 0.0118
2025-05-13 07:38:59,711 - client_2 - INFO - Epoch 2/2 - Loss: 0.0003
2025-05-13 07:38:59,714 - client_2 - INFO - Sent 250513 bytes to server (weights size: 250359 bytes, client data size: 2381, sparse: False)
2025-05-13 07:38:59,717 - client_2 - INFO - Data transmission successful
2025-05-13 07:39:33,100 - client_2 - INFO - Client 2 started with algorithm: fedavg, model: lenet5
2025-05-13 07:39:37,155 - client_2 - INFO - Epoch 1/2 - Loss: 0.0076
2025-05-13 07:39:37,995 - client_2 - INFO - Epoch 2/2 - Loss: 0.0003
2025-05-13 07:39:37,998 - client_2 - INFO - Sent 250513 bytes to server (weights size: 250359 bytes, client data size: 2381, sparse: False)
2025-05-13 07:39:38,000 - client_2 - INFO - Data transmission successful
2025-05-13 07:39:40,005 - client_2 - INFO - Client 2 started with algorithm: fedavg, model: lenet5
2025-05-13 07:39:44,193 - client_2 - INFO - Epoch 1/2 - Loss: 0.0041
2025-05-13 07:39:45,316 - client_2 - INFO - Epoch 2/2 - Loss: 0.0004
2025-05-13 07:39:45,318 - client_2 - INFO - Sent 250513 bytes to server (weights size: 250359 bytes, client data size: 2381, sparse: False)
2025-05-13 07:39:45,321 - client_2 - INFO - Data transmission successful
2025-05-13 07:40:09,910 - client_2 - INFO - Client 2 started with algorithm: fedavg, model: lenet5
2025-05-13 07:40:15,450 - client_2 - INFO - Epoch 1/2 - Loss: 0.0063
2025-05-13 07:40:16,900 - client_2 - INFO - Epoch 2/2 - Loss: 0.0004
2025-05-13 07:40:16,903 - client_2 - INFO - Sent 250513 bytes to server (weights size: 250359 bytes, client data size: 2381, sparse: False)
2025-05-13 07:40:16,908 - client_2 - INFO - Data transmission successful
2025-05-13 14:34:49,066 - client_2 - INFO - Client 2 started with algorithm: fedewma, model: lenet5
2025-05-13 14:34:55,256 - client_2 - INFO - Epoch 1/2 - Loss: 0.0536
2025-05-13 14:34:56,771 - client_2 - INFO - Epoch 2/2 - Loss: 0.0001
2025-05-13 14:34:56,772 - client_2 - INFO - Client 2 sending full delta weights
2025-05-13 14:34:56,774 - client_2 - INFO - Sent 250184 bytes to server (weights size: 250032 bytes, client data size: 2381, sparse: False)
2025-05-13 14:34:56,778 - client_2 - INFO - Data transmission successful
2025-05-13 14:36:00,523 - client_2 - INFO - Client 2 started with algorithm: fedewma, model: lenet5
2025-05-13 14:36:05,616 - client_2 - INFO - Epoch 1/2 - Loss: 0.0287
2025-05-13 14:36:07,116 - client_2 - INFO - Epoch 2/2 - Loss: 0.0005
2025-05-13 14:36:07,117 - client_2 - INFO - Client 2 sending full delta weights
2025-05-13 14:36:07,119 - client_2 - INFO - Sent 250184 bytes to server (weights size: 250032 bytes, client data size: 2381, sparse: False)
2025-05-13 14:36:07,123 - client_2 - INFO - Data transmission successful
2025-05-13 14:36:22,880 - client_2 - INFO - Client 2 started with algorithm: fedewma, model: lenet5
2025-05-13 14:36:29,501 - client_2 - INFO - Epoch 1/2 - Loss: 0.0210
2025-05-13 14:36:32,413 - client_2 - INFO - Epoch 2/2 - Loss: 0.0005
2025-05-13 14:36:32,413 - client_2 - INFO - Client 2 sending full delta weights
2025-05-13 14:36:32,415 - client_2 - INFO - Sent 250184 bytes to server (weights size: 250032 bytes, client data size: 2381, sparse: False)
2025-05-13 14:36:32,419 - client_2 - INFO - Data transmission successful
2025-05-13 14:38:39,441 - client_2 - INFO - Client 2 started with algorithm: fedewma, model: lenet5
2025-05-13 14:38:44,596 - client_2 - INFO - Epoch 1/2 - Loss: 0.0229
2025-05-13 14:38:46,472 - client_2 - INFO - Epoch 2/2 - Loss: 0.0002
2025-05-13 14:38:46,473 - client_2 - INFO - Client 2 sending full delta weights
2025-05-13 14:38:46,475 - client_2 - INFO - Sent 250184 bytes to server (weights size: 250032 bytes, client data size: 2381, sparse: False)
2025-05-13 14:38:46,479 - client_2 - INFO - Data transmission successful
2025-05-13 14:39:25,173 - client_2 - INFO - Client 2 started with algorithm: fedewma, model: lenet5
2025-05-13 14:39:31,327 - client_2 - INFO - Epoch 1/2 - Loss: 0.0130
2025-05-13 14:39:33,316 - client_2 - INFO - Epoch 2/2 - Loss: 0.0002
2025-05-13 14:39:33,316 - client_2 - INFO - Client 2 sending full delta weights
2025-05-13 14:39:33,318 - client_2 - INFO - Sent 250184 bytes to server (weights size: 250032 bytes, client data size: 2381, sparse: False)
2025-05-13 14:39:33,322 - client_2 - INFO - Data transmission successful
2025-05-13 14:39:44,303 - client_2 - INFO - Client 2 started with algorithm: fedewma, model: lenet5
2025-05-13 14:39:48,677 - client_2 - INFO - Epoch 1/2 - Loss: 0.0095
2025-05-13 14:39:50,079 - client_2 - INFO - Epoch 2/2 - Loss: 0.0004
2025-05-13 14:39:50,079 - client_2 - INFO - Client 2 sending full delta weights
2025-05-13 14:39:50,081 - client_2 - INFO - Sent 250184 bytes to server (weights size: 250032 bytes, client data size: 2381, sparse: False)
2025-05-13 14:39:50,085 - client_2 - INFO - Data transmission successful
2025-05-13 14:41:31,730 - client_2 - INFO - Client 2 started with algorithm: fedewma, model: lenet5
2025-05-13 14:41:40,017 - client_2 - INFO - Epoch 1/2 - Loss: 0.0102
2025-05-13 14:41:42,846 - client_2 - INFO - Epoch 2/2 - Loss: 0.0003
2025-05-13 14:41:42,846 - client_2 - INFO - Client 2 sending full delta weights
2025-05-13 14:41:42,849 - client_2 - INFO - Sent 250184 bytes to server (weights size: 250032 bytes, client data size: 2381, sparse: False)
2025-05-13 14:41:42,853 - client_2 - INFO - Data transmission successful
2025-05-13 14:41:45,585 - client_2 - INFO - Client 2 started with algorithm: fedewma, model: lenet5
2025-05-13 14:41:49,104 - client_2 - INFO - Epoch 1/2 - Loss: 0.0079
2025-05-13 14:41:49,835 - client_2 - INFO - Epoch 2/2 - Loss: 0.0003
2025-05-13 14:41:49,835 - client_2 - INFO - Client 2 sending full delta weights
2025-05-13 14:41:49,838 - client_2 - INFO - Sent 250184 bytes to server (weights size: 250032 bytes, client data size: 2381, sparse: False)
2025-05-13 14:41:49,840 - client_2 - INFO - Data transmission successful
2025-05-13 14:42:24,341 - client_2 - INFO - Client 2 started with algorithm: fedewma, model: lenet5
2025-05-13 14:42:30,911 - client_2 - INFO - Epoch 1/2 - Loss: 0.0088
2025-05-13 14:42:33,520 - client_2 - INFO - Epoch 2/2 - Loss: 0.0003
2025-05-13 14:42:33,521 - client_2 - INFO - Client 2 sending full delta weights
2025-05-13 14:42:33,523 - client_2 - INFO - Sent 250184 bytes to server (weights size: 250032 bytes, client data size: 2381, sparse: False)
2025-05-13 14:42:33,528 - client_2 - INFO - Data transmission successful
2025-05-13 14:43:02,166 - client_2 - INFO - Client 2 started with algorithm: fedewma, model: lenet5
2025-05-13 14:43:09,617 - client_2 - INFO - Epoch 1/2 - Loss: 0.0153
2025-05-13 14:43:10,398 - client_2 - INFO - Epoch 2/2 - Loss: 0.0001
2025-05-13 14:43:10,398 - client_2 - INFO - Client 2 sending full delta weights
2025-05-13 14:43:10,400 - client_2 - INFO - Sent 250184 bytes to server (weights size: 250032 bytes, client data size: 2381, sparse: False)
2025-05-13 14:43:10,403 - client_2 - INFO - Data transmission successful
2025-05-13 14:43:54,964 - client_2 - INFO - Client 2 started with algorithm: fedewma, model: lenet5
2025-05-13 14:44:00,552 - client_2 - INFO - Epoch 1/2 - Loss: 0.0064
2025-05-13 14:44:01,690 - client_2 - INFO - Epoch 2/2 - Loss: 0.0002
2025-05-13 14:44:01,690 - client_2 - INFO - Client 2 sending full delta weights
2025-05-13 14:44:01,692 - client_2 - INFO - Sent 250184 bytes to server (weights size: 250032 bytes, client data size: 2381, sparse: False)
2025-05-13 14:44:01,695 - client_2 - INFO - Data transmission successful
2025-05-13 14:45:38,378 - client_2 - INFO - Client 2 started with algorithm: fedewma, model: lenet5
2025-05-13 14:45:42,293 - client_2 - INFO - Epoch 1/2 - Loss: 0.0054
2025-05-13 14:45:43,010 - client_2 - INFO - Epoch 2/2 - Loss: 0.0003
2025-05-13 14:45:43,010 - client_2 - INFO - Client 2 sending full delta weights
2025-05-13 14:45:43,012 - client_2 - INFO - Sent 250184 bytes to server (weights size: 250032 bytes, client data size: 2381, sparse: False)
2025-05-13 14:45:43,014 - client_2 - INFO - Data transmission successful
2025-05-13 14:46:43,504 - client_2 - INFO - Client 2 started with algorithm: fedewma, model: lenet5
2025-05-13 14:46:48,711 - client_2 - INFO - Epoch 1/2 - Loss: 0.0126
2025-05-13 14:46:50,699 - client_2 - INFO - Epoch 2/2 - Loss: 0.0001
2025-05-13 14:46:50,700 - client_2 - INFO - Client 2 sending full delta weights
2025-05-13 14:46:50,702 - client_2 - INFO - Sent 250184 bytes to server (weights size: 250032 bytes, client data size: 2381, sparse: False)
2025-05-13 14:46:50,707 - client_2 - INFO - Data transmission successful
2025-05-13 14:47:21,751 - client_2 - INFO - Client 2 started with algorithm: fedewma, model: lenet5
2025-05-13 14:47:25,645 - client_2 - INFO - Epoch 1/2 - Loss: 0.0043
2025-05-13 14:47:26,284 - client_2 - INFO - Epoch 2/2 - Loss: 0.0003
2025-05-13 14:47:26,284 - client_2 - INFO - Client 2 sending full delta weights
2025-05-13 14:47:26,286 - client_2 - INFO - Sent 250184 bytes to server (weights size: 250032 bytes, client data size: 2381, sparse: False)
2025-05-13 14:47:26,288 - client_2 - INFO - Data transmission successful
2025-05-13 14:47:35,215 - client_2 - INFO - Client 2 started with algorithm: fedewma, model: lenet5
2025-05-13 14:47:41,354 - client_2 - INFO - Epoch 1/2 - Loss: 0.0048
2025-05-13 14:47:42,651 - client_2 - INFO - Epoch 2/2 - Loss: 0.0003
2025-05-13 14:47:42,651 - client_2 - INFO - Client 2 sending full delta weights
2025-05-13 14:47:42,654 - client_2 - INFO - Sent 250184 bytes to server (weights size: 250032 bytes, client data size: 2381, sparse: False)
2025-05-13 14:47:42,657 - client_2 - INFO - Data transmission successful
2025-05-13 14:48:23,459 - client_2 - INFO - Client 2 started with algorithm: fedewma, model: lenet5
2025-05-13 14:48:29,410 - client_2 - INFO - Epoch 1/2 - Loss: 0.0063
2025-05-13 14:48:30,275 - client_2 - INFO - Epoch 2/2 - Loss: 0.0003
2025-05-13 14:48:30,276 - client_2 - INFO - Client 2 sending full delta weights
2025-05-13 14:48:30,278 - client_2 - INFO - Sent 250184 bytes to server (weights size: 250032 bytes, client data size: 2381, sparse: False)
2025-05-13 14:48:30,280 - client_2 - INFO - Data transmission successful
2025-05-13 14:48:32,285 - client_2 - INFO - Client 2 started with algorithm: fedewma, model: lenet5
2025-05-13 14:48:38,355 - client_2 - INFO - Epoch 1/2 - Loss: 0.0075
2025-05-13 14:48:39,496 - client_2 - INFO - Epoch 2/2 - Loss: 0.0002
2025-05-13 14:48:39,497 - client_2 - INFO - Client 2 sending full delta weights
2025-05-13 14:48:39,498 - client_2 - INFO - Sent 250184 bytes to server (weights size: 250032 bytes, client data size: 2381, sparse: False)
2025-05-13 14:48:39,501 - client_2 - INFO - Data transmission successful
2025-05-13 14:49:09,816 - client_2 - INFO - Client 2 started with algorithm: fedewma, model: lenet5
2025-05-13 14:49:16,595 - client_2 - INFO - Epoch 1/2 - Loss: 0.0044
2025-05-13 14:49:18,291 - client_2 - INFO - Epoch 2/2 - Loss: 0.0002
2025-05-13 14:49:18,292 - client_2 - INFO - Client 2 sending full delta weights
2025-05-13 14:49:18,295 - client_2 - INFO - Sent 250184 bytes to server (weights size: 250032 bytes, client data size: 2381, sparse: False)
2025-05-13 14:49:18,299 - client_2 - INFO - Data transmission successful
2025-05-13 15:15:20,639 - client_2 - INFO - Client 2 started with algorithm: fedewma, model: lenet5
2025-05-13 15:15:26,725 - client_2 - INFO - Epoch 1/2 - Loss: 0.0524
2025-05-13 15:15:28,220 - client_2 - INFO - Epoch 2/2 - Loss: 0.0001
2025-05-13 15:15:28,221 - client_2 - INFO - Client 2 sending full delta weights
2025-05-13 15:15:28,223 - client_2 - INFO - Sent 250184 bytes to server (weights size: 250032 bytes, client data size: 2381, sparse: False)
2025-05-13 15:15:28,227 - client_2 - INFO - Data transmission successful
2025-05-13 15:16:33,208 - client_2 - INFO - Client 2 started with algorithm: fedewma, model: lenet5
2025-05-13 15:16:38,689 - client_2 - INFO - Epoch 1/2 - Loss: 0.0271
2025-05-13 15:16:40,218 - client_2 - INFO - Epoch 2/2 - Loss: 0.0004
2025-05-13 15:16:40,219 - client_2 - INFO - Client 2 sending full delta weights
2025-05-13 15:16:40,221 - client_2 - INFO - Sent 250184 bytes to server (weights size: 250032 bytes, client data size: 2381, sparse: False)
2025-05-13 15:16:40,225 - client_2 - INFO - Data transmission successful
2025-05-13 15:16:58,726 - client_2 - INFO - Client 2 started with algorithm: fedewma, model: lenet5
2025-05-13 15:17:05,449 - client_2 - INFO - Epoch 1/2 - Loss: 0.0198
2025-05-13 15:17:09,305 - client_2 - INFO - Epoch 2/2 - Loss: 0.0005
2025-05-13 15:17:09,305 - client_2 - INFO - Client 2 sending full delta weights
2025-05-13 15:17:09,307 - client_2 - INFO - Sent 250184 bytes to server (weights size: 250032 bytes, client data size: 2381, sparse: False)
2025-05-13 15:17:09,312 - client_2 - INFO - Data transmission successful
2025-05-13 15:19:21,175 - client_2 - INFO - Client 2 started with algorithm: fedewma, model: lenet5
2025-05-13 15:19:26,371 - client_2 - INFO - Epoch 1/2 - Loss: 0.0316
2025-05-13 15:19:28,126 - client_2 - INFO - Epoch 2/2 - Loss: 0.0001
2025-05-13 15:19:28,126 - client_2 - INFO - Client 2 sending full delta weights
2025-05-13 15:19:28,129 - client_2 - INFO - Sent 250184 bytes to server (weights size: 250032 bytes, client data size: 2381, sparse: False)
2025-05-13 15:19:28,133 - client_2 - INFO - Data transmission successful
2025-05-13 15:20:07,199 - client_2 - INFO - Client 2 started with algorithm: fedewma, model: lenet5
2025-05-13 15:20:13,491 - client_2 - INFO - Epoch 1/2 - Loss: 0.0131
2025-05-13 15:20:15,388 - client_2 - INFO - Epoch 2/2 - Loss: 0.0002
2025-05-13 15:20:15,388 - client_2 - INFO - Client 2 sending full delta weights
2025-05-13 15:20:15,391 - client_2 - INFO - Sent 250184 bytes to server (weights size: 250032 bytes, client data size: 2381, sparse: False)
2025-05-13 15:20:15,394 - client_2 - INFO - Data transmission successful
2025-05-13 15:20:26,447 - client_2 - INFO - Client 2 started with algorithm: fedewma, model: lenet5
2025-05-13 15:20:30,635 - client_2 - INFO - Epoch 1/2 - Loss: 0.0113
2025-05-13 15:20:31,979 - client_2 - INFO - Epoch 2/2 - Loss: 0.0004
2025-05-13 15:20:31,980 - client_2 - INFO - Client 2 sending full delta weights
2025-05-13 15:20:31,982 - client_2 - INFO - Sent 250184 bytes to server (weights size: 250032 bytes, client data size: 2381, sparse: False)
2025-05-13 15:20:31,986 - client_2 - INFO - Data transmission successful
2025-05-13 15:22:15,617 - client_2 - INFO - Client 2 started with algorithm: fedewma, model: lenet5
2025-05-13 15:22:24,979 - client_2 - INFO - Epoch 1/2 - Loss: 0.0094
2025-05-13 15:22:28,506 - client_2 - INFO - Epoch 2/2 - Loss: 0.0002
2025-05-13 15:22:28,507 - client_2 - INFO - Client 2 sending full delta weights
2025-05-13 15:22:28,509 - client_2 - INFO - Sent 250184 bytes to server (weights size: 250032 bytes, client data size: 2381, sparse: False)
2025-05-13 15:22:28,515 - client_2 - INFO - Data transmission successful
2025-05-13 15:22:31,379 - client_2 - INFO - Client 2 started with algorithm: fedewma, model: lenet5
2025-05-13 15:22:35,546 - client_2 - INFO - Epoch 1/2 - Loss: 0.0078
2025-05-13 15:22:36,277 - client_2 - INFO - Epoch 2/2 - Loss: 0.0003
2025-05-13 15:22:36,277 - client_2 - INFO - Client 2 sending full delta weights
2025-05-13 15:22:36,279 - client_2 - INFO - Sent 250184 bytes to server (weights size: 250032 bytes, client data size: 2381, sparse: False)
2025-05-13 15:22:36,281 - client_2 - INFO - Data transmission successful
2025-05-13 15:23:14,034 - client_2 - INFO - Client 2 started with algorithm: fedewma, model: lenet5
2025-05-13 15:23:20,836 - client_2 - INFO - Epoch 1/2 - Loss: 0.0075
2025-05-13 15:23:23,131 - client_2 - INFO - Epoch 2/2 - Loss: 0.0003
2025-05-13 15:23:23,131 - client_2 - INFO - Client 2 sending full delta weights
2025-05-13 15:23:23,134 - client_2 - INFO - Sent 250184 bytes to server (weights size: 250032 bytes, client data size: 2381, sparse: False)
2025-05-13 15:23:23,139 - client_2 - INFO - Data transmission successful
2025-05-13 15:23:53,800 - client_2 - INFO - Client 2 started with algorithm: fedewma, model: lenet5
2025-05-13 15:23:59,763 - client_2 - INFO - Epoch 1/2 - Loss: 0.0191
2025-05-13 15:24:01,162 - client_2 - INFO - Epoch 2/2 - Loss: 0.0001
2025-05-13 15:24:01,162 - client_2 - INFO - Client 2 sending full delta weights
2025-05-13 15:24:01,165 - client_2 - INFO - Sent 250184 bytes to server (weights size: 250032 bytes, client data size: 2381, sparse: False)
2025-05-13 15:24:01,168 - client_2 - INFO - Data transmission successful
2025-05-13 15:24:48,778 - client_2 - INFO - Client 2 started with algorithm: fedewma, model: lenet5
2025-05-13 15:24:55,175 - client_2 - INFO - Epoch 1/2 - Loss: 0.0070
2025-05-13 15:24:56,680 - client_2 - INFO - Epoch 2/2 - Loss: 0.0003
2025-05-13 15:24:56,680 - client_2 - INFO - Client 2 sending full delta weights
2025-05-13 15:24:56,682 - client_2 - INFO - Sent 250184 bytes to server (weights size: 250032 bytes, client data size: 2381, sparse: False)
2025-05-13 15:24:56,685 - client_2 - INFO - Data transmission successful
2025-05-13 15:26:47,920 - client_2 - INFO - Client 2 started with algorithm: fedewma, model: lenet5
2025-05-13 15:26:52,084 - client_2 - INFO - Epoch 1/2 - Loss: 0.0051
2025-05-13 15:26:52,758 - client_2 - INFO - Epoch 2/2 - Loss: 0.0002
2025-05-13 15:26:52,758 - client_2 - INFO - Client 2 sending full delta weights
2025-05-13 15:26:52,760 - client_2 - INFO - Sent 250184 bytes to server (weights size: 250032 bytes, client data size: 2381, sparse: False)
2025-05-13 15:26:52,763 - client_2 - INFO - Data transmission successful
2025-05-13 15:27:55,682 - client_2 - INFO - Client 2 started with algorithm: fedewma, model: lenet5
2025-05-13 15:28:01,948 - client_2 - INFO - Epoch 1/2 - Loss: 0.0063
2025-05-13 15:28:03,656 - client_2 - INFO - Epoch 2/2 - Loss: 0.0002
2025-05-13 15:28:03,657 - client_2 - INFO - Client 2 sending full delta weights
2025-05-13 15:28:03,659 - client_2 - INFO - Sent 250184 bytes to server (weights size: 250032 bytes, client data size: 2381, sparse: False)
2025-05-13 15:28:03,663 - client_2 - INFO - Data transmission successful
2025-05-13 15:28:35,981 - client_2 - INFO - Client 2 started with algorithm: fedewma, model: lenet5
2025-05-13 15:28:39,920 - client_2 - INFO - Epoch 1/2 - Loss: 0.0052
2025-05-13 15:28:40,581 - client_2 - INFO - Epoch 2/2 - Loss: 0.0003
2025-05-13 15:28:40,581 - client_2 - INFO - Client 2 sending full delta weights
2025-05-13 15:28:40,583 - client_2 - INFO - Sent 250184 bytes to server (weights size: 250032 bytes, client data size: 2381, sparse: False)
2025-05-13 15:28:40,585 - client_2 - INFO - Data transmission successful
2025-05-13 15:28:49,745 - client_2 - INFO - Client 2 started with algorithm: fedewma, model: lenet5
2025-05-13 15:28:55,994 - client_2 - INFO - Epoch 1/2 - Loss: 0.0059
2025-05-13 15:28:57,234 - client_2 - INFO - Epoch 2/2 - Loss: 0.0003
2025-05-13 15:28:57,234 - client_2 - INFO - Client 2 sending full delta weights
2025-05-13 15:28:57,237 - client_2 - INFO - Sent 250184 bytes to server (weights size: 250032 bytes, client data size: 2381, sparse: False)
2025-05-13 15:28:57,241 - client_2 - INFO - Data transmission successful
2025-05-13 15:29:40,056 - client_2 - INFO - Client 2 started with algorithm: fedewma, model: lenet5
2025-05-13 15:29:46,083 - client_2 - INFO - Epoch 1/2 - Loss: 0.0058
2025-05-13 15:29:46,944 - client_2 - INFO - Epoch 2/2 - Loss: 0.0002
2025-05-13 15:29:46,945 - client_2 - INFO - Client 2 sending full delta weights
2025-05-13 15:29:46,946 - client_2 - INFO - Sent 250184 bytes to server (weights size: 250032 bytes, client data size: 2381, sparse: False)
2025-05-13 15:29:46,949 - client_2 - INFO - Data transmission successful
2025-05-13 15:29:48,953 - client_2 - INFO - Client 2 started with algorithm: fedewma, model: lenet5
2025-05-13 15:29:55,258 - client_2 - INFO - Epoch 1/2 - Loss: 0.0044
2025-05-13 15:29:56,668 - client_2 - INFO - Epoch 2/2 - Loss: 0.0002
2025-05-13 15:29:56,668 - client_2 - INFO - Client 2 sending full delta weights
2025-05-13 15:29:56,670 - client_2 - INFO - Sent 250184 bytes to server (weights size: 250032 bytes, client data size: 2381, sparse: False)
2025-05-13 15:29:56,672 - client_2 - INFO - Data transmission successful
2025-05-13 15:30:28,117 - client_2 - INFO - Client 2 started with algorithm: fedewma, model: lenet5
2025-05-13 15:30:36,131 - client_2 - INFO - Epoch 1/2 - Loss: 0.0044
2025-05-13 15:30:37,778 - client_2 - INFO - Epoch 2/2 - Loss: 0.0002
2025-05-13 15:30:37,778 - client_2 - INFO - Client 2 sending full delta weights
2025-05-13 15:30:37,780 - client_2 - INFO - Sent 250184 bytes to server (weights size: 250032 bytes, client data size: 2381, sparse: False)
2025-05-13 15:30:37,785 - client_2 - INFO - Data transmission successful
2025-05-13 15:58:05,505 - client_2 - INFO - Client 2 started with algorithm: fedewma, model: resnet18fashion
2025-05-13 15:58:15,567 - client_2 - INFO - Epoch 1/2 - Loss: 0.4662
2025-05-13 15:58:19,964 - client_2 - INFO - Epoch 2/2 - Loss: 0.3585
2025-05-13 15:58:19,967 - client_2 - INFO - Client 2 sending full delta weights
2025-05-13 15:58:19,976 - client_2 - INFO - Sent 716145 bytes to server (weights size: 715993 bytes, client data size: 1269, sparse: False)
2025-05-13 15:58:19,996 - client_2 - INFO - Data transmission successful
2025-05-13 16:00:13,129 - client_2 - INFO - Client 2 started with algorithm: fedewma, model: resnet18fashion
2025-05-13 16:00:21,516 - client_2 - INFO - Epoch 1/2 - Loss: 0.3341
2025-05-13 16:00:26,088 - client_2 - INFO - Epoch 2/2 - Loss: 0.2421
2025-05-13 16:00:26,092 - client_2 - INFO - Client 2 sending full delta weights
2025-05-13 16:00:26,101 - client_2 - INFO - Sent 716145 bytes to server (weights size: 715993 bytes, client data size: 1269, sparse: False)
2025-05-13 16:00:26,122 - client_2 - INFO - Data transmission successful
2025-05-13 16:00:47,978 - client_2 - INFO - Client 2 started with algorithm: fedewma, model: resnet18fashion
2025-05-13 16:00:59,253 - client_2 - INFO - Epoch 1/2 - Loss: 0.2922
2025-05-13 16:01:04,862 - client_2 - INFO - Epoch 2/2 - Loss: 0.2288
2025-05-13 16:01:04,867 - client_2 - INFO - Client 2 sending full delta weights
2025-05-13 16:01:04,875 - client_2 - INFO - Sent 716145 bytes to server (weights size: 715993 bytes, client data size: 1269, sparse: False)
2025-05-13 16:01:04,898 - client_2 - INFO - Data transmission successful
2025-05-13 16:04:40,115 - client_2 - INFO - Client 2 started with algorithm: fedewma, model: resnet18fashion
2025-05-13 16:04:49,331 - client_2 - INFO - Epoch 1/2 - Loss: 0.2291
2025-05-13 16:04:52,813 - client_2 - INFO - Epoch 2/2 - Loss: 0.1995
2025-05-13 16:04:52,815 - client_2 - INFO - Client 2 sending full delta weights
2025-05-13 16:04:52,824 - client_2 - INFO - Sent 716145 bytes to server (weights size: 715993 bytes, client data size: 1269, sparse: False)
2025-05-13 16:04:52,842 - client_2 - INFO - Data transmission successful
2025-05-13 16:06:02,811 - client_2 - INFO - Client 2 started with algorithm: fedewma, model: resnet18fashion
2025-05-13 16:06:11,633 - client_2 - INFO - Epoch 1/2 - Loss: 0.2129
2025-05-13 16:06:15,133 - client_2 - INFO - Epoch 2/2 - Loss: 0.1812
2025-05-13 16:06:15,134 - client_2 - INFO - Client 2 sending full delta weights
2025-05-13 16:06:15,143 - client_2 - INFO - Sent 716145 bytes to server (weights size: 715993 bytes, client data size: 1269, sparse: False)
2025-05-13 16:06:15,157 - client_2 - INFO - Data transmission successful
2025-05-13 16:06:37,614 - client_2 - INFO - Client 2 started with algorithm: fedewma, model: resnet18fashion
2025-05-13 16:06:47,176 - client_2 - INFO - Epoch 1/2 - Loss: 0.2207
2025-05-13 16:06:49,619 - client_2 - INFO - Epoch 2/2 - Loss: 0.2007
2025-05-13 16:06:49,620 - client_2 - INFO - Client 2 sending full delta weights
2025-05-13 16:06:49,628 - client_2 - INFO - Sent 716145 bytes to server (weights size: 715993 bytes, client data size: 1269, sparse: False)
2025-05-13 16:06:49,647 - client_2 - INFO - Data transmission successful
2025-05-13 16:10:25,132 - client_2 - INFO - Client 2 started with algorithm: fedewma, model: resnet18fashion
2025-05-13 16:10:35,884 - client_2 - INFO - Epoch 1/2 - Loss: 0.1933
2025-05-13 16:10:43,463 - client_2 - INFO - Epoch 2/2 - Loss: 0.1619
2025-05-13 16:10:43,470 - client_2 - INFO - Client 2 sending full delta weights
2025-05-13 16:10:43,480 - client_2 - INFO - Sent 716145 bytes to server (weights size: 715993 bytes, client data size: 1269, sparse: False)
2025-05-13 16:10:43,513 - client_2 - INFO - Data transmission successful
2025-05-13 16:10:50,578 - client_2 - INFO - Client 2 started with algorithm: fedewma, model: resnet18fashion
2025-05-13 16:10:58,562 - client_2 - INFO - Epoch 1/2 - Loss: 0.2017
2025-05-13 16:11:01,184 - client_2 - INFO - Epoch 2/2 - Loss: 0.1728
2025-05-13 16:11:01,185 - client_2 - INFO - Client 2 sending full delta weights
2025-05-13 16:11:01,195 - client_2 - INFO - Sent 716145 bytes to server (weights size: 715993 bytes, client data size: 1269, sparse: False)
2025-05-13 16:11:01,212 - client_2 - INFO - Data transmission successful
2025-05-13 16:12:12,712 - client_2 - INFO - Client 2 started with algorithm: fedewma, model: resnet18fashion
2025-05-13 16:12:24,620 - client_2 - INFO - Epoch 1/2 - Loss: 0.1892
2025-05-13 16:12:30,197 - client_2 - INFO - Epoch 2/2 - Loss: 0.1719
2025-05-13 16:12:30,210 - client_2 - INFO - Client 2 sending full delta weights
2025-05-13 16:12:30,219 - client_2 - INFO - Sent 716145 bytes to server (weights size: 715993 bytes, client data size: 1269, sparse: False)
2025-05-13 16:12:30,257 - client_2 - INFO - Data transmission successful
2025-05-13 16:13:20,976 - client_2 - INFO - Client 2 started with algorithm: fedewma, model: resnet18fashion
2025-05-13 16:13:30,657 - client_2 - INFO - Epoch 1/2 - Loss: 0.1707
2025-05-13 16:13:33,773 - client_2 - INFO - Epoch 2/2 - Loss: 0.1557
2025-05-13 16:13:33,776 - client_2 - INFO - Client 2 sending full delta weights
2025-05-13 16:13:33,784 - client_2 - INFO - Sent 716145 bytes to server (weights size: 715993 bytes, client data size: 1269, sparse: False)
2025-05-13 16:13:33,803 - client_2 - INFO - Data transmission successful
2025-05-13 16:14:52,501 - client_2 - INFO - Client 2 started with algorithm: fedewma, model: resnet18fashion
2025-05-13 16:15:00,940 - client_2 - INFO - Epoch 1/2 - Loss: 0.1663
2025-05-13 16:15:02,693 - client_2 - INFO - Epoch 2/2 - Loss: 0.1699
2025-05-13 16:15:02,693 - client_2 - INFO - Early stopping triggered at epoch 2: Loss increased from 0.1663 to 0.1699
2025-05-13 16:15:02,693 - client_2 - INFO - Client 2 sending full delta weights
2025-05-13 16:15:02,700 - client_2 - INFO - Sent 716145 bytes to server (weights size: 715993 bytes, client data size: 1269, sparse: False)
2025-05-13 16:15:02,709 - client_2 - INFO - Data transmission successful
2025-05-13 16:18:03,918 - client_2 - INFO - Client 2 started with algorithm: fedewma, model: resnet18fashion
2025-05-13 16:18:12,677 - client_2 - INFO - Epoch 1/2 - Loss: 0.1811
2025-05-13 16:18:16,372 - client_2 - INFO - Epoch 2/2 - Loss: 0.1454
2025-05-13 16:18:16,373 - client_2 - INFO - Client 2 sending full delta weights
2025-05-13 16:18:16,381 - client_2 - INFO - Sent 716145 bytes to server (weights size: 715993 bytes, client data size: 1269, sparse: False)
2025-05-13 16:18:16,393 - client_2 - INFO - Data transmission successful
2025-05-13 16:20:09,370 - client_2 - INFO - Client 2 started with algorithm: fedewma, model: resnet18fashion
2025-05-13 16:20:19,003 - client_2 - INFO - Epoch 1/2 - Loss: 0.1689
2025-05-13 16:20:22,687 - client_2 - INFO - Epoch 2/2 - Loss: 0.1567
2025-05-13 16:20:22,688 - client_2 - INFO - Client 2 sending full delta weights
2025-05-13 16:20:22,696 - client_2 - INFO - Sent 716145 bytes to server (weights size: 715993 bytes, client data size: 1269, sparse: False)
2025-05-13 16:20:22,710 - client_2 - INFO - Data transmission successful
2025-05-13 16:21:44,504 - client_2 - INFO - Client 2 started with algorithm: fedewma, model: resnet18fashion
2025-05-13 16:21:55,581 - client_2 - INFO - Epoch 1/2 - Loss: 0.1749
2025-05-13 16:21:57,853 - client_2 - INFO - Epoch 2/2 - Loss: 0.1468
2025-05-13 16:21:57,853 - client_2 - INFO - Client 2 sending full delta weights
2025-05-13 16:21:57,862 - client_2 - INFO - Sent 716145 bytes to server (weights size: 715993 bytes, client data size: 1269, sparse: False)
2025-05-13 16:21:57,875 - client_2 - INFO - Data transmission successful
2025-05-13 16:22:14,690 - client_2 - INFO - Client 2 started with algorithm: fedewma, model: resnet18fashion
2025-05-13 16:22:24,091 - client_2 - INFO - Epoch 1/2 - Loss: 0.1567
2025-05-13 16:22:27,613 - client_2 - INFO - Epoch 2/2 - Loss: 0.1502
2025-05-13 16:22:27,615 - client_2 - INFO - Client 2 sending full delta weights
2025-05-13 16:22:27,623 - client_2 - INFO - Sent 716145 bytes to server (weights size: 715993 bytes, client data size: 1269, sparse: False)
2025-05-13 16:22:27,641 - client_2 - INFO - Data transmission successful
2025-05-13 16:24:07,072 - client_2 - INFO - Client 2 started with algorithm: fedewma, model: resnet18fashion
2025-05-13 16:24:15,356 - client_2 - INFO - Epoch 1/2 - Loss: 0.1510
2025-05-13 16:24:20,364 - client_2 - INFO - Epoch 2/2 - Loss: 0.1263
2025-05-13 16:24:20,368 - client_2 - INFO - Client 2 sending full delta weights
2025-05-13 16:24:20,377 - client_2 - INFO - Sent 716145 bytes to server (weights size: 715993 bytes, client data size: 1269, sparse: False)
2025-05-13 16:24:20,402 - client_2 - INFO - Data transmission successful
2025-05-13 16:24:27,493 - client_2 - INFO - Client 2 started with algorithm: fedewma, model: resnet18fashion
2025-05-13 16:24:37,411 - client_2 - INFO - Epoch 1/2 - Loss: 0.1470
2025-05-13 16:24:41,161 - client_2 - INFO - Epoch 2/2 - Loss: 0.1453
2025-05-13 16:24:41,164 - client_2 - INFO - Client 2 sending full delta weights
2025-05-13 16:24:41,173 - client_2 - INFO - Sent 716145 bytes to server (weights size: 715993 bytes, client data size: 1269, sparse: False)
2025-05-13 16:24:41,190 - client_2 - INFO - Data transmission successful
2025-05-13 16:25:34,984 - client_2 - INFO - Client 2 started with algorithm: fedewma, model: resnet18fashion
2025-05-13 16:25:45,409 - client_2 - INFO - Epoch 1/2 - Loss: 0.1461
2025-05-13 16:25:50,656 - client_2 - INFO - Epoch 2/2 - Loss: 0.1423
2025-05-13 16:25:50,658 - client_2 - INFO - Client 2 sending full delta weights
2025-05-13 16:25:50,667 - client_2 - INFO - Sent 716145 bytes to server (weights size: 715993 bytes, client data size: 1269, sparse: False)
2025-05-13 16:25:50,688 - client_2 - INFO - Data transmission successful
2025-05-14 07:22:27,814 - client_2 - INFO - Client 2 started with algorithm: fedprox, model: resnet18fashion
2025-05-14 07:22:37,187 - client_2 - INFO - Epoch 1/2 - Loss: 0.4662
2025-05-14 07:22:41,605 - client_2 - INFO - Epoch 2/2 - Loss: 0.3662
2025-05-14 07:22:41,613 - client_2 - INFO - Sent 717496 bytes to server (weights size: 717344 bytes, client data size: 1269, sparse: False)
2025-05-14 07:22:41,625 - client_2 - INFO - Data transmission successful
2025-05-14 07:24:26,687 - client_2 - INFO - Client 2 started with algorithm: fedprox, model: resnet18fashion
2025-05-14 07:24:33,611 - client_2 - INFO - Epoch 1/2 - Loss: 0.3168
2025-05-14 07:24:37,725 - client_2 - INFO - Epoch 2/2 - Loss: 0.2626
2025-05-14 07:24:37,736 - client_2 - INFO - Sent 717496 bytes to server (weights size: 717344 bytes, client data size: 1269, sparse: False)
2025-05-14 07:24:37,756 - client_2 - INFO - Data transmission successful
2025-05-14 07:25:04,382 - client_2 - INFO - Client 2 started with algorithm: fedprox, model: resnet18fashion
2025-05-14 07:25:16,732 - client_2 - INFO - Epoch 1/2 - Loss: 0.2875
2025-05-14 07:25:23,373 - client_2 - INFO - Epoch 2/2 - Loss: 0.2294
2025-05-14 07:25:23,381 - client_2 - INFO - Sent 717496 bytes to server (weights size: 717344 bytes, client data size: 1269, sparse: False)
2025-05-14 07:25:23,392 - client_2 - INFO - Data transmission successful
2025-05-14 07:29:14,891 - client_2 - INFO - Client 2 started with algorithm: fedprox, model: resnet18fashion
2025-05-14 07:29:24,000 - client_2 - INFO - Epoch 1/2 - Loss: 0.2291
2025-05-14 07:29:28,457 - client_2 - INFO - Epoch 2/2 - Loss: 0.2026
2025-05-14 07:29:28,468 - client_2 - INFO - Sent 717496 bytes to server (weights size: 717344 bytes, client data size: 1269, sparse: False)
2025-05-14 07:29:28,487 - client_2 - INFO - Data transmission successful
2025-05-14 07:30:39,169 - client_2 - INFO - Client 2 started with algorithm: fedprox, model: resnet18fashion
2025-05-14 07:30:46,998 - client_2 - INFO - Epoch 1/2 - Loss: 0.2345
2025-05-14 07:30:51,522 - client_2 - INFO - Epoch 2/2 - Loss: 0.1719
2025-05-14 07:30:51,532 - client_2 - INFO - Sent 717496 bytes to server (weights size: 717344 bytes, client data size: 1269, sparse: False)
2025-05-14 07:30:51,550 - client_2 - INFO - Data transmission successful
2025-05-14 07:31:13,251 - client_2 - INFO - Client 2 started with algorithm: fedprox, model: resnet18fashion
2025-05-14 07:31:19,235 - client_2 - INFO - Epoch 1/2 - Loss: 0.2123
2025-05-14 07:31:22,098 - client_2 - INFO - Epoch 2/2 - Loss: 0.2180
2025-05-14 07:31:22,098 - client_2 - INFO - Early stopping triggered at epoch 2: Loss increased from 0.2123 to 0.2180
2025-05-14 07:31:22,106 - client_2 - INFO - Sent 717496 bytes to server (weights size: 717344 bytes, client data size: 1269, sparse: False)
2025-05-14 07:31:22,117 - client_2 - INFO - Data transmission successful
2025-05-14 07:34:48,610 - client_2 - INFO - Client 2 started with algorithm: fedprox, model: resnet18fashion
2025-05-14 07:35:00,594 - client_2 - INFO - Epoch 1/2 - Loss: 0.2050
2025-05-14 07:35:07,263 - client_2 - INFO - Epoch 2/2 - Loss: 0.1748
2025-05-14 07:35:07,276 - client_2 - INFO - Sent 717496 bytes to server (weights size: 717344 bytes, client data size: 1269, sparse: False)
2025-05-14 07:35:07,303 - client_2 - INFO - Data transmission successful
2025-05-14 07:35:11,002 - client_2 - INFO - Client 2 started with algorithm: fedprox, model: resnet18fashion
2025-05-14 07:35:16,352 - client_2 - INFO - Epoch 1/2 - Loss: 0.2144
2025-05-14 07:35:19,213 - client_2 - INFO - Epoch 2/2 - Loss: 0.1763
2025-05-14 07:35:19,225 - client_2 - INFO - Sent 717496 bytes to server (weights size: 717344 bytes, client data size: 1269, sparse: False)
2025-05-14 07:35:19,242 - client_2 - INFO - Data transmission successful
2025-05-14 07:36:33,270 - client_2 - INFO - Client 2 started with algorithm: fedprox, model: resnet18fashion
2025-05-14 07:36:44,330 - client_2 - INFO - Epoch 1/2 - Loss: 0.1962
2025-05-14 07:36:51,748 - client_2 - INFO - Epoch 2/2 - Loss: 0.1596
2025-05-14 07:36:51,759 - client_2 - INFO - Sent 717496 bytes to server (weights size: 717344 bytes, client data size: 1269, sparse: False)
2025-05-14 07:36:51,787 - client_2 - INFO - Data transmission successful
2025-05-14 07:37:42,591 - client_2 - INFO - Client 2 started with algorithm: fedprox, model: resnet18fashion
2025-05-14 07:37:50,497 - client_2 - INFO - Epoch 1/2 - Loss: 0.2018
2025-05-14 07:37:54,234 - client_2 - INFO - Epoch 2/2 - Loss: 0.1894
2025-05-14 07:37:54,243 - client_2 - INFO - Sent 717496 bytes to server (weights size: 717344 bytes, client data size: 1269, sparse: False)
2025-05-14 07:37:54,255 - client_2 - INFO - Data transmission successful
2025-05-14 07:39:11,567 - client_2 - INFO - Client 2 started with algorithm: fedprox, model: resnet18fashion
2025-05-14 07:39:19,029 - client_2 - INFO - Epoch 1/2 - Loss: 0.2213
2025-05-14 07:39:21,512 - client_2 - INFO - Epoch 2/2 - Loss: 0.1580
2025-05-14 07:39:21,523 - client_2 - INFO - Sent 717496 bytes to server (weights size: 717344 bytes, client data size: 1269, sparse: False)
2025-05-14 07:39:21,538 - client_2 - INFO - Data transmission successful
2025-05-14 07:42:15,064 - client_2 - INFO - Client 2 started with algorithm: fedprox, model: resnet18fashion
2025-05-14 07:42:22,402 - client_2 - INFO - Epoch 1/2 - Loss: 0.1863
2025-05-14 07:42:27,050 - client_2 - INFO - Epoch 2/2 - Loss: 0.1566
2025-05-14 07:42:27,059 - client_2 - INFO - Sent 717496 bytes to server (weights size: 717344 bytes, client data size: 1269, sparse: False)
2025-05-14 07:42:27,071 - client_2 - INFO - Data transmission successful
2025-05-14 07:44:16,788 - client_2 - INFO - Client 2 started with algorithm: fedprox, model: resnet18fashion
2025-05-14 07:44:23,771 - client_2 - INFO - Epoch 1/2 - Loss: 0.1783
2025-05-14 07:44:28,369 - client_2 - INFO - Epoch 2/2 - Loss: 0.1677
2025-05-14 07:44:28,380 - client_2 - INFO - Sent 717496 bytes to server (weights size: 717344 bytes, client data size: 1269, sparse: False)
2025-05-14 07:44:28,399 - client_2 - INFO - Data transmission successful
2025-05-14 07:45:43,477 - client_2 - INFO - Client 2 started with algorithm: fedprox, model: resnet18fashion
2025-05-14 07:45:51,519 - client_2 - INFO - Epoch 1/2 - Loss: 0.1769
2025-05-14 07:45:55,921 - client_2 - INFO - Epoch 2/2 - Loss: 0.1419
2025-05-14 07:45:55,932 - client_2 - INFO - Sent 717496 bytes to server (weights size: 717344 bytes, client data size: 1269, sparse: False)
2025-05-14 07:45:55,956 - client_2 - INFO - Data transmission successful
2025-05-14 07:46:12,735 - client_2 - INFO - Client 2 started with algorithm: fedprox, model: resnet18fashion
2025-05-14 07:46:20,264 - client_2 - INFO - Epoch 1/2 - Loss: 0.1738
2025-05-14 07:46:24,967 - client_2 - INFO - Epoch 2/2 - Loss: 0.1454
2025-05-14 07:46:24,976 - client_2 - INFO - Sent 717496 bytes to server (weights size: 717344 bytes, client data size: 1269, sparse: False)
2025-05-14 07:46:24,994 - client_2 - INFO - Data transmission successful
2025-05-14 07:47:42,579 - client_2 - INFO - Client 2 started with algorithm: fedprox, model: resnet18fashion
2025-05-14 07:47:50,677 - client_2 - INFO - Epoch 1/2 - Loss: 0.1526
2025-05-14 07:47:58,473 - client_2 - INFO - Epoch 2/2 - Loss: 0.1374
2025-05-14 07:47:58,490 - client_2 - INFO - Sent 717496 bytes to server (weights size: 717344 bytes, client data size: 1269, sparse: False)
2025-05-14 07:47:58,521 - client_2 - INFO - Data transmission successful
2025-05-14 07:48:03,649 - client_2 - INFO - Client 2 started with algorithm: fedprox, model: resnet18fashion
2025-05-14 07:48:14,414 - client_2 - INFO - Epoch 1/2 - Loss: 0.1595
2025-05-14 07:48:19,667 - client_2 - INFO - Epoch 2/2 - Loss: 0.1324
2025-05-14 07:48:19,679 - client_2 - INFO - Sent 717496 bytes to server (weights size: 717344 bytes, client data size: 1269, sparse: False)
2025-05-14 07:48:19,695 - client_2 - INFO - Data transmission successful
2025-05-14 07:49:15,555 - client_2 - INFO - Client 2 started with algorithm: fedprox, model: resnet18fashion
2025-05-14 07:49:25,589 - client_2 - INFO - Epoch 1/2 - Loss: 0.1512
2025-05-14 07:49:31,845 - client_2 - INFO - Epoch 2/2 - Loss: 0.1782
2025-05-14 07:49:31,845 - client_2 - INFO - Early stopping triggered at epoch 2: Loss increased from 0.1512 to 0.1782
2025-05-14 07:49:31,856 - client_2 - INFO - Sent 717496 bytes to server (weights size: 717344 bytes, client data size: 1269, sparse: False)
2025-05-14 07:49:31,877 - client_2 - INFO - Data transmission successful
2025-05-14 08:36:50,073 - client_2 - INFO - Client 2 started with algorithm: fedavg, model: resnet18fashion
2025-05-14 08:37:02,036 - client_2 - INFO - Epoch 1/2 - Loss: 0.4810
2025-05-14 08:37:05,783 - client_2 - INFO - Epoch 2/2 - Loss: 0.3457
2025-05-14 08:37:05,794 - client_2 - INFO - Sent 717498 bytes to server (weights size: 717344 bytes, client data size: 1269, sparse: False)
2025-05-14 08:37:05,812 - client_2 - INFO - Data transmission successful
2025-05-14 08:38:56,799 - client_2 - INFO - Client 2 started with algorithm: fedavg, model: resnet18fashion
2025-05-14 08:39:02,615 - client_2 - INFO - Epoch 1/2 - Loss: 0.3323
2025-05-14 08:39:06,037 - client_2 - INFO - Epoch 2/2 - Loss: 0.2676
2025-05-14 08:39:06,048 - client_2 - INFO - Sent 717498 bytes to server (weights size: 717344 bytes, client data size: 1269, sparse: False)
2025-05-14 08:39:06,071 - client_2 - INFO - Data transmission successful
2025-05-14 08:39:27,288 - client_2 - INFO - Client 2 started with algorithm: fedavg, model: resnet18fashion
2025-05-14 08:39:38,222 - client_2 - INFO - Epoch 1/2 - Loss: 0.2886
2025-05-14 08:39:44,572 - client_2 - INFO - Epoch 2/2 - Loss: 0.2389
2025-05-14 08:39:44,583 - client_2 - INFO - Sent 717498 bytes to server (weights size: 717344 bytes, client data size: 1269, sparse: False)
2025-05-14 08:39:44,604 - client_2 - INFO - Data transmission successful
2025-05-14 08:43:16,708 - client_2 - INFO - Client 2 started with algorithm: fedavg, model: resnet18fashion
2025-05-14 08:43:25,873 - client_2 - INFO - Epoch 1/2 - Loss: 0.2354
2025-05-14 08:43:32,978 - client_2 - INFO - Epoch 2/2 - Loss: 0.1980
2025-05-14 08:43:32,992 - client_2 - INFO - Sent 717498 bytes to server (weights size: 717344 bytes, client data size: 1269, sparse: False)
2025-05-14 08:43:33,013 - client_2 - INFO - Data transmission successful
2025-05-14 08:44:51,922 - client_2 - INFO - Client 2 started with algorithm: fedavg, model: resnet18fashion
2025-05-14 08:45:02,586 - client_2 - INFO - Epoch 1/2 - Loss: 0.2288
2025-05-14 08:45:06,943 - client_2 - INFO - Epoch 2/2 - Loss: 0.1958
2025-05-14 08:45:06,954 - client_2 - INFO - Sent 717498 bytes to server (weights size: 717344 bytes, client data size: 1269, sparse: False)
2025-05-14 08:45:06,991 - client_2 - INFO - Data transmission successful
2025-05-14 08:45:33,043 - client_2 - INFO - Client 2 started with algorithm: fedavg, model: resnet18fashion
2025-05-14 08:45:39,468 - client_2 - INFO - Epoch 1/2 - Loss: 0.2020
2025-05-14 08:45:42,278 - client_2 - INFO - Epoch 2/2 - Loss: 0.1966
2025-05-14 08:45:42,288 - client_2 - INFO - Sent 717498 bytes to server (weights size: 717344 bytes, client data size: 1269, sparse: False)
2025-05-14 08:45:42,302 - client_2 - INFO - Data transmission successful
2025-05-14 08:48:50,665 - client_2 - INFO - Client 2 started with algorithm: fedavg, model: resnet18fashion
2025-05-14 08:49:00,777 - client_2 - INFO - Epoch 1/2 - Loss: 0.1988
2025-05-14 08:49:05,124 - client_2 - INFO - Epoch 2/2 - Loss: 0.1682
2025-05-14 08:49:05,135 - client_2 - INFO - Sent 717498 bytes to server (weights size: 717344 bytes, client data size: 1269, sparse: False)
2025-05-14 08:49:05,152 - client_2 - INFO - Data transmission successful
2025-05-14 08:49:08,306 - client_2 - INFO - Client 2 started with algorithm: fedavg, model: resnet18fashion
2025-05-14 08:49:15,453 - client_2 - INFO - Epoch 1/2 - Loss: 0.1957
2025-05-14 08:49:17,404 - client_2 - INFO - Epoch 2/2 - Loss: 0.1650
2025-05-14 08:49:17,412 - client_2 - INFO - Sent 717498 bytes to server (weights size: 717344 bytes, client data size: 1269, sparse: False)
2025-05-14 08:49:17,423 - client_2 - INFO - Data transmission successful
2025-05-14 08:50:20,500 - client_2 - INFO - Client 2 started with algorithm: fedavg, model: resnet18fashion
2025-05-14 08:50:30,653 - client_2 - INFO - Epoch 1/2 - Loss: 0.2002
2025-05-14 08:50:37,078 - client_2 - INFO - Epoch 2/2 - Loss: 0.1612
2025-05-14 08:50:37,089 - client_2 - INFO - Sent 717498 bytes to server (weights size: 717344 bytes, client data size: 1269, sparse: False)
2025-05-14 08:50:37,111 - client_2 - INFO - Data transmission successful
2025-05-14 08:51:24,165 - client_2 - INFO - Client 2 started with algorithm: fedavg, model: resnet18fashion
2025-05-14 08:51:30,451 - client_2 - INFO - Epoch 1/2 - Loss: 0.2054
2025-05-14 08:51:33,813 - client_2 - INFO - Epoch 2/2 - Loss: 0.1675
2025-05-14 08:51:33,822 - client_2 - INFO - Sent 717498 bytes to server (weights size: 717344 bytes, client data size: 1269, sparse: False)
2025-05-14 08:51:33,836 - client_2 - INFO - Data transmission successful
2025-05-14 08:52:37,690 - client_2 - INFO - Client 2 started with algorithm: fedavg, model: resnet18fashion
2025-05-14 08:52:43,150 - client_2 - INFO - Epoch 1/2 - Loss: 0.2207
2025-05-14 08:52:45,200 - client_2 - INFO - Epoch 2/2 - Loss: 0.1558
2025-05-14 08:52:45,209 - client_2 - INFO - Sent 717498 bytes to server (weights size: 717344 bytes, client data size: 1269, sparse: False)
2025-05-14 08:52:45,224 - client_2 - INFO - Data transmission successful
2025-05-14 08:55:30,504 - client_2 - INFO - Client 2 started with algorithm: fedavg, model: resnet18fashion
2025-05-14 08:55:37,144 - client_2 - INFO - Epoch 1/2 - Loss: 0.2005
2025-05-14 08:55:40,158 - client_2 - INFO - Epoch 2/2 - Loss: 0.1579
2025-05-14 08:55:40,169 - client_2 - INFO - Sent 717498 bytes to server (weights size: 717344 bytes, client data size: 1269, sparse: False)
2025-05-14 08:55:40,185 - client_2 - INFO - Data transmission successful
2025-05-14 08:57:27,352 - client_2 - INFO - Client 2 started with algorithm: fedavg, model: resnet18fashion
2025-05-14 08:57:33,825 - client_2 - INFO - Epoch 1/2 - Loss: 0.1757
2025-05-14 08:57:37,850 - client_2 - INFO - Epoch 2/2 - Loss: 0.1400
2025-05-14 08:57:37,861 - client_2 - INFO - Sent 717498 bytes to server (weights size: 717344 bytes, client data size: 1269, sparse: False)
2025-05-14 08:57:37,881 - client_2 - INFO - Data transmission successful
2025-05-14 08:58:40,870 - client_2 - INFO - Client 2 started with algorithm: fedavg, model: resnet18fashion
2025-05-14 08:58:48,145 - client_2 - INFO - Epoch 1/2 - Loss: 0.1864
2025-05-14 08:58:52,166 - client_2 - INFO - Epoch 2/2 - Loss: 0.1410
2025-05-14 08:58:52,176 - client_2 - INFO - Sent 717498 bytes to server (weights size: 717344 bytes, client data size: 1269, sparse: False)
2025-05-14 08:58:52,188 - client_2 - INFO - Data transmission successful
2025-05-14 08:59:07,646 - client_2 - INFO - Client 2 started with algorithm: fedavg, model: resnet18fashion
2025-05-14 08:59:14,749 - client_2 - INFO - Epoch 1/2 - Loss: 0.1913
2025-05-14 08:59:18,556 - client_2 - INFO - Epoch 2/2 - Loss: 0.1671
2025-05-14 08:59:18,567 - client_2 - INFO - Sent 717498 bytes to server (weights size: 717344 bytes, client data size: 1269, sparse: False)
2025-05-14 08:59:18,588 - client_2 - INFO - Data transmission successful
2025-05-14 09:00:31,253 - client_2 - INFO - Client 2 started with algorithm: fedavg, model: resnet18fashion
2025-05-14 09:00:38,427 - client_2 - INFO - Epoch 1/2 - Loss: 0.1698
2025-05-14 09:00:44,276 - client_2 - INFO - Epoch 2/2 - Loss: 0.1419
2025-05-14 09:00:44,287 - client_2 - INFO - Sent 717498 bytes to server (weights size: 717344 bytes, client data size: 1269, sparse: False)
2025-05-14 09:00:44,314 - client_2 - INFO - Data transmission successful
2025-05-14 09:00:49,657 - client_2 - INFO - Client 2 started with algorithm: fedavg, model: resnet18fashion
2025-05-14 09:00:57,443 - client_2 - INFO - Epoch 1/2 - Loss: 0.1484
2025-05-14 09:01:01,803 - client_2 - INFO - Epoch 2/2 - Loss: 0.1456
2025-05-14 09:01:01,814 - client_2 - INFO - Sent 717498 bytes to server (weights size: 717344 bytes, client data size: 1269, sparse: False)
2025-05-14 09:01:01,838 - client_2 - INFO - Data transmission successful
2025-05-14 09:02:00,830 - client_2 - INFO - Client 2 started with algorithm: fedavg, model: resnet18fashion
2025-05-14 09:02:10,718 - client_2 - INFO - Epoch 1/2 - Loss: 0.1587
2025-05-14 09:02:16,362 - client_2 - INFO - Epoch 2/2 - Loss: 0.1561
2025-05-14 09:02:16,375 - client_2 - INFO - Sent 717498 bytes to server (weights size: 717344 bytes, client data size: 1269, sparse: False)
2025-05-14 09:02:16,391 - client_2 - INFO - Data transmission successful
