2025-05-12 11:19:51,174 - client_40 - INFO - Client 40 started with algorithm: fedewma, model: lenet5
2025-05-12 11:19:57,057 - client_40 - INFO - Epoch 1/2 - Loss: 0.6552
2025-05-12 11:19:58,139 - client_40 - INFO - Epoch 2/2 - Loss: 0.1918
2025-05-12 11:19:58,139 - client_40 - INFO - Client 40 sending full delta weights
2025-05-12 11:19:58,141 - client_40 - INFO - Sent 250184 bytes to server (weights size: 250032 bytes, client data size: 3217, sparse: False)
2025-05-12 11:19:58,144 - client_40 - INFO - Data transmission successful
2025-05-12 11:20:43,331 - client_40 - INFO - Client 40 started with algorithm: fedewma, model: lenet5
2025-05-12 11:20:49,690 - client_40 - INFO - Epoch 1/2 - Loss: 0.1868
2025-05-12 11:20:50,844 - client_40 - INFO - Epoch 2/2 - Loss: 0.1000
2025-05-12 11:20:50,846 - client_40 - INFO - Client 40 sending full delta weights
2025-05-12 11:20:50,848 - client_40 - INFO - Sent 250184 bytes to server (weights size: 250032 bytes, client data size: 3217, sparse: False)
2025-05-12 11:20:50,851 - client_40 - INFO - Data transmission successful
2025-05-12 11:21:30,651 - client_40 - INFO - Client 40 started with algorithm: fedewma, model: lenet5
2025-05-12 11:21:39,532 - client_40 - INFO - Epoch 1/2 - Loss: 0.1297
2025-05-12 11:21:41,204 - client_40 - INFO - Epoch 2/2 - Loss: 0.0755
2025-05-12 11:21:41,204 - client_40 - INFO - Client 40 sending full delta weights
2025-05-12 11:21:41,206 - client_40 - INFO - Sent 250184 bytes to server (weights size: 250032 bytes, client data size: 3217, sparse: False)
2025-05-12 11:21:41,209 - client_40 - INFO - Data transmission successful
2025-05-12 11:21:53,730 - client_40 - INFO - Client 40 started with algorithm: fedewma, model: lenet5
2025-05-12 11:22:05,134 - client_40 - INFO - Epoch 1/2 - Loss: 0.1199
2025-05-12 11:22:08,012 - client_40 - INFO - Epoch 2/2 - Loss: 0.0707
2025-05-12 11:22:08,013 - client_40 - INFO - Client 40 sending full delta weights
2025-05-12 11:22:08,015 - client_40 - INFO - Sent 250184 bytes to server (weights size: 250032 bytes, client data size: 3217, sparse: False)
2025-05-12 11:22:08,021 - client_40 - INFO - Data transmission successful
2025-05-12 11:23:12,311 - client_40 - INFO - Client 40 started with algorithm: fedewma, model: lenet5
2025-05-12 11:23:22,031 - client_40 - INFO - Epoch 1/2 - Loss: 0.1172
2025-05-12 11:23:23,114 - client_40 - INFO - Epoch 2/2 - Loss: 0.0653
2025-05-12 11:23:23,114 - client_40 - INFO - Client 40 sending full delta weights
2025-05-12 11:23:23,116 - client_40 - INFO - Sent 250184 bytes to server (weights size: 250032 bytes, client data size: 3217, sparse: False)
2025-05-12 11:23:23,121 - client_40 - INFO - Data transmission successful
2025-05-12 11:23:45,977 - client_40 - INFO - Client 40 started with algorithm: fedewma, model: lenet5
2025-05-12 11:23:55,142 - client_40 - INFO - Epoch 1/2 - Loss: 0.0860
2025-05-12 11:23:57,211 - client_40 - INFO - Epoch 2/2 - Loss: 0.0555
2025-05-12 11:23:57,212 - client_40 - INFO - Client 40 sending full delta weights
2025-05-12 11:23:57,213 - client_40 - INFO - Sent 250184 bytes to server (weights size: 250032 bytes, client data size: 3217, sparse: False)
2025-05-12 11:23:57,217 - client_40 - INFO - Data transmission successful
2025-05-12 11:23:59,231 - client_40 - INFO - Client 40 started with algorithm: fedewma, model: lenet5
2025-05-12 11:24:09,578 - client_40 - INFO - Epoch 1/2 - Loss: 0.0797
2025-05-12 11:24:12,345 - client_40 - INFO - Epoch 2/2 - Loss: 0.0603
2025-05-12 11:24:12,345 - client_40 - INFO - Client 40 sending full delta weights
2025-05-12 11:24:12,348 - client_40 - INFO - Sent 250184 bytes to server (weights size: 250032 bytes, client data size: 3217, sparse: False)
2025-05-12 11:24:12,353 - client_40 - INFO - Data transmission successful
2025-05-12 11:25:15,109 - client_40 - INFO - Client 40 started with algorithm: fedewma, model: lenet5
2025-05-12 11:25:22,604 - client_40 - INFO - Epoch 1/2 - Loss: 0.0728
2025-05-12 11:25:24,523 - client_40 - INFO - Epoch 2/2 - Loss: 0.0462
2025-05-12 11:25:24,524 - client_40 - INFO - Client 40 sending full delta weights
2025-05-12 11:25:24,527 - client_40 - INFO - Sent 250184 bytes to server (weights size: 250032 bytes, client data size: 3217, sparse: False)
2025-05-12 11:25:24,530 - client_40 - INFO - Data transmission successful
2025-05-12 11:30:01,963 - client_40 - INFO - Client 40 started with algorithm: fedewma, model: lenet5
2025-05-12 11:30:10,097 - client_40 - INFO - Epoch 1/2 - Loss: 0.0785
2025-05-12 11:30:11,508 - client_40 - INFO - Epoch 2/2 - Loss: 0.0388
2025-05-12 11:30:11,509 - client_40 - INFO - Client 40 sending full delta weights
2025-05-12 11:30:11,510 - client_40 - INFO - Sent 250184 bytes to server (weights size: 250032 bytes, client data size: 3217, sparse: False)
2025-05-12 11:30:11,513 - client_40 - INFO - Data transmission successful
2025-05-12 11:30:13,522 - client_40 - INFO - Client 40 started with algorithm: fedewma, model: lenet5
2025-05-12 11:30:20,877 - client_40 - INFO - Epoch 1/2 - Loss: 0.0673
2025-05-12 11:30:21,990 - client_40 - INFO - Epoch 2/2 - Loss: 0.0334
2025-05-12 11:30:21,990 - client_40 - INFO - Client 40 sending full delta weights
2025-05-12 11:30:21,992 - client_40 - INFO - Sent 250184 bytes to server (weights size: 250032 bytes, client data size: 3217, sparse: False)
2025-05-12 11:30:21,995 - client_40 - INFO - Data transmission successful
2025-05-12 11:34:09,226 - client_40 - INFO - Client 40 started with algorithm: fedewma, model: lenet5
2025-05-12 11:34:15,699 - client_40 - INFO - Epoch 1/2 - Loss: 0.0517
2025-05-12 11:34:16,857 - client_40 - INFO - Epoch 2/2 - Loss: 0.0257
2025-05-12 11:34:16,858 - client_40 - INFO - Client 40 sending full delta weights
2025-05-12 11:34:16,860 - client_40 - INFO - Sent 250184 bytes to server (weights size: 250032 bytes, client data size: 3217, sparse: False)
2025-05-12 11:34:16,862 - client_40 - INFO - Data transmission successful
2025-05-12 11:34:52,316 - client_40 - INFO - Client 40 started with algorithm: fedewma, model: lenet5
2025-05-12 11:35:01,050 - client_40 - INFO - Epoch 1/2 - Loss: 0.0570
2025-05-12 11:35:02,210 - client_40 - INFO - Epoch 2/2 - Loss: 0.0259
2025-05-12 11:35:02,210 - client_40 - INFO - Client 40 sending full delta weights
2025-05-12 11:35:02,211 - client_40 - INFO - Sent 250184 bytes to server (weights size: 250032 bytes, client data size: 3217, sparse: False)
2025-05-12 11:35:02,214 - client_40 - INFO - Data transmission successful
2025-05-12 11:35:20,412 - client_40 - INFO - Client 40 started with algorithm: fedewma, model: lenet5
2025-05-12 11:35:28,295 - client_40 - INFO - Epoch 1/2 - Loss: 0.0446
2025-05-12 11:35:29,789 - client_40 - INFO - Epoch 2/2 - Loss: 0.0250
2025-05-12 11:35:29,789 - client_40 - INFO - Client 40 sending full delta weights
2025-05-12 11:35:29,791 - client_40 - INFO - Sent 250184 bytes to server (weights size: 250032 bytes, client data size: 3217, sparse: False)
2025-05-12 11:35:29,794 - client_40 - INFO - Data transmission successful
2025-05-12 11:36:38,289 - client_40 - INFO - Client 40 started with algorithm: fedewma, model: lenet5
2025-05-12 11:36:45,908 - client_40 - INFO - Epoch 1/2 - Loss: 0.0407
2025-05-12 11:36:48,061 - client_40 - INFO - Epoch 2/2 - Loss: 0.0245
2025-05-12 11:36:48,061 - client_40 - INFO - Client 40 sending full delta weights
2025-05-12 11:36:48,063 - client_40 - INFO - Sent 250184 bytes to server (weights size: 250032 bytes, client data size: 3217, sparse: False)
2025-05-12 11:36:48,067 - client_40 - INFO - Data transmission successful
2025-05-12 11:37:11,313 - client_40 - INFO - Client 40 started with algorithm: fedewma, model: lenet5
2025-05-12 11:37:20,389 - client_40 - INFO - Epoch 1/2 - Loss: 0.0425
2025-05-12 11:37:21,908 - client_40 - INFO - Epoch 2/2 - Loss: 0.0248
2025-05-12 11:37:21,908 - client_40 - INFO - Client 40 sending full delta weights
2025-05-12 11:37:21,910 - client_40 - INFO - Sent 250184 bytes to server (weights size: 250032 bytes, client data size: 3217, sparse: False)
2025-05-12 11:37:21,912 - client_40 - INFO - Data transmission successful
2025-05-13 07:07:32,018 - client_40 - INFO - Client 40 started with algorithm: fedprox, model: lenet5
2025-05-13 07:07:41,559 - client_40 - INFO - Epoch 1/2 - Loss: 0.6708
2025-05-13 07:07:43,075 - client_40 - INFO - Epoch 2/2 - Loss: 0.1978
2025-05-13 07:07:43,078 - client_40 - INFO - Sent 250511 bytes to server (weights size: 250359 bytes, client data size: 3217, sparse: False)
2025-05-13 07:07:43,081 - client_40 - INFO - Data transmission successful
2025-05-13 07:08:22,751 - client_40 - INFO - Client 40 started with algorithm: fedprox, model: lenet5
2025-05-13 07:08:31,045 - client_40 - INFO - Epoch 1/2 - Loss: 0.1803
2025-05-13 07:08:33,288 - client_40 - INFO - Epoch 2/2 - Loss: 0.0999
2025-05-13 07:08:33,291 - client_40 - INFO - Sent 250511 bytes to server (weights size: 250359 bytes, client data size: 3217, sparse: False)
2025-05-13 07:08:33,295 - client_40 - INFO - Data transmission successful
2025-05-13 07:09:16,795 - client_40 - INFO - Client 40 started with algorithm: fedprox, model: lenet5
2025-05-13 07:09:24,443 - client_40 - INFO - Epoch 1/2 - Loss: 0.1311
2025-05-13 07:09:26,228 - client_40 - INFO - Epoch 2/2 - Loss: 0.0758
2025-05-13 07:09:26,230 - client_40 - INFO - Sent 250511 bytes to server (weights size: 250359 bytes, client data size: 3217, sparse: False)
2025-05-13 07:09:26,234 - client_40 - INFO - Data transmission successful
2025-05-13 07:09:37,342 - client_40 - INFO - Client 40 started with algorithm: fedprox, model: lenet5
2025-05-13 07:09:45,287 - client_40 - INFO - Epoch 1/2 - Loss: 0.1211
2025-05-13 07:09:48,536 - client_40 - INFO - Epoch 2/2 - Loss: 0.0685
2025-05-13 07:09:48,539 - client_40 - INFO - Sent 250511 bytes to server (weights size: 250359 bytes, client data size: 3217, sparse: False)
2025-05-13 07:09:48,544 - client_40 - INFO - Data transmission successful
2025-05-13 07:10:40,410 - client_40 - INFO - Client 40 started with algorithm: fedprox, model: lenet5
2025-05-13 07:10:47,066 - client_40 - INFO - Epoch 1/2 - Loss: 0.1189
2025-05-13 07:10:48,404 - client_40 - INFO - Epoch 2/2 - Loss: 0.0658
2025-05-13 07:10:48,406 - client_40 - INFO - Sent 250511 bytes to server (weights size: 250359 bytes, client data size: 3217, sparse: False)
2025-05-13 07:10:48,408 - client_40 - INFO - Data transmission successful
2025-05-13 07:11:05,851 - client_40 - INFO - Client 40 started with algorithm: fedprox, model: lenet5
2025-05-13 07:11:12,321 - client_40 - INFO - Epoch 1/2 - Loss: 0.0858
2025-05-13 07:11:15,005 - client_40 - INFO - Epoch 2/2 - Loss: 0.0560
2025-05-13 07:11:15,008 - client_40 - INFO - Sent 250511 bytes to server (weights size: 250359 bytes, client data size: 3217, sparse: False)
2025-05-13 07:11:15,011 - client_40 - INFO - Data transmission successful
2025-05-13 07:11:17,025 - client_40 - INFO - Client 40 started with algorithm: fedprox, model: lenet5
2025-05-13 07:11:25,071 - client_40 - INFO - Epoch 1/2 - Loss: 0.0838
2025-05-13 07:11:27,888 - client_40 - INFO - Epoch 2/2 - Loss: 0.0512
2025-05-13 07:11:27,890 - client_40 - INFO - Sent 250511 bytes to server (weights size: 250359 bytes, client data size: 3217, sparse: False)
2025-05-13 07:11:27,894 - client_40 - INFO - Data transmission successful
2025-05-13 07:12:17,486 - client_40 - INFO - Client 40 started with algorithm: fedprox, model: lenet5
2025-05-13 07:12:22,971 - client_40 - INFO - Epoch 1/2 - Loss: 0.0746
2025-05-13 07:12:25,016 - client_40 - INFO - Epoch 2/2 - Loss: 0.0509
2025-05-13 07:12:25,019 - client_40 - INFO - Sent 250511 bytes to server (weights size: 250359 bytes, client data size: 3217, sparse: False)
2025-05-13 07:12:25,023 - client_40 - INFO - Data transmission successful
2025-05-13 07:15:55,490 - client_40 - INFO - Client 40 started with algorithm: fedprox, model: lenet5
2025-05-13 07:16:00,841 - client_40 - INFO - Epoch 1/2 - Loss: 0.0803
2025-05-13 07:16:02,443 - client_40 - INFO - Epoch 2/2 - Loss: 0.0377
2025-05-13 07:16:02,446 - client_40 - INFO - Sent 250511 bytes to server (weights size: 250359 bytes, client data size: 3217, sparse: False)
2025-05-13 07:16:02,448 - client_40 - INFO - Data transmission successful
2025-05-13 07:16:04,451 - client_40 - INFO - Client 40 started with algorithm: fedprox, model: lenet5
2025-05-13 07:16:09,360 - client_40 - INFO - Epoch 1/2 - Loss: 0.0656
2025-05-13 07:16:10,400 - client_40 - INFO - Epoch 2/2 - Loss: 0.0323
2025-05-13 07:16:10,402 - client_40 - INFO - Sent 250511 bytes to server (weights size: 250359 bytes, client data size: 3217, sparse: False)
2025-05-13 07:16:10,405 - client_40 - INFO - Data transmission successful
2025-05-13 07:19:08,669 - client_40 - INFO - Client 40 started with algorithm: fedprox, model: lenet5
2025-05-13 07:19:12,650 - client_40 - INFO - Epoch 1/2 - Loss: 0.0591
2025-05-13 07:19:13,901 - client_40 - INFO - Epoch 2/2 - Loss: 0.0272
2025-05-13 07:19:13,903 - client_40 - INFO - Sent 250511 bytes to server (weights size: 250359 bytes, client data size: 3217, sparse: False)
2025-05-13 07:19:13,905 - client_40 - INFO - Data transmission successful
2025-05-13 07:19:41,994 - client_40 - INFO - Client 40 started with algorithm: fedprox, model: lenet5
2025-05-13 07:19:47,701 - client_40 - INFO - Epoch 1/2 - Loss: 0.0688
2025-05-13 07:19:48,818 - client_40 - INFO - Epoch 2/2 - Loss: 0.0281
2025-05-13 07:19:48,820 - client_40 - INFO - Sent 250511 bytes to server (weights size: 250359 bytes, client data size: 3217, sparse: False)
2025-05-13 07:19:48,823 - client_40 - INFO - Data transmission successful
2025-05-13 07:20:03,466 - client_40 - INFO - Client 40 started with algorithm: fedprox, model: lenet5
2025-05-13 07:20:10,665 - client_40 - INFO - Epoch 1/2 - Loss: 0.0523
2025-05-13 07:20:12,396 - client_40 - INFO - Epoch 2/2 - Loss: 0.0284
2025-05-13 07:20:12,398 - client_40 - INFO - Sent 250511 bytes to server (weights size: 250359 bytes, client data size: 3217, sparse: False)
2025-05-13 07:20:12,401 - client_40 - INFO - Data transmission successful
2025-05-13 07:21:04,450 - client_40 - INFO - Client 40 started with algorithm: fedprox, model: lenet5
2025-05-13 07:21:09,973 - client_40 - INFO - Epoch 1/2 - Loss: 0.0379
2025-05-13 07:21:12,231 - client_40 - INFO - Epoch 2/2 - Loss: 0.0247
2025-05-13 07:21:12,233 - client_40 - INFO - Sent 250511 bytes to server (weights size: 250359 bytes, client data size: 3217, sparse: False)
2025-05-13 07:21:12,236 - client_40 - INFO - Data transmission successful
2025-05-13 07:21:30,882 - client_40 - INFO - Client 40 started with algorithm: fedprox, model: lenet5
2025-05-13 07:21:37,278 - client_40 - INFO - Epoch 1/2 - Loss: 0.0528
2025-05-13 07:21:38,902 - client_40 - INFO - Epoch 2/2 - Loss: 0.0240
2025-05-13 07:21:38,904 - client_40 - INFO - Sent 250511 bytes to server (weights size: 250359 bytes, client data size: 3217, sparse: False)
2025-05-13 07:21:38,906 - client_40 - INFO - Data transmission successful
2025-05-13 07:27:44,318 - client_40 - INFO - Client 40 started with algorithm: fedavg, model: lenet5
2025-05-13 07:27:50,348 - client_40 - INFO - Epoch 1/2 - Loss: 0.6552
2025-05-13 07:27:51,428 - client_40 - INFO - Epoch 2/2 - Loss: 0.1918
2025-05-13 07:27:51,430 - client_40 - INFO - Sent 250513 bytes to server (weights size: 250359 bytes, client data size: 3217, sparse: False)
2025-05-13 07:27:51,432 - client_40 - INFO - Data transmission successful
2025-05-13 07:28:24,894 - client_40 - INFO - Client 40 started with algorithm: fedavg, model: lenet5
2025-05-13 07:28:29,103 - client_40 - INFO - Epoch 1/2 - Loss: 0.1630
2025-05-13 07:28:30,574 - client_40 - INFO - Epoch 2/2 - Loss: 0.0963
2025-05-13 07:28:30,577 - client_40 - INFO - Sent 250513 bytes to server (weights size: 250359 bytes, client data size: 3217, sparse: False)
2025-05-13 07:28:30,581 - client_40 - INFO - Data transmission successful
2025-05-13 07:28:58,766 - client_40 - INFO - Client 40 started with algorithm: fedavg, model: lenet5
2025-05-13 07:29:04,287 - client_40 - INFO - Epoch 1/2 - Loss: 0.1351
2025-05-13 07:29:05,881 - client_40 - INFO - Epoch 2/2 - Loss: 0.0713
2025-05-13 07:29:05,883 - client_40 - INFO - Sent 250513 bytes to server (weights size: 250359 bytes, client data size: 3217, sparse: False)
2025-05-13 07:29:05,887 - client_40 - INFO - Data transmission successful
2025-05-13 07:29:15,638 - client_40 - INFO - Client 40 started with algorithm: fedavg, model: lenet5
2025-05-13 07:29:22,346 - client_40 - INFO - Epoch 1/2 - Loss: 0.1493
2025-05-13 07:29:25,042 - client_40 - INFO - Epoch 2/2 - Loss: 0.0656
2025-05-13 07:29:25,045 - client_40 - INFO - Sent 250513 bytes to server (weights size: 250359 bytes, client data size: 3217, sparse: False)
2025-05-13 07:29:25,049 - client_40 - INFO - Data transmission successful
2025-05-13 07:30:11,746 - client_40 - INFO - Client 40 started with algorithm: fedavg, model: lenet5
2025-05-13 07:30:17,327 - client_40 - INFO - Epoch 1/2 - Loss: 0.1265
2025-05-13 07:30:18,357 - client_40 - INFO - Epoch 2/2 - Loss: 0.0573
2025-05-13 07:30:18,359 - client_40 - INFO - Sent 250513 bytes to server (weights size: 250359 bytes, client data size: 3217, sparse: False)
2025-05-13 07:30:18,361 - client_40 - INFO - Data transmission successful
2025-05-13 07:30:36,271 - client_40 - INFO - Client 40 started with algorithm: fedavg, model: lenet5
2025-05-13 07:30:41,871 - client_40 - INFO - Epoch 1/2 - Loss: 0.0780
2025-05-13 07:30:43,677 - client_40 - INFO - Epoch 2/2 - Loss: 0.0498
2025-05-13 07:30:43,680 - client_40 - INFO - Sent 250513 bytes to server (weights size: 250359 bytes, client data size: 3217, sparse: False)
2025-05-13 07:30:43,683 - client_40 - INFO - Data transmission successful
2025-05-13 07:30:45,693 - client_40 - INFO - Client 40 started with algorithm: fedavg, model: lenet5
2025-05-13 07:30:52,296 - client_40 - INFO - Epoch 1/2 - Loss: 0.0692
2025-05-13 07:30:54,902 - client_40 - INFO - Epoch 2/2 - Loss: 0.0445
2025-05-13 07:30:54,905 - client_40 - INFO - Sent 250513 bytes to server (weights size: 250359 bytes, client data size: 3217, sparse: False)
2025-05-13 07:30:54,910 - client_40 - INFO - Data transmission successful
2025-05-13 07:31:40,509 - client_40 - INFO - Client 40 started with algorithm: fedavg, model: lenet5
2025-05-13 07:31:45,066 - client_40 - INFO - Epoch 1/2 - Loss: 0.0732
2025-05-13 07:31:46,719 - client_40 - INFO - Epoch 2/2 - Loss: 0.0479
2025-05-13 07:31:46,721 - client_40 - INFO - Sent 250513 bytes to server (weights size: 250359 bytes, client data size: 3217, sparse: False)
2025-05-13 07:31:46,725 - client_40 - INFO - Data transmission successful
2025-05-13 07:35:05,287 - client_40 - INFO - Client 40 started with algorithm: fedavg, model: lenet5
2025-05-13 07:35:10,017 - client_40 - INFO - Epoch 1/2 - Loss: 0.0929
2025-05-13 07:35:11,381 - client_40 - INFO - Epoch 2/2 - Loss: 0.0370
2025-05-13 07:35:11,383 - client_40 - INFO - Sent 250513 bytes to server (weights size: 250359 bytes, client data size: 3217, sparse: False)
2025-05-13 07:35:11,386 - client_40 - INFO - Data transmission successful
2025-05-13 07:35:13,390 - client_40 - INFO - Client 40 started with algorithm: fedavg, model: lenet5
2025-05-13 07:35:17,486 - client_40 - INFO - Epoch 1/2 - Loss: 0.0526
2025-05-13 07:35:18,620 - client_40 - INFO - Epoch 2/2 - Loss: 0.0291
2025-05-13 07:35:18,622 - client_40 - INFO - Sent 250513 bytes to server (weights size: 250359 bytes, client data size: 3217, sparse: False)
2025-05-13 07:35:18,625 - client_40 - INFO - Data transmission successful
2025-05-13 07:37:58,730 - client_40 - INFO - Client 40 started with algorithm: fedavg, model: lenet5
2025-05-13 07:38:02,174 - client_40 - INFO - Epoch 1/2 - Loss: 0.0504
2025-05-13 07:38:03,190 - client_40 - INFO - Epoch 2/2 - Loss: 0.0262
2025-05-13 07:38:03,192 - client_40 - INFO - Sent 250513 bytes to server (weights size: 250359 bytes, client data size: 3217, sparse: False)
2025-05-13 07:38:03,194 - client_40 - INFO - Data transmission successful
2025-05-13 07:38:28,118 - client_40 - INFO - Client 40 started with algorithm: fedavg, model: lenet5
2025-05-13 07:38:34,408 - client_40 - INFO - Epoch 1/2 - Loss: 0.0681
2025-05-13 07:38:36,172 - client_40 - INFO - Epoch 2/2 - Loss: 0.0262
2025-05-13 07:38:36,174 - client_40 - INFO - Sent 250513 bytes to server (weights size: 250359 bytes, client data size: 3217, sparse: False)
2025-05-13 07:38:36,177 - client_40 - INFO - Data transmission successful
2025-05-13 07:38:50,704 - client_40 - INFO - Client 40 started with algorithm: fedavg, model: lenet5
2025-05-13 07:38:58,919 - client_40 - INFO - Epoch 1/2 - Loss: 0.0468
2025-05-13 07:39:00,418 - client_40 - INFO - Epoch 2/2 - Loss: 0.0259
2025-05-13 07:39:00,420 - client_40 - INFO - Sent 250513 bytes to server (weights size: 250359 bytes, client data size: 3217, sparse: False)
2025-05-13 07:39:00,423 - client_40 - INFO - Data transmission successful
2025-05-13 07:39:47,328 - client_40 - INFO - Client 40 started with algorithm: fedavg, model: lenet5
2025-05-13 07:39:51,460 - client_40 - INFO - Epoch 1/2 - Loss: 0.0424
2025-05-13 07:39:53,216 - client_40 - INFO - Epoch 2/2 - Loss: 0.0212
2025-05-13 07:39:53,218 - client_40 - INFO - Sent 250513 bytes to server (weights size: 250359 bytes, client data size: 3217, sparse: False)
2025-05-13 07:39:53,222 - client_40 - INFO - Data transmission successful
2025-05-13 07:40:09,906 - client_40 - INFO - Client 40 started with algorithm: fedavg, model: lenet5
2025-05-13 07:40:16,101 - client_40 - INFO - Epoch 1/2 - Loss: 0.0542
2025-05-13 07:40:17,438 - client_40 - INFO - Epoch 2/2 - Loss: 0.0216
2025-05-13 07:40:17,440 - client_40 - INFO - Sent 250513 bytes to server (weights size: 250359 bytes, client data size: 3217, sparse: False)
2025-05-13 07:40:17,442 - client_40 - INFO - Data transmission successful
2025-05-13 14:34:25,117 - client_40 - INFO - Client 40 started with algorithm: fedewma, model: lenet5
2025-05-13 14:34:30,103 - client_40 - INFO - Epoch 1/2 - Loss: 0.6631
2025-05-13 14:34:30,966 - client_40 - INFO - Epoch 2/2 - Loss: 0.1896
2025-05-13 14:34:30,967 - client_40 - INFO - Client 40 sending full delta weights
2025-05-13 14:34:30,969 - client_40 - INFO - Sent 250184 bytes to server (weights size: 250032 bytes, client data size: 3217, sparse: False)
2025-05-13 14:34:30,971 - client_40 - INFO - Data transmission successful
2025-05-13 14:35:09,846 - client_40 - INFO - Client 40 started with algorithm: fedewma, model: lenet5
2025-05-13 14:35:15,102 - client_40 - INFO - Epoch 1/2 - Loss: 0.2030
2025-05-13 14:35:15,982 - client_40 - INFO - Epoch 2/2 - Loss: 0.1026
2025-05-13 14:35:15,982 - client_40 - INFO - Client 40 sending full delta weights
2025-05-13 14:35:15,985 - client_40 - INFO - Sent 250184 bytes to server (weights size: 250032 bytes, client data size: 3217, sparse: False)
2025-05-13 14:35:15,987 - client_40 - INFO - Data transmission successful
2025-05-13 14:35:49,853 - client_40 - INFO - Client 40 started with algorithm: fedewma, model: lenet5
2025-05-13 14:35:57,211 - client_40 - INFO - Epoch 1/2 - Loss: 0.1271
2025-05-13 14:35:58,514 - client_40 - INFO - Epoch 2/2 - Loss: 0.0741
2025-05-13 14:35:58,515 - client_40 - INFO - Client 40 sending full delta weights
2025-05-13 14:35:58,516 - client_40 - INFO - Sent 250184 bytes to server (weights size: 250032 bytes, client data size: 3217, sparse: False)
2025-05-13 14:35:58,519 - client_40 - INFO - Data transmission successful
2025-05-13 14:36:09,414 - client_40 - INFO - Client 40 started with algorithm: fedewma, model: lenet5
2025-05-13 14:36:17,821 - client_40 - INFO - Epoch 1/2 - Loss: 0.1172
2025-05-13 14:36:20,366 - client_40 - INFO - Epoch 2/2 - Loss: 0.0736
2025-05-13 14:36:20,366 - client_40 - INFO - Client 40 sending full delta weights
2025-05-13 14:36:20,369 - client_40 - INFO - Sent 250184 bytes to server (weights size: 250032 bytes, client data size: 3217, sparse: False)
2025-05-13 14:36:20,372 - client_40 - INFO - Data transmission successful
2025-05-13 14:37:14,377 - client_40 - INFO - Client 40 started with algorithm: fedewma, model: lenet5
2025-05-13 14:37:21,836 - client_40 - INFO - Epoch 1/2 - Loss: 0.1173
2025-05-13 14:37:22,818 - client_40 - INFO - Epoch 2/2 - Loss: 0.0612
2025-05-13 14:37:22,818 - client_40 - INFO - Client 40 sending full delta weights
2025-05-13 14:37:22,820 - client_40 - INFO - Sent 250184 bytes to server (weights size: 250032 bytes, client data size: 3217, sparse: False)
2025-05-13 14:37:22,822 - client_40 - INFO - Data transmission successful
2025-05-13 14:37:42,761 - client_40 - INFO - Client 40 started with algorithm: fedewma, model: lenet5
2025-05-13 14:37:50,155 - client_40 - INFO - Epoch 1/2 - Loss: 0.0917
2025-05-13 14:37:51,720 - client_40 - INFO - Epoch 2/2 - Loss: 0.0555
2025-05-13 14:37:51,720 - client_40 - INFO - Client 40 sending full delta weights
2025-05-13 14:37:51,723 - client_40 - INFO - Sent 250184 bytes to server (weights size: 250032 bytes, client data size: 3217, sparse: False)
2025-05-13 14:37:51,725 - client_40 - INFO - Data transmission successful
2025-05-13 14:37:53,734 - client_40 - INFO - Client 40 started with algorithm: fedewma, model: lenet5
2025-05-13 14:38:01,819 - client_40 - INFO - Epoch 1/2 - Loss: 0.0844
2025-05-13 14:38:04,395 - client_40 - INFO - Epoch 2/2 - Loss: 0.0514
2025-05-13 14:38:04,395 - client_40 - INFO - Client 40 sending full delta weights
2025-05-13 14:38:04,398 - client_40 - INFO - Sent 250184 bytes to server (weights size: 250032 bytes, client data size: 3217, sparse: False)
2025-05-13 14:38:04,402 - client_40 - INFO - Data transmission successful
2025-05-13 14:38:58,347 - client_40 - INFO - Client 40 started with algorithm: fedewma, model: lenet5
2025-05-13 14:39:04,598 - client_40 - INFO - Epoch 1/2 - Loss: 0.0796
2025-05-13 14:39:06,324 - client_40 - INFO - Epoch 2/2 - Loss: 0.0455
2025-05-13 14:39:06,324 - client_40 - INFO - Client 40 sending full delta weights
2025-05-13 14:39:06,327 - client_40 - INFO - Sent 250184 bytes to server (weights size: 250032 bytes, client data size: 3217, sparse: False)
2025-05-13 14:39:06,331 - client_40 - INFO - Data transmission successful
2025-05-13 14:43:02,172 - client_40 - INFO - Client 40 started with algorithm: fedewma, model: lenet5
2025-05-13 14:43:06,576 - client_40 - INFO - Epoch 1/2 - Loss: 0.0588
2025-05-13 14:43:08,749 - client_40 - INFO - Epoch 2/2 - Loss: 0.0358
2025-05-13 14:43:08,750 - client_40 - INFO - Client 40 sending full delta weights
2025-05-13 14:43:08,752 - client_40 - INFO - Sent 250184 bytes to server (weights size: 250032 bytes, client data size: 3217, sparse: False)
2025-05-13 14:43:08,754 - client_40 - INFO - Data transmission successful
2025-05-13 14:43:12,407 - client_40 - INFO - Client 40 started with algorithm: fedewma, model: lenet5
2025-05-13 14:43:18,187 - client_40 - INFO - Epoch 1/2 - Loss: 0.0545
2025-05-13 14:43:19,048 - client_40 - INFO - Epoch 2/2 - Loss: 0.0329
2025-05-13 14:43:19,049 - client_40 - INFO - Client 40 sending full delta weights
2025-05-13 14:43:19,050 - client_40 - INFO - Sent 250184 bytes to server (weights size: 250032 bytes, client data size: 3217, sparse: False)
2025-05-13 14:43:19,053 - client_40 - INFO - Data transmission successful
2025-05-13 14:46:35,200 - client_40 - INFO - Client 40 started with algorithm: fedewma, model: lenet5
2025-05-13 14:46:40,537 - client_40 - INFO - Epoch 1/2 - Loss: 0.0458
2025-05-13 14:46:41,492 - client_40 - INFO - Epoch 2/2 - Loss: 0.0279
2025-05-13 14:46:41,492 - client_40 - INFO - Client 40 sending full delta weights
2025-05-13 14:46:41,493 - client_40 - INFO - Sent 250184 bytes to server (weights size: 250032 bytes, client data size: 3217, sparse: False)
2025-05-13 14:46:41,497 - client_40 - INFO - Data transmission successful
2025-05-13 14:47:12,005 - client_40 - INFO - Client 40 started with algorithm: fedewma, model: lenet5
2025-05-13 14:47:18,785 - client_40 - INFO - Epoch 1/2 - Loss: 0.0540
2025-05-13 14:47:19,740 - client_40 - INFO - Epoch 2/2 - Loss: 0.0265
2025-05-13 14:47:19,741 - client_40 - INFO - Client 40 sending full delta weights
2025-05-13 14:47:19,742 - client_40 - INFO - Sent 250184 bytes to server (weights size: 250032 bytes, client data size: 3217, sparse: False)
2025-05-13 14:47:19,745 - client_40 - INFO - Data transmission successful
2025-05-13 14:47:35,214 - client_40 - INFO - Client 40 started with algorithm: fedewma, model: lenet5
2025-05-13 14:47:41,905 - client_40 - INFO - Epoch 1/2 - Loss: 0.0591
2025-05-13 14:47:43,156 - client_40 - INFO - Epoch 2/2 - Loss: 0.0271
2025-05-13 14:47:43,157 - client_40 - INFO - Client 40 sending full delta weights
2025-05-13 14:47:43,158 - client_40 - INFO - Sent 250184 bytes to server (weights size: 250032 bytes, client data size: 3217, sparse: False)
2025-05-13 14:47:43,161 - client_40 - INFO - Data transmission successful
2025-05-13 14:48:41,510 - client_40 - INFO - Client 40 started with algorithm: fedewma, model: lenet5
2025-05-13 14:48:47,968 - client_40 - INFO - Epoch 1/2 - Loss: 0.0365
2025-05-13 14:48:49,728 - client_40 - INFO - Epoch 2/2 - Loss: 0.0206
2025-05-13 14:48:49,729 - client_40 - INFO - Client 40 sending full delta weights
2025-05-13 14:48:49,731 - client_40 - INFO - Sent 250184 bytes to server (weights size: 250032 bytes, client data size: 3217, sparse: False)
2025-05-13 14:48:49,733 - client_40 - INFO - Data transmission successful
2025-05-13 14:49:09,809 - client_40 - INFO - Client 40 started with algorithm: fedewma, model: lenet5
2025-05-13 14:49:17,456 - client_40 - INFO - Epoch 1/2 - Loss: 0.0329
2025-05-13 14:49:18,830 - client_40 - INFO - Epoch 2/2 - Loss: 0.0220
2025-05-13 14:49:18,830 - client_40 - INFO - Client 40 sending full delta weights
2025-05-13 14:49:18,832 - client_40 - INFO - Sent 250184 bytes to server (weights size: 250032 bytes, client data size: 3217, sparse: False)
2025-05-13 14:49:18,834 - client_40 - INFO - Data transmission successful
2025-05-13 15:14:55,679 - client_40 - INFO - Client 40 started with algorithm: fedewma, model: lenet5
2025-05-13 15:15:00,799 - client_40 - INFO - Epoch 1/2 - Loss: 0.6552
2025-05-13 15:15:01,673 - client_40 - INFO - Epoch 2/2 - Loss: 0.1918
2025-05-13 15:15:01,673 - client_40 - INFO - Client 40 sending full delta weights
2025-05-13 15:15:01,676 - client_40 - INFO - Sent 250184 bytes to server (weights size: 250032 bytes, client data size: 3217, sparse: False)
2025-05-13 15:15:01,678 - client_40 - INFO - Data transmission successful
2025-05-13 15:15:41,319 - client_40 - INFO - Client 40 started with algorithm: fedewma, model: lenet5
2025-05-13 15:15:46,652 - client_40 - INFO - Epoch 1/2 - Loss: 0.2006
2025-05-13 15:15:47,572 - client_40 - INFO - Epoch 2/2 - Loss: 0.1008
2025-05-13 15:15:47,572 - client_40 - INFO - Client 40 sending full delta weights
2025-05-13 15:15:47,574 - client_40 - INFO - Sent 250184 bytes to server (weights size: 250032 bytes, client data size: 3217, sparse: False)
2025-05-13 15:15:47,576 - client_40 - INFO - Data transmission successful
2025-05-13 15:16:22,035 - client_40 - INFO - Client 40 started with algorithm: fedewma, model: lenet5
2025-05-13 15:16:29,846 - client_40 - INFO - Epoch 1/2 - Loss: 0.1242
2025-05-13 15:16:31,199 - client_40 - INFO - Epoch 2/2 - Loss: 0.0741
2025-05-13 15:16:31,200 - client_40 - INFO - Client 40 sending full delta weights
2025-05-13 15:16:31,202 - client_40 - INFO - Sent 250184 bytes to server (weights size: 250032 bytes, client data size: 3217, sparse: False)
2025-05-13 15:16:31,204 - client_40 - INFO - Data transmission successful
2025-05-13 15:16:42,509 - client_40 - INFO - Client 40 started with algorithm: fedewma, model: lenet5
2025-05-13 15:16:53,474 - client_40 - INFO - Epoch 1/2 - Loss: 0.1114
2025-05-13 15:16:56,060 - client_40 - INFO - Epoch 2/2 - Loss: 0.0694
2025-05-13 15:16:56,061 - client_40 - INFO - Client 40 sending full delta weights
2025-05-13 15:16:56,063 - client_40 - INFO - Sent 250184 bytes to server (weights size: 250032 bytes, client data size: 3217, sparse: False)
2025-05-13 15:16:56,068 - client_40 - INFO - Data transmission successful
2025-05-13 15:17:52,419 - client_40 - INFO - Client 40 started with algorithm: fedewma, model: lenet5
2025-05-13 15:17:59,928 - client_40 - INFO - Epoch 1/2 - Loss: 0.1155
2025-05-13 15:18:01,056 - client_40 - INFO - Epoch 2/2 - Loss: 0.0661
2025-05-13 15:18:01,057 - client_40 - INFO - Client 40 sending full delta weights
2025-05-13 15:18:01,059 - client_40 - INFO - Sent 250184 bytes to server (weights size: 250032 bytes, client data size: 3217, sparse: False)
2025-05-13 15:18:01,061 - client_40 - INFO - Data transmission successful
2025-05-13 15:18:20,858 - client_40 - INFO - Client 40 started with algorithm: fedewma, model: lenet5
2025-05-13 15:18:28,312 - client_40 - INFO - Epoch 1/2 - Loss: 0.0950
2025-05-13 15:18:30,026 - client_40 - INFO - Epoch 2/2 - Loss: 0.0555
2025-05-13 15:18:30,026 - client_40 - INFO - Client 40 sending full delta weights
2025-05-13 15:18:30,028 - client_40 - INFO - Sent 250184 bytes to server (weights size: 250032 bytes, client data size: 3217, sparse: False)
2025-05-13 15:18:30,031 - client_40 - INFO - Data transmission successful
2025-05-13 15:18:32,039 - client_40 - INFO - Client 40 started with algorithm: fedewma, model: lenet5
2025-05-13 15:18:40,972 - client_40 - INFO - Epoch 1/2 - Loss: 0.0868
2025-05-13 15:18:43,603 - client_40 - INFO - Epoch 2/2 - Loss: 0.0598
2025-05-13 15:18:43,603 - client_40 - INFO - Client 40 sending full delta weights
2025-05-13 15:18:43,605 - client_40 - INFO - Sent 250184 bytes to server (weights size: 250032 bytes, client data size: 3217, sparse: False)
2025-05-13 15:18:43,609 - client_40 - INFO - Data transmission successful
2025-05-13 15:19:40,323 - client_40 - INFO - Client 40 started with algorithm: fedewma, model: lenet5
2025-05-13 15:19:46,480 - client_40 - INFO - Epoch 1/2 - Loss: 0.0823
2025-05-13 15:19:48,159 - client_40 - INFO - Epoch 2/2 - Loss: 0.0455
2025-05-13 15:19:48,160 - client_40 - INFO - Client 40 sending full delta weights
2025-05-13 15:19:48,161 - client_40 - INFO - Sent 250184 bytes to server (weights size: 250032 bytes, client data size: 3217, sparse: False)
2025-05-13 15:19:48,165 - client_40 - INFO - Data transmission successful
2025-05-13 15:23:53,804 - client_40 - INFO - Client 40 started with algorithm: fedewma, model: lenet5
2025-05-13 15:24:00,439 - client_40 - INFO - Epoch 1/2 - Loss: 0.0578
2025-05-13 15:24:01,752 - client_40 - INFO - Epoch 2/2 - Loss: 0.0369
2025-05-13 15:24:01,752 - client_40 - INFO - Client 40 sending full delta weights
2025-05-13 15:24:01,754 - client_40 - INFO - Sent 250184 bytes to server (weights size: 250032 bytes, client data size: 3217, sparse: False)
2025-05-13 15:24:01,757 - client_40 - INFO - Data transmission successful
2025-05-13 15:24:03,761 - client_40 - INFO - Client 40 started with algorithm: fedewma, model: lenet5
2025-05-13 15:24:09,911 - client_40 - INFO - Epoch 1/2 - Loss: 0.0543
2025-05-13 15:24:10,757 - client_40 - INFO - Epoch 2/2 - Loss: 0.0330
2025-05-13 15:24:10,757 - client_40 - INFO - Client 40 sending full delta weights
2025-05-13 15:24:10,759 - client_40 - INFO - Sent 250184 bytes to server (weights size: 250032 bytes, client data size: 3217, sparse: False)
2025-05-13 15:24:10,762 - client_40 - INFO - Data transmission successful
2025-05-13 15:27:47,383 - client_40 - INFO - Client 40 started with algorithm: fedewma, model: lenet5
2025-05-13 15:27:52,685 - client_40 - INFO - Epoch 1/2 - Loss: 0.0419
2025-05-13 15:27:53,665 - client_40 - INFO - Epoch 2/2 - Loss: 0.0252
2025-05-13 15:27:53,665 - client_40 - INFO - Client 40 sending full delta weights
2025-05-13 15:27:53,667 - client_40 - INFO - Sent 250184 bytes to server (weights size: 250032 bytes, client data size: 3217, sparse: False)
2025-05-13 15:27:53,670 - client_40 - INFO - Data transmission successful
2025-05-13 15:28:25,875 - client_40 - INFO - Client 40 started with algorithm: fedewma, model: lenet5
2025-05-13 15:28:32,950 - client_40 - INFO - Epoch 1/2 - Loss: 0.0546
2025-05-13 15:28:33,972 - client_40 - INFO - Epoch 2/2 - Loss: 0.0277
2025-05-13 15:28:33,972 - client_40 - INFO - Client 40 sending full delta weights
2025-05-13 15:28:33,974 - client_40 - INFO - Sent 250184 bytes to server (weights size: 250032 bytes, client data size: 3217, sparse: False)
2025-05-13 15:28:33,977 - client_40 - INFO - Data transmission successful
2025-05-13 15:28:49,745 - client_40 - INFO - Client 40 started with algorithm: fedewma, model: lenet5
2025-05-13 15:28:56,487 - client_40 - INFO - Epoch 1/2 - Loss: 0.0590
2025-05-13 15:28:57,739 - client_40 - INFO - Epoch 2/2 - Loss: 0.0285
2025-05-13 15:28:57,739 - client_40 - INFO - Client 40 sending full delta weights
2025-05-13 15:28:57,741 - client_40 - INFO - Sent 250184 bytes to server (weights size: 250032 bytes, client data size: 3217, sparse: False)
2025-05-13 15:28:57,743 - client_40 - INFO - Data transmission successful
2025-05-13 15:29:58,678 - client_40 - INFO - Client 40 started with algorithm: fedewma, model: lenet5
2025-05-13 15:30:05,859 - client_40 - INFO - Epoch 1/2 - Loss: 0.0385
2025-05-13 15:30:07,660 - client_40 - INFO - Epoch 2/2 - Loss: 0.0224
2025-05-13 15:30:07,660 - client_40 - INFO - Client 40 sending full delta weights
2025-05-13 15:30:07,663 - client_40 - INFO - Sent 250184 bytes to server (weights size: 250032 bytes, client data size: 3217, sparse: False)
2025-05-13 15:30:07,667 - client_40 - INFO - Data transmission successful
2025-05-13 15:30:28,113 - client_40 - INFO - Client 40 started with algorithm: fedewma, model: lenet5
2025-05-13 15:30:36,903 - client_40 - INFO - Epoch 1/2 - Loss: 0.0365
2025-05-13 15:30:38,528 - client_40 - INFO - Epoch 2/2 - Loss: 0.0230
2025-05-13 15:30:38,529 - client_40 - INFO - Client 40 sending full delta weights
2025-05-13 15:30:38,532 - client_40 - INFO - Sent 250184 bytes to server (weights size: 250032 bytes, client data size: 3217, sparse: False)
2025-05-13 15:30:38,540 - client_40 - INFO - Data transmission successful
2025-05-13 15:54:09,714 - client_40 - INFO - Client 40 started with algorithm: fedewma, model: resnet18fashion
2025-05-13 15:55:54,452 - client_40 - INFO - Client 40 started with algorithm: fedewma, model: resnet18fashion
2025-05-13 15:57:12,133 - client_40 - INFO - Client 40 started with algorithm: fedewma, model: resnet18fashion
2025-05-13 15:57:15,740 - client_40 - INFO - Epoch 1/2 - Loss: 1.4361
2025-05-13 15:57:18,047 - client_40 - INFO - Epoch 2/2 - Loss: 0.7378
2025-05-13 15:57:18,050 - client_40 - INFO - Client 40 sending full delta weights
2025-05-13 15:57:18,060 - client_40 - INFO - Sent 716145 bytes to server (weights size: 715993 bytes, client data size: 674, sparse: False)
2025-05-13 15:57:18,085 - client_40 - INFO - Data transmission successful
2025-05-13 15:58:42,706 - client_40 - INFO - Client 40 started with algorithm: fedewma, model: resnet18fashion
2025-05-13 15:58:52,573 - client_40 - INFO - Epoch 1/2 - Loss: 0.3583
2025-05-13 15:58:53,883 - client_40 - INFO - Epoch 2/2 - Loss: 0.2735
2025-05-13 15:58:53,885 - client_40 - INFO - Client 40 sending full delta weights
2025-05-13 15:58:53,894 - client_40 - INFO - Sent 716145 bytes to server (weights size: 715993 bytes, client data size: 674, sparse: False)
2025-05-13 15:58:53,912 - client_40 - INFO - Data transmission successful
2025-05-13 15:59:50,533 - client_40 - INFO - Client 40 started with algorithm: fedewma, model: resnet18fashion
2025-05-13 15:59:59,173 - client_40 - INFO - Epoch 1/2 - Loss: 0.2994
2025-05-13 16:00:03,625 - client_40 - INFO - Epoch 2/2 - Loss: 0.2182
2025-05-13 16:00:03,630 - client_40 - INFO - Client 40 sending full delta weights
2025-05-13 16:00:03,638 - client_40 - INFO - Sent 716145 bytes to server (weights size: 715993 bytes, client data size: 674, sparse: False)
2025-05-13 16:00:03,665 - client_40 - INFO - Data transmission successful
2025-05-13 16:00:28,761 - client_40 - INFO - Client 40 started with algorithm: fedewma, model: resnet18fashion
2025-05-13 16:00:37,139 - client_40 - INFO - Epoch 1/2 - Loss: 0.2652
2025-05-13 16:00:40,808 - client_40 - INFO - Epoch 2/2 - Loss: 0.2076
2025-05-13 16:00:40,814 - client_40 - INFO - Client 40 sending full delta weights
2025-05-13 16:00:40,823 - client_40 - INFO - Sent 716145 bytes to server (weights size: 715993 bytes, client data size: 674, sparse: False)
2025-05-13 16:00:40,851 - client_40 - INFO - Data transmission successful
2025-05-13 16:02:18,846 - client_40 - INFO - Client 40 started with algorithm: fedewma, model: resnet18fashion
2025-05-13 16:02:26,941 - client_40 - INFO - Epoch 1/2 - Loss: 0.2595
2025-05-13 16:02:30,434 - client_40 - INFO - Epoch 2/2 - Loss: 0.1725
2025-05-13 16:02:30,439 - client_40 - INFO - Client 40 sending full delta weights
2025-05-13 16:02:30,448 - client_40 - INFO - Sent 716145 bytes to server (weights size: 715993 bytes, client data size: 674, sparse: False)
2025-05-13 16:02:30,478 - client_40 - INFO - Data transmission successful
2025-05-13 16:03:10,057 - client_40 - INFO - Client 40 started with algorithm: fedewma, model: resnet18fashion
2025-05-13 16:03:18,124 - client_40 - INFO - Epoch 1/2 - Loss: 0.2239
2025-05-13 16:03:21,898 - client_40 - INFO - Epoch 2/2 - Loss: 0.3035
2025-05-13 16:03:21,898 - client_40 - INFO - Early stopping triggered at epoch 2: Loss increased from 0.2239 to 0.3035
2025-05-13 16:03:21,903 - client_40 - INFO - Client 40 sending full delta weights
2025-05-13 16:03:21,913 - client_40 - INFO - Sent 716145 bytes to server (weights size: 715993 bytes, client data size: 674, sparse: False)
2025-05-13 16:03:21,946 - client_40 - INFO - Data transmission successful
2025-05-13 16:03:29,668 - client_40 - INFO - Client 40 started with algorithm: fedewma, model: resnet18fashion
2025-05-13 16:03:37,474 - client_40 - INFO - Epoch 1/2 - Loss: 0.2054
2025-05-13 16:03:40,580 - client_40 - INFO - Epoch 2/2 - Loss: 0.1576
2025-05-13 16:03:40,585 - client_40 - INFO - Client 40 sending full delta weights
2025-05-13 16:03:40,594 - client_40 - INFO - Sent 716145 bytes to server (weights size: 715993 bytes, client data size: 674, sparse: False)
2025-05-13 16:03:40,627 - client_40 - INFO - Data transmission successful
2025-05-13 16:05:14,038 - client_40 - INFO - Client 40 started with algorithm: fedewma, model: resnet18fashion
2025-05-13 16:05:20,017 - client_40 - INFO - Epoch 1/2 - Loss: 0.2075
2025-05-13 16:05:22,294 - client_40 - INFO - Epoch 2/2 - Loss: 0.1788
2025-05-13 16:05:22,299 - client_40 - INFO - Client 40 sending full delta weights
2025-05-13 16:05:22,308 - client_40 - INFO - Sent 716145 bytes to server (weights size: 715993 bytes, client data size: 674, sparse: False)
2025-05-13 16:05:22,334 - client_40 - INFO - Data transmission successful
2025-05-13 16:13:20,981 - client_40 - INFO - Client 40 started with algorithm: fedewma, model: resnet18fashion
2025-05-13 16:13:28,908 - client_40 - INFO - Epoch 1/2 - Loss: 0.1919
2025-05-13 16:13:31,219 - client_40 - INFO - Epoch 2/2 - Loss: 0.1439
2025-05-13 16:13:31,222 - client_40 - INFO - Client 40 sending full delta weights
2025-05-13 16:13:31,234 - client_40 - INFO - Sent 716145 bytes to server (weights size: 715993 bytes, client data size: 674, sparse: False)
2025-05-13 16:13:31,257 - client_40 - INFO - Data transmission successful
2025-05-13 16:13:36,231 - client_40 - INFO - Client 40 started with algorithm: fedewma, model: resnet18fashion
2025-05-13 16:13:43,932 - client_40 - INFO - Epoch 1/2 - Loss: 0.2028
2025-05-13 16:13:46,152 - client_40 - INFO - Epoch 2/2 - Loss: 0.1290
2025-05-13 16:13:46,155 - client_40 - INFO - Client 40 sending full delta weights
2025-05-13 16:13:46,164 - client_40 - INFO - Sent 716145 bytes to server (weights size: 715993 bytes, client data size: 674, sparse: False)
2025-05-13 16:13:46,187 - client_40 - INFO - Data transmission successful
2025-05-13 16:19:52,808 - client_40 - INFO - Client 40 started with algorithm: fedewma, model: resnet18fashion
2025-05-13 16:19:59,713 - client_40 - INFO - Epoch 1/2 - Loss: 0.1691
2025-05-13 16:20:02,049 - client_40 - INFO - Epoch 2/2 - Loss: 0.1103
2025-05-13 16:20:02,054 - client_40 - INFO - Client 40 sending full delta weights
2025-05-13 16:20:02,063 - client_40 - INFO - Sent 716145 bytes to server (weights size: 715993 bytes, client data size: 674, sparse: False)
2025-05-13 16:20:02,088 - client_40 - INFO - Data transmission successful
2025-05-13 16:21:08,530 - client_40 - INFO - Client 40 started with algorithm: fedewma, model: resnet18fashion
2025-05-13 16:21:17,751 - client_40 - INFO - Epoch 1/2 - Loss: 0.1682
2025-05-13 16:21:27,483 - client_40 - INFO - Epoch 2/2 - Loss: 0.1132
2025-05-13 16:21:27,485 - client_40 - INFO - Client 40 sending full delta weights
2025-05-13 16:21:27,496 - client_40 - INFO - Sent 716145 bytes to server (weights size: 715993 bytes, client data size: 674, sparse: False)
2025-05-13 16:21:27,511 - client_40 - INFO - Data transmission successful
2025-05-13 16:22:14,690 - client_40 - INFO - Client 40 started with algorithm: fedewma, model: resnet18fashion
2025-05-13 16:22:21,680 - client_40 - INFO - Epoch 1/2 - Loss: 0.1939
2025-05-13 16:22:24,070 - client_40 - INFO - Epoch 2/2 - Loss: 0.2444
2025-05-13 16:22:24,070 - client_40 - INFO - Early stopping triggered at epoch 2: Loss increased from 0.1939 to 0.2444
2025-05-13 16:22:24,073 - client_40 - INFO - Client 40 sending full delta weights
2025-05-13 16:22:24,083 - client_40 - INFO - Sent 716145 bytes to server (weights size: 715993 bytes, client data size: 674, sparse: False)
2025-05-13 16:22:24,110 - client_40 - INFO - Data transmission successful
2025-05-13 16:24:44,989 - client_40 - INFO - Client 40 started with algorithm: fedewma, model: resnet18fashion
2025-05-13 16:24:51,374 - client_40 - INFO - Epoch 1/2 - Loss: 0.2175
2025-05-13 16:24:53,362 - client_40 - INFO - Epoch 2/2 - Loss: 0.2608
2025-05-13 16:24:53,363 - client_40 - INFO - Early stopping triggered at epoch 2: Loss increased from 0.2175 to 0.2608
2025-05-13 16:24:53,368 - client_40 - INFO - Client 40 sending full delta weights
2025-05-13 16:24:53,380 - client_40 - INFO - Sent 716145 bytes to server (weights size: 715993 bytes, client data size: 674, sparse: False)
2025-05-13 16:24:53,413 - client_40 - INFO - Data transmission successful
2025-05-13 16:25:34,981 - client_40 - INFO - Client 40 started with algorithm: fedewma, model: resnet18fashion
2025-05-13 16:25:42,624 - client_40 - INFO - Epoch 1/2 - Loss: 0.1602
2025-05-13 16:25:45,894 - client_40 - INFO - Epoch 2/2 - Loss: 0.1112
2025-05-13 16:25:45,900 - client_40 - INFO - Client 40 sending full delta weights
2025-05-13 16:25:45,911 - client_40 - INFO - Sent 716145 bytes to server (weights size: 715993 bytes, client data size: 674, sparse: False)
2025-05-13 16:25:45,947 - client_40 - INFO - Data transmission successful
2025-05-14 07:21:30,537 - client_40 - INFO - Client 40 started with algorithm: fedprox, model: resnet18fashion
2025-05-14 07:21:37,516 - client_40 - INFO - Epoch 1/2 - Loss: 1.4879
2025-05-14 07:21:40,893 - client_40 - INFO - Epoch 2/2 - Loss: 0.7863
2025-05-14 07:21:40,905 - client_40 - INFO - Sent 717496 bytes to server (weights size: 717344 bytes, client data size: 674, sparse: False)
2025-05-14 07:21:40,931 - client_40 - INFO - Data transmission successful
2025-05-14 07:23:04,795 - client_40 - INFO - Client 40 started with algorithm: fedprox, model: resnet18fashion
2025-05-14 07:23:09,088 - client_40 - INFO - Epoch 1/2 - Loss: 0.3682
2025-05-14 07:23:10,768 - client_40 - INFO - Epoch 2/2 - Loss: 0.3500
2025-05-14 07:23:10,778 - client_40 - INFO - Sent 717496 bytes to server (weights size: 717344 bytes, client data size: 674, sparse: False)
2025-05-14 07:23:10,798 - client_40 - INFO - Data transmission successful
2025-05-14 07:24:05,743 - client_40 - INFO - Client 40 started with algorithm: fedprox, model: resnet18fashion
2025-05-14 07:24:11,869 - client_40 - INFO - Epoch 1/2 - Loss: 0.3207
2025-05-14 07:24:16,223 - client_40 - INFO - Epoch 2/2 - Loss: 0.5309
2025-05-14 07:24:16,223 - client_40 - INFO - Early stopping triggered at epoch 2: Loss increased from 0.3207 to 0.5309
2025-05-14 07:24:16,237 - client_40 - INFO - Sent 717496 bytes to server (weights size: 717344 bytes, client data size: 674, sparse: False)
2025-05-14 07:24:16,270 - client_40 - INFO - Data transmission successful
2025-05-14 07:24:41,184 - client_40 - INFO - Client 40 started with algorithm: fedprox, model: resnet18fashion
2025-05-14 07:24:49,351 - client_40 - INFO - Epoch 1/2 - Loss: 0.3023
2025-05-14 07:24:53,617 - client_40 - INFO - Epoch 2/2 - Loss: 0.1963
2025-05-14 07:24:53,630 - client_40 - INFO - Sent 717496 bytes to server (weights size: 717344 bytes, client data size: 674, sparse: False)
2025-05-14 07:24:53,661 - client_40 - INFO - Data transmission successful
2025-05-14 07:26:42,483 - client_40 - INFO - Client 40 started with algorithm: fedprox, model: resnet18fashion
2025-05-14 07:26:49,962 - client_40 - INFO - Epoch 1/2 - Loss: 0.2622
2025-05-14 07:26:54,641 - client_40 - INFO - Epoch 2/2 - Loss: 0.2777
2025-05-14 07:26:54,641 - client_40 - INFO - Early stopping triggered at epoch 2: Loss increased from 0.2622 to 0.2777
2025-05-14 07:26:54,655 - client_40 - INFO - Sent 717496 bytes to server (weights size: 717344 bytes, client data size: 674, sparse: False)
2025-05-14 07:26:54,686 - client_40 - INFO - Data transmission successful
2025-05-14 07:27:37,999 - client_40 - INFO - Client 40 started with algorithm: fedprox, model: resnet18fashion
2025-05-14 07:27:44,535 - client_40 - INFO - Epoch 1/2 - Loss: 0.2196
2025-05-14 07:27:48,835 - client_40 - INFO - Epoch 2/2 - Loss: 0.1574
2025-05-14 07:27:48,845 - client_40 - INFO - Sent 717496 bytes to server (weights size: 717344 bytes, client data size: 674, sparse: False)
2025-05-14 07:27:48,869 - client_40 - INFO - Data transmission successful
2025-05-14 07:27:58,197 - client_40 - INFO - Client 40 started with algorithm: fedprox, model: resnet18fashion
2025-05-14 07:28:04,411 - client_40 - INFO - Epoch 1/2 - Loss: 0.2240
2025-05-14 07:28:08,983 - client_40 - INFO - Epoch 2/2 - Loss: 0.1724
2025-05-14 07:28:08,997 - client_40 - INFO - Sent 717496 bytes to server (weights size: 717344 bytes, client data size: 674, sparse: False)
2025-05-14 07:28:09,032 - client_40 - INFO - Data transmission successful
2025-05-14 07:29:51,118 - client_40 - INFO - Client 40 started with algorithm: fedprox, model: resnet18fashion
2025-05-14 07:29:56,562 - client_40 - INFO - Epoch 1/2 - Loss: 0.1973
2025-05-14 07:29:59,848 - client_40 - INFO - Epoch 2/2 - Loss: 0.1379
2025-05-14 07:29:59,862 - client_40 - INFO - Sent 717496 bytes to server (weights size: 717344 bytes, client data size: 674, sparse: False)
2025-05-14 07:29:59,891 - client_40 - INFO - Data transmission successful
2025-05-14 07:37:42,596 - client_40 - INFO - Client 40 started with algorithm: fedprox, model: resnet18fashion
2025-05-14 07:37:48,673 - client_40 - INFO - Epoch 1/2 - Loss: 0.1774
2025-05-14 07:37:51,327 - client_40 - INFO - Epoch 2/2 - Loss: 0.1516
2025-05-14 07:37:51,341 - client_40 - INFO - Sent 717496 bytes to server (weights size: 717344 bytes, client data size: 674, sparse: False)
2025-05-14 07:37:51,365 - client_40 - INFO - Data transmission successful
2025-05-14 07:37:57,100 - client_40 - INFO - Client 40 started with algorithm: fedprox, model: resnet18fashion
2025-05-14 07:38:01,934 - client_40 - INFO - Epoch 1/2 - Loss: 0.2688
2025-05-14 07:38:04,560 - client_40 - INFO - Epoch 2/2 - Loss: 0.3206
2025-05-14 07:38:04,561 - client_40 - INFO - Early stopping triggered at epoch 2: Loss increased from 0.2688 to 0.3206
2025-05-14 07:38:04,571 - client_40 - INFO - Sent 717496 bytes to server (weights size: 717344 bytes, client data size: 674, sparse: False)
2025-05-14 07:38:04,594 - client_40 - INFO - Data transmission successful
2025-05-14 07:43:59,933 - client_40 - INFO - Client 40 started with algorithm: fedprox, model: resnet18fashion
2025-05-14 07:44:04,509 - client_40 - INFO - Epoch 1/2 - Loss: 0.2007
2025-05-14 07:44:07,560 - client_40 - INFO - Epoch 2/2 - Loss: 0.1233
2025-05-14 07:44:07,572 - client_40 - INFO - Sent 717496 bytes to server (weights size: 717344 bytes, client data size: 674, sparse: False)
2025-05-14 07:44:07,595 - client_40 - INFO - Data transmission successful
2025-05-14 07:45:16,921 - client_40 - INFO - Client 40 started with algorithm: fedprox, model: resnet18fashion
2025-05-14 07:45:29,372 - client_40 - INFO - Epoch 1/2 - Loss: 0.1609
2025-05-14 07:45:34,681 - client_40 - INFO - Epoch 2/2 - Loss: 0.1067
2025-05-14 07:45:34,701 - client_40 - INFO - Sent 717496 bytes to server (weights size: 717344 bytes, client data size: 674, sparse: False)
2025-05-14 07:45:34,736 - client_40 - INFO - Data transmission successful
2025-05-14 07:46:12,731 - client_40 - INFO - Client 40 started with algorithm: fedprox, model: resnet18fashion
2025-05-14 07:46:17,740 - client_40 - INFO - Epoch 1/2 - Loss: 0.1623
2025-05-14 07:46:20,864 - client_40 - INFO - Epoch 2/2 - Loss: 0.1538
2025-05-14 07:46:20,876 - client_40 - INFO - Sent 717496 bytes to server (weights size: 717344 bytes, client data size: 674, sparse: False)
2025-05-14 07:46:20,904 - client_40 - INFO - Data transmission successful
2025-05-14 07:48:25,150 - client_40 - INFO - Client 40 started with algorithm: fedprox, model: resnet18fashion
2025-05-14 07:48:29,127 - client_40 - INFO - Epoch 1/2 - Loss: 0.1520
2025-05-14 07:48:31,662 - client_40 - INFO - Epoch 2/2 - Loss: 0.1115
2025-05-14 07:48:31,673 - client_40 - INFO - Sent 717496 bytes to server (weights size: 717344 bytes, client data size: 674, sparse: False)
2025-05-14 07:48:31,695 - client_40 - INFO - Data transmission successful
2025-05-14 07:49:15,552 - client_40 - INFO - Client 40 started with algorithm: fedprox, model: resnet18fashion
2025-05-14 07:49:22,211 - client_40 - INFO - Epoch 1/2 - Loss: 0.1352
2025-05-14 07:49:26,201 - client_40 - INFO - Epoch 2/2 - Loss: 0.1191
2025-05-14 07:49:26,220 - client_40 - INFO - Sent 717496 bytes to server (weights size: 717344 bytes, client data size: 674, sparse: False)
2025-05-14 07:49:26,256 - client_40 - INFO - Data transmission successful
2025-05-14 08:35:53,119 - client_40 - INFO - Client 40 started with algorithm: fedavg, model: resnet18fashion
2025-05-14 08:35:59,228 - client_40 - INFO - Epoch 1/2 - Loss: 1.4175
2025-05-14 08:36:03,937 - client_40 - INFO - Epoch 2/2 - Loss: 0.7580
2025-05-14 08:36:03,949 - client_40 - INFO - Sent 717498 bytes to server (weights size: 717344 bytes, client data size: 674, sparse: False)
2025-05-14 08:36:03,978 - client_40 - INFO - Data transmission successful
2025-05-14 08:37:31,498 - client_40 - INFO - Client 40 started with algorithm: fedavg, model: resnet18fashion
2025-05-14 08:37:36,040 - client_40 - INFO - Epoch 1/2 - Loss: 0.3439
2025-05-14 08:37:37,486 - client_40 - INFO - Epoch 2/2 - Loss: 0.2627
2025-05-14 08:37:37,496 - client_40 - INFO - Sent 717498 bytes to server (weights size: 717344 bytes, client data size: 674, sparse: False)
2025-05-14 08:37:37,522 - client_40 - INFO - Data transmission successful
2025-05-14 08:38:36,773 - client_40 - INFO - Client 40 started with algorithm: fedavg, model: resnet18fashion
2025-05-14 08:38:42,614 - client_40 - INFO - Epoch 1/2 - Loss: 0.2782
2025-05-14 08:38:46,737 - client_40 - INFO - Epoch 2/2 - Loss: 0.2159
2025-05-14 08:38:46,753 - client_40 - INFO - Sent 717498 bytes to server (weights size: 717344 bytes, client data size: 674, sparse: False)
2025-05-14 08:38:46,789 - client_40 - INFO - Data transmission successful
2025-05-14 08:39:09,316 - client_40 - INFO - Client 40 started with algorithm: fedavg, model: resnet18fashion
2025-05-14 08:39:15,516 - client_40 - INFO - Epoch 1/2 - Loss: 0.2780
2025-05-14 08:39:19,439 - client_40 - INFO - Epoch 2/2 - Loss: 0.2064
2025-05-14 08:39:19,452 - client_40 - INFO - Sent 717498 bytes to server (weights size: 717344 bytes, client data size: 674, sparse: False)
2025-05-14 08:39:19,484 - client_40 - INFO - Data transmission successful
2025-05-14 08:41:00,466 - client_40 - INFO - Client 40 started with algorithm: fedavg, model: resnet18fashion
2025-05-14 08:41:05,443 - client_40 - INFO - Epoch 1/2 - Loss: 0.2587
2025-05-14 08:41:08,937 - client_40 - INFO - Epoch 2/2 - Loss: 0.1577
2025-05-14 08:41:08,949 - client_40 - INFO - Sent 717498 bytes to server (weights size: 717344 bytes, client data size: 674, sparse: False)
2025-05-14 08:41:08,980 - client_40 - INFO - Data transmission successful
2025-05-14 08:41:43,892 - client_40 - INFO - Client 40 started with algorithm: fedavg, model: resnet18fashion
2025-05-14 08:41:49,034 - client_40 - INFO - Epoch 1/2 - Loss: 0.2476
2025-05-14 08:41:52,326 - client_40 - INFO - Epoch 2/2 - Loss: 0.1599
2025-05-14 08:41:52,340 - client_40 - INFO - Sent 717498 bytes to server (weights size: 717344 bytes, client data size: 674, sparse: False)
2025-05-14 08:41:52,369 - client_40 - INFO - Data transmission successful
2025-05-14 08:42:02,086 - client_40 - INFO - Client 40 started with algorithm: fedavg, model: resnet18fashion
2025-05-14 08:42:07,456 - client_40 - INFO - Epoch 1/2 - Loss: 0.2678
2025-05-14 08:42:13,516 - client_40 - INFO - Epoch 2/2 - Loss: 0.1956
2025-05-14 08:42:13,537 - client_40 - INFO - Sent 717498 bytes to server (weights size: 717344 bytes, client data size: 674, sparse: False)
2025-05-14 08:42:13,571 - client_40 - INFO - Data transmission successful
2025-05-14 08:43:56,171 - client_40 - INFO - Client 40 started with algorithm: fedavg, model: resnet18fashion
2025-05-14 08:44:01,172 - client_40 - INFO - Epoch 1/2 - Loss: 0.1972
2025-05-14 08:44:05,191 - client_40 - INFO - Epoch 2/2 - Loss: 0.1392
2025-05-14 08:44:05,206 - client_40 - INFO - Sent 717498 bytes to server (weights size: 717344 bytes, client data size: 674, sparse: False)
2025-05-14 08:44:05,235 - client_40 - INFO - Data transmission successful
2025-05-14 08:51:24,168 - client_40 - INFO - Client 40 started with algorithm: fedavg, model: resnet18fashion
2025-05-14 08:51:28,636 - client_40 - INFO - Epoch 1/2 - Loss: 0.1877
2025-05-14 08:51:31,083 - client_40 - INFO - Epoch 2/2 - Loss: 0.1763
2025-05-14 08:51:31,099 - client_40 - INFO - Sent 717498 bytes to server (weights size: 717344 bytes, client data size: 674, sparse: False)
2025-05-14 08:51:31,142 - client_40 - INFO - Data transmission successful
2025-05-14 08:51:35,933 - client_40 - INFO - Client 40 started with algorithm: fedavg, model: resnet18fashion
2025-05-14 08:51:40,403 - client_40 - INFO - Epoch 1/2 - Loss: 0.1611
2025-05-14 08:51:42,928 - client_40 - INFO - Epoch 2/2 - Loss: 0.1230
2025-05-14 08:51:42,941 - client_40 - INFO - Sent 717498 bytes to server (weights size: 717344 bytes, client data size: 674, sparse: False)
2025-05-14 08:51:42,964 - client_40 - INFO - Data transmission successful
2025-05-14 08:57:12,307 - client_40 - INFO - Client 40 started with algorithm: fedavg, model: resnet18fashion
2025-05-14 08:57:17,353 - client_40 - INFO - Epoch 1/2 - Loss: 0.1919
2025-05-14 08:57:20,019 - client_40 - INFO - Epoch 2/2 - Loss: 0.1146
2025-05-14 08:57:20,031 - client_40 - INFO - Sent 717498 bytes to server (weights size: 717344 bytes, client data size: 674, sparse: False)
2025-05-14 08:57:20,058 - client_40 - INFO - Data transmission successful
2025-05-14 08:58:23,144 - client_40 - INFO - Client 40 started with algorithm: fedavg, model: resnet18fashion
2025-05-14 08:58:29,084 - client_40 - INFO - Epoch 1/2 - Loss: 0.1560
2025-05-14 08:58:33,373 - client_40 - INFO - Epoch 2/2 - Loss: 0.1124
2025-05-14 08:58:33,390 - client_40 - INFO - Sent 717498 bytes to server (weights size: 717344 bytes, client data size: 674, sparse: False)
2025-05-14 08:58:33,425 - client_40 - INFO - Data transmission successful
2025-05-14 08:59:07,646 - client_40 - INFO - Client 40 started with algorithm: fedavg, model: resnet18fashion
2025-05-14 08:59:12,568 - client_40 - INFO - Epoch 1/2 - Loss: 0.1703
2025-05-14 08:59:15,492 - client_40 - INFO - Epoch 2/2 - Loss: 0.1141
2025-05-14 08:59:15,503 - client_40 - INFO - Sent 717498 bytes to server (weights size: 717344 bytes, client data size: 674, sparse: False)
2025-05-14 08:59:15,535 - client_40 - INFO - Data transmission successful
2025-05-14 09:01:06,199 - client_40 - INFO - Client 40 started with algorithm: fedavg, model: resnet18fashion
2025-05-14 09:01:10,296 - client_40 - INFO - Epoch 1/2 - Loss: 0.2092
2025-05-14 09:01:12,540 - client_40 - INFO - Epoch 2/2 - Loss: 0.2011
2025-05-14 09:01:12,552 - client_40 - INFO - Sent 717498 bytes to server (weights size: 717344 bytes, client data size: 674, sparse: False)
2025-05-14 09:01:12,571 - client_40 - INFO - Data transmission successful
2025-05-14 09:02:00,826 - client_40 - INFO - Client 40 started with algorithm: fedavg, model: resnet18fashion
2025-05-14 09:02:07,563 - client_40 - INFO - Epoch 1/2 - Loss: 0.2361
2025-05-14 09:02:11,343 - client_40 - INFO - Epoch 2/2 - Loss: 0.2450
2025-05-14 09:02:11,344 - client_40 - INFO - Early stopping triggered at epoch 2: Loss increased from 0.2361 to 0.2450
2025-05-14 09:02:11,362 - client_40 - INFO - Sent 717498 bytes to server (weights size: 717344 bytes, client data size: 674, sparse: False)
2025-05-14 09:02:11,402 - client_40 - INFO - Data transmission successful
