2025-05-12 11:20:00,154 - client_18 - INFO - Client 18 started with algorithm: fedewma, model: lenet5
2025-05-12 11:20:04,133 - client_18 - INFO - Epoch 1/2 - Loss: 1.5072
2025-05-12 11:20:05,104 - client_18 - INFO - Epoch 2/2 - Loss: 0.5956
2025-05-12 11:20:05,105 - client_18 - INFO - Client 18 sending full delta weights
2025-05-12 11:20:05,108 - client_18 - INFO - Sent 250184 bytes to server (weights size: 250032 bytes, client data size: 459, sparse: False)
2025-05-12 11:20:05,114 - client_18 - INFO - Data transmission successful
2025-05-12 11:22:51,548 - client_18 - INFO - Client 18 started with algorithm: fedewma, model: lenet5
2025-05-12 11:22:55,376 - client_18 - INFO - Epoch 1/2 - Loss: 0.1786
2025-05-12 11:22:56,253 - client_18 - INFO - Epoch 2/2 - Loss: 0.1018
2025-05-12 11:22:56,255 - client_18 - INFO - Client 18 sending full delta weights
2025-05-12 11:22:56,258 - client_18 - INFO - Sent 250184 bytes to server (weights size: 250032 bytes, client data size: 459, sparse: False)
2025-05-12 11:22:56,266 - client_18 - INFO - Data transmission successful
2025-05-12 11:23:12,312 - client_18 - INFO - Client 18 started with algorithm: fedewma, model: lenet5
2025-05-12 11:23:16,888 - client_18 - INFO - Epoch 1/2 - Loss: 0.1933
2025-05-12 11:23:18,644 - client_18 - INFO - Epoch 2/2 - Loss: 0.0971
2025-05-12 11:23:18,645 - client_18 - INFO - Client 18 sending full delta weights
2025-05-12 11:23:18,648 - client_18 - INFO - Sent 250184 bytes to server (weights size: 250032 bytes, client data size: 459, sparse: False)
2025-05-12 11:23:18,659 - client_18 - INFO - Data transmission successful
2025-05-12 11:24:14,966 - client_18 - INFO - Client 18 started with algorithm: fedewma, model: lenet5
2025-05-12 11:24:19,332 - client_18 - INFO - Epoch 1/2 - Loss: 0.1982
2025-05-12 11:24:20,847 - client_18 - INFO - Epoch 2/2 - Loss: 0.0926
2025-05-12 11:24:20,848 - client_18 - INFO - Client 18 sending full delta weights
2025-05-12 11:24:20,853 - client_18 - INFO - Sent 250184 bytes to server (weights size: 250032 bytes, client data size: 459, sparse: False)
2025-05-12 11:24:20,865 - client_18 - INFO - Data transmission successful
2025-05-12 11:24:52,726 - client_18 - INFO - Client 18 started with algorithm: fedewma, model: lenet5
2025-05-12 11:24:56,483 - client_18 - INFO - Epoch 1/2 - Loss: 0.2057
2025-05-12 11:24:57,303 - client_18 - INFO - Epoch 2/2 - Loss: 0.0888
2025-05-12 11:24:57,305 - client_18 - INFO - Client 18 sending full delta weights
2025-05-12 11:24:57,308 - client_18 - INFO - Sent 250184 bytes to server (weights size: 250032 bytes, client data size: 459, sparse: False)
2025-05-12 11:24:57,314 - client_18 - INFO - Data transmission successful
2025-05-12 11:25:04,257 - client_18 - INFO - Client 18 started with algorithm: fedewma, model: lenet5
2025-05-12 11:25:08,312 - client_18 - INFO - Epoch 1/2 - Loss: 0.1816
2025-05-12 11:25:09,345 - client_18 - INFO - Epoch 2/2 - Loss: 0.0722
2025-05-12 11:25:09,346 - client_18 - INFO - Client 18 sending full delta weights
2025-05-12 11:25:09,349 - client_18 - INFO - Sent 250184 bytes to server (weights size: 250032 bytes, client data size: 459, sparse: False)
2025-05-12 11:25:09,361 - client_18 - INFO - Data transmission successful
2025-05-12 11:25:58,774 - client_18 - INFO - Client 18 started with algorithm: fedewma, model: lenet5
2025-05-12 11:26:02,743 - client_18 - INFO - Epoch 1/2 - Loss: 0.1704
2025-05-12 11:26:03,787 - client_18 - INFO - Epoch 2/2 - Loss: 0.0617
2025-05-12 11:26:03,788 - client_18 - INFO - Client 18 sending full delta weights
2025-05-12 11:26:03,791 - client_18 - INFO - Sent 250184 bytes to server (weights size: 250032 bytes, client data size: 459, sparse: False)
2025-05-12 11:26:03,801 - client_18 - INFO - Data transmission successful
2025-05-12 11:27:27,552 - client_18 - INFO - Client 18 started with algorithm: fedewma, model: lenet5
2025-05-12 11:27:31,451 - client_18 - INFO - Epoch 1/2 - Loss: 0.0919
2025-05-12 11:27:32,357 - client_18 - INFO - Epoch 2/2 - Loss: 0.0397
2025-05-12 11:27:32,358 - client_18 - INFO - Client 18 sending full delta weights
2025-05-12 11:27:32,361 - client_18 - INFO - Sent 250184 bytes to server (weights size: 250032 bytes, client data size: 459, sparse: False)
2025-05-12 11:27:32,369 - client_18 - INFO - Data transmission successful
2025-05-12 11:28:04,516 - client_18 - INFO - Client 18 started with algorithm: fedewma, model: lenet5
2025-05-12 11:28:08,890 - client_18 - INFO - Epoch 1/2 - Loss: 0.1178
2025-05-12 11:28:10,138 - client_18 - INFO - Epoch 2/2 - Loss: 0.0423
2025-05-12 11:28:10,140 - client_18 - INFO - Client 18 sending full delta weights
2025-05-12 11:28:10,143 - client_18 - INFO - Sent 250184 bytes to server (weights size: 250032 bytes, client data size: 459, sparse: False)
2025-05-12 11:28:10,155 - client_18 - INFO - Data transmission successful
2025-05-12 11:28:15,174 - client_18 - INFO - Client 18 started with algorithm: fedewma, model: lenet5
2025-05-12 11:28:19,508 - client_18 - INFO - Epoch 1/2 - Loss: 0.1078
2025-05-12 11:28:20,998 - client_18 - INFO - Epoch 2/2 - Loss: 0.0414
2025-05-12 11:28:20,999 - client_18 - INFO - Client 18 sending full delta weights
2025-05-12 11:28:21,004 - client_18 - INFO - Sent 250184 bytes to server (weights size: 250032 bytes, client data size: 459, sparse: False)
2025-05-12 11:28:21,016 - client_18 - INFO - Data transmission successful
2025-05-12 11:28:31,290 - client_18 - INFO - Client 18 started with algorithm: fedewma, model: lenet5
2025-05-12 11:28:34,505 - client_18 - INFO - Epoch 1/2 - Loss: 0.0680
2025-05-12 11:28:34,913 - client_18 - INFO - Epoch 2/2 - Loss: 0.0355
2025-05-12 11:28:34,913 - client_18 - INFO - Client 18 sending full delta weights
2025-05-12 11:28:34,916 - client_18 - INFO - Sent 250184 bytes to server (weights size: 250032 bytes, client data size: 459, sparse: False)
2025-05-12 11:28:34,922 - client_18 - INFO - Data transmission successful
2025-05-12 11:30:40,710 - client_18 - INFO - Client 18 started with algorithm: fedewma, model: lenet5
2025-05-12 11:30:44,765 - client_18 - INFO - Epoch 1/2 - Loss: 0.1208
2025-05-12 11:30:45,933 - client_18 - INFO - Epoch 2/2 - Loss: 0.0468
2025-05-12 11:30:45,935 - client_18 - INFO - Client 18 sending full delta weights
2025-05-12 11:30:45,939 - client_18 - INFO - Sent 250184 bytes to server (weights size: 250032 bytes, client data size: 459, sparse: False)
2025-05-12 11:30:45,947 - client_18 - INFO - Data transmission successful
2025-05-12 11:31:27,726 - client_18 - INFO - Client 18 started with algorithm: fedewma, model: lenet5
2025-05-12 11:31:31,170 - client_18 - INFO - Epoch 1/2 - Loss: 0.1311
2025-05-12 11:31:31,782 - client_18 - INFO - Epoch 2/2 - Loss: 0.0397
2025-05-12 11:31:31,783 - client_18 - INFO - Client 18 sending full delta weights
2025-05-12 11:31:31,787 - client_18 - INFO - Sent 250184 bytes to server (weights size: 250032 bytes, client data size: 459, sparse: False)
2025-05-12 11:31:31,793 - client_18 - INFO - Data transmission successful
2025-05-12 11:32:06,959 - client_18 - INFO - Client 18 started with algorithm: fedewma, model: lenet5
2025-05-12 11:32:11,232 - client_18 - INFO - Epoch 1/2 - Loss: 0.0759
2025-05-12 11:32:12,608 - client_18 - INFO - Epoch 2/2 - Loss: 0.0349
2025-05-12 11:32:12,609 - client_18 - INFO - Client 18 sending full delta weights
2025-05-12 11:32:12,612 - client_18 - INFO - Sent 250184 bytes to server (weights size: 250032 bytes, client data size: 459, sparse: False)
2025-05-12 11:32:12,625 - client_18 - INFO - Data transmission successful
2025-05-12 11:33:31,597 - client_18 - INFO - Client 18 started with algorithm: fedewma, model: lenet5
2025-05-12 11:33:35,038 - client_18 - INFO - Epoch 1/2 - Loss: 0.0711
2025-05-12 11:33:35,708 - client_18 - INFO - Epoch 2/2 - Loss: 0.0285
2025-05-12 11:33:35,709 - client_18 - INFO - Client 18 sending full delta weights
2025-05-12 11:33:35,711 - client_18 - INFO - Sent 250184 bytes to server (weights size: 250032 bytes, client data size: 459, sparse: False)
2025-05-12 11:33:35,718 - client_18 - INFO - Data transmission successful
2025-05-12 11:33:49,064 - client_18 - INFO - Client 18 started with algorithm: fedewma, model: lenet5
2025-05-12 11:33:52,964 - client_18 - INFO - Epoch 1/2 - Loss: 0.0696
2025-05-12 11:33:54,029 - client_18 - INFO - Epoch 2/2 - Loss: 0.0236
2025-05-12 11:33:54,030 - client_18 - INFO - Client 18 sending full delta weights
2025-05-12 11:33:54,033 - client_18 - INFO - Sent 250184 bytes to server (weights size: 250032 bytes, client data size: 459, sparse: False)
2025-05-12 11:33:54,043 - client_18 - INFO - Data transmission successful
2025-05-12 11:34:30,570 - client_18 - INFO - Client 18 started with algorithm: fedewma, model: lenet5
2025-05-12 11:34:34,905 - client_18 - INFO - Epoch 1/2 - Loss: 0.0661
2025-05-12 11:34:36,406 - client_18 - INFO - Epoch 2/2 - Loss: 0.0273
2025-05-12 11:34:36,407 - client_18 - INFO - Client 18 sending full delta weights
2025-05-12 11:34:36,411 - client_18 - INFO - Sent 250184 bytes to server (weights size: 250032 bytes, client data size: 459, sparse: False)
2025-05-12 11:34:36,425 - client_18 - INFO - Data transmission successful
2025-05-12 11:34:52,311 - client_18 - INFO - Client 18 started with algorithm: fedewma, model: lenet5
2025-05-12 11:34:56,527 - client_18 - INFO - Epoch 1/2 - Loss: 0.0490
2025-05-12 11:34:57,676 - client_18 - INFO - Epoch 2/2 - Loss: 0.0194
2025-05-12 11:34:57,677 - client_18 - INFO - Client 18 sending full delta weights
2025-05-12 11:34:57,680 - client_18 - INFO - Sent 250184 bytes to server (weights size: 250032 bytes, client data size: 459, sparse: False)
2025-05-12 11:34:57,690 - client_18 - INFO - Data transmission successful
2025-05-12 11:36:27,382 - client_18 - INFO - Client 18 started with algorithm: fedewma, model: lenet5
2025-05-12 11:36:31,363 - client_18 - INFO - Epoch 1/2 - Loss: 0.0620
2025-05-12 11:36:32,569 - client_18 - INFO - Epoch 2/2 - Loss: 0.0252
2025-05-12 11:36:32,572 - client_18 - INFO - Client 18 sending full delta weights
2025-05-12 11:36:32,574 - client_18 - INFO - Sent 250184 bytes to server (weights size: 250032 bytes, client data size: 459, sparse: False)
2025-05-12 11:36:32,582 - client_18 - INFO - Data transmission successful
2025-05-13 07:07:45,087 - client_18 - INFO - Client 18 started with algorithm: fedprox, model: lenet5
2025-05-13 07:07:47,359 - client_18 - INFO - Epoch 1/2 - Loss: 1.4421
2025-05-13 07:07:48,429 - client_18 - INFO - Epoch 2/2 - Loss: 0.5898
2025-05-13 07:07:48,433 - client_18 - INFO - Sent 250511 bytes to server (weights size: 250359 bytes, client data size: 459, sparse: False)
2025-05-13 07:07:48,441 - client_18 - INFO - Data transmission successful
2025-05-13 07:10:24,248 - client_18 - INFO - Client 18 started with algorithm: fedprox, model: lenet5
2025-05-13 07:10:25,620 - client_18 - INFO - Epoch 1/2 - Loss: 0.1803
2025-05-13 07:10:26,605 - client_18 - INFO - Epoch 2/2 - Loss: 0.0896
2025-05-13 07:10:26,608 - client_18 - INFO - Sent 250511 bytes to server (weights size: 250359 bytes, client data size: 459, sparse: False)
2025-05-13 07:10:26,614 - client_18 - INFO - Data transmission successful
2025-05-13 07:10:40,412 - client_18 - INFO - Client 18 started with algorithm: fedprox, model: lenet5
2025-05-13 07:10:42,111 - client_18 - INFO - Epoch 1/2 - Loss: 0.2184
2025-05-13 07:10:43,587 - client_18 - INFO - Epoch 2/2 - Loss: 0.0967
2025-05-13 07:10:43,591 - client_18 - INFO - Sent 250511 bytes to server (weights size: 250359 bytes, client data size: 459, sparse: False)
2025-05-13 07:10:43,598 - client_18 - INFO - Data transmission successful
2025-05-13 07:11:30,535 - client_18 - INFO - Client 18 started with algorithm: fedprox, model: lenet5
2025-05-13 07:11:32,186 - client_18 - INFO - Epoch 1/2 - Loss: 0.2047
2025-05-13 07:11:33,641 - client_18 - INFO - Epoch 2/2 - Loss: 0.0948
2025-05-13 07:11:33,645 - client_18 - INFO - Sent 250511 bytes to server (weights size: 250359 bytes, client data size: 459, sparse: False)
2025-05-13 07:11:33,655 - client_18 - INFO - Data transmission successful
2025-05-13 07:12:00,214 - client_18 - INFO - Client 18 started with algorithm: fedprox, model: lenet5
2025-05-13 07:12:01,406 - client_18 - INFO - Epoch 1/2 - Loss: 0.2123
2025-05-13 07:12:02,235 - client_18 - INFO - Epoch 2/2 - Loss: 0.0801
2025-05-13 07:12:02,239 - client_18 - INFO - Sent 250511 bytes to server (weights size: 250359 bytes, client data size: 459, sparse: False)
2025-05-13 07:12:02,245 - client_18 - INFO - Data transmission successful
2025-05-13 07:12:09,049 - client_18 - INFO - Client 18 started with algorithm: fedprox, model: lenet5
2025-05-13 07:12:10,845 - client_18 - INFO - Epoch 1/2 - Loss: 0.1787
2025-05-13 07:12:11,834 - client_18 - INFO - Epoch 2/2 - Loss: 0.0615
2025-05-13 07:12:11,838 - client_18 - INFO - Sent 250511 bytes to server (weights size: 250359 bytes, client data size: 459, sparse: False)
2025-05-13 07:12:11,847 - client_18 - INFO - Data transmission successful
2025-05-13 07:12:51,111 - client_18 - INFO - Client 18 started with algorithm: fedprox, model: lenet5
2025-05-13 07:12:52,595 - client_18 - INFO - Epoch 1/2 - Loss: 0.1782
2025-05-13 07:12:53,621 - client_18 - INFO - Epoch 2/2 - Loss: 0.0660
2025-05-13 07:12:53,625 - client_18 - INFO - Sent 250511 bytes to server (weights size: 250359 bytes, client data size: 459, sparse: False)
2025-05-13 07:12:53,634 - client_18 - INFO - Data transmission successful
2025-05-13 07:13:58,757 - client_18 - INFO - Client 18 started with algorithm: fedprox, model: lenet5
2025-05-13 07:13:59,907 - client_18 - INFO - Epoch 1/2 - Loss: 0.0992
2025-05-13 07:14:00,811 - client_18 - INFO - Epoch 2/2 - Loss: 0.0509
2025-05-13 07:14:00,814 - client_18 - INFO - Sent 250511 bytes to server (weights size: 250359 bytes, client data size: 459, sparse: False)
2025-05-13 07:14:00,821 - client_18 - INFO - Data transmission successful
2025-05-13 07:14:24,568 - client_18 - INFO - Client 18 started with algorithm: fedprox, model: lenet5
2025-05-13 07:14:26,473 - client_18 - INFO - Epoch 1/2 - Loss: 0.1130
2025-05-13 07:14:27,704 - client_18 - INFO - Epoch 2/2 - Loss: 0.0467
2025-05-13 07:14:27,708 - client_18 - INFO - Sent 250511 bytes to server (weights size: 250359 bytes, client data size: 459, sparse: False)
2025-05-13 07:14:27,717 - client_18 - INFO - Data transmission successful
2025-05-13 07:14:32,463 - client_18 - INFO - Client 18 started with algorithm: fedprox, model: lenet5
2025-05-13 07:14:34,460 - client_18 - INFO - Epoch 1/2 - Loss: 0.0959
2025-05-13 07:14:36,108 - client_18 - INFO - Epoch 2/2 - Loss: 0.0505
2025-05-13 07:14:36,112 - client_18 - INFO - Sent 250511 bytes to server (weights size: 250359 bytes, client data size: 459, sparse: False)
2025-05-13 07:14:36,120 - client_18 - INFO - Data transmission successful
2025-05-13 07:14:46,957 - client_18 - INFO - Client 18 started with algorithm: fedprox, model: lenet5
2025-05-13 07:14:47,646 - client_18 - INFO - Epoch 1/2 - Loss: 0.0624
2025-05-13 07:14:48,063 - client_18 - INFO - Epoch 2/2 - Loss: 0.0355
2025-05-13 07:14:48,065 - client_18 - INFO - Sent 250511 bytes to server (weights size: 250359 bytes, client data size: 459, sparse: False)
2025-05-13 07:14:48,069 - client_18 - INFO - Data transmission successful
2025-05-13 07:16:23,914 - client_18 - INFO - Client 18 started with algorithm: fedprox, model: lenet5
2025-05-13 07:16:25,312 - client_18 - INFO - Epoch 1/2 - Loss: 0.1158
2025-05-13 07:16:26,517 - client_18 - INFO - Epoch 2/2 - Loss: 0.0346
2025-05-13 07:16:26,520 - client_18 - INFO - Sent 250511 bytes to server (weights size: 250359 bytes, client data size: 459, sparse: False)
2025-05-13 07:16:26,528 - client_18 - INFO - Data transmission successful
2025-05-13 07:17:00,699 - client_18 - INFO - Client 18 started with algorithm: fedprox, model: lenet5
2025-05-13 07:17:01,530 - client_18 - INFO - Epoch 1/2 - Loss: 0.1083
2025-05-13 07:17:02,108 - client_18 - INFO - Epoch 2/2 - Loss: 0.0442
2025-05-13 07:17:02,110 - client_18 - INFO - Sent 250511 bytes to server (weights size: 250359 bytes, client data size: 459, sparse: False)
2025-05-13 07:17:02,117 - client_18 - INFO - Data transmission successful
2025-05-13 07:17:31,284 - client_18 - INFO - Client 18 started with algorithm: fedprox, model: lenet5
2025-05-13 07:17:34,075 - client_18 - INFO - Epoch 1/2 - Loss: 0.0612
2025-05-13 07:17:35,428 - client_18 - INFO - Epoch 2/2 - Loss: 0.0325
2025-05-13 07:17:35,432 - client_18 - INFO - Sent 250511 bytes to server (weights size: 250359 bytes, client data size: 459, sparse: False)
2025-05-13 07:17:35,441 - client_18 - INFO - Data transmission successful
2025-05-13 07:18:42,239 - client_18 - INFO - Client 18 started with algorithm: fedprox, model: lenet5
2025-05-13 07:18:42,947 - client_18 - INFO - Epoch 1/2 - Loss: 0.0757
2025-05-13 07:18:43,520 - client_18 - INFO - Epoch 2/2 - Loss: 0.0334
2025-05-13 07:18:43,523 - client_18 - INFO - Sent 250511 bytes to server (weights size: 250359 bytes, client data size: 459, sparse: False)
2025-05-13 07:18:43,529 - client_18 - INFO - Data transmission successful
2025-05-13 07:18:54,181 - client_18 - INFO - Client 18 started with algorithm: fedprox, model: lenet5
2025-05-13 07:18:55,377 - client_18 - INFO - Epoch 1/2 - Loss: 0.0864
2025-05-13 07:18:56,347 - client_18 - INFO - Epoch 2/2 - Loss: 0.0258
2025-05-13 07:18:56,351 - client_18 - INFO - Sent 250511 bytes to server (weights size: 250359 bytes, client data size: 459, sparse: False)
2025-05-13 07:18:56,357 - client_18 - INFO - Data transmission successful
2025-05-13 07:19:25,286 - client_18 - INFO - Client 18 started with algorithm: fedprox, model: lenet5
2025-05-13 07:19:27,307 - client_18 - INFO - Epoch 1/2 - Loss: 0.0859
2025-05-13 07:19:28,781 - client_18 - INFO - Epoch 2/2 - Loss: 0.0324
2025-05-13 07:19:28,786 - client_18 - INFO - Sent 250511 bytes to server (weights size: 250359 bytes, client data size: 459, sparse: False)
2025-05-13 07:19:28,796 - client_18 - INFO - Data transmission successful
2025-05-13 07:19:41,987 - client_18 - INFO - Client 18 started with algorithm: fedprox, model: lenet5
2025-05-13 07:19:43,526 - client_18 - INFO - Epoch 1/2 - Loss: 0.0532
2025-05-13 07:19:44,635 - client_18 - INFO - Epoch 2/2 - Loss: 0.0208
2025-05-13 07:19:44,638 - client_18 - INFO - Sent 250511 bytes to server (weights size: 250359 bytes, client data size: 459, sparse: False)
2025-05-13 07:19:44,646 - client_18 - INFO - Data transmission successful
2025-05-13 07:20:56,432 - client_18 - INFO - Client 18 started with algorithm: fedprox, model: lenet5
2025-05-13 07:20:57,688 - client_18 - INFO - Epoch 1/2 - Loss: 0.0602
2025-05-13 07:20:58,896 - client_18 - INFO - Epoch 2/2 - Loss: 0.0265
2025-05-13 07:20:58,900 - client_18 - INFO - Sent 250511 bytes to server (weights size: 250359 bytes, client data size: 459, sparse: False)
2025-05-13 07:20:58,908 - client_18 - INFO - Data transmission successful
2025-05-13 07:27:53,439 - client_18 - INFO - Client 18 started with algorithm: fedavg, model: lenet5
2025-05-13 07:27:54,935 - client_18 - INFO - Epoch 1/2 - Loss: 1.3507
2025-05-13 07:27:55,954 - client_18 - INFO - Epoch 2/2 - Loss: 0.5156
2025-05-13 07:27:55,957 - client_18 - INFO - Sent 250513 bytes to server (weights size: 250359 bytes, client data size: 459, sparse: False)
2025-05-13 07:27:55,964 - client_18 - INFO - Data transmission successful
2025-05-13 07:29:57,141 - client_18 - INFO - Client 18 started with algorithm: fedavg, model: lenet5
2025-05-13 07:29:58,464 - client_18 - INFO - Epoch 1/2 - Loss: 0.2184
2025-05-13 07:29:59,241 - client_18 - INFO - Epoch 2/2 - Loss: 0.0907
2025-05-13 07:29:59,244 - client_18 - INFO - Sent 250513 bytes to server (weights size: 250359 bytes, client data size: 459, sparse: False)
2025-05-13 07:29:59,252 - client_18 - INFO - Data transmission successful
2025-05-13 07:30:11,747 - client_18 - INFO - Client 18 started with algorithm: fedavg, model: lenet5
2025-05-13 07:30:13,073 - client_18 - INFO - Epoch 1/2 - Loss: 0.3004
2025-05-13 07:30:14,218 - client_18 - INFO - Epoch 2/2 - Loss: 0.0828
2025-05-13 07:30:14,222 - client_18 - INFO - Sent 250513 bytes to server (weights size: 250359 bytes, client data size: 459, sparse: False)
2025-05-13 07:30:14,231 - client_18 - INFO - Data transmission successful
2025-05-13 07:30:57,436 - client_18 - INFO - Client 18 started with algorithm: fedavg, model: lenet5
2025-05-13 07:30:59,271 - client_18 - INFO - Epoch 1/2 - Loss: 0.2840
2025-05-13 07:31:00,643 - client_18 - INFO - Epoch 2/2 - Loss: 0.0822
2025-05-13 07:31:00,646 - client_18 - INFO - Sent 250513 bytes to server (weights size: 250359 bytes, client data size: 459, sparse: False)
2025-05-13 07:31:00,657 - client_18 - INFO - Data transmission successful
2025-05-13 07:31:25,175 - client_18 - INFO - Client 18 started with algorithm: fedavg, model: lenet5
2025-05-13 07:31:26,035 - client_18 - INFO - Epoch 1/2 - Loss: 0.3079
2025-05-13 07:31:26,763 - client_18 - INFO - Epoch 2/2 - Loss: 0.0708
2025-05-13 07:31:26,766 - client_18 - INFO - Sent 250513 bytes to server (weights size: 250359 bytes, client data size: 459, sparse: False)
2025-05-13 07:31:26,772 - client_18 - INFO - Data transmission successful
2025-05-13 07:31:33,058 - client_18 - INFO - Client 18 started with algorithm: fedavg, model: lenet5
2025-05-13 07:31:34,291 - client_18 - INFO - Epoch 1/2 - Loss: 0.2768
2025-05-13 07:31:35,197 - client_18 - INFO - Epoch 2/2 - Loss: 0.0716
2025-05-13 07:31:35,201 - client_18 - INFO - Sent 250513 bytes to server (weights size: 250359 bytes, client data size: 459, sparse: False)
2025-05-13 07:31:35,209 - client_18 - INFO - Data transmission successful
2025-05-13 07:32:10,926 - client_18 - INFO - Client 18 started with algorithm: fedavg, model: lenet5
2025-05-13 07:32:12,029 - client_18 - INFO - Epoch 1/2 - Loss: 0.2279
2025-05-13 07:32:12,959 - client_18 - INFO - Epoch 2/2 - Loss: 0.0682
2025-05-13 07:32:12,962 - client_18 - INFO - Sent 250513 bytes to server (weights size: 250359 bytes, client data size: 459, sparse: False)
2025-05-13 07:32:12,970 - client_18 - INFO - Data transmission successful
2025-05-13 07:33:17,217 - client_18 - INFO - Client 18 started with algorithm: fedavg, model: lenet5
2025-05-13 07:33:18,309 - client_18 - INFO - Epoch 1/2 - Loss: 0.0951
2025-05-13 07:33:19,093 - client_18 - INFO - Epoch 2/2 - Loss: 0.0478
2025-05-13 07:33:19,096 - client_18 - INFO - Sent 250513 bytes to server (weights size: 250359 bytes, client data size: 459, sparse: False)
2025-05-13 07:33:19,103 - client_18 - INFO - Data transmission successful
2025-05-13 07:33:41,926 - client_18 - INFO - Client 18 started with algorithm: fedavg, model: lenet5
2025-05-13 07:33:43,774 - client_18 - INFO - Epoch 1/2 - Loss: 0.1882
2025-05-13 07:33:45,149 - client_18 - INFO - Epoch 2/2 - Loss: 0.0540
2025-05-13 07:33:45,153 - client_18 - INFO - Sent 250513 bytes to server (weights size: 250359 bytes, client data size: 459, sparse: False)
2025-05-13 07:33:45,161 - client_18 - INFO - Data transmission successful
2025-05-13 07:33:49,990 - client_18 - INFO - Client 18 started with algorithm: fedavg, model: lenet5
2025-05-13 07:33:51,517 - client_18 - INFO - Epoch 1/2 - Loss: 0.1513
2025-05-13 07:33:52,921 - client_18 - INFO - Epoch 2/2 - Loss: 0.0569
2025-05-13 07:33:52,925 - client_18 - INFO - Sent 250513 bytes to server (weights size: 250359 bytes, client data size: 459, sparse: False)
2025-05-13 07:33:52,935 - client_18 - INFO - Data transmission successful
2025-05-13 07:34:02,518 - client_18 - INFO - Client 18 started with algorithm: fedavg, model: lenet5
2025-05-13 07:34:03,238 - client_18 - INFO - Epoch 1/2 - Loss: 0.0918
2025-05-13 07:34:03,589 - client_18 - INFO - Epoch 2/2 - Loss: 0.0423
2025-05-13 07:34:03,592 - client_18 - INFO - Sent 250513 bytes to server (weights size: 250359 bytes, client data size: 459, sparse: False)
2025-05-13 07:34:03,596 - client_18 - INFO - Data transmission successful
2025-05-13 07:35:31,690 - client_18 - INFO - Client 18 started with algorithm: fedavg, model: lenet5
2025-05-13 07:35:32,930 - client_18 - INFO - Epoch 1/2 - Loss: 0.1010
2025-05-13 07:35:33,958 - client_18 - INFO - Epoch 2/2 - Loss: 0.0392
2025-05-13 07:35:33,961 - client_18 - INFO - Sent 250513 bytes to server (weights size: 250359 bytes, client data size: 459, sparse: False)
2025-05-13 07:35:33,969 - client_18 - INFO - Data transmission successful
2025-05-13 07:36:05,455 - client_18 - INFO - Client 18 started with algorithm: fedavg, model: lenet5
2025-05-13 07:36:06,588 - client_18 - INFO - Epoch 1/2 - Loss: 0.1514
2025-05-13 07:36:07,200 - client_18 - INFO - Epoch 2/2 - Loss: 0.0475
2025-05-13 07:36:07,203 - client_18 - INFO - Sent 250513 bytes to server (weights size: 250359 bytes, client data size: 459, sparse: False)
2025-05-13 07:36:07,207 - client_18 - INFO - Data transmission successful
2025-05-13 07:36:33,267 - client_18 - INFO - Client 18 started with algorithm: fedavg, model: lenet5
2025-05-13 07:36:35,204 - client_18 - INFO - Epoch 1/2 - Loss: 0.0981
2025-05-13 07:36:36,403 - client_18 - INFO - Epoch 2/2 - Loss: 0.0440
2025-05-13 07:36:36,406 - client_18 - INFO - Sent 250513 bytes to server (weights size: 250359 bytes, client data size: 459, sparse: False)
2025-05-13 07:36:36,417 - client_18 - INFO - Data transmission successful
2025-05-13 07:37:33,604 - client_18 - INFO - Client 18 started with algorithm: fedavg, model: lenet5
2025-05-13 07:37:34,625 - client_18 - INFO - Epoch 1/2 - Loss: 0.0969
2025-05-13 07:37:35,271 - client_18 - INFO - Epoch 2/2 - Loss: 0.0342
2025-05-13 07:37:35,274 - client_18 - INFO - Sent 250513 bytes to server (weights size: 250359 bytes, client data size: 459, sparse: False)
2025-05-13 07:37:35,279 - client_18 - INFO - Data transmission successful
2025-05-13 07:37:45,141 - client_18 - INFO - Client 18 started with algorithm: fedavg, model: lenet5
2025-05-13 07:37:46,145 - client_18 - INFO - Epoch 1/2 - Loss: 0.1219
2025-05-13 07:37:47,036 - client_18 - INFO - Epoch 2/2 - Loss: 0.0321
2025-05-13 07:37:47,040 - client_18 - INFO - Sent 250513 bytes to server (weights size: 250359 bytes, client data size: 459, sparse: False)
2025-05-13 07:37:47,047 - client_18 - INFO - Data transmission successful
2025-05-13 07:38:13,257 - client_18 - INFO - Client 18 started with algorithm: fedavg, model: lenet5
2025-05-13 07:38:14,723 - client_18 - INFO - Epoch 1/2 - Loss: 0.1079
2025-05-13 07:38:15,965 - client_18 - INFO - Epoch 2/2 - Loss: 0.0389
2025-05-13 07:38:15,969 - client_18 - INFO - Sent 250513 bytes to server (weights size: 250359 bytes, client data size: 459, sparse: False)
2025-05-13 07:38:15,978 - client_18 - INFO - Data transmission successful
2025-05-13 07:38:28,112 - client_18 - INFO - Client 18 started with algorithm: fedavg, model: lenet5
2025-05-13 07:38:29,522 - client_18 - INFO - Epoch 1/2 - Loss: 0.0668
2025-05-13 07:38:30,529 - client_18 - INFO - Epoch 2/2 - Loss: 0.0273
2025-05-13 07:38:30,533 - client_18 - INFO - Sent 250513 bytes to server (weights size: 250359 bytes, client data size: 459, sparse: False)
2025-05-13 07:38:30,542 - client_18 - INFO - Data transmission successful
2025-05-13 07:39:40,004 - client_18 - INFO - Client 18 started with algorithm: fedavg, model: lenet5
2025-05-13 07:39:41,207 - client_18 - INFO - Epoch 1/2 - Loss: 0.0753
2025-05-13 07:39:42,245 - client_18 - INFO - Epoch 2/2 - Loss: 0.0348
2025-05-13 07:39:42,248 - client_18 - INFO - Sent 250513 bytes to server (weights size: 250359 bytes, client data size: 459, sparse: False)
2025-05-13 07:39:42,257 - client_18 - INFO - Data transmission successful
2025-05-13 14:34:32,977 - client_18 - INFO - Client 18 started with algorithm: fedewma, model: lenet5
2025-05-13 14:34:36,030 - client_18 - INFO - Epoch 1/2 - Loss: 1.5249
2025-05-13 14:34:36,844 - client_18 - INFO - Epoch 2/2 - Loss: 0.5807
2025-05-13 14:34:36,845 - client_18 - INFO - Client 18 sending full delta weights
2025-05-13 14:34:36,847 - client_18 - INFO - Sent 250184 bytes to server (weights size: 250032 bytes, client data size: 459, sparse: False)
2025-05-13 14:34:36,854 - client_18 - INFO - Data transmission successful
2025-05-13 14:36:57,064 - client_18 - INFO - Client 18 started with algorithm: fedewma, model: lenet5
2025-05-13 14:36:59,951 - client_18 - INFO - Epoch 1/2 - Loss: 0.1939
2025-05-13 14:37:00,699 - client_18 - INFO - Epoch 2/2 - Loss: 0.0925
2025-05-13 14:37:00,700 - client_18 - INFO - Client 18 sending full delta weights
2025-05-13 14:37:00,703 - client_18 - INFO - Sent 250184 bytes to server (weights size: 250032 bytes, client data size: 459, sparse: False)
2025-05-13 14:37:00,710 - client_18 - INFO - Data transmission successful
2025-05-13 14:37:14,378 - client_18 - INFO - Client 18 started with algorithm: fedewma, model: lenet5
2025-05-13 14:37:17,594 - client_18 - INFO - Epoch 1/2 - Loss: 0.1565
2025-05-13 14:37:18,759 - client_18 - INFO - Epoch 2/2 - Loss: 0.0897
2025-05-13 14:37:18,761 - client_18 - INFO - Client 18 sending full delta weights
2025-05-13 14:37:18,763 - client_18 - INFO - Sent 250184 bytes to server (weights size: 250032 bytes, client data size: 459, sparse: False)
2025-05-13 14:37:18,772 - client_18 - INFO - Data transmission successful
2025-05-13 14:38:06,848 - client_18 - INFO - Client 18 started with algorithm: fedewma, model: lenet5
2025-05-13 14:38:10,206 - client_18 - INFO - Epoch 1/2 - Loss: 0.1335
2025-05-13 14:38:11,501 - client_18 - INFO - Epoch 2/2 - Loss: 0.0744
2025-05-13 14:38:11,502 - client_18 - INFO - Client 18 sending full delta weights
2025-05-13 14:38:11,505 - client_18 - INFO - Sent 250184 bytes to server (weights size: 250032 bytes, client data size: 459, sparse: False)
2025-05-13 14:38:11,516 - client_18 - INFO - Data transmission successful
2025-05-13 14:38:39,436 - client_18 - INFO - Client 18 started with algorithm: fedewma, model: lenet5
2025-05-13 14:38:42,199 - client_18 - INFO - Epoch 1/2 - Loss: 0.1865
2025-05-13 14:38:42,926 - client_18 - INFO - Epoch 2/2 - Loss: 0.0803
2025-05-13 14:38:42,927 - client_18 - INFO - Client 18 sending full delta weights
2025-05-13 14:38:42,930 - client_18 - INFO - Sent 250184 bytes to server (weights size: 250032 bytes, client data size: 459, sparse: False)
2025-05-13 14:38:42,936 - client_18 - INFO - Data transmission successful
2025-05-13 14:38:49,204 - client_18 - INFO - Client 18 started with algorithm: fedewma, model: lenet5
2025-05-13 14:38:52,370 - client_18 - INFO - Epoch 1/2 - Loss: 0.2115
2025-05-13 14:38:53,272 - client_18 - INFO - Epoch 2/2 - Loss: 0.0789
2025-05-13 14:38:53,273 - client_18 - INFO - Client 18 sending full delta weights
2025-05-13 14:38:53,275 - client_18 - INFO - Sent 250184 bytes to server (weights size: 250032 bytes, client data size: 459, sparse: False)
2025-05-13 14:38:53,284 - client_18 - INFO - Data transmission successful
2025-05-13 14:39:35,848 - client_18 - INFO - Client 18 started with algorithm: fedewma, model: lenet5
2025-05-13 14:39:38,903 - client_18 - INFO - Epoch 1/2 - Loss: 0.1031
2025-05-13 14:39:39,783 - client_18 - INFO - Epoch 2/2 - Loss: 0.0565
2025-05-13 14:39:39,785 - client_18 - INFO - Client 18 sending full delta weights
2025-05-13 14:39:39,787 - client_18 - INFO - Sent 250184 bytes to server (weights size: 250032 bytes, client data size: 459, sparse: False)
2025-05-13 14:39:39,795 - client_18 - INFO - Data transmission successful
2025-05-13 14:40:51,801 - client_18 - INFO - Client 18 started with algorithm: fedewma, model: lenet5
2025-05-13 14:40:54,788 - client_18 - INFO - Epoch 1/2 - Loss: 0.0917
2025-05-13 14:40:55,587 - client_18 - INFO - Epoch 2/2 - Loss: 0.0412
2025-05-13 14:40:55,588 - client_18 - INFO - Client 18 sending full delta weights
2025-05-13 14:40:55,590 - client_18 - INFO - Sent 250184 bytes to server (weights size: 250032 bytes, client data size: 459, sparse: False)
2025-05-13 14:40:55,598 - client_18 - INFO - Data transmission successful
2025-05-13 14:41:22,855 - client_18 - INFO - Client 18 started with algorithm: fedewma, model: lenet5
2025-05-13 14:41:26,094 - client_18 - INFO - Epoch 1/2 - Loss: 0.1051
2025-05-13 14:41:27,159 - client_18 - INFO - Epoch 2/2 - Loss: 0.0405
2025-05-13 14:41:27,161 - client_18 - INFO - Client 18 sending full delta weights
2025-05-13 14:41:27,164 - client_18 - INFO - Sent 250184 bytes to server (weights size: 250032 bytes, client data size: 459, sparse: False)
2025-05-13 14:41:27,171 - client_18 - INFO - Data transmission successful
2025-05-13 14:41:31,732 - client_18 - INFO - Client 18 started with algorithm: fedewma, model: lenet5
2025-05-13 14:41:35,206 - client_18 - INFO - Epoch 1/2 - Loss: 0.1080
2025-05-13 14:41:36,530 - client_18 - INFO - Epoch 2/2 - Loss: 0.0417
2025-05-13 14:41:36,532 - client_18 - INFO - Client 18 sending full delta weights
2025-05-13 14:41:36,534 - client_18 - INFO - Sent 250184 bytes to server (weights size: 250032 bytes, client data size: 459, sparse: False)
2025-05-13 14:41:36,543 - client_18 - INFO - Data transmission successful
2025-05-13 14:41:45,585 - client_18 - INFO - Client 18 started with algorithm: fedewma, model: lenet5
2025-05-13 14:41:47,969 - client_18 - INFO - Epoch 1/2 - Loss: 0.0969
2025-05-13 14:41:48,398 - client_18 - INFO - Epoch 2/2 - Loss: 0.0432
2025-05-13 14:41:48,398 - client_18 - INFO - Client 18 sending full delta weights
2025-05-13 14:41:48,400 - client_18 - INFO - Sent 250184 bytes to server (weights size: 250032 bytes, client data size: 459, sparse: False)
2025-05-13 14:41:48,405 - client_18 - INFO - Data transmission successful
2025-05-13 14:43:35,518 - client_18 - INFO - Client 18 started with algorithm: fedewma, model: lenet5
2025-05-13 14:43:38,553 - client_18 - INFO - Epoch 1/2 - Loss: 0.0740
2025-05-13 14:43:39,552 - client_18 - INFO - Epoch 2/2 - Loss: 0.0348
2025-05-13 14:43:39,553 - client_18 - INFO - Client 18 sending full delta weights
2025-05-13 14:43:39,556 - client_18 - INFO - Sent 250184 bytes to server (weights size: 250032 bytes, client data size: 459, sparse: False)
2025-05-13 14:43:39,564 - client_18 - INFO - Data transmission successful
2025-05-13 14:44:14,864 - client_18 - INFO - Client 18 started with algorithm: fedewma, model: lenet5
2025-05-13 14:44:17,505 - client_18 - INFO - Epoch 1/2 - Loss: 0.1162
2025-05-13 14:44:18,142 - client_18 - INFO - Epoch 2/2 - Loss: 0.0335
2025-05-13 14:44:18,143 - client_18 - INFO - Client 18 sending full delta weights
2025-05-13 14:44:18,145 - client_18 - INFO - Sent 250184 bytes to server (weights size: 250032 bytes, client data size: 459, sparse: False)
2025-05-13 14:44:18,152 - client_18 - INFO - Data transmission successful
2025-05-13 14:44:48,574 - client_18 - INFO - Client 18 started with algorithm: fedewma, model: lenet5
2025-05-13 14:44:52,087 - client_18 - INFO - Epoch 1/2 - Loss: 0.0856
2025-05-13 14:44:53,257 - client_18 - INFO - Epoch 2/2 - Loss: 0.0374
2025-05-13 14:44:53,259 - client_18 - INFO - Client 18 sending full delta weights
2025-05-13 14:44:53,262 - client_18 - INFO - Sent 250184 bytes to server (weights size: 250032 bytes, client data size: 459, sparse: False)
2025-05-13 14:44:53,270 - client_18 - INFO - Data transmission successful
2025-05-13 14:46:03,220 - client_18 - INFO - Client 18 started with algorithm: fedewma, model: lenet5
2025-05-13 14:46:05,766 - client_18 - INFO - Epoch 1/2 - Loss: 0.0651
2025-05-13 14:46:06,405 - client_18 - INFO - Epoch 2/2 - Loss: 0.0241
2025-05-13 14:46:06,406 - client_18 - INFO - Client 18 sending full delta weights
2025-05-13 14:46:06,408 - client_18 - INFO - Sent 250184 bytes to server (weights size: 250032 bytes, client data size: 459, sparse: False)
2025-05-13 14:46:06,413 - client_18 - INFO - Data transmission successful
2025-05-13 14:46:18,036 - client_18 - INFO - Client 18 started with algorithm: fedewma, model: lenet5
2025-05-13 14:46:20,962 - client_18 - INFO - Epoch 1/2 - Loss: 0.0570
2025-05-13 14:46:21,841 - client_18 - INFO - Epoch 2/2 - Loss: 0.0264
2025-05-13 14:46:21,843 - client_18 - INFO - Client 18 sending full delta weights
2025-05-13 14:46:21,845 - client_18 - INFO - Sent 250184 bytes to server (weights size: 250032 bytes, client data size: 459, sparse: False)
2025-05-13 14:46:21,852 - client_18 - INFO - Data transmission successful
2025-05-13 14:46:53,450 - client_18 - INFO - Client 18 started with algorithm: fedewma, model: lenet5
2025-05-13 14:46:56,877 - client_18 - INFO - Epoch 1/2 - Loss: 0.0555
2025-05-13 14:46:58,175 - client_18 - INFO - Epoch 2/2 - Loss: 0.0273
2025-05-13 14:46:58,177 - client_18 - INFO - Client 18 sending full delta weights
2025-05-13 14:46:58,179 - client_18 - INFO - Sent 250184 bytes to server (weights size: 250032 bytes, client data size: 459, sparse: False)
2025-05-13 14:46:58,189 - client_18 - INFO - Data transmission successful
2025-05-13 14:47:11,999 - client_18 - INFO - Client 18 started with algorithm: fedewma, model: lenet5
2025-05-13 14:47:15,143 - client_18 - INFO - Epoch 1/2 - Loss: 0.0467
2025-05-13 14:47:16,146 - client_18 - INFO - Epoch 2/2 - Loss: 0.0226
2025-05-13 14:47:16,148 - client_18 - INFO - Client 18 sending full delta weights
2025-05-13 14:47:16,150 - client_18 - INFO - Sent 250184 bytes to server (weights size: 250032 bytes, client data size: 459, sparse: False)
2025-05-13 14:47:16,159 - client_18 - INFO - Data transmission successful
2025-05-13 14:48:32,285 - client_18 - INFO - Client 18 started with algorithm: fedewma, model: lenet5
2025-05-13 14:48:35,318 - client_18 - INFO - Epoch 1/2 - Loss: 0.0542
2025-05-13 14:48:36,364 - client_18 - INFO - Epoch 2/2 - Loss: 0.0236
2025-05-13 14:48:36,366 - client_18 - INFO - Client 18 sending full delta weights
2025-05-13 14:48:36,368 - client_18 - INFO - Sent 250184 bytes to server (weights size: 250032 bytes, client data size: 459, sparse: False)
2025-05-13 14:48:36,377 - client_18 - INFO - Data transmission successful
2025-05-13 15:15:03,682 - client_18 - INFO - Client 18 started with algorithm: fedewma, model: lenet5
2025-05-13 15:15:06,776 - client_18 - INFO - Epoch 1/2 - Loss: 1.4776
2025-05-13 15:15:07,610 - client_18 - INFO - Epoch 2/2 - Loss: 0.5923
2025-05-13 15:15:07,611 - client_18 - INFO - Client 18 sending full delta weights
2025-05-13 15:15:07,613 - client_18 - INFO - Sent 250184 bytes to server (weights size: 250032 bytes, client data size: 459, sparse: False)
2025-05-13 15:15:07,620 - client_18 - INFO - Data transmission successful
2025-05-13 15:17:34,712 - client_18 - INFO - Client 18 started with algorithm: fedewma, model: lenet5
2025-05-13 15:17:37,699 - client_18 - INFO - Epoch 1/2 - Loss: 0.1816
2025-05-13 15:17:38,448 - client_18 - INFO - Epoch 2/2 - Loss: 0.0957
2025-05-13 15:17:38,448 - client_18 - INFO - Client 18 sending full delta weights
2025-05-13 15:17:38,451 - client_18 - INFO - Sent 250184 bytes to server (weights size: 250032 bytes, client data size: 459, sparse: False)
2025-05-13 15:17:38,458 - client_18 - INFO - Data transmission successful
2025-05-13 15:17:52,422 - client_18 - INFO - Client 18 started with algorithm: fedewma, model: lenet5
2025-05-13 15:17:55,764 - client_18 - INFO - Epoch 1/2 - Loss: 0.1629
2025-05-13 15:17:56,931 - client_18 - INFO - Epoch 2/2 - Loss: 0.0812
2025-05-13 15:17:56,932 - client_18 - INFO - Client 18 sending full delta weights
2025-05-13 15:17:56,935 - client_18 - INFO - Sent 250184 bytes to server (weights size: 250032 bytes, client data size: 459, sparse: False)
2025-05-13 15:17:56,944 - client_18 - INFO - Data transmission successful
2025-05-13 15:18:46,094 - client_18 - INFO - Client 18 started with algorithm: fedewma, model: lenet5
2025-05-13 15:18:49,536 - client_18 - INFO - Epoch 1/2 - Loss: 0.1427
2025-05-13 15:18:50,868 - client_18 - INFO - Epoch 2/2 - Loss: 0.0674
2025-05-13 15:18:50,870 - client_18 - INFO - Client 18 sending full delta weights
2025-05-13 15:18:50,872 - client_18 - INFO - Sent 250184 bytes to server (weights size: 250032 bytes, client data size: 459, sparse: False)
2025-05-13 15:18:50,881 - client_18 - INFO - Data transmission successful
2025-05-13 15:19:21,170 - client_18 - INFO - Client 18 started with algorithm: fedewma, model: lenet5
2025-05-13 15:19:24,243 - client_18 - INFO - Epoch 1/2 - Loss: 0.1895
2025-05-13 15:19:24,971 - client_18 - INFO - Epoch 2/2 - Loss: 0.0820
2025-05-13 15:19:24,972 - client_18 - INFO - Client 18 sending full delta weights
2025-05-13 15:19:24,974 - client_18 - INFO - Sent 250184 bytes to server (weights size: 250032 bytes, client data size: 459, sparse: False)
2025-05-13 15:19:24,981 - client_18 - INFO - Data transmission successful
2025-05-13 15:19:31,030 - client_18 - INFO - Client 18 started with algorithm: fedewma, model: lenet5
2025-05-13 15:19:34,269 - client_18 - INFO - Epoch 1/2 - Loss: 0.2156
2025-05-13 15:19:35,172 - client_18 - INFO - Epoch 2/2 - Loss: 0.0749
2025-05-13 15:19:35,173 - client_18 - INFO - Client 18 sending full delta weights
2025-05-13 15:19:35,176 - client_18 - INFO - Sent 250184 bytes to server (weights size: 250032 bytes, client data size: 459, sparse: False)
2025-05-13 15:19:35,184 - client_18 - INFO - Data transmission successful
2025-05-13 15:20:17,856 - client_18 - INFO - Client 18 started with algorithm: fedewma, model: lenet5
2025-05-13 15:20:20,974 - client_18 - INFO - Epoch 1/2 - Loss: 0.1036
2025-05-13 15:20:21,882 - client_18 - INFO - Epoch 2/2 - Loss: 0.0494
2025-05-13 15:20:21,883 - client_18 - INFO - Client 18 sending full delta weights
2025-05-13 15:20:21,886 - client_18 - INFO - Sent 250184 bytes to server (weights size: 250032 bytes, client data size: 459, sparse: False)
2025-05-13 15:20:21,894 - client_18 - INFO - Data transmission successful
2025-05-13 15:21:34,818 - client_18 - INFO - Client 18 started with algorithm: fedewma, model: lenet5
2025-05-13 15:21:37,899 - client_18 - INFO - Epoch 1/2 - Loss: 0.0875
2025-05-13 15:21:38,700 - client_18 - INFO - Epoch 2/2 - Loss: 0.0430
2025-05-13 15:21:38,701 - client_18 - INFO - Client 18 sending full delta weights
2025-05-13 15:21:38,704 - client_18 - INFO - Sent 250184 bytes to server (weights size: 250032 bytes, client data size: 459, sparse: False)
2025-05-13 15:21:38,711 - client_18 - INFO - Data transmission successful
2025-05-13 15:22:06,632 - client_18 - INFO - Client 18 started with algorithm: fedewma, model: lenet5
2025-05-13 15:22:09,889 - client_18 - INFO - Epoch 1/2 - Loss: 0.1066
2025-05-13 15:22:10,989 - client_18 - INFO - Epoch 2/2 - Loss: 0.0571
2025-05-13 15:22:10,991 - client_18 - INFO - Client 18 sending full delta weights
2025-05-13 15:22:10,994 - client_18 - INFO - Sent 250184 bytes to server (weights size: 250032 bytes, client data size: 459, sparse: False)
2025-05-13 15:22:11,003 - client_18 - INFO - Data transmission successful
2025-05-13 15:22:15,627 - client_18 - INFO - Client 18 started with algorithm: fedewma, model: lenet5
2025-05-13 15:22:19,482 - client_18 - INFO - Epoch 1/2 - Loss: 0.1071
2025-05-13 15:22:21,052 - client_18 - INFO - Epoch 2/2 - Loss: 0.0413
2025-05-13 15:22:21,053 - client_18 - INFO - Client 18 sending full delta weights
2025-05-13 15:22:21,057 - client_18 - INFO - Sent 250184 bytes to server (weights size: 250032 bytes, client data size: 459, sparse: False)
2025-05-13 15:22:21,069 - client_18 - INFO - Data transmission successful
2025-05-13 15:22:31,379 - client_18 - INFO - Client 18 started with algorithm: fedewma, model: lenet5
2025-05-13 15:22:34,346 - client_18 - INFO - Epoch 1/2 - Loss: 0.1028
2025-05-13 15:22:34,760 - client_18 - INFO - Epoch 2/2 - Loss: 0.0422
2025-05-13 15:22:34,761 - client_18 - INFO - Client 18 sending full delta weights
2025-05-13 15:22:34,763 - client_18 - INFO - Sent 250184 bytes to server (weights size: 250032 bytes, client data size: 459, sparse: False)
2025-05-13 15:22:34,767 - client_18 - INFO - Data transmission successful
2025-05-13 15:24:28,388 - client_18 - INFO - Client 18 started with algorithm: fedewma, model: lenet5
2025-05-13 15:24:31,925 - client_18 - INFO - Epoch 1/2 - Loss: 0.0683
2025-05-13 15:24:32,964 - client_18 - INFO - Epoch 2/2 - Loss: 0.0327
2025-05-13 15:24:32,966 - client_18 - INFO - Client 18 sending full delta weights
2025-05-13 15:24:32,969 - client_18 - INFO - Sent 250184 bytes to server (weights size: 250032 bytes, client data size: 459, sparse: False)
2025-05-13 15:24:32,978 - client_18 - INFO - Data transmission successful
2025-05-13 15:25:10,572 - client_18 - INFO - Client 18 started with algorithm: fedewma, model: lenet5
2025-05-13 15:25:13,874 - client_18 - INFO - Epoch 1/2 - Loss: 0.1054
2025-05-13 15:25:14,549 - client_18 - INFO - Epoch 2/2 - Loss: 0.0397
2025-05-13 15:25:14,549 - client_18 - INFO - Client 18 sending full delta weights
2025-05-13 15:25:14,552 - client_18 - INFO - Sent 250184 bytes to server (weights size: 250032 bytes, client data size: 459, sparse: False)
2025-05-13 15:25:14,557 - client_18 - INFO - Data transmission successful
2025-05-13 15:25:51,968 - client_18 - INFO - Client 18 started with algorithm: fedewma, model: lenet5
2025-05-13 15:25:56,447 - client_18 - INFO - Epoch 1/2 - Loss: 0.0899
2025-05-13 15:25:57,859 - client_18 - INFO - Epoch 2/2 - Loss: 0.0382
2025-05-13 15:25:57,860 - client_18 - INFO - Client 18 sending full delta weights
2025-05-13 15:25:57,863 - client_18 - INFO - Sent 250184 bytes to server (weights size: 250032 bytes, client data size: 459, sparse: False)
2025-05-13 15:25:57,874 - client_18 - INFO - Data transmission successful
2025-05-13 15:27:13,939 - client_18 - INFO - Client 18 started with algorithm: fedewma, model: lenet5
2025-05-13 15:27:17,105 - client_18 - INFO - Epoch 1/2 - Loss: 0.0542
2025-05-13 15:27:17,737 - client_18 - INFO - Epoch 2/2 - Loss: 0.0287
2025-05-13 15:27:17,737 - client_18 - INFO - Client 18 sending full delta weights
2025-05-13 15:27:17,740 - client_18 - INFO - Sent 250184 bytes to server (weights size: 250032 bytes, client data size: 459, sparse: False)
2025-05-13 15:27:17,745 - client_18 - INFO - Data transmission successful
2025-05-13 15:27:29,503 - client_18 - INFO - Client 18 started with algorithm: fedewma, model: lenet5
2025-05-13 15:27:32,529 - client_18 - INFO - Epoch 1/2 - Loss: 0.0570
2025-05-13 15:27:33,451 - client_18 - INFO - Epoch 2/2 - Loss: 0.0262
2025-05-13 15:27:33,453 - client_18 - INFO - Client 18 sending full delta weights
2025-05-13 15:27:33,455 - client_18 - INFO - Sent 250184 bytes to server (weights size: 250032 bytes, client data size: 459, sparse: False)
2025-05-13 15:27:33,462 - client_18 - INFO - Data transmission successful
2025-05-13 15:28:06,074 - client_18 - INFO - Client 18 started with algorithm: fedewma, model: lenet5
2025-05-13 15:28:09,850 - client_18 - INFO - Epoch 1/2 - Loss: 0.0503
2025-05-13 15:28:11,148 - client_18 - INFO - Epoch 2/2 - Loss: 0.0228
2025-05-13 15:28:11,149 - client_18 - INFO - Client 18 sending full delta weights
2025-05-13 15:28:11,152 - client_18 - INFO - Sent 250184 bytes to server (weights size: 250032 bytes, client data size: 459, sparse: False)
2025-05-13 15:28:11,162 - client_18 - INFO - Data transmission successful
2025-05-13 15:28:25,867 - client_18 - INFO - Client 18 started with algorithm: fedewma, model: lenet5
2025-05-13 15:28:29,226 - client_18 - INFO - Epoch 1/2 - Loss: 0.0463
2025-05-13 15:28:30,215 - client_18 - INFO - Epoch 2/2 - Loss: 0.0206
2025-05-13 15:28:30,216 - client_18 - INFO - Client 18 sending full delta weights
2025-05-13 15:28:30,219 - client_18 - INFO - Sent 250184 bytes to server (weights size: 250032 bytes, client data size: 459, sparse: False)
2025-05-13 15:28:30,228 - client_18 - INFO - Data transmission successful
2025-05-13 15:29:48,952 - client_18 - INFO - Client 18 started with algorithm: fedewma, model: lenet5
2025-05-13 15:29:52,125 - client_18 - INFO - Epoch 1/2 - Loss: 0.0497
2025-05-13 15:29:53,183 - client_18 - INFO - Epoch 2/2 - Loss: 0.0201
2025-05-13 15:29:53,184 - client_18 - INFO - Client 18 sending full delta weights
2025-05-13 15:29:53,187 - client_18 - INFO - Sent 250184 bytes to server (weights size: 250032 bytes, client data size: 459, sparse: False)
2025-05-13 15:29:53,195 - client_18 - INFO - Data transmission successful
2025-05-13 15:54:12,436 - client_18 - INFO - Client 18 started with algorithm: fedewma, model: resnet18fashion
2025-05-13 15:55:57,129 - client_18 - INFO - Client 18 started with algorithm: fedewma, model: resnet18fashion
2025-05-13 15:57:23,119 - client_18 - INFO - Client 18 started with algorithm: fedewma, model: resnet18fashion
2025-05-13 15:57:33,849 - client_18 - INFO - Epoch 1/2 - Loss: 0.8517
2025-05-13 15:57:36,390 - client_18 - INFO - Epoch 2/2 - Loss: 0.6047
2025-05-13 15:57:36,391 - client_18 - INFO - Client 18 sending full delta weights
2025-05-13 15:57:36,399 - client_18 - INFO - Sent 716145 bytes to server (weights size: 715993 bytes, client data size: 1318, sparse: False)
2025-05-13 15:57:36,413 - client_18 - INFO - Data transmission successful
2025-05-13 16:01:50,345 - client_18 - INFO - Client 18 started with algorithm: fedewma, model: resnet18fashion
2025-05-13 16:02:00,265 - client_18 - INFO - Epoch 1/2 - Loss: 0.5075
2025-05-13 16:02:03,173 - client_18 - INFO - Epoch 2/2 - Loss: 0.4480
2025-05-13 16:02:03,175 - client_18 - INFO - Client 18 sending full delta weights
2025-05-13 16:02:03,183 - client_18 - INFO - Sent 716145 bytes to server (weights size: 715993 bytes, client data size: 1318, sparse: False)
2025-05-13 16:02:03,199 - client_18 - INFO - Data transmission successful
2025-05-13 16:02:18,848 - client_18 - INFO - Client 18 started with algorithm: fedewma, model: resnet18fashion
2025-05-13 16:02:30,133 - client_18 - INFO - Epoch 1/2 - Loss: 0.4611
2025-05-13 16:02:34,455 - client_18 - INFO - Epoch 2/2 - Loss: 0.4284
2025-05-13 16:02:34,457 - client_18 - INFO - Client 18 sending full delta weights
2025-05-13 16:02:34,465 - client_18 - INFO - Sent 716145 bytes to server (weights size: 715993 bytes, client data size: 1318, sparse: False)
2025-05-13 16:02:34,477 - client_18 - INFO - Data transmission successful
2025-05-13 16:03:46,812 - client_18 - INFO - Client 18 started with algorithm: fedewma, model: resnet18fashion
2025-05-13 16:03:57,887 - client_18 - INFO - Epoch 1/2 - Loss: 0.4968
2025-05-13 16:04:02,627 - client_18 - INFO - Epoch 2/2 - Loss: 0.4217
2025-05-13 16:04:02,630 - client_18 - INFO - Client 18 sending full delta weights
2025-05-13 16:04:02,638 - client_18 - INFO - Sent 716145 bytes to server (weights size: 715993 bytes, client data size: 1318, sparse: False)
2025-05-13 16:04:02,657 - client_18 - INFO - Data transmission successful
2025-05-13 16:04:40,109 - client_18 - INFO - Client 18 started with algorithm: fedewma, model: resnet18fashion
2025-05-13 16:04:49,579 - client_18 - INFO - Epoch 1/2 - Loss: 0.4672
2025-05-13 16:04:53,044 - client_18 - INFO - Epoch 2/2 - Loss: 0.4154
2025-05-13 16:04:53,044 - client_18 - INFO - Client 18 sending full delta weights
2025-05-13 16:04:53,053 - client_18 - INFO - Sent 716145 bytes to server (weights size: 715993 bytes, client data size: 1318, sparse: False)
2025-05-13 16:04:53,069 - client_18 - INFO - Data transmission successful
2025-05-13 16:04:56,302 - client_18 - INFO - Client 18 started with algorithm: fedewma, model: resnet18fashion
2025-05-13 16:05:06,603 - client_18 - INFO - Epoch 1/2 - Loss: 0.4497
2025-05-13 16:05:10,487 - client_18 - INFO - Epoch 2/2 - Loss: 0.4126
2025-05-13 16:05:10,488 - client_18 - INFO - Client 18 sending full delta weights
2025-05-13 16:05:10,496 - client_18 - INFO - Sent 716145 bytes to server (weights size: 715993 bytes, client data size: 1318, sparse: False)
2025-05-13 16:05:10,507 - client_18 - INFO - Data transmission successful
2025-05-13 16:06:17,836 - client_18 - INFO - Client 18 started with algorithm: fedewma, model: resnet18fashion
2025-05-13 16:06:28,022 - client_18 - INFO - Epoch 1/2 - Loss: 0.4239
2025-05-13 16:06:32,836 - client_18 - INFO - Epoch 2/2 - Loss: 0.3875
2025-05-13 16:06:32,840 - client_18 - INFO - Client 18 sending full delta weights
2025-05-13 16:06:32,849 - client_18 - INFO - Sent 716145 bytes to server (weights size: 715993 bytes, client data size: 1318, sparse: False)
2025-05-13 16:06:32,876 - client_18 - INFO - Data transmission successful
2025-05-13 16:08:50,004 - client_18 - INFO - Client 18 started with algorithm: fedewma, model: resnet18fashion
2025-05-13 16:09:02,639 - client_18 - INFO - Epoch 1/2 - Loss: 0.4609
2025-05-13 16:09:07,683 - client_18 - INFO - Epoch 2/2 - Loss: 0.3775
2025-05-13 16:09:07,685 - client_18 - INFO - Client 18 sending full delta weights
2025-05-13 16:09:07,694 - client_18 - INFO - Sent 716145 bytes to server (weights size: 715993 bytes, client data size: 1318, sparse: False)
2025-05-13 16:09:07,714 - client_18 - INFO - Data transmission successful
2025-05-13 16:10:04,355 - client_18 - INFO - Client 18 started with algorithm: fedewma, model: resnet18fashion
2025-05-13 16:10:16,082 - client_18 - INFO - Epoch 1/2 - Loss: 0.4437
2025-05-13 16:10:22,265 - client_18 - INFO - Epoch 2/2 - Loss: 0.4050
2025-05-13 16:10:22,274 - client_18 - INFO - Client 18 sending full delta weights
2025-05-13 16:10:22,283 - client_18 - INFO - Sent 716145 bytes to server (weights size: 715993 bytes, client data size: 1318, sparse: False)
2025-05-13 16:10:22,308 - client_18 - INFO - Data transmission successful
2025-05-13 16:10:25,136 - client_18 - INFO - Client 18 started with algorithm: fedewma, model: resnet18fashion
2025-05-13 16:10:40,768 - client_18 - INFO - Epoch 1/2 - Loss: 0.4173
2025-05-13 16:10:46,910 - client_18 - INFO - Epoch 2/2 - Loss: 0.3937
2025-05-13 16:10:46,911 - client_18 - INFO - Client 18 sending full delta weights
2025-05-13 16:10:46,920 - client_18 - INFO - Sent 716145 bytes to server (weights size: 715993 bytes, client data size: 1318, sparse: False)
2025-05-13 16:10:46,933 - client_18 - INFO - Data transmission successful
2025-05-13 16:10:50,577 - client_18 - INFO - Client 18 started with algorithm: fedewma, model: resnet18fashion
2025-05-13 16:10:58,576 - client_18 - INFO - Epoch 1/2 - Loss: 0.4188
2025-05-13 16:11:01,401 - client_18 - INFO - Epoch 2/2 - Loss: 0.3713
2025-05-13 16:11:01,401 - client_18 - INFO - Client 18 sending full delta weights
2025-05-13 16:11:01,409 - client_18 - INFO - Sent 716145 bytes to server (weights size: 715993 bytes, client data size: 1318, sparse: False)
2025-05-13 16:11:01,419 - client_18 - INFO - Data transmission successful
2025-05-13 16:14:20,142 - client_18 - INFO - Client 18 started with algorithm: fedewma, model: resnet18fashion
2025-05-13 16:14:31,921 - client_18 - INFO - Epoch 1/2 - Loss: 0.4020
2025-05-13 16:14:36,036 - client_18 - INFO - Epoch 2/2 - Loss: 0.3658
2025-05-13 16:14:36,037 - client_18 - INFO - Client 18 sending full delta weights
2025-05-13 16:14:36,046 - client_18 - INFO - Sent 716145 bytes to server (weights size: 715993 bytes, client data size: 1318, sparse: False)
2025-05-13 16:14:36,060 - client_18 - INFO - Data transmission successful
2025-05-13 16:15:24,041 - client_18 - INFO - Client 18 started with algorithm: fedewma, model: resnet18fashion
2025-05-13 16:15:31,892 - client_18 - INFO - Epoch 1/2 - Loss: 0.4199
2025-05-13 16:15:34,782 - client_18 - INFO - Epoch 2/2 - Loss: 0.3686
2025-05-13 16:15:34,783 - client_18 - INFO - Client 18 sending full delta weights
2025-05-13 16:15:34,792 - client_18 - INFO - Sent 716145 bytes to server (weights size: 715993 bytes, client data size: 1318, sparse: False)
2025-05-13 16:15:34,802 - client_18 - INFO - Data transmission successful
2025-05-13 16:16:29,313 - client_18 - INFO - Client 18 started with algorithm: fedewma, model: resnet18fashion
2025-05-13 16:16:40,953 - client_18 - INFO - Epoch 1/2 - Loss: 0.3829
2025-05-13 16:16:45,547 - client_18 - INFO - Epoch 2/2 - Loss: 0.3700
2025-05-13 16:16:45,550 - client_18 - INFO - Client 18 sending full delta weights
2025-05-13 16:16:45,558 - client_18 - INFO - Sent 716145 bytes to server (weights size: 715993 bytes, client data size: 1318, sparse: False)
2025-05-13 16:16:45,576 - client_18 - INFO - Data transmission successful
2025-05-13 16:18:54,367 - client_18 - INFO - Client 18 started with algorithm: fedewma, model: resnet18fashion
2025-05-13 16:19:03,231 - client_18 - INFO - Epoch 1/2 - Loss: 0.3924
2025-05-13 16:19:05,699 - client_18 - INFO - Epoch 2/2 - Loss: 0.3483
2025-05-13 16:19:05,700 - client_18 - INFO - Client 18 sending full delta weights
2025-05-13 16:19:05,709 - client_18 - INFO - Sent 716145 bytes to server (weights size: 715993 bytes, client data size: 1318, sparse: False)
2025-05-13 16:19:05,726 - client_18 - INFO - Data transmission successful
2025-05-13 16:19:23,042 - client_18 - INFO - Client 18 started with algorithm: fedewma, model: resnet18fashion
2025-05-13 16:19:32,585 - client_18 - INFO - Epoch 1/2 - Loss: 0.3754
2025-05-13 16:19:35,435 - client_18 - INFO - Epoch 2/2 - Loss: 0.3485
2025-05-13 16:19:35,437 - client_18 - INFO - Client 18 sending full delta weights
2025-05-13 16:19:35,444 - client_18 - INFO - Sent 716145 bytes to server (weights size: 715993 bytes, client data size: 1318, sparse: False)
2025-05-13 16:19:35,458 - client_18 - INFO - Data transmission successful
2025-05-13 16:20:25,188 - client_18 - INFO - Client 18 started with algorithm: fedewma, model: resnet18fashion
2025-05-13 16:20:37,335 - client_18 - INFO - Epoch 1/2 - Loss: 0.3987
2025-05-13 16:20:43,859 - client_18 - INFO - Epoch 2/2 - Loss: 0.3354
2025-05-13 16:20:43,863 - client_18 - INFO - Client 18 sending full delta weights
2025-05-13 16:20:43,871 - client_18 - INFO - Sent 716145 bytes to server (weights size: 715993 bytes, client data size: 1318, sparse: False)
2025-05-13 16:20:43,897 - client_18 - INFO - Data transmission successful
2025-05-13 16:21:08,523 - client_18 - INFO - Client 18 started with algorithm: fedewma, model: resnet18fashion
2025-05-13 16:21:27,040 - client_18 - INFO - Epoch 1/2 - Loss: 0.4050
2025-05-13 16:21:41,820 - client_18 - INFO - Epoch 2/2 - Loss: 0.3392
2025-05-13 16:21:41,823 - client_18 - INFO - Client 18 sending full delta weights
2025-05-13 16:21:41,831 - client_18 - INFO - Sent 716145 bytes to server (weights size: 715993 bytes, client data size: 1318, sparse: False)
2025-05-13 16:21:41,851 - client_18 - INFO - Data transmission successful
2025-05-13 16:24:27,493 - client_18 - INFO - Client 18 started with algorithm: fedewma, model: resnet18fashion
2025-05-13 16:24:37,622 - client_18 - INFO - Epoch 1/2 - Loss: 0.3879
2025-05-13 16:24:41,364 - client_18 - INFO - Epoch 2/2 - Loss: 0.3347
2025-05-13 16:24:41,366 - client_18 - INFO - Client 18 sending full delta weights
2025-05-13 16:24:41,375 - client_18 - INFO - Sent 716145 bytes to server (weights size: 715993 bytes, client data size: 1318, sparse: False)
2025-05-13 16:24:41,391 - client_18 - INFO - Data transmission successful
2025-05-14 07:21:46,997 - client_18 - INFO - Client 18 started with algorithm: fedprox, model: resnet18fashion
2025-05-14 07:22:01,985 - client_18 - INFO - Epoch 1/2 - Loss: 0.8705
2025-05-14 07:22:05,318 - client_18 - INFO - Epoch 2/2 - Loss: 0.6105
2025-05-14 07:22:05,331 - client_18 - INFO - Sent 717496 bytes to server (weights size: 717344 bytes, client data size: 1318, sparse: False)
2025-05-14 07:22:05,349 - client_18 - INFO - Data transmission successful
2025-05-14 07:26:13,869 - client_18 - INFO - Client 18 started with algorithm: fedprox, model: resnet18fashion
2025-05-14 07:26:22,411 - client_18 - INFO - Epoch 1/2 - Loss: 0.5453
2025-05-14 07:26:26,822 - client_18 - INFO - Epoch 2/2 - Loss: 0.4579
2025-05-14 07:26:26,832 - client_18 - INFO - Sent 717496 bytes to server (weights size: 717344 bytes, client data size: 1318, sparse: False)
2025-05-14 07:26:26,847 - client_18 - INFO - Data transmission successful
2025-05-14 07:26:42,488 - client_18 - INFO - Client 18 started with algorithm: fedprox, model: resnet18fashion
2025-05-14 07:26:54,035 - client_18 - INFO - Epoch 1/2 - Loss: 0.4556
2025-05-14 07:26:59,596 - client_18 - INFO - Epoch 2/2 - Loss: 0.4296
2025-05-14 07:26:59,606 - client_18 - INFO - Sent 717496 bytes to server (weights size: 717344 bytes, client data size: 1318, sparse: False)
2025-05-14 07:26:59,625 - client_18 - INFO - Data transmission successful
2025-05-14 07:28:16,430 - client_18 - INFO - Client 18 started with algorithm: fedprox, model: resnet18fashion
2025-05-14 07:28:30,028 - client_18 - INFO - Epoch 1/2 - Loss: 0.4573
2025-05-14 07:28:35,978 - client_18 - INFO - Epoch 2/2 - Loss: 0.4494
2025-05-14 07:28:35,988 - client_18 - INFO - Sent 717496 bytes to server (weights size: 717344 bytes, client data size: 1318, sparse: False)
2025-05-14 07:28:36,022 - client_18 - INFO - Data transmission successful
2025-05-14 07:29:14,886 - client_18 - INFO - Client 18 started with algorithm: fedprox, model: resnet18fashion
2025-05-14 07:29:24,071 - client_18 - INFO - Epoch 1/2 - Loss: 0.4419
2025-05-14 07:29:28,657 - client_18 - INFO - Epoch 2/2 - Loss: 0.3889
2025-05-14 07:29:28,668 - client_18 - INFO - Sent 717496 bytes to server (weights size: 717344 bytes, client data size: 1318, sparse: False)
2025-05-14 07:29:28,685 - client_18 - INFO - Data transmission successful
2025-05-14 07:29:32,532 - client_18 - INFO - Client 18 started with algorithm: fedprox, model: resnet18fashion
2025-05-14 07:29:41,909 - client_18 - INFO - Epoch 1/2 - Loss: 0.4471
2025-05-14 07:29:46,998 - client_18 - INFO - Epoch 2/2 - Loss: 0.4158
2025-05-14 07:29:47,008 - client_18 - INFO - Sent 717496 bytes to server (weights size: 717344 bytes, client data size: 1318, sparse: False)
2025-05-14 07:29:47,029 - client_18 - INFO - Data transmission successful
2025-05-14 07:30:54,438 - client_18 - INFO - Client 18 started with algorithm: fedprox, model: resnet18fashion
2025-05-14 07:31:02,411 - client_18 - INFO - Epoch 1/2 - Loss: 0.4202
2025-05-14 07:31:08,475 - client_18 - INFO - Epoch 2/2 - Loss: 0.4099
2025-05-14 07:31:08,489 - client_18 - INFO - Sent 717496 bytes to server (weights size: 717344 bytes, client data size: 1318, sparse: False)
2025-05-14 07:31:08,521 - client_18 - INFO - Data transmission successful
2025-05-14 07:33:15,342 - client_18 - INFO - Client 18 started with algorithm: fedprox, model: resnet18fashion
2025-05-14 07:33:24,027 - client_18 - INFO - Epoch 1/2 - Loss: 0.4355
2025-05-14 07:33:29,828 - client_18 - INFO - Epoch 2/2 - Loss: 0.3987
2025-05-14 07:33:29,838 - client_18 - INFO - Sent 717496 bytes to server (weights size: 717344 bytes, client data size: 1318, sparse: False)
2025-05-14 07:33:29,857 - client_18 - INFO - Data transmission successful
2025-05-14 07:34:28,030 - client_18 - INFO - Client 18 started with algorithm: fedprox, model: resnet18fashion
2025-05-14 07:34:38,069 - client_18 - INFO - Epoch 1/2 - Loss: 0.4286
2025-05-14 07:34:45,403 - client_18 - INFO - Epoch 2/2 - Loss: 0.3741
2025-05-14 07:34:45,415 - client_18 - INFO - Sent 717496 bytes to server (weights size: 717344 bytes, client data size: 1318, sparse: False)
2025-05-14 07:34:45,435 - client_18 - INFO - Data transmission successful
2025-05-14 07:34:48,613 - client_18 - INFO - Client 18 started with algorithm: fedprox, model: resnet18fashion
2025-05-14 07:35:00,312 - client_18 - INFO - Epoch 1/2 - Loss: 0.4333
2025-05-14 07:35:06,997 - client_18 - INFO - Epoch 2/2 - Loss: 0.3625
2025-05-14 07:35:07,007 - client_18 - INFO - Sent 717496 bytes to server (weights size: 717344 bytes, client data size: 1318, sparse: False)
2025-05-14 07:35:07,020 - client_18 - INFO - Data transmission successful
2025-05-14 07:35:11,002 - client_18 - INFO - Client 18 started with algorithm: fedprox, model: resnet18fashion
2025-05-14 07:35:16,464 - client_18 - INFO - Epoch 1/2 - Loss: 0.3844
2025-05-14 07:35:19,378 - client_18 - INFO - Epoch 2/2 - Loss: 0.3922
2025-05-14 07:35:19,378 - client_18 - INFO - Early stopping triggered at epoch 2: Loss increased from 0.3844 to 0.3922
2025-05-14 07:35:19,388 - client_18 - INFO - Sent 717496 bytes to server (weights size: 717344 bytes, client data size: 1318, sparse: False)
2025-05-14 07:35:19,401 - client_18 - INFO - Data transmission successful
2025-05-14 07:38:39,045 - client_18 - INFO - Client 18 started with algorithm: fedprox, model: resnet18fashion
2025-05-14 07:38:49,593 - client_18 - INFO - Epoch 1/2 - Loss: 0.4047
2025-05-14 07:38:55,726 - client_18 - INFO - Epoch 2/2 - Loss: 0.3759
2025-05-14 07:38:55,736 - client_18 - INFO - Sent 717496 bytes to server (weights size: 717344 bytes, client data size: 1318, sparse: False)
2025-05-14 07:38:55,750 - client_18 - INFO - Data transmission successful
2025-05-14 07:39:43,416 - client_18 - INFO - Client 18 started with algorithm: fedprox, model: resnet18fashion
2025-05-14 07:39:48,889 - client_18 - INFO - Epoch 1/2 - Loss: 0.3997
2025-05-14 07:39:52,669 - client_18 - INFO - Epoch 2/2 - Loss: 0.3584
2025-05-14 07:39:52,678 - client_18 - INFO - Sent 717496 bytes to server (weights size: 717344 bytes, client data size: 1318, sparse: False)
2025-05-14 07:39:52,693 - client_18 - INFO - Data transmission successful
2025-05-14 07:40:42,629 - client_18 - INFO - Client 18 started with algorithm: fedprox, model: resnet18fashion
2025-05-14 07:40:52,783 - client_18 - INFO - Epoch 1/2 - Loss: 0.3934
2025-05-14 07:40:58,313 - client_18 - INFO - Epoch 2/2 - Loss: 0.3944
2025-05-14 07:40:58,313 - client_18 - INFO - Early stopping triggered at epoch 2: Loss increased from 0.3934 to 0.3944
2025-05-14 07:40:58,324 - client_18 - INFO - Sent 717496 bytes to server (weights size: 717344 bytes, client data size: 1318, sparse: False)
2025-05-14 07:40:58,343 - client_18 - INFO - Data transmission successful
2025-05-14 07:43:06,040 - client_18 - INFO - Client 18 started with algorithm: fedprox, model: resnet18fashion
2025-05-14 07:43:11,677 - client_18 - INFO - Epoch 1/2 - Loss: 0.4095
2025-05-14 07:43:15,971 - client_18 - INFO - Epoch 2/2 - Loss: 0.3630
2025-05-14 07:43:15,981 - client_18 - INFO - Sent 717496 bytes to server (weights size: 717344 bytes, client data size: 1318, sparse: False)
2025-05-14 07:43:15,994 - client_18 - INFO - Data transmission successful
2025-05-14 07:43:32,316 - client_18 - INFO - Client 18 started with algorithm: fedprox, model: resnet18fashion
2025-05-14 07:43:40,792 - client_18 - INFO - Epoch 1/2 - Loss: 0.3948
2025-05-14 07:43:44,110 - client_18 - INFO - Epoch 2/2 - Loss: 0.3654
2025-05-14 07:43:44,119 - client_18 - INFO - Sent 717496 bytes to server (weights size: 717344 bytes, client data size: 1318, sparse: False)
2025-05-14 07:43:44,136 - client_18 - INFO - Data transmission successful
2025-05-14 07:44:31,259 - client_18 - INFO - Client 18 started with algorithm: fedprox, model: resnet18fashion
2025-05-14 07:44:44,940 - client_18 - INFO - Epoch 1/2 - Loss: 0.3856
2025-05-14 07:44:52,078 - client_18 - INFO - Epoch 2/2 - Loss: 0.3489
2025-05-14 07:44:52,088 - client_18 - INFO - Sent 717496 bytes to server (weights size: 717344 bytes, client data size: 1318, sparse: False)
2025-05-14 07:44:52,109 - client_18 - INFO - Data transmission successful
2025-05-14 07:45:16,914 - client_18 - INFO - Client 18 started with algorithm: fedprox, model: resnet18fashion
2025-05-14 07:45:33,175 - client_18 - INFO - Epoch 1/2 - Loss: 0.4083
2025-05-14 07:45:40,588 - client_18 - INFO - Epoch 2/2 - Loss: 0.3266
2025-05-14 07:45:40,602 - client_18 - INFO - Sent 717496 bytes to server (weights size: 717344 bytes, client data size: 1318, sparse: False)
2025-05-14 07:45:40,628 - client_18 - INFO - Data transmission successful
2025-05-14 07:48:03,649 - client_18 - INFO - Client 18 started with algorithm: fedprox, model: resnet18fashion
2025-05-14 07:48:15,084 - client_18 - INFO - Epoch 1/2 - Loss: 0.3793
2025-05-14 07:48:20,678 - client_18 - INFO - Epoch 2/2 - Loss: 0.3424
2025-05-14 07:48:20,691 - client_18 - INFO - Sent 717496 bytes to server (weights size: 717344 bytes, client data size: 1318, sparse: False)
2025-05-14 07:48:20,708 - client_18 - INFO - Data transmission successful
2025-05-14 08:36:11,318 - client_18 - INFO - Client 18 started with algorithm: fedavg, model: resnet18fashion
2025-05-14 08:36:25,568 - client_18 - INFO - Epoch 1/2 - Loss: 0.8913
2025-05-14 08:36:28,141 - client_18 - INFO - Epoch 2/2 - Loss: 0.6147
2025-05-14 08:36:28,148 - client_18 - INFO - Sent 717498 bytes to server (weights size: 717344 bytes, client data size: 1318, sparse: False)
2025-05-14 08:36:28,158 - client_18 - INFO - Data transmission successful
2025-05-14 08:40:35,164 - client_18 - INFO - Client 18 started with algorithm: fedavg, model: resnet18fashion
2025-05-14 08:40:42,636 - client_18 - INFO - Epoch 1/2 - Loss: 0.5071
2025-05-14 08:40:46,587 - client_18 - INFO - Epoch 2/2 - Loss: 0.4504
2025-05-14 08:40:46,597 - client_18 - INFO - Sent 717498 bytes to server (weights size: 717344 bytes, client data size: 1318, sparse: False)
2025-05-14 08:40:46,617 - client_18 - INFO - Data transmission successful
2025-05-14 08:41:00,467 - client_18 - INFO - Client 18 started with algorithm: fedavg, model: resnet18fashion
2025-05-14 08:41:08,722 - client_18 - INFO - Epoch 1/2 - Loss: 0.4540
2025-05-14 08:41:13,073 - client_18 - INFO - Epoch 2/2 - Loss: 0.4273
2025-05-14 08:41:13,083 - client_18 - INFO - Sent 717498 bytes to server (weights size: 717344 bytes, client data size: 1318, sparse: False)
2025-05-14 08:41:13,101 - client_18 - INFO - Data transmission successful
2025-05-14 08:42:23,804 - client_18 - INFO - Client 18 started with algorithm: fedavg, model: resnet18fashion
2025-05-14 08:42:33,343 - client_18 - INFO - Epoch 1/2 - Loss: 0.4753
2025-05-14 08:42:37,980 - client_18 - INFO - Epoch 2/2 - Loss: 0.4090
2025-05-14 08:42:37,991 - client_18 - INFO - Sent 717498 bytes to server (weights size: 717344 bytes, client data size: 1318, sparse: False)
2025-05-14 08:42:38,011 - client_18 - INFO - Data transmission successful
2025-05-14 08:43:16,703 - client_18 - INFO - Client 18 started with algorithm: fedavg, model: resnet18fashion
2025-05-14 08:43:25,994 - client_18 - INFO - Epoch 1/2 - Loss: 0.4378
2025-05-14 08:43:33,193 - client_18 - INFO - Epoch 2/2 - Loss: 0.4114
2025-05-14 08:43:33,206 - client_18 - INFO - Sent 717498 bytes to server (weights size: 717344 bytes, client data size: 1318, sparse: False)
2025-05-14 08:43:33,220 - client_18 - INFO - Data transmission successful
2025-05-14 08:43:38,783 - client_18 - INFO - Client 18 started with algorithm: fedavg, model: resnet18fashion
2025-05-14 08:43:48,087 - client_18 - INFO - Epoch 1/2 - Loss: 0.4231
2025-05-14 08:43:52,845 - client_18 - INFO - Epoch 2/2 - Loss: 0.4187
2025-05-14 08:43:52,854 - client_18 - INFO - Sent 717498 bytes to server (weights size: 717344 bytes, client data size: 1318, sparse: False)
2025-05-14 08:43:52,875 - client_18 - INFO - Data transmission successful
2025-05-14 08:45:10,372 - client_18 - INFO - Client 18 started with algorithm: fedavg, model: resnet18fashion
2025-05-14 08:45:21,256 - client_18 - INFO - Epoch 1/2 - Loss: 0.3914
2025-05-14 08:45:26,661 - client_18 - INFO - Epoch 2/2 - Loss: 0.4017
2025-05-14 08:45:26,662 - client_18 - INFO - Early stopping triggered at epoch 2: Loss increased from 0.3914 to 0.4017
2025-05-14 08:45:26,678 - client_18 - INFO - Sent 717498 bytes to server (weights size: 717344 bytes, client data size: 1318, sparse: False)
2025-05-14 08:45:26,711 - client_18 - INFO - Data transmission successful
2025-05-14 08:47:29,914 - client_18 - INFO - Client 18 started with algorithm: fedavg, model: resnet18fashion
2025-05-14 08:47:38,574 - client_18 - INFO - Epoch 1/2 - Loss: 0.4175
2025-05-14 08:47:43,454 - client_18 - INFO - Epoch 2/2 - Loss: 0.3757
2025-05-14 08:47:43,463 - client_18 - INFO - Sent 717498 bytes to server (weights size: 717344 bytes, client data size: 1318, sparse: False)
2025-05-14 08:47:43,479 - client_18 - INFO - Data transmission successful
2025-05-14 08:48:30,051 - client_18 - INFO - Client 18 started with algorithm: fedavg, model: resnet18fashion
2025-05-14 08:48:40,318 - client_18 - INFO - Epoch 1/2 - Loss: 0.4009
2025-05-14 08:48:47,380 - client_18 - INFO - Epoch 2/2 - Loss: 0.4069
2025-05-14 08:48:47,380 - client_18 - INFO - Early stopping triggered at epoch 2: Loss increased from 0.4009 to 0.4069
2025-05-14 08:48:47,393 - client_18 - INFO - Sent 717498 bytes to server (weights size: 717344 bytes, client data size: 1318, sparse: False)
2025-05-14 08:48:47,419 - client_18 - INFO - Data transmission successful
2025-05-14 08:48:50,667 - client_18 - INFO - Client 18 started with algorithm: fedavg, model: resnet18fashion
2025-05-14 08:49:00,654 - client_18 - INFO - Epoch 1/2 - Loss: 0.4209
2025-05-14 08:49:05,186 - client_18 - INFO - Epoch 2/2 - Loss: 0.3780
2025-05-14 08:49:05,196 - client_18 - INFO - Sent 717498 bytes to server (weights size: 717344 bytes, client data size: 1318, sparse: False)
2025-05-14 08:49:05,211 - client_18 - INFO - Data transmission successful
2025-05-14 08:49:08,305 - client_18 - INFO - Client 18 started with algorithm: fedavg, model: resnet18fashion
2025-05-14 08:49:12,676 - client_18 - INFO - Epoch 1/2 - Loss: 0.3943
2025-05-14 08:49:15,069 - client_18 - INFO - Epoch 2/2 - Loss: 0.3575
2025-05-14 08:49:15,127 - client_18 - INFO - Sent 717498 bytes to server (weights size: 717344 bytes, client data size: 1318, sparse: False)
2025-05-14 08:49:15,143 - client_18 - INFO - Data transmission successful
2025-05-14 08:52:12,190 - client_18 - INFO - Client 18 started with algorithm: fedavg, model: resnet18fashion
2025-05-14 08:52:19,843 - client_18 - INFO - Epoch 1/2 - Loss: 0.4050
2025-05-14 08:52:24,518 - client_18 - INFO - Epoch 2/2 - Loss: 0.3588
2025-05-14 08:52:24,529 - client_18 - INFO - Sent 717498 bytes to server (weights size: 717344 bytes, client data size: 1318, sparse: False)
2025-05-14 08:52:24,546 - client_18 - INFO - Data transmission successful
2025-05-14 08:53:04,510 - client_18 - INFO - Client 18 started with algorithm: fedavg, model: resnet18fashion
2025-05-14 08:53:09,687 - client_18 - INFO - Epoch 1/2 - Loss: 0.4219
2025-05-14 08:53:13,434 - client_18 - INFO - Epoch 2/2 - Loss: 0.3601
2025-05-14 08:53:13,443 - client_18 - INFO - Sent 717498 bytes to server (weights size: 717344 bytes, client data size: 1318, sparse: False)
2025-05-14 08:53:13,455 - client_18 - INFO - Data transmission successful
2025-05-14 08:53:58,997 - client_18 - INFO - Client 18 started with algorithm: fedavg, model: resnet18fashion
2025-05-14 08:54:08,512 - client_18 - INFO - Epoch 1/2 - Loss: 0.3954
2025-05-14 08:54:15,054 - client_18 - INFO - Epoch 2/2 - Loss: 0.3502
2025-05-14 08:54:15,066 - client_18 - INFO - Sent 717498 bytes to server (weights size: 717344 bytes, client data size: 1318, sparse: False)
2025-05-14 08:54:15,082 - client_18 - INFO - Data transmission successful
2025-05-14 08:56:23,692 - client_18 - INFO - Client 18 started with algorithm: fedavg, model: resnet18fashion
2025-05-14 08:56:29,627 - client_18 - INFO - Epoch 1/2 - Loss: 0.3937
2025-05-14 08:56:32,702 - client_18 - INFO - Epoch 2/2 - Loss: 0.3449
2025-05-14 08:56:32,714 - client_18 - INFO - Sent 717498 bytes to server (weights size: 717344 bytes, client data size: 1318, sparse: False)
2025-05-14 08:56:32,729 - client_18 - INFO - Data transmission successful
2025-05-14 08:56:47,321 - client_18 - INFO - Client 18 started with algorithm: fedavg, model: resnet18fashion
2025-05-14 08:56:54,858 - client_18 - INFO - Epoch 1/2 - Loss: 0.3811
2025-05-14 08:56:57,800 - client_18 - INFO - Epoch 2/2 - Loss: 0.3166
2025-05-14 08:56:57,810 - client_18 - INFO - Sent 717498 bytes to server (weights size: 717344 bytes, client data size: 1318, sparse: False)
2025-05-14 08:56:57,829 - client_18 - INFO - Data transmission successful
2025-05-14 08:57:40,538 - client_18 - INFO - Client 18 started with algorithm: fedavg, model: resnet18fashion
2025-05-14 08:57:52,136 - client_18 - INFO - Epoch 1/2 - Loss: 0.3805
2025-05-14 08:58:00,394 - client_18 - INFO - Epoch 2/2 - Loss: 0.3443
2025-05-14 08:58:00,407 - client_18 - INFO - Sent 717498 bytes to server (weights size: 717344 bytes, client data size: 1318, sparse: False)
2025-05-14 08:58:00,434 - client_18 - INFO - Data transmission successful
2025-05-14 08:58:23,140 - client_18 - INFO - Client 18 started with algorithm: fedavg, model: resnet18fashion
2025-05-14 08:58:32,025 - client_18 - INFO - Epoch 1/2 - Loss: 0.4070
2025-05-14 08:58:37,826 - client_18 - INFO - Epoch 2/2 - Loss: 0.3339
2025-05-14 08:58:37,838 - client_18 - INFO - Sent 717498 bytes to server (weights size: 717344 bytes, client data size: 1318, sparse: False)
2025-05-14 08:58:37,864 - client_18 - INFO - Data transmission successful
2025-05-14 09:00:49,657 - client_18 - INFO - Client 18 started with algorithm: fedavg, model: resnet18fashion
2025-05-14 09:00:58,635 - client_18 - INFO - Epoch 1/2 - Loss: 0.3576
2025-05-14 09:01:02,565 - client_18 - INFO - Epoch 2/2 - Loss: 0.3384
2025-05-14 09:01:02,576 - client_18 - INFO - Sent 717498 bytes to server (weights size: 717344 bytes, client data size: 1318, sparse: False)
2025-05-14 09:01:02,592 - client_18 - INFO - Data transmission successful
