2025-05-12 11:20:30,915 - client_35 - INFO - Client 35 started with algorithm: fedewma, model: lenet5
2025-05-12 11:20:35,544 - client_35 - INFO - Epoch 1/2 - Loss: 0.5192
2025-05-12 11:20:37,219 - client_35 - INFO - Epoch 2/2 - Loss: 0.1480
2025-05-12 11:20:37,222 - client_35 - INFO - Client 35 sending full delta weights
2025-05-12 11:20:37,226 - client_35 - INFO - Sent 250184 bytes to server (weights size: 250032 bytes, client data size: 544, sparse: False)
2025-05-12 11:20:37,237 - client_35 - INFO - Data transmission successful
2025-05-12 11:20:43,332 - client_35 - INFO - Client 35 started with algorithm: fedewma, model: lenet5
2025-05-12 11:20:46,964 - client_35 - INFO - Epoch 1/2 - Loss: 0.3316
2025-05-12 11:20:47,796 - client_35 - INFO - Epoch 2/2 - Loss: 0.1019
2025-05-12 11:20:47,799 - client_35 - INFO - Client 35 sending full delta weights
2025-05-12 11:20:47,804 - client_35 - INFO - Sent 250184 bytes to server (weights size: 250032 bytes, client data size: 544, sparse: False)
2025-05-12 11:20:47,810 - client_35 - INFO - Data transmission successful
2025-05-12 11:21:14,339 - client_35 - INFO - Client 35 started with algorithm: fedewma, model: lenet5
2025-05-12 11:21:17,987 - client_35 - INFO - Epoch 1/2 - Loss: 0.3324
2025-05-12 11:21:18,848 - client_35 - INFO - Epoch 2/2 - Loss: 0.0894
2025-05-12 11:21:18,849 - client_35 - INFO - Client 35 sending full delta weights
2025-05-12 11:21:18,854 - client_35 - INFO - Sent 250184 bytes to server (weights size: 250032 bytes, client data size: 544, sparse: False)
2025-05-12 11:21:18,859 - client_35 - INFO - Data transmission successful
2025-05-12 11:22:25,150 - client_35 - INFO - Client 35 started with algorithm: fedewma, model: lenet5
2025-05-12 11:22:29,782 - client_35 - INFO - Epoch 1/2 - Loss: 0.1771
2025-05-12 11:22:31,383 - client_35 - INFO - Epoch 2/2 - Loss: 0.0629
2025-05-12 11:22:31,387 - client_35 - INFO - Client 35 sending full delta weights
2025-05-12 11:22:31,390 - client_35 - INFO - Sent 250184 bytes to server (weights size: 250032 bytes, client data size: 544, sparse: False)
2025-05-12 11:22:31,401 - client_35 - INFO - Data transmission successful
2025-05-12 11:22:39,264 - client_35 - INFO - Client 35 started with algorithm: fedewma, model: lenet5
2025-05-12 11:22:44,429 - client_35 - INFO - Epoch 1/2 - Loss: 0.1450
2025-05-12 11:22:46,380 - client_35 - INFO - Epoch 2/2 - Loss: 0.0573
2025-05-12 11:22:46,381 - client_35 - INFO - Client 35 sending full delta weights
2025-05-12 11:22:46,386 - client_35 - INFO - Sent 250184 bytes to server (weights size: 250032 bytes, client data size: 544, sparse: False)
2025-05-12 11:22:46,396 - client_35 - INFO - Data transmission successful
2025-05-12 11:23:45,976 - client_35 - INFO - Client 35 started with algorithm: fedewma, model: lenet5
2025-05-12 11:23:50,714 - client_35 - INFO - Epoch 1/2 - Loss: 0.1138
2025-05-12 11:23:51,953 - client_35 - INFO - Epoch 2/2 - Loss: 0.0431
2025-05-12 11:23:51,955 - client_35 - INFO - Client 35 sending full delta weights
2025-05-12 11:23:51,958 - client_35 - INFO - Sent 250184 bytes to server (weights size: 250032 bytes, client data size: 544, sparse: False)
2025-05-12 11:23:51,964 - client_35 - INFO - Data transmission successful
2025-05-12 11:25:46,382 - client_35 - INFO - Client 35 started with algorithm: fedewma, model: lenet5
2025-05-12 11:25:50,509 - client_35 - INFO - Epoch 1/2 - Loss: 0.0873
2025-05-12 11:25:51,753 - client_35 - INFO - Epoch 2/2 - Loss: 0.0395
2025-05-12 11:25:51,755 - client_35 - INFO - Client 35 sending full delta weights
2025-05-12 11:25:51,758 - client_35 - INFO - Sent 250184 bytes to server (weights size: 250032 bytes, client data size: 544, sparse: False)
2025-05-12 11:25:51,765 - client_35 - INFO - Data transmission successful
2025-05-12 11:26:28,226 - client_35 - INFO - Client 35 started with algorithm: fedewma, model: lenet5
2025-05-12 11:26:32,421 - client_35 - INFO - Epoch 1/2 - Loss: 0.0707
2025-05-12 11:26:33,810 - client_35 - INFO - Epoch 2/2 - Loss: 0.0320
2025-05-12 11:26:33,812 - client_35 - INFO - Client 35 sending full delta weights
2025-05-12 11:26:33,815 - client_35 - INFO - Sent 250184 bytes to server (weights size: 250032 bytes, client data size: 544, sparse: False)
2025-05-12 11:26:33,824 - client_35 - INFO - Data transmission successful
2025-05-12 11:27:47,745 - client_35 - INFO - Client 35 started with algorithm: fedewma, model: lenet5
2025-05-12 11:27:51,628 - client_35 - INFO - Epoch 1/2 - Loss: 0.1107
2025-05-12 11:27:52,507 - client_35 - INFO - Epoch 2/2 - Loss: 0.0456
2025-05-12 11:27:52,508 - client_35 - INFO - Client 35 sending full delta weights
2025-05-12 11:27:52,510 - client_35 - INFO - Sent 250184 bytes to server (weights size: 250032 bytes, client data size: 544, sparse: False)
2025-05-12 11:27:52,516 - client_35 - INFO - Data transmission successful
2025-05-12 11:27:56,888 - client_35 - INFO - Client 35 started with algorithm: fedewma, model: lenet5
2025-05-12 11:28:00,790 - client_35 - INFO - Epoch 1/2 - Loss: 0.0583
2025-05-12 11:28:01,525 - client_35 - INFO - Epoch 2/2 - Loss: 0.0271
2025-05-12 11:28:01,525 - client_35 - INFO - Client 35 sending full delta weights
2025-05-12 11:28:01,528 - client_35 - INFO - Sent 250184 bytes to server (weights size: 250032 bytes, client data size: 544, sparse: False)
2025-05-12 11:28:01,536 - client_35 - INFO - Data transmission successful
2025-05-12 11:28:38,830 - client_35 - INFO - Client 35 started with algorithm: fedewma, model: lenet5
2025-05-12 11:28:42,881 - client_35 - INFO - Epoch 1/2 - Loss: 0.0449
2025-05-12 11:28:44,110 - client_35 - INFO - Epoch 2/2 - Loss: 0.0270
2025-05-12 11:28:44,111 - client_35 - INFO - Client 35 sending full delta weights
2025-05-12 11:28:44,114 - client_35 - INFO - Sent 250184 bytes to server (weights size: 250032 bytes, client data size: 544, sparse: False)
2025-05-12 11:28:44,125 - client_35 - INFO - Data transmission successful
2025-05-12 11:29:00,763 - client_35 - INFO - Client 35 started with algorithm: fedewma, model: lenet5
2025-05-12 11:29:04,707 - client_35 - INFO - Epoch 1/2 - Loss: 0.0588
2025-05-12 11:29:05,897 - client_35 - INFO - Epoch 2/2 - Loss: 0.0299
2025-05-12 11:29:05,898 - client_35 - INFO - Client 35 sending full delta weights
2025-05-12 11:29:05,903 - client_35 - INFO - Sent 250184 bytes to server (weights size: 250032 bytes, client data size: 544, sparse: False)
2025-05-12 11:29:05,912 - client_35 - INFO - Data transmission successful
2025-05-12 11:29:17,163 - client_35 - INFO - Client 35 started with algorithm: fedewma, model: lenet5
2025-05-12 11:29:21,851 - client_35 - INFO - Epoch 1/2 - Loss: 0.0583
2025-05-12 11:29:23,293 - client_35 - INFO - Epoch 2/2 - Loss: 0.0194
2025-05-12 11:29:23,294 - client_35 - INFO - Client 35 sending full delta weights
2025-05-12 11:29:23,297 - client_35 - INFO - Sent 250184 bytes to server (weights size: 250032 bytes, client data size: 544, sparse: False)
2025-05-12 11:29:23,307 - client_35 - INFO - Data transmission successful
2025-05-12 11:29:50,414 - client_35 - INFO - Client 35 started with algorithm: fedewma, model: lenet5
2025-05-12 11:29:54,831 - client_35 - INFO - Epoch 1/2 - Loss: 0.0456
2025-05-12 11:29:56,305 - client_35 - INFO - Epoch 2/2 - Loss: 0.0226
2025-05-12 11:29:56,307 - client_35 - INFO - Client 35 sending full delta weights
2025-05-12 11:29:56,310 - client_35 - INFO - Sent 250184 bytes to server (weights size: 250032 bytes, client data size: 544, sparse: False)
2025-05-12 11:29:56,323 - client_35 - INFO - Data transmission successful
2025-05-12 11:30:33,935 - client_35 - INFO - Client 35 started with algorithm: fedewma, model: lenet5
2025-05-12 11:30:37,845 - client_35 - INFO - Epoch 1/2 - Loss: 0.0419
2025-05-12 11:30:38,491 - client_35 - INFO - Epoch 2/2 - Loss: 0.0215
2025-05-12 11:30:38,491 - client_35 - INFO - Client 35 sending full delta weights
2025-05-12 11:30:38,494 - client_35 - INFO - Sent 250184 bytes to server (weights size: 250032 bytes, client data size: 544, sparse: False)
2025-05-12 11:30:38,498 - client_35 - INFO - Data transmission successful
2025-05-12 11:31:56,905 - client_35 - INFO - Client 35 started with algorithm: fedewma, model: lenet5
2025-05-12 11:32:00,906 - client_35 - INFO - Epoch 1/2 - Loss: 0.0600
2025-05-12 11:32:02,161 - client_35 - INFO - Epoch 2/2 - Loss: 0.0191
2025-05-12 11:32:02,162 - client_35 - INFO - Client 35 sending full delta weights
2025-05-12 11:32:02,165 - client_35 - INFO - Sent 250184 bytes to server (weights size: 250032 bytes, client data size: 544, sparse: False)
2025-05-12 11:32:02,176 - client_35 - INFO - Data transmission successful
2025-05-12 11:32:06,960 - client_35 - INFO - Client 35 started with algorithm: fedewma, model: lenet5
2025-05-12 11:32:11,542 - client_35 - INFO - Epoch 1/2 - Loss: 0.0434
2025-05-12 11:32:13,182 - client_35 - INFO - Epoch 2/2 - Loss: 0.0187
2025-05-12 11:32:13,183 - client_35 - INFO - Client 35 sending full delta weights
2025-05-12 11:32:13,189 - client_35 - INFO - Sent 250184 bytes to server (weights size: 250032 bytes, client data size: 544, sparse: False)
2025-05-12 11:32:13,198 - client_35 - INFO - Data transmission successful
2025-05-12 11:32:37,493 - client_35 - INFO - Client 35 started with algorithm: fedewma, model: lenet5
2025-05-12 11:32:41,777 - client_35 - INFO - Epoch 1/2 - Loss: 0.0649
2025-05-12 11:32:43,197 - client_35 - INFO - Epoch 2/2 - Loss: 0.0265
2025-05-12 11:32:43,199 - client_35 - INFO - Client 35 sending full delta weights
2025-05-12 11:32:43,204 - client_35 - INFO - Sent 250184 bytes to server (weights size: 250032 bytes, client data size: 544, sparse: False)
2025-05-12 11:32:43,211 - client_35 - INFO - Data transmission successful
2025-05-12 11:33:49,067 - client_35 - INFO - Client 35 started with algorithm: fedewma, model: lenet5
2025-05-12 11:33:53,198 - client_35 - INFO - Epoch 1/2 - Loss: 0.0522
2025-05-12 11:33:54,298 - client_35 - INFO - Epoch 2/2 - Loss: 0.0246
2025-05-12 11:33:54,299 - client_35 - INFO - Client 35 sending full delta weights
2025-05-12 11:33:54,304 - client_35 - INFO - Sent 250184 bytes to server (weights size: 250032 bytes, client data size: 544, sparse: False)
2025-05-12 11:33:54,311 - client_35 - INFO - Data transmission successful
2025-05-12 11:34:30,565 - client_35 - INFO - Client 35 started with algorithm: fedewma, model: lenet5
2025-05-12 11:34:35,232 - client_35 - INFO - Epoch 1/2 - Loss: 0.0445
2025-05-12 11:34:36,946 - client_35 - INFO - Epoch 2/2 - Loss: 0.0157
2025-05-12 11:34:36,947 - client_35 - INFO - Client 35 sending full delta weights
2025-05-12 11:34:36,950 - client_35 - INFO - Sent 250184 bytes to server (weights size: 250032 bytes, client data size: 544, sparse: False)
2025-05-12 11:34:36,962 - client_35 - INFO - Data transmission successful
2025-05-12 11:34:52,313 - client_35 - INFO - Client 35 started with algorithm: fedewma, model: lenet5
2025-05-12 11:34:56,835 - client_35 - INFO - Epoch 1/2 - Loss: 0.0357
2025-05-12 11:34:58,258 - client_35 - INFO - Epoch 2/2 - Loss: 0.0151
2025-05-12 11:34:58,259 - client_35 - INFO - Client 35 sending full delta weights
2025-05-12 11:34:58,262 - client_35 - INFO - Sent 250184 bytes to server (weights size: 250032 bytes, client data size: 544, sparse: False)
2025-05-12 11:34:58,273 - client_35 - INFO - Data transmission successful
2025-05-12 11:35:20,415 - client_35 - INFO - Client 35 started with algorithm: fedewma, model: lenet5
2025-05-12 11:35:24,475 - client_35 - INFO - Epoch 1/2 - Loss: 0.0396
2025-05-12 11:35:25,743 - client_35 - INFO - Epoch 2/2 - Loss: 0.0146
2025-05-12 11:35:25,745 - client_35 - INFO - Client 35 sending full delta weights
2025-05-12 11:35:25,748 - client_35 - INFO - Sent 250184 bytes to server (weights size: 250032 bytes, client data size: 544, sparse: False)
2025-05-12 11:35:25,760 - client_35 - INFO - Data transmission successful
2025-05-12 11:35:49,360 - client_35 - INFO - Client 35 started with algorithm: fedewma, model: lenet5
2025-05-12 11:35:53,423 - client_35 - INFO - Epoch 1/2 - Loss: 0.0513
2025-05-12 11:35:54,807 - client_35 - INFO - Epoch 2/2 - Loss: 0.0148
2025-05-12 11:35:54,808 - client_35 - INFO - Client 35 sending full delta weights
2025-05-12 11:35:54,811 - client_35 - INFO - Sent 250184 bytes to server (weights size: 250032 bytes, client data size: 544, sparse: False)
2025-05-12 11:35:54,820 - client_35 - INFO - Data transmission successful
2025-05-13 07:08:12,035 - client_35 - INFO - Client 35 started with algorithm: fedprox, model: lenet5
2025-05-13 07:08:14,556 - client_35 - INFO - Epoch 1/2 - Loss: 0.5433
2025-05-13 07:08:16,282 - client_35 - INFO - Epoch 2/2 - Loss: 0.1521
2025-05-13 07:08:16,287 - client_35 - INFO - Sent 250511 bytes to server (weights size: 250359 bytes, client data size: 544, sparse: False)
2025-05-13 07:08:16,297 - client_35 - INFO - Data transmission successful
2025-05-13 07:08:22,753 - client_35 - INFO - Client 35 started with algorithm: fedprox, model: lenet5
2025-05-13 07:08:26,611 - client_35 - INFO - Epoch 1/2 - Loss: 0.3322
2025-05-13 07:08:27,774 - client_35 - INFO - Epoch 2/2 - Loss: 0.1083
2025-05-13 07:08:27,778 - client_35 - INFO - Sent 250511 bytes to server (weights size: 250359 bytes, client data size: 544, sparse: False)
2025-05-13 07:08:27,787 - client_35 - INFO - Data transmission successful
2025-05-13 07:08:59,275 - client_35 - INFO - Client 35 started with algorithm: fedprox, model: lenet5
2025-05-13 07:09:02,261 - client_35 - INFO - Epoch 1/2 - Loss: 0.3367
2025-05-13 07:09:03,464 - client_35 - INFO - Epoch 2/2 - Loss: 0.0946
2025-05-13 07:09:03,467 - client_35 - INFO - Sent 250511 bytes to server (weights size: 250359 bytes, client data size: 544, sparse: False)
2025-05-13 07:09:03,472 - client_35 - INFO - Data transmission successful
2025-05-13 07:10:03,396 - client_35 - INFO - Client 35 started with algorithm: fedprox, model: lenet5
2025-05-13 07:10:05,486 - client_35 - INFO - Epoch 1/2 - Loss: 0.1784
2025-05-13 07:10:07,027 - client_35 - INFO - Epoch 2/2 - Loss: 0.0651
2025-05-13 07:10:07,031 - client_35 - INFO - Sent 250511 bytes to server (weights size: 250359 bytes, client data size: 544, sparse: False)
2025-05-13 07:10:07,041 - client_35 - INFO - Data transmission successful
2025-05-13 07:10:14,885 - client_35 - INFO - Client 35 started with algorithm: fedprox, model: lenet5
2025-05-13 07:10:17,083 - client_35 - INFO - Epoch 1/2 - Loss: 0.1295
2025-05-13 07:10:18,684 - client_35 - INFO - Epoch 2/2 - Loss: 0.0555
2025-05-13 07:10:18,687 - client_35 - INFO - Sent 250511 bytes to server (weights size: 250359 bytes, client data size: 544, sparse: False)
2025-05-13 07:10:18,696 - client_35 - INFO - Data transmission successful
2025-05-13 07:11:05,850 - client_35 - INFO - Client 35 started with algorithm: fedprox, model: lenet5
2025-05-13 07:11:07,945 - client_35 - INFO - Epoch 1/2 - Loss: 0.1268
2025-05-13 07:11:09,097 - client_35 - INFO - Epoch 2/2 - Loss: 0.0467
2025-05-13 07:11:09,100 - client_35 - INFO - Sent 250511 bytes to server (weights size: 250359 bytes, client data size: 544, sparse: False)
2025-05-13 07:11:09,108 - client_35 - INFO - Data transmission successful
2025-05-13 07:12:41,149 - client_35 - INFO - Client 35 started with algorithm: fedprox, model: lenet5
2025-05-13 07:12:42,567 - client_35 - INFO - Epoch 1/2 - Loss: 0.1042
2025-05-13 07:12:43,880 - client_35 - INFO - Epoch 2/2 - Loss: 0.0378
2025-05-13 07:12:43,884 - client_35 - INFO - Sent 250511 bytes to server (weights size: 250359 bytes, client data size: 544, sparse: False)
2025-05-13 07:12:43,892 - client_35 - INFO - Data transmission successful
2025-05-13 07:13:14,040 - client_35 - INFO - Client 35 started with algorithm: fedprox, model: lenet5
2025-05-13 07:13:15,455 - client_35 - INFO - Epoch 1/2 - Loss: 0.0761
2025-05-13 07:13:16,817 - client_35 - INFO - Epoch 2/2 - Loss: 0.0288
2025-05-13 07:13:16,820 - client_35 - INFO - Sent 250511 bytes to server (weights size: 250359 bytes, client data size: 544, sparse: False)
2025-05-13 07:13:16,828 - client_35 - INFO - Data transmission successful
2025-05-13 07:14:13,184 - client_35 - INFO - Client 35 started with algorithm: fedprox, model: lenet5
2025-05-13 07:14:14,398 - client_35 - INFO - Epoch 1/2 - Loss: 0.0954
2025-05-13 07:14:15,265 - client_35 - INFO - Epoch 2/2 - Loss: 0.0404
2025-05-13 07:14:15,268 - client_35 - INFO - Sent 250511 bytes to server (weights size: 250359 bytes, client data size: 544, sparse: False)
2025-05-13 07:14:15,273 - client_35 - INFO - Data transmission successful
2025-05-13 07:14:19,607 - client_35 - INFO - Client 35 started with algorithm: fedprox, model: lenet5
2025-05-13 07:14:20,931 - client_35 - INFO - Epoch 1/2 - Loss: 0.0573
2025-05-13 07:14:21,697 - client_35 - INFO - Epoch 2/2 - Loss: 0.0255
2025-05-13 07:14:21,700 - client_35 - INFO - Sent 250511 bytes to server (weights size: 250359 bytes, client data size: 544, sparse: False)
2025-05-13 07:14:21,706 - client_35 - INFO - Data transmission successful
2025-05-13 07:14:52,044 - client_35 - INFO - Client 35 started with algorithm: fedprox, model: lenet5
2025-05-13 07:14:53,366 - client_35 - INFO - Epoch 1/2 - Loss: 0.0522
2025-05-13 07:14:54,512 - client_35 - INFO - Epoch 2/2 - Loss: 0.0245
2025-05-13 07:14:54,515 - client_35 - INFO - Sent 250511 bytes to server (weights size: 250359 bytes, client data size: 544, sparse: False)
2025-05-13 07:14:54,523 - client_35 - INFO - Data transmission successful
2025-05-13 07:15:08,951 - client_35 - INFO - Client 35 started with algorithm: fedprox, model: lenet5
2025-05-13 07:15:10,412 - client_35 - INFO - Epoch 1/2 - Loss: 0.0488
2025-05-13 07:15:11,675 - client_35 - INFO - Epoch 2/2 - Loss: 0.0246
2025-05-13 07:15:11,679 - client_35 - INFO - Sent 250511 bytes to server (weights size: 250359 bytes, client data size: 544, sparse: False)
2025-05-13 07:15:11,686 - client_35 - INFO - Data transmission successful
2025-05-13 07:15:20,427 - client_35 - INFO - Client 35 started with algorithm: fedprox, model: lenet5
2025-05-13 07:15:22,632 - client_35 - INFO - Epoch 1/2 - Loss: 0.0630
2025-05-13 07:15:24,011 - client_35 - INFO - Epoch 2/2 - Loss: 0.0230
2025-05-13 07:15:24,014 - client_35 - INFO - Sent 250511 bytes to server (weights size: 250359 bytes, client data size: 544, sparse: False)
2025-05-13 07:15:24,021 - client_35 - INFO - Data transmission successful
2025-05-13 07:15:46,565 - client_35 - INFO - Client 35 started with algorithm: fedprox, model: lenet5
2025-05-13 07:15:48,144 - client_35 - INFO - Epoch 1/2 - Loss: 0.0412
2025-05-13 07:15:49,627 - client_35 - INFO - Epoch 2/2 - Loss: 0.0171
2025-05-13 07:15:49,631 - client_35 - INFO - Sent 250511 bytes to server (weights size: 250359 bytes, client data size: 544, sparse: False)
2025-05-13 07:15:49,640 - client_35 - INFO - Data transmission successful
2025-05-13 07:16:19,755 - client_35 - INFO - Client 35 started with algorithm: fedprox, model: lenet5
2025-05-13 07:16:20,797 - client_35 - INFO - Epoch 1/2 - Loss: 0.0453
2025-05-13 07:16:21,379 - client_35 - INFO - Epoch 2/2 - Loss: 0.0190
2025-05-13 07:16:21,382 - client_35 - INFO - Sent 250511 bytes to server (weights size: 250359 bytes, client data size: 544, sparse: False)
2025-05-13 07:16:21,386 - client_35 - INFO - Data transmission successful
2025-05-13 07:17:22,023 - client_35 - INFO - Client 35 started with algorithm: fedprox, model: lenet5
2025-05-13 07:17:24,079 - client_35 - INFO - Epoch 1/2 - Loss: 0.0675
2025-05-13 07:17:25,503 - client_35 - INFO - Epoch 2/2 - Loss: 0.0224
2025-05-13 07:17:25,506 - client_35 - INFO - Sent 250511 bytes to server (weights size: 250359 bytes, client data size: 544, sparse: False)
2025-05-13 07:17:25,513 - client_35 - INFO - Data transmission successful
2025-05-13 07:17:31,289 - client_35 - INFO - Client 35 started with algorithm: fedprox, model: lenet5
2025-05-13 07:17:34,382 - client_35 - INFO - Epoch 1/2 - Loss: 0.0454
2025-05-13 07:17:35,969 - client_35 - INFO - Epoch 2/2 - Loss: 0.0161
2025-05-13 07:17:35,973 - client_35 - INFO - Sent 250511 bytes to server (weights size: 250359 bytes, client data size: 544, sparse: False)
2025-05-13 07:17:35,982 - client_35 - INFO - Data transmission successful
2025-05-13 07:17:57,562 - client_35 - INFO - Client 35 started with algorithm: fedprox, model: lenet5
2025-05-13 07:18:00,220 - client_35 - INFO - Epoch 1/2 - Loss: 0.0679
2025-05-13 07:18:02,117 - client_35 - INFO - Epoch 2/2 - Loss: 0.0243
2025-05-13 07:18:02,121 - client_35 - INFO - Sent 250511 bytes to server (weights size: 250359 bytes, client data size: 544, sparse: False)
2025-05-13 07:18:02,130 - client_35 - INFO - Data transmission successful
2025-05-13 07:18:54,184 - client_35 - INFO - Client 35 started with algorithm: fedprox, model: lenet5
2025-05-13 07:18:55,479 - client_35 - INFO - Epoch 1/2 - Loss: 0.0688
2025-05-13 07:18:56,515 - client_35 - INFO - Epoch 2/2 - Loss: 0.0157
2025-05-13 07:18:56,518 - client_35 - INFO - Sent 250511 bytes to server (weights size: 250359 bytes, client data size: 544, sparse: False)
2025-05-13 07:18:56,524 - client_35 - INFO - Data transmission successful
2025-05-13 07:19:25,283 - client_35 - INFO - Client 35 started with algorithm: fedprox, model: lenet5
2025-05-13 07:19:27,689 - client_35 - INFO - Epoch 1/2 - Loss: 0.0471
2025-05-13 07:19:29,441 - client_35 - INFO - Epoch 2/2 - Loss: 0.0144
2025-05-13 07:19:29,445 - client_35 - INFO - Sent 250511 bytes to server (weights size: 250359 bytes, client data size: 544, sparse: False)
2025-05-13 07:19:29,453 - client_35 - INFO - Data transmission successful
2025-05-13 07:19:41,990 - client_35 - INFO - Client 35 started with algorithm: fedprox, model: lenet5
2025-05-13 07:19:43,859 - client_35 - INFO - Epoch 1/2 - Loss: 0.0299
2025-05-13 07:19:45,181 - client_35 - INFO - Epoch 2/2 - Loss: 0.0122
2025-05-13 07:19:45,184 - client_35 - INFO - Sent 250511 bytes to server (weights size: 250359 bytes, client data size: 544, sparse: False)
2025-05-13 07:19:45,193 - client_35 - INFO - Data transmission successful
2025-05-13 07:20:03,470 - client_35 - INFO - Client 35 started with algorithm: fedprox, model: lenet5
2025-05-13 07:20:06,105 - client_35 - INFO - Epoch 1/2 - Loss: 0.0514
2025-05-13 07:20:07,632 - client_35 - INFO - Epoch 2/2 - Loss: 0.0124
2025-05-13 07:20:07,637 - client_35 - INFO - Sent 250511 bytes to server (weights size: 250359 bytes, client data size: 544, sparse: False)
2025-05-13 07:20:07,645 - client_35 - INFO - Data transmission successful
2025-05-13 07:20:27,329 - client_35 - INFO - Client 35 started with algorithm: fedprox, model: lenet5
2025-05-13 07:20:28,587 - client_35 - INFO - Epoch 1/2 - Loss: 0.0464
2025-05-13 07:20:29,790 - client_35 - INFO - Epoch 2/2 - Loss: 0.0135
2025-05-13 07:20:29,794 - client_35 - INFO - Sent 250511 bytes to server (weights size: 250359 bytes, client data size: 544, sparse: False)
2025-05-13 07:20:29,802 - client_35 - INFO - Data transmission successful
2025-05-13 07:28:15,530 - client_35 - INFO - Client 35 started with algorithm: fedavg, model: lenet5
2025-05-13 07:28:17,220 - client_35 - INFO - Epoch 1/2 - Loss: 0.6441
2025-05-13 07:28:18,645 - client_35 - INFO - Epoch 2/2 - Loss: 0.1273
2025-05-13 07:28:18,648 - client_35 - INFO - Sent 250513 bytes to server (weights size: 250359 bytes, client data size: 544, sparse: False)
2025-05-13 07:28:18,657 - client_35 - INFO - Data transmission successful
2025-05-13 07:28:24,898 - client_35 - INFO - Client 35 started with algorithm: fedavg, model: lenet5
2025-05-13 07:28:26,333 - client_35 - INFO - Epoch 1/2 - Loss: 0.4134
2025-05-13 07:28:27,127 - client_35 - INFO - Epoch 2/2 - Loss: 0.1065
2025-05-13 07:28:27,130 - client_35 - INFO - Sent 250513 bytes to server (weights size: 250359 bytes, client data size: 544, sparse: False)
2025-05-13 07:28:27,136 - client_35 - INFO - Data transmission successful
2025-05-13 07:28:47,900 - client_35 - INFO - Client 35 started with algorithm: fedavg, model: lenet5
2025-05-13 07:28:49,097 - client_35 - INFO - Epoch 1/2 - Loss: 0.5906
2025-05-13 07:28:49,778 - client_35 - INFO - Epoch 2/2 - Loss: 0.1026
2025-05-13 07:28:49,781 - client_35 - INFO - Sent 250513 bytes to server (weights size: 250359 bytes, client data size: 544, sparse: False)
2025-05-13 07:28:49,786 - client_35 - INFO - Data transmission successful
2025-05-13 07:29:38,569 - client_35 - INFO - Client 35 started with algorithm: fedavg, model: lenet5
2025-05-13 07:29:40,189 - client_35 - INFO - Epoch 1/2 - Loss: 0.1837
2025-05-13 07:29:41,557 - client_35 - INFO - Epoch 2/2 - Loss: 0.0549
2025-05-13 07:29:41,561 - client_35 - INFO - Sent 250513 bytes to server (weights size: 250359 bytes, client data size: 544, sparse: False)
2025-05-13 07:29:41,569 - client_35 - INFO - Data transmission successful
2025-05-13 07:29:48,878 - client_35 - INFO - Client 35 started with algorithm: fedavg, model: lenet5
2025-05-13 07:29:50,745 - client_35 - INFO - Epoch 1/2 - Loss: 0.1843
2025-05-13 07:29:52,148 - client_35 - INFO - Epoch 2/2 - Loss: 0.0571
2025-05-13 07:29:52,152 - client_35 - INFO - Sent 250513 bytes to server (weights size: 250359 bytes, client data size: 544, sparse: False)
2025-05-13 07:29:52,161 - client_35 - INFO - Data transmission successful
2025-05-13 07:30:36,270 - client_35 - INFO - Client 35 started with algorithm: fedavg, model: lenet5
2025-05-13 07:30:37,915 - client_35 - INFO - Epoch 1/2 - Loss: 0.1055
2025-05-13 07:30:39,061 - client_35 - INFO - Epoch 2/2 - Loss: 0.0437
2025-05-13 07:30:39,065 - client_35 - INFO - Sent 250513 bytes to server (weights size: 250359 bytes, client data size: 544, sparse: False)
2025-05-13 07:30:39,073 - client_35 - INFO - Data transmission successful
2025-05-13 07:32:01,731 - client_35 - INFO - Client 35 started with algorithm: fedavg, model: lenet5
2025-05-13 07:32:03,087 - client_35 - INFO - Epoch 1/2 - Loss: 0.1374
2025-05-13 07:32:04,377 - client_35 - INFO - Epoch 2/2 - Loss: 0.0419
2025-05-13 07:32:04,381 - client_35 - INFO - Sent 250513 bytes to server (weights size: 250359 bytes, client data size: 544, sparse: False)
2025-05-13 07:32:04,388 - client_35 - INFO - Data transmission successful
2025-05-13 07:32:31,661 - client_35 - INFO - Client 35 started with algorithm: fedavg, model: lenet5
2025-05-13 07:32:33,254 - client_35 - INFO - Epoch 1/2 - Loss: 0.1611
2025-05-13 07:32:34,566 - client_35 - INFO - Epoch 2/2 - Loss: 0.0380
2025-05-13 07:32:34,570 - client_35 - INFO - Sent 250513 bytes to server (weights size: 250359 bytes, client data size: 544, sparse: False)
2025-05-13 07:32:34,578 - client_35 - INFO - Data transmission successful
2025-05-13 07:33:31,321 - client_35 - INFO - Client 35 started with algorithm: fedavg, model: lenet5
2025-05-13 07:33:32,493 - client_35 - INFO - Epoch 1/2 - Loss: 0.1012
2025-05-13 07:33:33,254 - client_35 - INFO - Epoch 2/2 - Loss: 0.0434
2025-05-13 07:33:33,257 - client_35 - INFO - Sent 250513 bytes to server (weights size: 250359 bytes, client data size: 544, sparse: False)
2025-05-13 07:33:33,262 - client_35 - INFO - Data transmission successful
2025-05-13 07:33:37,244 - client_35 - INFO - Client 35 started with algorithm: fedavg, model: lenet5
2025-05-13 07:33:38,435 - client_35 - INFO - Epoch 1/2 - Loss: 0.0868
2025-05-13 07:33:39,032 - client_35 - INFO - Epoch 2/2 - Loss: 0.0291
2025-05-13 07:33:39,035 - client_35 - INFO - Sent 250513 bytes to server (weights size: 250359 bytes, client data size: 544, sparse: False)
2025-05-13 07:33:39,040 - client_35 - INFO - Data transmission successful
2025-05-13 07:34:07,073 - client_35 - INFO - Client 35 started with algorithm: fedavg, model: lenet5
2025-05-13 07:34:08,395 - client_35 - INFO - Epoch 1/2 - Loss: 0.0863
2025-05-13 07:34:09,417 - client_35 - INFO - Epoch 2/2 - Loss: 0.0289
2025-05-13 07:34:09,420 - client_35 - INFO - Sent 250513 bytes to server (weights size: 250359 bytes, client data size: 544, sparse: False)
2025-05-13 07:34:09,427 - client_35 - INFO - Data transmission successful
2025-05-13 07:34:22,550 - client_35 - INFO - Client 35 started with algorithm: fedavg, model: lenet5
2025-05-13 07:34:23,816 - client_35 - INFO - Epoch 1/2 - Loss: 0.0540
2025-05-13 07:34:24,883 - client_35 - INFO - Epoch 2/2 - Loss: 0.0266
2025-05-13 07:34:24,886 - client_35 - INFO - Sent 250513 bytes to server (weights size: 250359 bytes, client data size: 544, sparse: False)
2025-05-13 07:34:24,893 - client_35 - INFO - Data transmission successful
2025-05-13 07:34:33,013 - client_35 - INFO - Client 35 started with algorithm: fedavg, model: lenet5
2025-05-13 07:34:35,262 - client_35 - INFO - Epoch 1/2 - Loss: 0.0841
2025-05-13 07:34:36,486 - client_35 - INFO - Epoch 2/2 - Loss: 0.0217
2025-05-13 07:34:36,489 - client_35 - INFO - Sent 250513 bytes to server (weights size: 250359 bytes, client data size: 544, sparse: False)
2025-05-13 07:34:36,496 - client_35 - INFO - Data transmission successful
2025-05-13 07:34:57,325 - client_35 - INFO - Client 35 started with algorithm: fedavg, model: lenet5
2025-05-13 07:34:58,730 - client_35 - INFO - Epoch 1/2 - Loss: 0.0360
2025-05-13 07:35:00,053 - client_35 - INFO - Epoch 2/2 - Loss: 0.0210
2025-05-13 07:35:00,056 - client_35 - INFO - Sent 250513 bytes to server (weights size: 250359 bytes, client data size: 544, sparse: False)
2025-05-13 07:35:00,064 - client_35 - INFO - Data transmission successful
2025-05-13 07:35:27,652 - client_35 - INFO - Client 35 started with algorithm: fedavg, model: lenet5
2025-05-13 07:35:28,628 - client_35 - INFO - Epoch 1/2 - Loss: 0.0428
2025-05-13 07:35:29,207 - client_35 - INFO - Epoch 2/2 - Loss: 0.0209
2025-05-13 07:35:29,210 - client_35 - INFO - Sent 250513 bytes to server (weights size: 250359 bytes, client data size: 544, sparse: False)
2025-05-13 07:35:29,214 - client_35 - INFO - Data transmission successful
2025-05-13 07:36:26,247 - client_35 - INFO - Client 35 started with algorithm: fedavg, model: lenet5
2025-05-13 07:36:27,661 - client_35 - INFO - Epoch 1/2 - Loss: 0.1043
2025-05-13 07:36:28,786 - client_35 - INFO - Epoch 2/2 - Loss: 0.0271
2025-05-13 07:36:28,790 - client_35 - INFO - Sent 250513 bytes to server (weights size: 250359 bytes, client data size: 544, sparse: False)
2025-05-13 07:36:28,798 - client_35 - INFO - Data transmission successful
2025-05-13 07:36:33,290 - client_35 - INFO - Client 35 started with algorithm: fedavg, model: lenet5
2025-05-13 07:36:35,510 - client_35 - INFO - Epoch 1/2 - Loss: 0.0748
2025-05-13 07:36:36,969 - client_35 - INFO - Epoch 2/2 - Loss: 0.0219
2025-05-13 07:36:36,972 - client_35 - INFO - Sent 250513 bytes to server (weights size: 250359 bytes, client data size: 544, sparse: False)
2025-05-13 07:36:36,978 - client_35 - INFO - Data transmission successful
2025-05-13 07:36:55,063 - client_35 - INFO - Client 35 started with algorithm: fedavg, model: lenet5
2025-05-13 07:36:56,566 - client_35 - INFO - Epoch 1/2 - Loss: 0.0651
2025-05-13 07:36:58,143 - client_35 - INFO - Epoch 2/2 - Loss: 0.0242
2025-05-13 07:36:58,145 - client_35 - INFO - Sent 250513 bytes to server (weights size: 250359 bytes, client data size: 544, sparse: False)
2025-05-13 07:36:58,179 - client_35 - INFO - Data transmission successful
2025-05-13 07:37:45,143 - client_35 - INFO - Client 35 started with algorithm: fedavg, model: lenet5
2025-05-13 07:37:46,346 - client_35 - INFO - Epoch 1/2 - Loss: 0.0840
2025-05-13 07:37:47,272 - client_35 - INFO - Epoch 2/2 - Loss: 0.0259
2025-05-13 07:37:47,276 - client_35 - INFO - Sent 250513 bytes to server (weights size: 250359 bytes, client data size: 544, sparse: False)
2025-05-13 07:37:47,281 - client_35 - INFO - Data transmission successful
2025-05-13 07:38:13,255 - client_35 - INFO - Client 35 started with algorithm: fedavg, model: lenet5
2025-05-13 07:38:15,043 - client_35 - INFO - Epoch 1/2 - Loss: 0.0767
2025-05-13 07:38:16,477 - client_35 - INFO - Epoch 2/2 - Loss: 0.0178
2025-05-13 07:38:16,480 - client_35 - INFO - Sent 250513 bytes to server (weights size: 250359 bytes, client data size: 544, sparse: False)
2025-05-13 07:38:16,488 - client_35 - INFO - Data transmission successful
2025-05-13 07:38:28,115 - client_35 - INFO - Client 35 started with algorithm: fedavg, model: lenet5
2025-05-13 07:38:29,696 - client_35 - INFO - Epoch 1/2 - Loss: 0.0299
2025-05-13 07:38:31,328 - client_35 - INFO - Epoch 2/2 - Loss: 0.0147
2025-05-13 07:38:31,331 - client_35 - INFO - Sent 250513 bytes to server (weights size: 250359 bytes, client data size: 544, sparse: False)
2025-05-13 07:38:31,340 - client_35 - INFO - Data transmission successful
2025-05-13 07:38:50,717 - client_35 - INFO - Client 35 started with algorithm: fedavg, model: lenet5
2025-05-13 07:38:54,431 - client_35 - INFO - Epoch 1/2 - Loss: 0.0882
2025-05-13 07:38:56,308 - client_35 - INFO - Epoch 2/2 - Loss: 0.0196
2025-05-13 07:38:56,313 - client_35 - INFO - Sent 250513 bytes to server (weights size: 250359 bytes, client data size: 544, sparse: False)
2025-05-13 07:38:56,321 - client_35 - INFO - Data transmission successful
2025-05-13 07:39:15,187 - client_35 - INFO - Client 35 started with algorithm: fedavg, model: lenet5
2025-05-13 07:39:16,637 - client_35 - INFO - Epoch 1/2 - Loss: 0.1300
2025-05-13 07:39:17,819 - client_35 - INFO - Epoch 2/2 - Loss: 0.0378
2025-05-13 07:39:17,823 - client_35 - INFO - Sent 250513 bytes to server (weights size: 250359 bytes, client data size: 544, sparse: False)
2025-05-13 07:39:17,831 - client_35 - INFO - Data transmission successful
2025-05-13 14:34:59,157 - client_35 - INFO - Client 35 started with algorithm: fedewma, model: lenet5
2025-05-13 14:35:02,660 - client_35 - INFO - Epoch 1/2 - Loss: 0.5111
2025-05-13 14:35:04,122 - client_35 - INFO - Epoch 2/2 - Loss: 0.1493
2025-05-13 14:35:04,123 - client_35 - INFO - Client 35 sending full delta weights
2025-05-13 14:35:04,126 - client_35 - INFO - Sent 250184 bytes to server (weights size: 250032 bytes, client data size: 544, sparse: False)
2025-05-13 14:35:04,137 - client_35 - INFO - Data transmission successful
2025-05-13 14:35:09,849 - client_35 - INFO - Client 35 started with algorithm: fedewma, model: lenet5
2025-05-13 14:35:12,612 - client_35 - INFO - Epoch 1/2 - Loss: 0.3321
2025-05-13 14:35:13,341 - client_35 - INFO - Epoch 2/2 - Loss: 0.1128
2025-05-13 14:35:13,342 - client_35 - INFO - Client 35 sending full delta weights
2025-05-13 14:35:13,344 - client_35 - INFO - Sent 250184 bytes to server (weights size: 250032 bytes, client data size: 544, sparse: False)
2025-05-13 14:35:13,350 - client_35 - INFO - Data transmission successful
2025-05-13 14:35:36,144 - client_35 - INFO - Client 35 started with algorithm: fedewma, model: lenet5
2025-05-13 14:35:38,935 - client_35 - INFO - Epoch 1/2 - Loss: 0.3146
2025-05-13 14:35:39,610 - client_35 - INFO - Epoch 2/2 - Loss: 0.0903
2025-05-13 14:35:39,611 - client_35 - INFO - Client 35 sending full delta weights
2025-05-13 14:35:39,613 - client_35 - INFO - Sent 250184 bytes to server (weights size: 250032 bytes, client data size: 544, sparse: False)
2025-05-13 14:35:39,617 - client_35 - INFO - Data transmission successful
2025-05-13 14:36:35,296 - client_35 - INFO - Client 35 started with algorithm: fedewma, model: lenet5
2025-05-13 14:36:38,940 - client_35 - INFO - Epoch 1/2 - Loss: 0.1798
2025-05-13 14:36:40,326 - client_35 - INFO - Epoch 2/2 - Loss: 0.0656
2025-05-13 14:36:40,328 - client_35 - INFO - Client 35 sending full delta weights
2025-05-13 14:36:40,331 - client_35 - INFO - Sent 250184 bytes to server (weights size: 250032 bytes, client data size: 544, sparse: False)
2025-05-13 14:36:40,341 - client_35 - INFO - Data transmission successful
2025-05-13 14:36:47,343 - client_35 - INFO - Client 35 started with algorithm: fedewma, model: lenet5
2025-05-13 14:36:51,051 - client_35 - INFO - Epoch 1/2 - Loss: 0.1455
2025-05-13 14:36:52,478 - client_35 - INFO - Epoch 2/2 - Loss: 0.0570
2025-05-13 14:36:52,479 - client_35 - INFO - Client 35 sending full delta weights
2025-05-13 14:36:52,482 - client_35 - INFO - Sent 250184 bytes to server (weights size: 250032 bytes, client data size: 544, sparse: False)
2025-05-13 14:36:52,489 - client_35 - INFO - Data transmission successful
2025-05-13 14:37:42,760 - client_35 - INFO - Client 35 started with algorithm: fedewma, model: lenet5
2025-05-13 14:37:46,188 - client_35 - INFO - Epoch 1/2 - Loss: 0.1010
2025-05-13 14:37:47,261 - client_35 - INFO - Epoch 2/2 - Loss: 0.0427
2025-05-13 14:37:47,263 - client_35 - INFO - Client 35 sending full delta weights
2025-05-13 14:37:47,265 - client_35 - INFO - Sent 250184 bytes to server (weights size: 250032 bytes, client data size: 544, sparse: False)
2025-05-13 14:37:47,272 - client_35 - INFO - Data transmission successful
2025-05-13 14:39:25,174 - client_35 - INFO - Client 35 started with algorithm: fedewma, model: lenet5
2025-05-13 14:39:28,302 - client_35 - INFO - Epoch 1/2 - Loss: 0.0783
2025-05-13 14:39:29,401 - client_35 - INFO - Epoch 2/2 - Loss: 0.0422
2025-05-13 14:39:29,402 - client_35 - INFO - Client 35 sending full delta weights
2025-05-13 14:39:29,405 - client_35 - INFO - Sent 250184 bytes to server (weights size: 250032 bytes, client data size: 544, sparse: False)
2025-05-13 14:39:29,412 - client_35 - INFO - Data transmission successful
2025-05-13 14:40:01,348 - client_35 - INFO - Client 35 started with algorithm: fedewma, model: lenet5
2025-05-13 14:40:04,601 - client_35 - INFO - Epoch 1/2 - Loss: 0.0578
2025-05-13 14:40:05,838 - client_35 - INFO - Epoch 2/2 - Loss: 0.0292
2025-05-13 14:40:05,839 - client_35 - INFO - Client 35 sending full delta weights
2025-05-13 14:40:05,842 - client_35 - INFO - Sent 250184 bytes to server (weights size: 250032 bytes, client data size: 544, sparse: False)
2025-05-13 14:40:05,851 - client_35 - INFO - Data transmission successful
2025-05-13 14:41:08,823 - client_35 - INFO - Client 35 started with algorithm: fedewma, model: lenet5
2025-05-13 14:41:11,774 - client_35 - INFO - Epoch 1/2 - Loss: 0.0942
2025-05-13 14:41:12,482 - client_35 - INFO - Epoch 2/2 - Loss: 0.0367
2025-05-13 14:41:12,483 - client_35 - INFO - Client 35 sending full delta weights
2025-05-13 14:41:12,485 - client_35 - INFO - Sent 250184 bytes to server (weights size: 250032 bytes, client data size: 544, sparse: False)
2025-05-13 14:41:12,491 - client_35 - INFO - Data transmission successful
2025-05-13 14:41:16,518 - client_35 - INFO - Client 35 started with algorithm: fedewma, model: lenet5
2025-05-13 14:41:19,436 - client_35 - INFO - Epoch 1/2 - Loss: 0.0798
2025-05-13 14:41:19,981 - client_35 - INFO - Epoch 2/2 - Loss: 0.0330
2025-05-13 14:41:19,982 - client_35 - INFO - Client 35 sending full delta weights
2025-05-13 14:41:19,984 - client_35 - INFO - Sent 250184 bytes to server (weights size: 250032 bytes, client data size: 544, sparse: False)
2025-05-13 14:41:19,990 - client_35 - INFO - Data transmission successful
2025-05-13 14:41:51,848 - client_35 - INFO - Client 35 started with algorithm: fedewma, model: lenet5
2025-05-13 14:41:54,925 - client_35 - INFO - Epoch 1/2 - Loss: 0.0549
2025-05-13 14:41:55,952 - client_35 - INFO - Epoch 2/2 - Loss: 0.0285
2025-05-13 14:41:55,953 - client_35 - INFO - Client 35 sending full delta weights
2025-05-13 14:41:55,955 - client_35 - INFO - Sent 250184 bytes to server (weights size: 250032 bytes, client data size: 544, sparse: False)
2025-05-13 14:41:55,962 - client_35 - INFO - Data transmission successful
2025-05-13 14:42:10,593 - client_35 - INFO - Client 35 started with algorithm: fedewma, model: lenet5
2025-05-13 14:42:13,573 - client_35 - INFO - Epoch 1/2 - Loss: 0.0436
2025-05-13 14:42:14,637 - client_35 - INFO - Epoch 2/2 - Loss: 0.0244
2025-05-13 14:42:14,638 - client_35 - INFO - Client 35 sending full delta weights
2025-05-13 14:42:14,641 - client_35 - INFO - Sent 250184 bytes to server (weights size: 250032 bytes, client data size: 544, sparse: False)
2025-05-13 14:42:14,649 - client_35 - INFO - Data transmission successful
2025-05-13 14:42:24,338 - client_35 - INFO - Client 35 started with algorithm: fedewma, model: lenet5
2025-05-13 14:42:27,949 - client_35 - INFO - Epoch 1/2 - Loss: 0.0423
2025-05-13 14:42:29,161 - client_35 - INFO - Epoch 2/2 - Loss: 0.0236
2025-05-13 14:42:29,162 - client_35 - INFO - Client 35 sending full delta weights
2025-05-13 14:42:29,165 - client_35 - INFO - Sent 250184 bytes to server (weights size: 250032 bytes, client data size: 544, sparse: False)
2025-05-13 14:42:29,173 - client_35 - INFO - Data transmission successful
2025-05-13 14:42:52,599 - client_35 - INFO - Client 35 started with algorithm: fedewma, model: lenet5
2025-05-13 14:42:55,911 - client_35 - INFO - Epoch 1/2 - Loss: 0.0565
2025-05-13 14:42:57,162 - client_35 - INFO - Epoch 2/2 - Loss: 0.0264
2025-05-13 14:42:57,164 - client_35 - INFO - Client 35 sending full delta weights
2025-05-13 14:42:57,167 - client_35 - INFO - Sent 250184 bytes to server (weights size: 250032 bytes, client data size: 544, sparse: False)
2025-05-13 14:42:57,175 - client_35 - INFO - Data transmission successful
2025-05-13 14:43:29,774 - client_35 - INFO - Client 35 started with algorithm: fedewma, model: lenet5
2025-05-13 14:43:32,528 - client_35 - INFO - Epoch 1/2 - Loss: 0.0476
2025-05-13 14:43:33,055 - client_35 - INFO - Epoch 2/2 - Loss: 0.0178
2025-05-13 14:43:33,056 - client_35 - INFO - Client 35 sending full delta weights
2025-05-13 14:43:33,059 - client_35 - INFO - Sent 250184 bytes to server (weights size: 250032 bytes, client data size: 544, sparse: False)
2025-05-13 14:43:33,063 - client_35 - INFO - Data transmission successful
2025-05-13 14:44:39,835 - client_35 - INFO - Client 35 started with algorithm: fedewma, model: lenet5
2025-05-13 14:44:43,025 - client_35 - INFO - Epoch 1/2 - Loss: 0.0527
2025-05-13 14:44:44,085 - client_35 - INFO - Epoch 2/2 - Loss: 0.0195
2025-05-13 14:44:44,086 - client_35 - INFO - Client 35 sending full delta weights
2025-05-13 14:44:44,089 - client_35 - INFO - Sent 250184 bytes to server (weights size: 250032 bytes, client data size: 544, sparse: False)
2025-05-13 14:44:44,096 - client_35 - INFO - Data transmission successful
2025-05-13 14:44:48,575 - client_35 - INFO - Client 35 started with algorithm: fedewma, model: lenet5
2025-05-13 14:44:52,157 - client_35 - INFO - Epoch 1/2 - Loss: 0.0598
2025-05-13 14:44:53,569 - client_35 - INFO - Epoch 2/2 - Loss: 0.0193
2025-05-13 14:44:53,570 - client_35 - INFO - Client 35 sending full delta weights
2025-05-13 14:44:53,573 - client_35 - INFO - Sent 250184 bytes to server (weights size: 250032 bytes, client data size: 544, sparse: False)
2025-05-13 14:44:53,583 - client_35 - INFO - Data transmission successful
2025-05-13 14:45:15,712 - client_35 - INFO - Client 35 started with algorithm: fedewma, model: lenet5
2025-05-13 14:45:19,050 - client_35 - INFO - Epoch 1/2 - Loss: 0.0550
2025-05-13 14:45:20,532 - client_35 - INFO - Epoch 2/2 - Loss: 0.0198
2025-05-13 14:45:20,533 - client_35 - INFO - Client 35 sending full delta weights
2025-05-13 14:45:20,536 - client_35 - INFO - Sent 250184 bytes to server (weights size: 250032 bytes, client data size: 544, sparse: False)
2025-05-13 14:45:20,545 - client_35 - INFO - Data transmission successful
2025-05-13 14:46:18,043 - client_35 - INFO - Client 35 started with algorithm: fedewma, model: lenet5
2025-05-13 14:46:21,124 - client_35 - INFO - Epoch 1/2 - Loss: 0.0424
2025-05-13 14:46:22,034 - client_35 - INFO - Epoch 2/2 - Loss: 0.0214
2025-05-13 14:46:22,035 - client_35 - INFO - Client 35 sending full delta weights
2025-05-13 14:46:22,038 - client_35 - INFO - Sent 250184 bytes to server (weights size: 250032 bytes, client data size: 544, sparse: False)
2025-05-13 14:46:22,042 - client_35 - INFO - Data transmission successful
2025-05-13 14:46:53,448 - client_35 - INFO - Client 35 started with algorithm: fedewma, model: lenet5
2025-05-13 14:46:57,124 - client_35 - INFO - Epoch 1/2 - Loss: 0.0343
2025-05-13 14:46:58,600 - client_35 - INFO - Epoch 2/2 - Loss: 0.0143
2025-05-13 14:46:58,601 - client_35 - INFO - Client 35 sending full delta weights
2025-05-13 14:46:58,604 - client_35 - INFO - Sent 250184 bytes to server (weights size: 250032 bytes, client data size: 544, sparse: False)
2025-05-13 14:46:58,613 - client_35 - INFO - Data transmission successful
2025-05-13 14:47:12,001 - client_35 - INFO - Client 35 started with algorithm: fedewma, model: lenet5
2025-05-13 14:47:15,363 - client_35 - INFO - Epoch 1/2 - Loss: 0.0322
2025-05-13 14:47:16,573 - client_35 - INFO - Epoch 2/2 - Loss: 0.0133
2025-05-13 14:47:16,575 - client_35 - INFO - Client 35 sending full delta weights
2025-05-13 14:47:16,577 - client_35 - INFO - Sent 250184 bytes to server (weights size: 250032 bytes, client data size: 544, sparse: False)
2025-05-13 14:47:16,585 - client_35 - INFO - Data transmission successful
2025-05-13 14:47:35,218 - client_35 - INFO - Client 35 started with algorithm: fedewma, model: lenet5
2025-05-13 14:47:38,462 - client_35 - INFO - Epoch 1/2 - Loss: 0.0364
2025-05-13 14:47:39,560 - client_35 - INFO - Epoch 2/2 - Loss: 0.0117
2025-05-13 14:47:39,561 - client_35 - INFO - Client 35 sending full delta weights
2025-05-13 14:47:39,564 - client_35 - INFO - Sent 250184 bytes to server (weights size: 250032 bytes, client data size: 544, sparse: False)
2025-05-13 14:47:39,571 - client_35 - INFO - Data transmission successful
2025-05-13 14:47:59,870 - client_35 - INFO - Client 35 started with algorithm: fedewma, model: lenet5
2025-05-13 14:48:03,179 - client_35 - INFO - Epoch 1/2 - Loss: 0.0418
2025-05-13 14:48:04,354 - client_35 - INFO - Epoch 2/2 - Loss: 0.0179
2025-05-13 14:48:04,354 - client_35 - INFO - Client 35 sending full delta weights
2025-05-13 14:48:04,357 - client_35 - INFO - Sent 250184 bytes to server (weights size: 250032 bytes, client data size: 544, sparse: False)
2025-05-13 14:48:04,363 - client_35 - INFO - Data transmission successful
2025-05-13 15:15:30,616 - client_35 - INFO - Client 35 started with algorithm: fedewma, model: lenet5
2025-05-13 15:15:34,160 - client_35 - INFO - Epoch 1/2 - Loss: 0.5086
2025-05-13 15:15:35,620 - client_35 - INFO - Epoch 2/2 - Loss: 0.1490
2025-05-13 15:15:35,622 - client_35 - INFO - Client 35 sending full delta weights
2025-05-13 15:15:35,625 - client_35 - INFO - Sent 250184 bytes to server (weights size: 250032 bytes, client data size: 544, sparse: False)
2025-05-13 15:15:35,636 - client_35 - INFO - Data transmission successful
2025-05-13 15:15:41,321 - client_35 - INFO - Client 35 started with algorithm: fedewma, model: lenet5
2025-05-13 15:15:44,140 - client_35 - INFO - Epoch 1/2 - Loss: 0.3488
2025-05-13 15:15:44,867 - client_35 - INFO - Epoch 2/2 - Loss: 0.1089
2025-05-13 15:15:44,868 - client_35 - INFO - Client 35 sending full delta weights
2025-05-13 15:15:44,870 - client_35 - INFO - Sent 250184 bytes to server (weights size: 250032 bytes, client data size: 544, sparse: False)
2025-05-13 15:15:44,878 - client_35 - INFO - Data transmission successful
2025-05-13 15:16:08,023 - client_35 - INFO - Client 35 started with algorithm: fedewma, model: lenet5
2025-05-13 15:16:10,803 - client_35 - INFO - Epoch 1/2 - Loss: 0.2884
2025-05-13 15:16:11,491 - client_35 - INFO - Epoch 2/2 - Loss: 0.0868
2025-05-13 15:16:11,492 - client_35 - INFO - Client 35 sending full delta weights
2025-05-13 15:16:11,494 - client_35 - INFO - Sent 250184 bytes to server (weights size: 250032 bytes, client data size: 544, sparse: False)
2025-05-13 15:16:11,499 - client_35 - INFO - Data transmission successful
2025-05-13 15:17:12,202 - client_35 - INFO - Client 35 started with algorithm: fedewma, model: lenet5
2025-05-13 15:17:15,889 - client_35 - INFO - Epoch 1/2 - Loss: 0.1722
2025-05-13 15:17:17,264 - client_35 - INFO - Epoch 2/2 - Loss: 0.0657
2025-05-13 15:17:17,266 - client_35 - INFO - Client 35 sending full delta weights
2025-05-13 15:17:17,269 - client_35 - INFO - Sent 250184 bytes to server (weights size: 250032 bytes, client data size: 544, sparse: False)
2025-05-13 15:17:17,278 - client_35 - INFO - Data transmission successful
2025-05-13 15:17:24,652 - client_35 - INFO - Client 35 started with algorithm: fedewma, model: lenet5
2025-05-13 15:17:28,636 - client_35 - INFO - Epoch 1/2 - Loss: 0.1501
2025-05-13 15:17:30,114 - client_35 - INFO - Epoch 2/2 - Loss: 0.0578
2025-05-13 15:17:30,116 - client_35 - INFO - Client 35 sending full delta weights
2025-05-13 15:17:30,119 - client_35 - INFO - Sent 250184 bytes to server (weights size: 250032 bytes, client data size: 544, sparse: False)
2025-05-13 15:17:30,128 - client_35 - INFO - Data transmission successful
2025-05-13 15:18:20,857 - client_35 - INFO - Client 35 started with algorithm: fedewma, model: lenet5
2025-05-13 15:18:24,350 - client_35 - INFO - Epoch 1/2 - Loss: 0.0989
2025-05-13 15:18:25,414 - client_35 - INFO - Epoch 2/2 - Loss: 0.0400
2025-05-13 15:18:25,415 - client_35 - INFO - Client 35 sending full delta weights
2025-05-13 15:18:25,418 - client_35 - INFO - Sent 250184 bytes to server (weights size: 250032 bytes, client data size: 544, sparse: False)
2025-05-13 15:18:25,425 - client_35 - INFO - Data transmission successful
2025-05-13 15:20:07,199 - client_35 - INFO - Client 35 started with algorithm: fedewma, model: lenet5
2025-05-13 15:20:10,417 - client_35 - INFO - Epoch 1/2 - Loss: 0.0883
2025-05-13 15:20:11,524 - client_35 - INFO - Epoch 2/2 - Loss: 0.0314
2025-05-13 15:20:11,525 - client_35 - INFO - Client 35 sending full delta weights
2025-05-13 15:20:11,528 - client_35 - INFO - Sent 250184 bytes to server (weights size: 250032 bytes, client data size: 544, sparse: False)
2025-05-13 15:20:11,535 - client_35 - INFO - Data transmission successful
2025-05-13 15:20:43,406 - client_35 - INFO - Client 35 started with algorithm: fedewma, model: lenet5
2025-05-13 15:20:46,789 - client_35 - INFO - Epoch 1/2 - Loss: 0.0645
2025-05-13 15:20:47,995 - client_35 - INFO - Epoch 2/2 - Loss: 0.0294
2025-05-13 15:20:47,996 - client_35 - INFO - Client 35 sending full delta weights
2025-05-13 15:20:47,999 - client_35 - INFO - Sent 250184 bytes to server (weights size: 250032 bytes, client data size: 544, sparse: False)
2025-05-13 15:20:48,008 - client_35 - INFO - Data transmission successful
2025-05-13 15:21:52,072 - client_35 - INFO - Client 35 started with algorithm: fedewma, model: lenet5
2025-05-13 15:21:55,508 - client_35 - INFO - Epoch 1/2 - Loss: 0.0675
2025-05-13 15:21:56,013 - client_35 - INFO - Epoch 2/2 - Loss: 0.0421
2025-05-13 15:21:56,013 - client_35 - INFO - Client 35 sending full delta weights
2025-05-13 15:21:56,015 - client_35 - INFO - Sent 250184 bytes to server (weights size: 250032 bytes, client data size: 544, sparse: False)
2025-05-13 15:21:56,018 - client_35 - INFO - Data transmission successful
2025-05-13 15:22:00,146 - client_35 - INFO - Client 35 started with algorithm: fedewma, model: lenet5
2025-05-13 15:22:03,181 - client_35 - INFO - Epoch 1/2 - Loss: 0.0805
2025-05-13 15:22:03,752 - client_35 - INFO - Epoch 2/2 - Loss: 0.0358
2025-05-13 15:22:03,753 - client_35 - INFO - Client 35 sending full delta weights
2025-05-13 15:22:03,755 - client_35 - INFO - Sent 250184 bytes to server (weights size: 250032 bytes, client data size: 544, sparse: False)
2025-05-13 15:22:03,760 - client_35 - INFO - Data transmission successful
2025-05-13 15:22:38,288 - client_35 - INFO - Client 35 started with algorithm: fedewma, model: lenet5
2025-05-13 15:22:41,937 - client_35 - INFO - Epoch 1/2 - Loss: 0.0615
2025-05-13 15:22:42,947 - client_35 - INFO - Epoch 2/2 - Loss: 0.0295
2025-05-13 15:22:42,949 - client_35 - INFO - Client 35 sending full delta weights
2025-05-13 15:22:42,951 - client_35 - INFO - Sent 250184 bytes to server (weights size: 250032 bytes, client data size: 544, sparse: False)
2025-05-13 15:22:42,961 - client_35 - INFO - Data transmission successful
2025-05-13 15:22:58,539 - client_35 - INFO - Client 35 started with algorithm: fedewma, model: lenet5
2025-05-13 15:23:02,078 - client_35 - INFO - Epoch 1/2 - Loss: 0.0463
2025-05-13 15:23:03,225 - client_35 - INFO - Epoch 2/2 - Loss: 0.0257
2025-05-13 15:23:03,226 - client_35 - INFO - Client 35 sending full delta weights
2025-05-13 15:23:03,229 - client_35 - INFO - Sent 250184 bytes to server (weights size: 250032 bytes, client data size: 544, sparse: False)
2025-05-13 15:23:03,237 - client_35 - INFO - Data transmission successful
2025-05-13 15:23:14,030 - client_35 - INFO - Client 35 started with algorithm: fedewma, model: lenet5
2025-05-13 15:23:17,797 - client_35 - INFO - Epoch 1/2 - Loss: 0.0444
2025-05-13 15:23:19,088 - client_35 - INFO - Epoch 2/2 - Loss: 0.0196
2025-05-13 15:23:19,088 - client_35 - INFO - Client 35 sending full delta weights
2025-05-13 15:23:19,091 - client_35 - INFO - Sent 250184 bytes to server (weights size: 250032 bytes, client data size: 544, sparse: False)
2025-05-13 15:23:19,098 - client_35 - INFO - Data transmission successful
2025-05-13 15:23:43,547 - client_35 - INFO - Client 35 started with algorithm: fedewma, model: lenet5
2025-05-13 15:23:47,087 - client_35 - INFO - Epoch 1/2 - Loss: 0.0512
2025-05-13 15:23:48,725 - client_35 - INFO - Epoch 2/2 - Loss: 0.0272
2025-05-13 15:23:48,727 - client_35 - INFO - Client 35 sending full delta weights
2025-05-13 15:23:48,730 - client_35 - INFO - Sent 250184 bytes to server (weights size: 250032 bytes, client data size: 544, sparse: False)
2025-05-13 15:23:48,739 - client_35 - INFO - Data transmission successful
2025-05-13 15:24:21,940 - client_35 - INFO - Client 35 started with algorithm: fedewma, model: lenet5
2025-05-13 15:24:25,392 - client_35 - INFO - Epoch 1/2 - Loss: 0.0412
2025-05-13 15:24:25,955 - client_35 - INFO - Epoch 2/2 - Loss: 0.0207
2025-05-13 15:24:25,955 - client_35 - INFO - Client 35 sending full delta weights
2025-05-13 15:24:25,958 - client_35 - INFO - Sent 250184 bytes to server (weights size: 250032 bytes, client data size: 544, sparse: False)
2025-05-13 15:24:25,962 - client_35 - INFO - Data transmission successful
2025-05-13 15:25:40,562 - client_35 - INFO - Client 35 started with algorithm: fedewma, model: lenet5
2025-05-13 15:25:45,270 - client_35 - INFO - Epoch 1/2 - Loss: 0.0608
2025-05-13 15:25:46,804 - client_35 - INFO - Epoch 2/2 - Loss: 0.0237
2025-05-13 15:25:46,805 - client_35 - INFO - Client 35 sending full delta weights
2025-05-13 15:25:46,808 - client_35 - INFO - Sent 250184 bytes to server (weights size: 250032 bytes, client data size: 544, sparse: False)
2025-05-13 15:25:46,816 - client_35 - INFO - Data transmission successful
2025-05-13 15:25:51,975 - client_35 - INFO - Client 35 started with algorithm: fedewma, model: lenet5
2025-05-13 15:25:56,948 - client_35 - INFO - Epoch 1/2 - Loss: 0.0709
2025-05-13 15:25:58,651 - client_35 - INFO - Epoch 2/2 - Loss: 0.0180
2025-05-13 15:25:58,654 - client_35 - INFO - Client 35 sending full delta weights
2025-05-13 15:25:58,661 - client_35 - INFO - Sent 250184 bytes to server (weights size: 250032 bytes, client data size: 544, sparse: False)
2025-05-13 15:25:58,683 - client_35 - INFO - Data transmission successful
2025-05-13 15:26:22,872 - client_35 - INFO - Client 35 started with algorithm: fedewma, model: lenet5
2025-05-13 15:26:28,117 - client_35 - INFO - Epoch 1/2 - Loss: 0.0632
2025-05-13 15:26:29,693 - client_35 - INFO - Epoch 2/2 - Loss: 0.0238
2025-05-13 15:26:29,694 - client_35 - INFO - Client 35 sending full delta weights
2025-05-13 15:26:29,697 - client_35 - INFO - Sent 250184 bytes to server (weights size: 250032 bytes, client data size: 544, sparse: False)
2025-05-13 15:26:29,705 - client_35 - INFO - Data transmission successful
2025-05-13 15:27:29,506 - client_35 - INFO - Client 35 started with algorithm: fedewma, model: lenet5
2025-05-13 15:27:32,754 - client_35 - INFO - Epoch 1/2 - Loss: 0.0424
2025-05-13 15:27:33,722 - client_35 - INFO - Epoch 2/2 - Loss: 0.0221
2025-05-13 15:27:33,723 - client_35 - INFO - Client 35 sending full delta weights
2025-05-13 15:27:33,725 - client_35 - INFO - Sent 250184 bytes to server (weights size: 250032 bytes, client data size: 544, sparse: False)
2025-05-13 15:27:33,732 - client_35 - INFO - Data transmission successful
2025-05-13 15:28:06,072 - client_35 - INFO - Client 35 started with algorithm: fedewma, model: lenet5
2025-05-13 15:28:10,157 - client_35 - INFO - Epoch 1/2 - Loss: 0.0339
2025-05-13 15:28:11,680 - client_35 - INFO - Epoch 2/2 - Loss: 0.0160
2025-05-13 15:28:11,681 - client_35 - INFO - Client 35 sending full delta weights
2025-05-13 15:28:11,684 - client_35 - INFO - Sent 250184 bytes to server (weights size: 250032 bytes, client data size: 544, sparse: False)
2025-05-13 15:28:11,694 - client_35 - INFO - Data transmission successful
2025-05-13 15:28:25,869 - client_35 - INFO - Client 35 started with algorithm: fedewma, model: lenet5
2025-05-13 15:28:29,486 - client_35 - INFO - Epoch 1/2 - Loss: 0.0340
2025-05-13 15:28:30,691 - client_35 - INFO - Epoch 2/2 - Loss: 0.0119
2025-05-13 15:28:30,693 - client_35 - INFO - Client 35 sending full delta weights
2025-05-13 15:28:30,695 - client_35 - INFO - Sent 250184 bytes to server (weights size: 250032 bytes, client data size: 544, sparse: False)
2025-05-13 15:28:30,703 - client_35 - INFO - Data transmission successful
2025-05-13 15:28:49,747 - client_35 - INFO - Client 35 started with algorithm: fedewma, model: lenet5
2025-05-13 15:28:52,927 - client_35 - INFO - Epoch 1/2 - Loss: 0.0316
2025-05-13 15:28:54,046 - client_35 - INFO - Epoch 2/2 - Loss: 0.0132
2025-05-13 15:28:54,047 - client_35 - INFO - Client 35 sending full delta weights
2025-05-13 15:28:54,050 - client_35 - INFO - Sent 250184 bytes to server (weights size: 250032 bytes, client data size: 544, sparse: False)
2025-05-13 15:28:54,058 - client_35 - INFO - Data transmission successful
2025-05-13 15:29:15,221 - client_35 - INFO - Client 35 started with algorithm: fedewma, model: lenet5
2025-05-13 15:29:18,668 - client_35 - INFO - Epoch 1/2 - Loss: 0.0432
2025-05-13 15:29:19,889 - client_35 - INFO - Epoch 2/2 - Loss: 0.0149
2025-05-13 15:29:19,890 - client_35 - INFO - Client 35 sending full delta weights
2025-05-13 15:29:19,893 - client_35 - INFO - Sent 250184 bytes to server (weights size: 250032 bytes, client data size: 544, sparse: False)
2025-05-13 15:29:19,900 - client_35 - INFO - Data transmission successful
2025-05-13 15:58:22,195 - client_35 - INFO - Client 35 started with algorithm: fedewma, model: resnet18fashion
2025-05-13 15:58:33,778 - client_35 - INFO - Epoch 1/2 - Loss: 0.6350
2025-05-13 15:58:39,152 - client_35 - INFO - Epoch 2/2 - Loss: 0.5165
2025-05-13 15:58:39,155 - client_35 - INFO - Client 35 sending full delta weights
2025-05-13 15:58:39,164 - client_35 - INFO - Sent 716145 bytes to server (weights size: 715993 bytes, client data size: 1229, sparse: False)
2025-05-13 15:58:39,188 - client_35 - INFO - Data transmission successful
2025-05-13 15:58:42,708 - client_35 - INFO - Client 35 started with algorithm: fedewma, model: resnet18fashion
2025-05-13 15:58:53,594 - client_35 - INFO - Epoch 1/2 - Loss: 0.5487
2025-05-13 15:58:54,897 - client_35 - INFO - Epoch 2/2 - Loss: 0.4611
2025-05-13 15:58:54,897 - client_35 - INFO - Client 35 sending full delta weights
2025-05-13 15:58:54,904 - client_35 - INFO - Sent 716145 bytes to server (weights size: 715993 bytes, client data size: 1229, sparse: False)
2025-05-13 15:58:54,913 - client_35 - INFO - Data transmission successful
2025-05-13 15:59:25,134 - client_35 - INFO - Client 35 started with algorithm: fedewma, model: resnet18fashion
2025-05-13 15:59:32,436 - client_35 - INFO - Epoch 1/2 - Loss: 0.4974
2025-05-13 15:59:35,098 - client_35 - INFO - Epoch 2/2 - Loss: 0.4712
2025-05-13 15:59:35,105 - client_35 - INFO - Client 35 sending full delta weights
2025-05-13 15:59:35,118 - client_35 - INFO - Sent 716145 bytes to server (weights size: 715993 bytes, client data size: 1229, sparse: False)
2025-05-13 15:59:35,132 - client_35 - INFO - Data transmission successful
2025-05-13 16:01:09,821 - client_35 - INFO - Client 35 started with algorithm: fedewma, model: resnet18fashion
2025-05-13 16:01:20,847 - client_35 - INFO - Epoch 1/2 - Loss: 0.4343
2025-05-13 16:01:25,247 - client_35 - INFO - Epoch 2/2 - Loss: 0.3797
2025-05-13 16:01:25,251 - client_35 - INFO - Client 35 sending full delta weights
2025-05-13 16:01:25,260 - client_35 - INFO - Sent 716145 bytes to server (weights size: 715993 bytes, client data size: 1229, sparse: False)
2025-05-13 16:01:25,285 - client_35 - INFO - Data transmission successful
2025-05-13 16:01:29,239 - client_35 - INFO - Client 35 started with algorithm: fedewma, model: resnet18fashion
2025-05-13 16:01:40,400 - client_35 - INFO - Epoch 1/2 - Loss: 0.3989
2025-05-13 16:01:46,131 - client_35 - INFO - Epoch 2/2 - Loss: 0.3551
2025-05-13 16:01:46,137 - client_35 - INFO - Client 35 sending full delta weights
2025-05-13 16:01:46,146 - client_35 - INFO - Sent 716145 bytes to server (weights size: 715993 bytes, client data size: 1229, sparse: False)
2025-05-13 16:01:46,173 - client_35 - INFO - Data transmission successful
2025-05-13 16:03:10,056 - client_35 - INFO - Client 35 started with algorithm: fedewma, model: resnet18fashion
2025-05-13 16:03:21,057 - client_35 - INFO - Epoch 1/2 - Loss: 0.3971
2025-05-13 16:03:26,355 - client_35 - INFO - Epoch 2/2 - Loss: 0.3212
2025-05-13 16:03:26,359 - client_35 - INFO - Client 35 sending full delta weights
2025-05-13 16:03:26,368 - client_35 - INFO - Sent 716145 bytes to server (weights size: 715993 bytes, client data size: 1229, sparse: False)
2025-05-13 16:03:26,395 - client_35 - INFO - Data transmission successful
2025-05-13 16:06:02,812 - client_35 - INFO - Client 35 started with algorithm: fedewma, model: resnet18fashion
2025-05-13 16:06:11,526 - client_35 - INFO - Epoch 1/2 - Loss: 0.3245
2025-05-13 16:06:15,006 - client_35 - INFO - Epoch 2/2 - Loss: 0.2877
2025-05-13 16:06:15,008 - client_35 - INFO - Client 35 sending full delta weights
2025-05-13 16:06:15,017 - client_35 - INFO - Sent 716145 bytes to server (weights size: 715993 bytes, client data size: 1229, sparse: False)
2025-05-13 16:06:15,038 - client_35 - INFO - Data transmission successful
2025-05-13 16:07:06,969 - client_35 - INFO - Client 35 started with algorithm: fedewma, model: resnet18fashion
2025-05-13 16:07:18,953 - client_35 - INFO - Epoch 1/2 - Loss: 0.3389
2025-05-13 16:07:24,367 - client_35 - INFO - Epoch 2/2 - Loss: 0.2556
2025-05-13 16:07:24,368 - client_35 - INFO - Client 35 sending full delta weights
2025-05-13 16:07:24,378 - client_35 - INFO - Sent 716145 bytes to server (weights size: 715993 bytes, client data size: 1229, sparse: False)
2025-05-13 16:07:24,393 - client_35 - INFO - Data transmission successful
2025-05-13 16:09:29,410 - client_35 - INFO - Client 35 started with algorithm: fedewma, model: resnet18fashion
2025-05-13 16:09:39,005 - client_35 - INFO - Epoch 1/2 - Loss: 0.3223
2025-05-13 16:09:43,360 - client_35 - INFO - Epoch 2/2 - Loss: 0.2805
2025-05-13 16:09:43,363 - client_35 - INFO - Client 35 sending full delta weights
2025-05-13 16:09:43,372 - client_35 - INFO - Sent 716145 bytes to server (weights size: 715993 bytes, client data size: 1229, sparse: False)
2025-05-13 16:09:43,392 - client_35 - INFO - Data transmission successful
2025-05-13 16:09:47,392 - client_35 - INFO - Client 35 started with algorithm: fedewma, model: resnet18fashion
2025-05-13 16:09:57,596 - client_35 - INFO - Epoch 1/2 - Loss: 0.3026
2025-05-13 16:10:02,144 - client_35 - INFO - Epoch 2/2 - Loss: 0.2670
2025-05-13 16:10:02,146 - client_35 - INFO - Client 35 sending full delta weights
2025-05-13 16:10:02,156 - client_35 - INFO - Sent 716145 bytes to server (weights size: 715993 bytes, client data size: 1229, sparse: False)
2025-05-13 16:10:02,182 - client_35 - INFO - Data transmission successful
2025-05-13 16:11:03,425 - client_35 - INFO - Client 35 started with algorithm: fedewma, model: resnet18fashion
2025-05-13 16:11:13,434 - client_35 - INFO - Epoch 1/2 - Loss: 0.3017
2025-05-13 16:11:17,687 - client_35 - INFO - Epoch 2/2 - Loss: 0.2477
2025-05-13 16:11:17,690 - client_35 - INFO - Client 35 sending full delta weights
2025-05-13 16:11:17,699 - client_35 - INFO - Sent 716145 bytes to server (weights size: 715993 bytes, client data size: 1229, sparse: False)
2025-05-13 16:11:17,726 - client_35 - INFO - Data transmission successful
2025-05-13 16:11:42,225 - client_35 - INFO - Client 35 started with algorithm: fedewma, model: resnet18fashion
2025-05-13 16:11:51,860 - client_35 - INFO - Epoch 1/2 - Loss: 0.2967
2025-05-13 16:11:55,439 - client_35 - INFO - Epoch 2/2 - Loss: 0.2596
2025-05-13 16:11:55,442 - client_35 - INFO - Client 35 sending full delta weights
2025-05-13 16:11:55,451 - client_35 - INFO - Sent 716145 bytes to server (weights size: 715993 bytes, client data size: 1229, sparse: False)
2025-05-13 16:11:55,471 - client_35 - INFO - Data transmission successful
2025-05-13 16:12:12,709 - client_35 - INFO - Client 35 started with algorithm: fedewma, model: resnet18fashion
2025-05-13 16:12:24,476 - client_35 - INFO - Epoch 1/2 - Loss: 0.2975
2025-05-13 16:12:30,163 - client_35 - INFO - Epoch 2/2 - Loss: 0.2461
2025-05-13 16:12:30,167 - client_35 - INFO - Client 35 sending full delta weights
2025-05-13 16:12:30,175 - client_35 - INFO - Sent 716145 bytes to server (weights size: 715993 bytes, client data size: 1229, sparse: False)
2025-05-13 16:12:30,210 - client_35 - INFO - Data transmission successful
2025-05-13 16:13:02,988 - client_35 - INFO - Client 35 started with algorithm: fedewma, model: resnet18fashion
2025-05-13 16:13:13,844 - client_35 - INFO - Epoch 1/2 - Loss: 0.2902
2025-05-13 16:13:18,126 - client_35 - INFO - Epoch 2/2 - Loss: 0.2439
2025-05-13 16:13:18,127 - client_35 - INFO - Client 35 sending full delta weights
2025-05-13 16:13:18,136 - client_35 - INFO - Sent 716145 bytes to server (weights size: 715993 bytes, client data size: 1229, sparse: False)
2025-05-13 16:13:18,154 - client_35 - INFO - Data transmission successful
2025-05-13 16:14:04,639 - client_35 - INFO - Client 35 started with algorithm: fedewma, model: resnet18fashion
2025-05-13 16:14:13,225 - client_35 - INFO - Epoch 1/2 - Loss: 0.3015
2025-05-13 16:14:15,852 - client_35 - INFO - Epoch 2/2 - Loss: 0.2387
2025-05-13 16:14:15,854 - client_35 - INFO - Client 35 sending full delta weights
2025-05-13 16:14:15,862 - client_35 - INFO - Sent 716145 bytes to server (weights size: 715993 bytes, client data size: 1229, sparse: False)
2025-05-13 16:14:15,877 - client_35 - INFO - Data transmission successful
2025-05-13 16:16:09,533 - client_35 - INFO - Client 35 started with algorithm: fedewma, model: resnet18fashion
2025-05-13 16:16:20,363 - client_35 - INFO - Epoch 1/2 - Loss: 0.2745
2025-05-13 16:16:25,495 - client_35 - INFO - Epoch 2/2 - Loss: 0.2389
2025-05-13 16:16:25,499 - client_35 - INFO - Client 35 sending full delta weights
2025-05-13 16:16:25,511 - client_35 - INFO - Sent 716145 bytes to server (weights size: 715993 bytes, client data size: 1229, sparse: False)
2025-05-13 16:16:25,542 - client_35 - INFO - Data transmission successful
2025-05-13 16:16:29,314 - client_35 - INFO - Client 35 started with algorithm: fedewma, model: resnet18fashion
2025-05-13 16:16:40,922 - client_35 - INFO - Epoch 1/2 - Loss: 0.2582
2025-05-13 16:16:45,464 - client_35 - INFO - Epoch 2/2 - Loss: 0.2455
2025-05-13 16:16:45,467 - client_35 - INFO - Client 35 sending full delta weights
2025-05-13 16:16:45,476 - client_35 - INFO - Sent 716145 bytes to server (weights size: 715993 bytes, client data size: 1229, sparse: False)
2025-05-13 16:16:45,495 - client_35 - INFO - Data transmission successful
2025-05-13 16:17:23,186 - client_35 - INFO - Client 35 started with algorithm: fedewma, model: resnet18fashion
2025-05-13 16:17:33,009 - client_35 - INFO - Epoch 1/2 - Loss: 0.2544
2025-05-13 16:17:37,697 - client_35 - INFO - Epoch 2/2 - Loss: 0.2200
2025-05-13 16:17:37,700 - client_35 - INFO - Client 35 sending full delta weights
2025-05-13 16:17:37,709 - client_35 - INFO - Sent 716145 bytes to server (weights size: 715993 bytes, client data size: 1229, sparse: False)
2025-05-13 16:17:37,728 - client_35 - INFO - Data transmission successful
2025-05-13 16:19:23,045 - client_35 - INFO - Client 35 started with algorithm: fedewma, model: resnet18fashion
2025-05-13 16:19:32,367 - client_35 - INFO - Epoch 1/2 - Loss: 0.2942
2025-05-13 16:19:35,233 - client_35 - INFO - Epoch 2/2 - Loss: 0.2360
2025-05-13 16:19:35,235 - client_35 - INFO - Client 35 sending full delta weights
2025-05-13 16:19:35,244 - client_35 - INFO - Sent 716145 bytes to server (weights size: 715993 bytes, client data size: 1229, sparse: False)
2025-05-13 16:19:35,260 - client_35 - INFO - Data transmission successful
2025-05-13 16:20:25,186 - client_35 - INFO - Client 35 started with algorithm: fedewma, model: resnet18fashion
2025-05-13 16:20:36,167 - client_35 - INFO - Epoch 1/2 - Loss: 0.2478
2025-05-13 16:20:42,685 - client_35 - INFO - Epoch 2/2 - Loss: 0.2263
2025-05-13 16:20:42,687 - client_35 - INFO - Client 35 sending full delta weights
2025-05-13 16:20:42,696 - client_35 - INFO - Sent 716145 bytes to server (weights size: 715993 bytes, client data size: 1229, sparse: False)
2025-05-13 16:20:42,715 - client_35 - INFO - Data transmission successful
2025-05-13 16:21:08,526 - client_35 - INFO - Client 35 started with algorithm: fedewma, model: resnet18fashion
2025-05-13 16:21:26,086 - client_35 - INFO - Epoch 1/2 - Loss: 0.2512
2025-05-13 16:21:41,638 - client_35 - INFO - Epoch 2/2 - Loss: 0.2289
2025-05-13 16:21:41,641 - client_35 - INFO - Client 35 sending full delta weights
2025-05-13 16:21:41,650 - client_35 - INFO - Sent 716145 bytes to server (weights size: 715993 bytes, client data size: 1229, sparse: False)
2025-05-13 16:21:41,674 - client_35 - INFO - Data transmission successful
2025-05-13 16:22:14,693 - client_35 - INFO - Client 35 started with algorithm: fedewma, model: resnet18fashion
2025-05-13 16:22:23,935 - client_35 - INFO - Epoch 1/2 - Loss: 0.2625
2025-05-13 16:22:27,425 - client_35 - INFO - Epoch 2/2 - Loss: 0.2414
2025-05-13 16:22:27,427 - client_35 - INFO - Client 35 sending full delta weights
2025-05-13 16:22:27,435 - client_35 - INFO - Sent 716145 bytes to server (weights size: 715993 bytes, client data size: 1229, sparse: False)
2025-05-13 16:22:27,455 - client_35 - INFO - Data transmission successful
2025-05-13 16:23:23,872 - client_35 - INFO - Client 35 started with algorithm: fedewma, model: resnet18fashion
2025-05-13 16:23:33,324 - client_35 - INFO - Epoch 1/2 - Loss: 0.2517
2025-05-13 16:23:36,794 - client_35 - INFO - Epoch 2/2 - Loss: 0.2323
2025-05-13 16:23:36,796 - client_35 - INFO - Client 35 sending full delta weights
2025-05-13 16:23:36,805 - client_35 - INFO - Sent 716145 bytes to server (weights size: 715993 bytes, client data size: 1229, sparse: False)
2025-05-13 16:23:36,825 - client_35 - INFO - Data transmission successful
2025-05-14 07:22:43,634 - client_35 - INFO - Client 35 started with algorithm: fedprox, model: resnet18fashion
2025-05-14 07:22:54,533 - client_35 - INFO - Epoch 1/2 - Loss: 0.6149
2025-05-14 07:23:00,901 - client_35 - INFO - Epoch 2/2 - Loss: 0.4770
2025-05-14 07:23:00,911 - client_35 - INFO - Sent 717496 bytes to server (weights size: 717344 bytes, client data size: 1229, sparse: False)
2025-05-14 07:23:00,932 - client_35 - INFO - Data transmission successful
2025-05-14 07:23:04,796 - client_35 - INFO - Client 35 started with algorithm: fedprox, model: resnet18fashion
2025-05-14 07:23:10,522 - client_35 - INFO - Epoch 1/2 - Loss: 0.5343
2025-05-14 07:23:12,348 - client_35 - INFO - Epoch 2/2 - Loss: 0.4463
2025-05-14 07:23:12,355 - client_35 - INFO - Sent 717496 bytes to server (weights size: 717344 bytes, client data size: 1229, sparse: False)
2025-05-14 07:23:12,364 - client_35 - INFO - Data transmission successful
2025-05-14 07:23:41,119 - client_35 - INFO - Client 35 started with algorithm: fedprox, model: resnet18fashion
2025-05-14 07:23:48,797 - client_35 - INFO - Epoch 1/2 - Loss: 0.4817
2025-05-14 07:23:52,472 - client_35 - INFO - Epoch 2/2 - Loss: 0.4151
2025-05-14 07:23:52,481 - client_35 - INFO - Sent 717496 bytes to server (weights size: 717344 bytes, client data size: 1229, sparse: False)
2025-05-14 07:23:52,492 - client_35 - INFO - Data transmission successful
2025-05-14 07:25:29,009 - client_35 - INFO - Client 35 started with algorithm: fedprox, model: resnet18fashion
2025-05-14 07:25:38,488 - client_35 - INFO - Epoch 1/2 - Loss: 0.3887
2025-05-14 07:25:44,076 - client_35 - INFO - Epoch 2/2 - Loss: 0.3604
2025-05-14 07:25:44,088 - client_35 - INFO - Sent 717496 bytes to server (weights size: 717344 bytes, client data size: 1229, sparse: False)
2025-05-14 07:25:44,125 - client_35 - INFO - Data transmission successful
2025-05-14 07:25:49,113 - client_35 - INFO - Client 35 started with algorithm: fedprox, model: resnet18fashion
2025-05-14 07:26:00,911 - client_35 - INFO - Epoch 1/2 - Loss: 0.3903
2025-05-14 07:26:09,061 - client_35 - INFO - Epoch 2/2 - Loss: 0.3336
2025-05-14 07:26:09,072 - client_35 - INFO - Sent 717496 bytes to server (weights size: 717344 bytes, client data size: 1229, sparse: False)
2025-05-14 07:26:09,091 - client_35 - INFO - Data transmission successful
2025-05-14 07:27:37,999 - client_35 - INFO - Client 35 started with algorithm: fedprox, model: resnet18fashion
2025-05-14 07:27:47,818 - client_35 - INFO - Epoch 1/2 - Loss: 0.3869
2025-05-14 07:27:54,486 - client_35 - INFO - Epoch 2/2 - Loss: 0.3315
2025-05-14 07:27:54,497 - client_35 - INFO - Sent 717496 bytes to server (weights size: 717344 bytes, client data size: 1229, sparse: False)
2025-05-14 07:27:54,523 - client_35 - INFO - Data transmission successful
2025-05-14 07:30:39,169 - client_35 - INFO - Client 35 started with algorithm: fedprox, model: resnet18fashion
2025-05-14 07:30:46,303 - client_35 - INFO - Epoch 1/2 - Loss: 0.3160
2025-05-14 07:30:51,276 - client_35 - INFO - Epoch 2/2 - Loss: 0.2800
2025-05-14 07:30:51,287 - client_35 - INFO - Sent 717496 bytes to server (weights size: 717344 bytes, client data size: 1229, sparse: False)
2025-05-14 07:30:51,306 - client_35 - INFO - Data transmission successful
2025-05-14 07:31:36,719 - client_35 - INFO - Client 35 started with algorithm: fedprox, model: resnet18fashion
2025-05-14 07:31:45,511 - client_35 - INFO - Epoch 1/2 - Loss: 0.3573
2025-05-14 07:31:52,225 - client_35 - INFO - Epoch 2/2 - Loss: 0.2719
2025-05-14 07:31:52,237 - client_35 - INFO - Sent 717496 bytes to server (weights size: 717344 bytes, client data size: 1229, sparse: False)
2025-05-14 07:31:52,263 - client_35 - INFO - Data transmission successful
2025-05-14 07:33:49,717 - client_35 - INFO - Client 35 started with algorithm: fedprox, model: resnet18fashion
2025-05-14 07:33:58,188 - client_35 - INFO - Epoch 1/2 - Loss: 0.3314
2025-05-14 07:34:02,959 - client_35 - INFO - Epoch 2/2 - Loss: 0.2535
2025-05-14 07:34:02,971 - client_35 - INFO - Sent 717496 bytes to server (weights size: 717344 bytes, client data size: 1229, sparse: False)
2025-05-14 07:34:02,992 - client_35 - INFO - Data transmission successful
2025-05-14 07:34:07,812 - client_35 - INFO - Client 35 started with algorithm: fedprox, model: resnet18fashion
2025-05-14 07:34:21,810 - client_35 - INFO - Epoch 1/2 - Loss: 0.2762
2025-05-14 07:34:25,443 - client_35 - INFO - Epoch 2/2 - Loss: 0.2402
2025-05-14 07:34:25,454 - client_35 - INFO - Sent 717496 bytes to server (weights size: 717344 bytes, client data size: 1229, sparse: False)
2025-05-14 07:34:25,475 - client_35 - INFO - Data transmission successful
2025-05-14 07:35:21,410 - client_35 - INFO - Client 35 started with algorithm: fedprox, model: resnet18fashion
2025-05-14 07:35:30,281 - client_35 - INFO - Epoch 1/2 - Loss: 0.2889
2025-05-14 07:35:36,713 - client_35 - INFO - Epoch 2/2 - Loss: 0.2548
2025-05-14 07:35:36,724 - client_35 - INFO - Sent 717496 bytes to server (weights size: 717344 bytes, client data size: 1229, sparse: False)
2025-05-14 07:35:36,752 - client_35 - INFO - Data transmission successful
2025-05-14 07:36:03,423 - client_35 - INFO - Client 35 started with algorithm: fedprox, model: resnet18fashion
2025-05-14 07:36:10,895 - client_35 - INFO - Epoch 1/2 - Loss: 0.3193
2025-05-14 07:36:15,251 - client_35 - INFO - Epoch 2/2 - Loss: 0.2493
2025-05-14 07:36:15,261 - client_35 - INFO - Sent 717496 bytes to server (weights size: 717344 bytes, client data size: 1229, sparse: False)
2025-05-14 07:36:15,281 - client_35 - INFO - Data transmission successful
2025-05-14 07:36:33,265 - client_35 - INFO - Client 35 started with algorithm: fedprox, model: resnet18fashion
2025-05-14 07:36:44,469 - client_35 - INFO - Epoch 1/2 - Loss: 0.3293
2025-05-14 07:36:52,043 - client_35 - INFO - Epoch 2/2 - Loss: 0.2558
2025-05-14 07:36:52,054 - client_35 - INFO - Sent 717496 bytes to server (weights size: 717344 bytes, client data size: 1229, sparse: False)
2025-05-14 07:36:52,072 - client_35 - INFO - Data transmission successful
2025-05-14 07:37:23,376 - client_35 - INFO - Client 35 started with algorithm: fedprox, model: resnet18fashion
2025-05-14 07:37:33,514 - client_35 - INFO - Epoch 1/2 - Loss: 0.2852
2025-05-14 07:37:39,414 - client_35 - INFO - Epoch 2/2 - Loss: 0.2482
2025-05-14 07:37:39,426 - client_35 - INFO - Sent 717496 bytes to server (weights size: 717344 bytes, client data size: 1229, sparse: False)
2025-05-14 07:37:39,450 - client_35 - INFO - Data transmission successful
2025-05-14 07:38:24,044 - client_35 - INFO - Client 35 started with algorithm: fedprox, model: resnet18fashion
2025-05-14 07:38:31,153 - client_35 - INFO - Epoch 1/2 - Loss: 0.3018
2025-05-14 07:38:34,499 - client_35 - INFO - Epoch 2/2 - Loss: 0.2393
2025-05-14 07:38:34,509 - client_35 - INFO - Sent 717496 bytes to server (weights size: 717344 bytes, client data size: 1229, sparse: False)
2025-05-14 07:38:34,525 - client_35 - INFO - Data transmission successful
2025-05-14 07:40:23,843 - client_35 - INFO - Client 35 started with algorithm: fedprox, model: resnet18fashion
2025-05-14 07:40:32,378 - client_35 - INFO - Epoch 1/2 - Loss: 0.2875
2025-05-14 07:40:38,348 - client_35 - INFO - Epoch 2/2 - Loss: 0.2408
2025-05-14 07:40:38,361 - client_35 - INFO - Sent 717496 bytes to server (weights size: 717344 bytes, client data size: 1229, sparse: False)
2025-05-14 07:40:38,397 - client_35 - INFO - Data transmission successful
2025-05-14 07:40:42,631 - client_35 - INFO - Client 35 started with algorithm: fedprox, model: resnet18fashion
2025-05-14 07:40:52,816 - client_35 - INFO - Epoch 1/2 - Loss: 0.2716
2025-05-14 07:40:58,347 - client_35 - INFO - Epoch 2/2 - Loss: 0.2278
2025-05-14 07:40:58,362 - client_35 - INFO - Sent 717496 bytes to server (weights size: 717344 bytes, client data size: 1229, sparse: False)
2025-05-14 07:40:58,379 - client_35 - INFO - Data transmission successful
2025-05-14 07:41:32,449 - client_35 - INFO - Client 35 started with algorithm: fedprox, model: resnet18fashion
2025-05-14 07:41:41,348 - client_35 - INFO - Epoch 1/2 - Loss: 0.2610
2025-05-14 07:41:47,032 - client_35 - INFO - Epoch 2/2 - Loss: 0.2333
2025-05-14 07:41:47,043 - client_35 - INFO - Sent 717496 bytes to server (weights size: 717344 bytes, client data size: 1229, sparse: False)
2025-05-14 07:41:47,066 - client_35 - INFO - Data transmission successful
2025-05-14 07:43:32,320 - client_35 - INFO - Client 35 started with algorithm: fedprox, model: resnet18fashion
2025-05-14 07:43:40,299 - client_35 - INFO - Epoch 1/2 - Loss: 0.2878
2025-05-14 07:43:43,841 - client_35 - INFO - Epoch 2/2 - Loss: 0.2331
2025-05-14 07:43:43,852 - client_35 - INFO - Sent 717496 bytes to server (weights size: 717344 bytes, client data size: 1229, sparse: False)
2025-05-14 07:43:43,875 - client_35 - INFO - Data transmission successful
2025-05-14 07:44:31,257 - client_35 - INFO - Client 35 started with algorithm: fedprox, model: resnet18fashion
2025-05-14 07:44:37,162 - client_35 - INFO - Epoch 1/2 - Loss: 0.2680
2025-05-14 07:44:43,588 - client_35 - INFO - Epoch 2/2 - Loss: 0.2257
2025-05-14 07:44:43,601 - client_35 - INFO - Sent 717496 bytes to server (weights size: 717344 bytes, client data size: 1229, sparse: False)
2025-05-14 07:44:43,634 - client_35 - INFO - Data transmission successful
2025-05-14 07:45:16,918 - client_35 - INFO - Client 35 started with algorithm: fedprox, model: resnet18fashion
2025-05-14 07:45:32,756 - client_35 - INFO - Epoch 1/2 - Loss: 0.2792
2025-05-14 07:45:39,886 - client_35 - INFO - Epoch 2/2 - Loss: 0.2196
2025-05-14 07:45:39,898 - client_35 - INFO - Sent 717496 bytes to server (weights size: 717344 bytes, client data size: 1229, sparse: False)
2025-05-14 07:45:39,921 - client_35 - INFO - Data transmission successful
2025-05-14 07:46:12,738 - client_35 - INFO - Client 35 started with algorithm: fedprox, model: resnet18fashion
2025-05-14 07:46:20,151 - client_35 - INFO - Epoch 1/2 - Loss: 0.3096
2025-05-14 07:46:24,765 - client_35 - INFO - Epoch 2/2 - Loss: 0.2252
2025-05-14 07:46:24,776 - client_35 - INFO - Sent 717496 bytes to server (weights size: 717344 bytes, client data size: 1229, sparse: False)
2025-05-14 07:46:24,798 - client_35 - INFO - Data transmission successful
2025-05-14 07:47:00,404 - client_35 - INFO - Client 35 started with algorithm: fedprox, model: resnet18fashion
2025-05-14 07:47:08,643 - client_35 - INFO - Epoch 1/2 - Loss: 0.2462
2025-05-14 07:47:12,980 - client_35 - INFO - Epoch 2/2 - Loss: 0.2302
2025-05-14 07:47:12,989 - client_35 - INFO - Sent 717496 bytes to server (weights size: 717344 bytes, client data size: 1229, sparse: False)
2025-05-14 07:47:13,007 - client_35 - INFO - Data transmission successful
2025-05-14 08:37:08,133 - client_35 - INFO - Client 35 started with algorithm: fedavg, model: resnet18fashion
2025-05-14 08:37:19,426 - client_35 - INFO - Epoch 1/2 - Loss: 0.6310
2025-05-14 08:37:27,347 - client_35 - INFO - Epoch 2/2 - Loss: 0.5298
2025-05-14 08:37:27,358 - client_35 - INFO - Sent 717498 bytes to server (weights size: 717344 bytes, client data size: 1229, sparse: False)
2025-05-14 08:37:27,377 - client_35 - INFO - Data transmission successful
2025-05-14 08:37:31,500 - client_35 - INFO - Client 35 started with algorithm: fedavg, model: resnet18fashion
2025-05-14 08:37:37,309 - client_35 - INFO - Epoch 1/2 - Loss: 0.5321
2025-05-14 08:37:38,788 - client_35 - INFO - Epoch 2/2 - Loss: 0.5001
2025-05-14 08:37:38,795 - client_35 - INFO - Sent 717498 bytes to server (weights size: 717344 bytes, client data size: 1229, sparse: False)
2025-05-14 08:37:38,807 - client_35 - INFO - Data transmission successful
2025-05-14 08:38:10,027 - client_35 - INFO - Client 35 started with algorithm: fedavg, model: resnet18fashion
2025-05-14 08:38:17,022 - client_35 - INFO - Epoch 1/2 - Loss: 0.4806
2025-05-14 08:38:22,464 - client_35 - INFO - Epoch 2/2 - Loss: 0.4059
2025-05-14 08:38:22,476 - client_35 - INFO - Sent 717498 bytes to server (weights size: 717344 bytes, client data size: 1229, sparse: False)
2025-05-14 08:38:22,505 - client_35 - INFO - Data transmission successful
2025-05-14 08:39:49,915 - client_35 - INFO - Client 35 started with algorithm: fedavg, model: resnet18fashion
2025-05-14 08:40:00,842 - client_35 - INFO - Epoch 1/2 - Loss: 0.3974
2025-05-14 08:40:06,636 - client_35 - INFO - Epoch 2/2 - Loss: 0.3827
2025-05-14 08:40:06,650 - client_35 - INFO - Sent 717498 bytes to server (weights size: 717344 bytes, client data size: 1229, sparse: False)
2025-05-14 08:40:06,705 - client_35 - INFO - Data transmission successful
2025-05-14 08:40:12,067 - client_35 - INFO - Client 35 started with algorithm: fedavg, model: resnet18fashion
2025-05-14 08:40:22,500 - client_35 - INFO - Epoch 1/2 - Loss: 0.3727
2025-05-14 08:40:30,982 - client_35 - INFO - Epoch 2/2 - Loss: 0.3394
2025-05-14 08:40:30,997 - client_35 - INFO - Sent 717498 bytes to server (weights size: 717344 bytes, client data size: 1229, sparse: False)
2025-05-14 08:40:31,039 - client_35 - INFO - Data transmission successful
2025-05-14 08:41:43,892 - client_35 - INFO - Client 35 started with algorithm: fedavg, model: resnet18fashion
2025-05-14 08:41:51,527 - client_35 - INFO - Epoch 1/2 - Loss: 0.3686
2025-05-14 08:41:58,279 - client_35 - INFO - Epoch 2/2 - Loss: 0.3224
2025-05-14 08:41:58,292 - client_35 - INFO - Sent 717498 bytes to server (weights size: 717344 bytes, client data size: 1229, sparse: False)
2025-05-14 08:41:58,316 - client_35 - INFO - Data transmission successful
2025-05-14 08:44:51,923 - client_35 - INFO - Client 35 started with algorithm: fedavg, model: resnet18fashion
2025-05-14 08:45:02,443 - client_35 - INFO - Epoch 1/2 - Loss: 0.3066
2025-05-14 08:45:06,746 - client_35 - INFO - Epoch 2/2 - Loss: 0.3102
2025-05-14 08:45:06,746 - client_35 - INFO - Early stopping triggered at epoch 2: Loss increased from 0.3066 to 0.3102
2025-05-14 08:45:06,758 - client_35 - INFO - Sent 717498 bytes to server (weights size: 717344 bytes, client data size: 1229, sparse: False)
2025-05-14 08:45:06,781 - client_35 - INFO - Data transmission successful
2025-05-14 08:45:55,766 - client_35 - INFO - Client 35 started with algorithm: fedavg, model: resnet18fashion
2025-05-14 08:46:04,940 - client_35 - INFO - Epoch 1/2 - Loss: 0.3575
2025-05-14 08:46:10,709 - client_35 - INFO - Epoch 2/2 - Loss: 0.2703
2025-05-14 08:46:10,723 - client_35 - INFO - Sent 717498 bytes to server (weights size: 717344 bytes, client data size: 1229, sparse: False)
2025-05-14 08:46:10,767 - client_35 - INFO - Data transmission successful
2025-05-14 08:48:01,463 - client_35 - INFO - Client 35 started with algorithm: fedavg, model: resnet18fashion
2025-05-14 08:48:08,604 - client_35 - INFO - Epoch 1/2 - Loss: 0.3302
2025-05-14 08:48:12,795 - client_35 - INFO - Epoch 2/2 - Loss: 0.2702
2025-05-14 08:48:12,810 - client_35 - INFO - Sent 717498 bytes to server (weights size: 717344 bytes, client data size: 1229, sparse: False)
2025-05-14 08:48:12,836 - client_35 - INFO - Data transmission successful
2025-05-14 08:48:16,992 - client_35 - INFO - Client 35 started with algorithm: fedavg, model: resnet18fashion
2025-05-14 08:48:23,741 - client_35 - INFO - Epoch 1/2 - Loss: 0.2734
2025-05-14 08:48:27,767 - client_35 - INFO - Epoch 2/2 - Loss: 0.2675
2025-05-14 08:48:27,778 - client_35 - INFO - Sent 717498 bytes to server (weights size: 717344 bytes, client data size: 1229, sparse: False)
2025-05-14 08:48:27,799 - client_35 - INFO - Data transmission successful
2025-05-14 08:49:19,428 - client_35 - INFO - Client 35 started with algorithm: fedavg, model: resnet18fashion
2025-05-14 08:49:27,588 - client_35 - INFO - Epoch 1/2 - Loss: 0.2877
2025-05-14 08:49:32,165 - client_35 - INFO - Epoch 2/2 - Loss: 0.2444
2025-05-14 08:49:32,178 - client_35 - INFO - Sent 717498 bytes to server (weights size: 717344 bytes, client data size: 1229, sparse: False)
2025-05-14 08:49:32,203 - client_35 - INFO - Data transmission successful
2025-05-14 08:49:54,183 - client_35 - INFO - Client 35 started with algorithm: fedavg, model: resnet18fashion
2025-05-14 08:50:00,588 - client_35 - INFO - Epoch 1/2 - Loss: 0.2794
2025-05-14 08:50:04,420 - client_35 - INFO - Epoch 2/2 - Loss: 0.2458
2025-05-14 08:50:04,430 - client_35 - INFO - Sent 717498 bytes to server (weights size: 717344 bytes, client data size: 1229, sparse: False)
2025-05-14 08:50:04,451 - client_35 - INFO - Data transmission successful
2025-05-14 08:50:20,498 - client_35 - INFO - Client 35 started with algorithm: fedavg, model: resnet18fashion
2025-05-14 08:50:31,047 - client_35 - INFO - Epoch 1/2 - Loss: 0.3179
2025-05-14 08:50:37,223 - client_35 - INFO - Epoch 2/2 - Loss: 0.2445
2025-05-14 08:50:37,234 - client_35 - INFO - Sent 717498 bytes to server (weights size: 717344 bytes, client data size: 1229, sparse: False)
2025-05-14 08:50:37,254 - client_35 - INFO - Data transmission successful
2025-05-14 08:51:07,178 - client_35 - INFO - Client 35 started with algorithm: fedavg, model: resnet18fashion
2025-05-14 08:51:15,995 - client_35 - INFO - Epoch 1/2 - Loss: 0.2638
2025-05-14 08:51:20,892 - client_35 - INFO - Epoch 2/2 - Loss: 0.2475
2025-05-14 08:51:20,905 - client_35 - INFO - Sent 717498 bytes to server (weights size: 717344 bytes, client data size: 1229, sparse: False)
2025-05-14 08:51:20,927 - client_35 - INFO - Data transmission successful
2025-05-14 08:51:59,825 - client_35 - INFO - Client 35 started with algorithm: fedavg, model: resnet18fashion
2025-05-14 08:52:04,602 - client_35 - INFO - Epoch 1/2 - Loss: 0.3018
2025-05-14 08:52:07,464 - client_35 - INFO - Epoch 2/2 - Loss: 0.2459
2025-05-14 08:52:07,473 - client_35 - INFO - Sent 717498 bytes to server (weights size: 717344 bytes, client data size: 1229, sparse: False)
2025-05-14 08:52:07,485 - client_35 - INFO - Data transmission successful
2025-05-14 08:53:42,562 - client_35 - INFO - Client 35 started with algorithm: fedavg, model: resnet18fashion
2025-05-14 08:53:49,643 - client_35 - INFO - Epoch 1/2 - Loss: 0.2717
2025-05-14 08:53:54,372 - client_35 - INFO - Epoch 2/2 - Loss: 0.2283
2025-05-14 08:53:54,384 - client_35 - INFO - Sent 717498 bytes to server (weights size: 717344 bytes, client data size: 1229, sparse: False)
2025-05-14 08:53:54,411 - client_35 - INFO - Data transmission successful
2025-05-14 08:53:58,998 - client_35 - INFO - Client 35 started with algorithm: fedavg, model: resnet18fashion
2025-05-14 08:54:08,450 - client_35 - INFO - Epoch 1/2 - Loss: 0.2656
2025-05-14 08:54:14,317 - client_35 - INFO - Epoch 2/2 - Loss: 0.2406
2025-05-14 08:54:14,329 - client_35 - INFO - Sent 717498 bytes to server (weights size: 717344 bytes, client data size: 1229, sparse: False)
2025-05-14 08:54:14,355 - client_35 - INFO - Data transmission successful
2025-05-14 08:54:48,304 - client_35 - INFO - Client 35 started with algorithm: fedavg, model: resnet18fashion
2025-05-14 08:54:56,826 - client_35 - INFO - Epoch 1/2 - Loss: 0.2563
2025-05-14 08:55:02,138 - client_35 - INFO - Epoch 2/2 - Loss: 0.2241
2025-05-14 08:55:02,149 - client_35 - INFO - Sent 717498 bytes to server (weights size: 717344 bytes, client data size: 1229, sparse: False)
2025-05-14 08:55:02,178 - client_35 - INFO - Data transmission successful
2025-05-14 08:56:47,323 - client_35 - INFO - Client 35 started with algorithm: fedavg, model: resnet18fashion
2025-05-14 08:56:54,546 - client_35 - INFO - Epoch 1/2 - Loss: 0.2780
2025-05-14 08:56:57,892 - client_35 - INFO - Epoch 2/2 - Loss: 0.2216
2025-05-14 08:56:57,903 - client_35 - INFO - Sent 717498 bytes to server (weights size: 717344 bytes, client data size: 1229, sparse: False)
2025-05-14 08:56:57,919 - client_35 - INFO - Data transmission successful
2025-05-14 08:57:40,535 - client_35 - INFO - Client 35 started with algorithm: fedavg, model: resnet18fashion
2025-05-14 08:57:50,797 - client_35 - INFO - Epoch 1/2 - Loss: 0.2573
2025-05-14 08:57:59,094 - client_35 - INFO - Epoch 2/2 - Loss: 0.2101
2025-05-14 08:57:59,105 - client_35 - INFO - Sent 717498 bytes to server (weights size: 717344 bytes, client data size: 1229, sparse: False)
2025-05-14 08:57:59,129 - client_35 - INFO - Data transmission successful
2025-05-14 08:58:23,142 - client_35 - INFO - Client 35 started with algorithm: fedavg, model: resnet18fashion
2025-05-14 08:58:32,691 - client_35 - INFO - Epoch 1/2 - Loss: 0.2840
2025-05-14 08:58:38,065 - client_35 - INFO - Epoch 2/2 - Loss: 0.1978
2025-05-14 08:58:38,078 - client_35 - INFO - Sent 717498 bytes to server (weights size: 717344 bytes, client data size: 1229, sparse: False)
2025-05-14 08:58:38,101 - client_35 - INFO - Data transmission successful
2025-05-14 08:59:07,649 - client_35 - INFO - Client 35 started with algorithm: fedavg, model: resnet18fashion
2025-05-14 08:59:15,063 - client_35 - INFO - Epoch 1/2 - Loss: 0.2619
2025-05-14 08:59:18,846 - client_35 - INFO - Epoch 2/2 - Loss: 0.2157
2025-05-14 08:59:18,859 - client_35 - INFO - Sent 717498 bytes to server (weights size: 717344 bytes, client data size: 1229, sparse: False)
2025-05-14 08:59:18,880 - client_35 - INFO - Data transmission successful
2025-05-14 08:59:52,347 - client_35 - INFO - Client 35 started with algorithm: fedavg, model: resnet18fashion
2025-05-14 09:00:00,128 - client_35 - INFO - Epoch 1/2 - Loss: 0.2508
2025-05-14 09:00:04,175 - client_35 - INFO - Epoch 2/2 - Loss: 0.2068
2025-05-14 09:00:04,184 - client_35 - INFO - Sent 717498 bytes to server (weights size: 717344 bytes, client data size: 1229, sparse: False)
2025-05-14 09:00:04,195 - client_35 - INFO - Data transmission successful
