2025-05-12 11:25:58,776 - client_23 - INFO - Client 23 started with algorithm: fedewma, model: lenet5
2025-05-12 11:26:05,863 - client_23 - INFO - Epoch 1/2 - Loss: 0.0148
2025-05-12 11:26:06,710 - client_23 - INFO - Epoch 2/2 - Loss: 0.0042
2025-05-12 11:26:06,710 - client_23 - INFO - Client 23 sending full delta weights
2025-05-12 11:26:06,712 - client_23 - INFO - Sent 250184 bytes to server (weights size: 250032 bytes, client data size: 2532, sparse: False)
2025-05-12 11:26:06,714 - client_23 - INFO - Data transmission successful
2025-05-12 11:26:28,224 - client_23 - INFO - Client 23 started with algorithm: fedewma, model: lenet5
2025-05-12 11:26:36,722 - client_23 - INFO - Epoch 1/2 - Loss: 0.0143
2025-05-12 11:26:39,375 - client_23 - INFO - Epoch 2/2 - Loss: 0.0037
2025-05-12 11:26:39,377 - client_23 - INFO - Client 23 sending full delta weights
2025-05-12 11:26:39,380 - client_23 - INFO - Sent 250184 bytes to server (weights size: 250032 bytes, client data size: 2532, sparse: False)
2025-05-12 11:26:39,387 - client_23 - INFO - Data transmission successful
2025-05-12 11:27:15,878 - client_23 - INFO - Client 23 started with algorithm: fedewma, model: lenet5
2025-05-12 11:27:23,522 - client_23 - INFO - Epoch 1/2 - Loss: 0.0154
2025-05-12 11:27:25,148 - client_23 - INFO - Epoch 2/2 - Loss: 0.0038
2025-05-12 11:27:25,148 - client_23 - INFO - Client 23 sending full delta weights
2025-05-12 11:27:25,152 - client_23 - INFO - Sent 250184 bytes to server (weights size: 250032 bytes, client data size: 2532, sparse: False)
2025-05-12 11:27:25,157 - client_23 - INFO - Data transmission successful
2025-05-12 11:27:27,547 - client_23 - INFO - Client 23 started with algorithm: fedewma, model: lenet5
2025-05-12 11:27:34,347 - client_23 - INFO - Epoch 1/2 - Loss: 0.0149
2025-05-12 11:27:35,216 - client_23 - INFO - Epoch 2/2 - Loss: 0.0037
2025-05-12 11:27:35,216 - client_23 - INFO - Client 23 sending full delta weights
2025-05-12 11:27:35,220 - client_23 - INFO - Sent 250184 bytes to server (weights size: 250032 bytes, client data size: 2532, sparse: False)
2025-05-12 11:27:35,223 - client_23 - INFO - Data transmission successful
2025-05-12 11:28:50,275 - client_23 - INFO - Client 23 started with algorithm: fedewma, model: lenet5
2025-05-12 11:28:57,490 - client_23 - INFO - Epoch 1/2 - Loss: 0.0150
2025-05-12 11:28:58,747 - client_23 - INFO - Epoch 2/2 - Loss: 0.0032
2025-05-12 11:28:58,747 - client_23 - INFO - Client 23 sending full delta weights
2025-05-12 11:28:58,749 - client_23 - INFO - Sent 250184 bytes to server (weights size: 250032 bytes, client data size: 2532, sparse: False)
2025-05-12 11:28:58,754 - client_23 - INFO - Data transmission successful
2025-05-12 11:29:17,162 - client_23 - INFO - Client 23 started with algorithm: fedewma, model: lenet5
2025-05-12 11:29:25,324 - client_23 - INFO - Epoch 1/2 - Loss: 0.0087
2025-05-12 11:29:28,079 - client_23 - INFO - Epoch 2/2 - Loss: 0.0030
2025-05-12 11:29:28,079 - client_23 - INFO - Client 23 sending full delta weights
2025-05-12 11:29:28,082 - client_23 - INFO - Sent 250184 bytes to server (weights size: 250032 bytes, client data size: 2532, sparse: False)
2025-05-12 11:29:28,088 - client_23 - INFO - Data transmission successful
2025-05-12 11:29:50,417 - client_23 - INFO - Client 23 started with algorithm: fedewma, model: lenet5
2025-05-12 11:29:58,588 - client_23 - INFO - Epoch 1/2 - Loss: 0.0126
2025-05-12 11:29:59,948 - client_23 - INFO - Epoch 2/2 - Loss: 0.0028
2025-05-12 11:29:59,949 - client_23 - INFO - Client 23 sending full delta weights
2025-05-12 11:29:59,952 - client_23 - INFO - Sent 250184 bytes to server (weights size: 250032 bytes, client data size: 2532, sparse: False)
2025-05-12 11:29:59,954 - client_23 - INFO - Data transmission successful
2025-05-12 11:30:54,847 - client_23 - INFO - Client 23 started with algorithm: fedewma, model: lenet5
2025-05-12 11:31:00,424 - client_23 - INFO - Epoch 1/2 - Loss: 0.0086
2025-05-12 11:31:01,643 - client_23 - INFO - Epoch 2/2 - Loss: 0.0026
2025-05-12 11:31:01,643 - client_23 - INFO - Client 23 sending full delta weights
2025-05-12 11:31:01,646 - client_23 - INFO - Sent 250184 bytes to server (weights size: 250032 bytes, client data size: 2532, sparse: False)
2025-05-12 11:31:01,648 - client_23 - INFO - Data transmission successful
2025-05-12 11:31:36,539 - client_23 - INFO - Client 23 started with algorithm: fedewma, model: lenet5
2025-05-12 11:31:43,562 - client_23 - INFO - Epoch 1/2 - Loss: 0.0092
2025-05-12 11:31:46,390 - client_23 - INFO - Epoch 2/2 - Loss: 0.0025
2025-05-12 11:31:46,391 - client_23 - INFO - Client 23 sending full delta weights
2025-05-12 11:31:46,393 - client_23 - INFO - Sent 250184 bytes to server (weights size: 250032 bytes, client data size: 2532, sparse: False)
2025-05-12 11:31:46,398 - client_23 - INFO - Data transmission successful
2025-05-12 11:32:06,958 - client_23 - INFO - Client 23 started with algorithm: fedewma, model: lenet5
2025-05-12 11:32:15,724 - client_23 - INFO - Epoch 1/2 - Loss: 0.0108
2025-05-12 11:32:16,688 - client_23 - INFO - Epoch 2/2 - Loss: 0.0025
2025-05-12 11:32:16,688 - client_23 - INFO - Client 23 sending full delta weights
2025-05-12 11:32:16,690 - client_23 - INFO - Sent 250184 bytes to server (weights size: 250032 bytes, client data size: 2532, sparse: False)
2025-05-12 11:32:16,693 - client_23 - INFO - Data transmission successful
2025-05-12 11:32:27,412 - client_23 - INFO - Client 23 started with algorithm: fedewma, model: lenet5
2025-05-12 11:32:34,513 - client_23 - INFO - Epoch 1/2 - Loss: 0.0091
2025-05-12 11:32:35,477 - client_23 - INFO - Epoch 2/2 - Loss: 0.0024
2025-05-12 11:32:35,477 - client_23 - INFO - Client 23 sending full delta weights
2025-05-12 11:32:35,480 - client_23 - INFO - Sent 250184 bytes to server (weights size: 250032 bytes, client data size: 2532, sparse: False)
2025-05-12 11:32:35,482 - client_23 - INFO - Data transmission successful
2025-05-12 11:32:37,489 - client_23 - INFO - Client 23 started with algorithm: fedewma, model: lenet5
2025-05-12 11:32:45,964 - client_23 - INFO - Epoch 1/2 - Loss: 0.0094
2025-05-12 11:32:47,819 - client_23 - INFO - Epoch 2/2 - Loss: 0.0023
2025-05-12 11:32:47,820 - client_23 - INFO - Client 23 sending full delta weights
2025-05-12 11:32:47,822 - client_23 - INFO - Sent 250184 bytes to server (weights size: 250032 bytes, client data size: 2532, sparse: False)
2025-05-12 11:32:47,825 - client_23 - INFO - Data transmission successful
2025-05-12 11:37:31,942 - client_23 - INFO - Client 23 started with algorithm: fedewma, model: lenet5
2025-05-12 11:37:37,607 - client_23 - INFO - Epoch 1/2 - Loss: 0.0108
2025-05-12 11:37:38,872 - client_23 - INFO - Epoch 2/2 - Loss: 0.0023
2025-05-12 11:37:38,872 - client_23 - INFO - Client 23 sending full delta weights
2025-05-12 11:37:38,875 - client_23 - INFO - Sent 250184 bytes to server (weights size: 250032 bytes, client data size: 2532, sparse: False)
2025-05-12 11:37:38,877 - client_23 - INFO - Data transmission successful
2025-05-13 07:12:51,114 - client_23 - INFO - Client 23 started with algorithm: fedprox, model: lenet5
2025-05-13 07:12:55,705 - client_23 - INFO - Epoch 1/2 - Loss: 0.0132
2025-05-13 07:12:56,591 - client_23 - INFO - Epoch 2/2 - Loss: 0.0043
2025-05-13 07:12:56,594 - client_23 - INFO - Sent 250511 bytes to server (weights size: 250359 bytes, client data size: 2532, sparse: False)
2025-05-13 07:12:56,596 - client_23 - INFO - Data transmission successful
2025-05-13 07:13:14,038 - client_23 - INFO - Client 23 started with algorithm: fedprox, model: lenet5
2025-05-13 07:13:19,418 - client_23 - INFO - Epoch 1/2 - Loss: 0.0133
2025-05-13 07:13:22,260 - client_23 - INFO - Epoch 2/2 - Loss: 0.0044
2025-05-13 07:13:22,262 - client_23 - INFO - Sent 250511 bytes to server (weights size: 250359 bytes, client data size: 2532, sparse: False)
2025-05-13 07:13:22,266 - client_23 - INFO - Data transmission successful
2025-05-13 07:13:49,740 - client_23 - INFO - Client 23 started with algorithm: fedprox, model: lenet5
2025-05-13 07:13:54,705 - client_23 - INFO - Epoch 1/2 - Loss: 0.0159
2025-05-13 07:13:56,386 - client_23 - INFO - Epoch 2/2 - Loss: 0.0039
2025-05-13 07:13:56,389 - client_23 - INFO - Sent 250511 bytes to server (weights size: 250359 bytes, client data size: 2532, sparse: False)
2025-05-13 07:13:56,393 - client_23 - INFO - Data transmission successful
2025-05-13 07:13:58,753 - client_23 - INFO - Client 23 started with algorithm: fedprox, model: lenet5
2025-05-13 07:14:02,734 - client_23 - INFO - Epoch 1/2 - Loss: 0.0137
2025-05-13 07:14:03,618 - client_23 - INFO - Epoch 2/2 - Loss: 0.0039
2025-05-13 07:14:03,620 - client_23 - INFO - Sent 250511 bytes to server (weights size: 250359 bytes, client data size: 2532, sparse: False)
2025-05-13 07:14:03,623 - client_23 - INFO - Data transmission successful
2025-05-13 07:15:00,855 - client_23 - INFO - Client 23 started with algorithm: fedprox, model: lenet5
2025-05-13 07:15:05,537 - client_23 - INFO - Epoch 1/2 - Loss: 0.0135
2025-05-13 07:15:06,937 - client_23 - INFO - Epoch 2/2 - Loss: 0.0033
2025-05-13 07:15:06,940 - client_23 - INFO - Sent 250511 bytes to server (weights size: 250359 bytes, client data size: 2532, sparse: False)
2025-05-13 07:15:06,942 - client_23 - INFO - Data transmission successful
2025-05-13 07:15:20,425 - client_23 - INFO - Client 23 started with algorithm: fedprox, model: lenet5
2025-05-13 07:15:26,174 - client_23 - INFO - Epoch 1/2 - Loss: 0.0086
2025-05-13 07:15:29,122 - client_23 - INFO - Epoch 2/2 - Loss: 0.0033
2025-05-13 07:15:29,124 - client_23 - INFO - Sent 250511 bytes to server (weights size: 250359 bytes, client data size: 2532, sparse: False)
2025-05-13 07:15:29,128 - client_23 - INFO - Data transmission successful
2025-05-13 07:15:46,569 - client_23 - INFO - Client 23 started with algorithm: fedprox, model: lenet5
2025-05-13 07:15:51,941 - client_23 - INFO - Epoch 1/2 - Loss: 0.0121
2025-05-13 07:15:53,473 - client_23 - INFO - Epoch 2/2 - Loss: 0.0032
2025-05-13 07:15:53,475 - client_23 - INFO - Sent 250511 bytes to server (weights size: 250359 bytes, client data size: 2532, sparse: False)
2025-05-13 07:15:53,478 - client_23 - INFO - Data transmission successful
2025-05-13 07:16:35,831 - client_23 - INFO - Client 23 started with algorithm: fedprox, model: lenet5
2025-05-13 07:16:38,801 - client_23 - INFO - Epoch 1/2 - Loss: 0.0084
2025-05-13 07:16:40,125 - client_23 - INFO - Epoch 2/2 - Loss: 0.0028
2025-05-13 07:16:40,131 - client_23 - INFO - Sent 250511 bytes to server (weights size: 250359 bytes, client data size: 2532, sparse: False)
2025-05-13 07:16:40,134 - client_23 - INFO - Data transmission successful
2025-05-13 07:17:06,874 - client_23 - INFO - Client 23 started with algorithm: fedprox, model: lenet5
2025-05-13 07:17:11,149 - client_23 - INFO - Epoch 1/2 - Loss: 0.0101
2025-05-13 07:17:13,920 - client_23 - INFO - Epoch 2/2 - Loss: 0.0029
2025-05-13 07:17:13,922 - client_23 - INFO - Sent 250511 bytes to server (weights size: 250359 bytes, client data size: 2532, sparse: False)
2025-05-13 07:17:13,926 - client_23 - INFO - Data transmission successful
2025-05-13 07:17:31,280 - client_23 - INFO - Client 23 started with algorithm: fedprox, model: lenet5
2025-05-13 07:17:38,745 - client_23 - INFO - Epoch 1/2 - Loss: 0.0096
2025-05-13 07:17:40,046 - client_23 - INFO - Epoch 2/2 - Loss: 0.0026
2025-05-13 07:17:40,049 - client_23 - INFO - Sent 250511 bytes to server (weights size: 250359 bytes, client data size: 2532, sparse: False)
2025-05-13 07:17:40,052 - client_23 - INFO - Data transmission successful
2025-05-13 07:17:48,921 - client_23 - INFO - Client 23 started with algorithm: fedprox, model: lenet5
2025-05-13 07:17:54,513 - client_23 - INFO - Epoch 1/2 - Loss: 0.0119
2025-05-13 07:17:55,547 - client_23 - INFO - Epoch 2/2 - Loss: 0.0028
2025-05-13 07:17:55,549 - client_23 - INFO - Sent 250511 bytes to server (weights size: 250359 bytes, client data size: 2532, sparse: False)
2025-05-13 07:17:55,552 - client_23 - INFO - Data transmission successful
2025-05-13 07:17:57,558 - client_23 - INFO - Client 23 started with algorithm: fedprox, model: lenet5
2025-05-13 07:18:06,230 - client_23 - INFO - Epoch 1/2 - Loss: 0.0080
2025-05-13 07:18:08,684 - client_23 - INFO - Epoch 2/2 - Loss: 0.0027
2025-05-13 07:18:08,686 - client_23 - INFO - Sent 250511 bytes to server (weights size: 250359 bytes, client data size: 2532, sparse: False)
2025-05-13 07:18:08,689 - client_23 - INFO - Data transmission successful
2025-05-13 07:21:46,509 - client_23 - INFO - Client 23 started with algorithm: fedprox, model: lenet5
2025-05-13 07:21:50,058 - client_23 - INFO - Epoch 1/2 - Loss: 0.0096
2025-05-13 07:21:51,421 - client_23 - INFO - Epoch 2/2 - Loss: 0.0028
2025-05-13 07:21:51,423 - client_23 - INFO - Sent 250511 bytes to server (weights size: 250359 bytes, client data size: 2532, sparse: False)
2025-05-13 07:21:51,426 - client_23 - INFO - Data transmission successful
2025-05-13 07:32:10,928 - client_23 - INFO - Client 23 started with algorithm: fedavg, model: lenet5
2025-05-13 07:32:15,378 - client_23 - INFO - Epoch 1/2 - Loss: 0.0180
2025-05-13 07:32:16,163 - client_23 - INFO - Epoch 2/2 - Loss: 0.0046
2025-05-13 07:32:16,165 - client_23 - INFO - Sent 250513 bytes to server (weights size: 250359 bytes, client data size: 2532, sparse: False)
2025-05-13 07:32:16,168 - client_23 - INFO - Data transmission successful
2025-05-13 07:32:31,658 - client_23 - INFO - Client 23 started with algorithm: fedavg, model: lenet5
2025-05-13 07:32:37,378 - client_23 - INFO - Epoch 1/2 - Loss: 0.0247
2025-05-13 07:32:40,076 - client_23 - INFO - Epoch 2/2 - Loss: 0.0071
2025-05-13 07:32:40,079 - client_23 - INFO - Sent 250513 bytes to server (weights size: 250359 bytes, client data size: 2532, sparse: False)
2025-05-13 07:32:40,084 - client_23 - INFO - Data transmission successful
2025-05-13 07:33:08,098 - client_23 - INFO - Client 23 started with algorithm: fedavg, model: lenet5
2025-05-13 07:33:13,390 - client_23 - INFO - Epoch 1/2 - Loss: 0.0216
2025-05-13 07:33:14,860 - client_23 - INFO - Epoch 2/2 - Loss: 0.0041
2025-05-13 07:33:14,863 - client_23 - INFO - Sent 250513 bytes to server (weights size: 250359 bytes, client data size: 2532, sparse: False)
2025-05-13 07:33:14,867 - client_23 - INFO - Data transmission successful
2025-05-13 07:33:17,213 - client_23 - INFO - Client 23 started with algorithm: fedavg, model: lenet5
2025-05-13 07:33:20,873 - client_23 - INFO - Epoch 1/2 - Loss: 0.0122
2025-05-13 07:33:21,594 - client_23 - INFO - Epoch 2/2 - Loss: 0.0040
2025-05-13 07:33:21,596 - client_23 - INFO - Sent 250513 bytes to server (weights size: 250359 bytes, client data size: 2532, sparse: False)
2025-05-13 07:33:21,598 - client_23 - INFO - Data transmission successful
2025-05-13 07:34:15,113 - client_23 - INFO - Client 23 started with algorithm: fedavg, model: lenet5
2025-05-13 07:34:19,449 - client_23 - INFO - Epoch 1/2 - Loss: 0.0155
2025-05-13 07:34:20,539 - client_23 - INFO - Epoch 2/2 - Loss: 0.0035
2025-05-13 07:34:20,540 - client_23 - INFO - Sent 250513 bytes to server (weights size: 250359 bytes, client data size: 2532, sparse: False)
2025-05-13 07:34:20,543 - client_23 - INFO - Data transmission successful
2025-05-13 07:34:33,012 - client_23 - INFO - Client 23 started with algorithm: fedavg, model: lenet5
2025-05-13 07:34:38,861 - client_23 - INFO - Epoch 1/2 - Loss: 0.0101
2025-05-13 07:34:41,497 - client_23 - INFO - Epoch 2/2 - Loss: 0.0034
2025-05-13 07:34:41,500 - client_23 - INFO - Sent 250513 bytes to server (weights size: 250359 bytes, client data size: 2532, sparse: False)
2025-05-13 07:34:41,504 - client_23 - INFO - Data transmission successful
2025-05-13 07:34:57,327 - client_23 - INFO - Client 23 started with algorithm: fedavg, model: lenet5
2025-05-13 07:35:02,105 - client_23 - INFO - Epoch 1/2 - Loss: 0.0176
2025-05-13 07:35:03,273 - client_23 - INFO - Epoch 2/2 - Loss: 0.0035
2025-05-13 07:35:03,275 - client_23 - INFO - Sent 250513 bytes to server (weights size: 250359 bytes, client data size: 2532, sparse: False)
2025-05-13 07:35:03,278 - client_23 - INFO - Data transmission successful
2025-05-13 07:35:42,278 - client_23 - INFO - Client 23 started with algorithm: fedavg, model: lenet5
2025-05-13 07:35:45,198 - client_23 - INFO - Epoch 1/2 - Loss: 0.0122
2025-05-13 07:35:46,248 - client_23 - INFO - Epoch 2/2 - Loss: 0.0032
2025-05-13 07:35:46,250 - client_23 - INFO - Sent 250513 bytes to server (weights size: 250359 bytes, client data size: 2532, sparse: False)
2025-05-13 07:35:46,253 - client_23 - INFO - Data transmission successful
2025-05-13 07:36:11,934 - client_23 - INFO - Client 23 started with algorithm: fedavg, model: lenet5
2025-05-13 07:36:15,905 - client_23 - INFO - Epoch 1/2 - Loss: 0.0140
2025-05-13 07:36:18,602 - client_23 - INFO - Epoch 2/2 - Loss: 0.0028
2025-05-13 07:36:18,605 - client_23 - INFO - Sent 250513 bytes to server (weights size: 250359 bytes, client data size: 2532, sparse: False)
2025-05-13 07:36:18,609 - client_23 - INFO - Data transmission successful
2025-05-13 07:36:33,257 - client_23 - INFO - Client 23 started with algorithm: fedavg, model: lenet5
2025-05-13 07:36:39,221 - client_23 - INFO - Epoch 1/2 - Loss: 0.0101
2025-05-13 07:36:40,096 - client_23 - INFO - Epoch 2/2 - Loss: 0.0029
2025-05-13 07:36:40,098 - client_23 - INFO - Sent 250513 bytes to server (weights size: 250359 bytes, client data size: 2532, sparse: False)
2025-05-13 07:36:40,101 - client_23 - INFO - Data transmission successful
2025-05-13 07:36:48,251 - client_23 - INFO - Client 23 started with algorithm: fedavg, model: lenet5
2025-05-13 07:36:52,215 - client_23 - INFO - Epoch 1/2 - Loss: 0.0110
2025-05-13 07:36:53,052 - client_23 - INFO - Epoch 2/2 - Loss: 0.0030
2025-05-13 07:36:53,054 - client_23 - INFO - Sent 250513 bytes to server (weights size: 250359 bytes, client data size: 2532, sparse: False)
2025-05-13 07:36:53,057 - client_23 - INFO - Data transmission successful
2025-05-13 07:36:55,060 - client_23 - INFO - Client 23 started with algorithm: fedavg, model: lenet5
2025-05-13 07:37:00,679 - client_23 - INFO - Epoch 1/2 - Loss: 0.0074
2025-05-13 07:37:02,816 - client_23 - INFO - Epoch 2/2 - Loss: 0.0026
2025-05-13 07:37:02,818 - client_23 - INFO - Sent 250513 bytes to server (weights size: 250359 bytes, client data size: 2532, sparse: False)
2025-05-13 07:37:02,822 - client_23 - INFO - Data transmission successful
2025-05-13 07:40:24,304 - client_23 - INFO - Client 23 started with algorithm: fedavg, model: lenet5
2025-05-13 07:40:27,004 - client_23 - INFO - Epoch 1/2 - Loss: 0.0124
2025-05-13 07:40:28,136 - client_23 - INFO - Epoch 2/2 - Loss: 0.0027
2025-05-13 07:40:28,138 - client_23 - INFO - Sent 250513 bytes to server (weights size: 250359 bytes, client data size: 2532, sparse: False)
2025-05-13 07:40:28,140 - client_23 - INFO - Data transmission successful
2025-05-13 14:39:35,851 - client_23 - INFO - Client 23 started with algorithm: fedewma, model: lenet5
2025-05-13 14:39:41,570 - client_23 - INFO - Epoch 1/2 - Loss: 0.0137
2025-05-13 14:39:42,294 - client_23 - INFO - Epoch 2/2 - Loss: 0.0046
2025-05-13 14:39:42,294 - client_23 - INFO - Client 23 sending full delta weights
2025-05-13 14:39:42,296 - client_23 - INFO - Sent 250184 bytes to server (weights size: 250032 bytes, client data size: 2532, sparse: False)
2025-05-13 14:39:42,299 - client_23 - INFO - Data transmission successful
2025-05-13 14:40:01,344 - client_23 - INFO - Client 23 started with algorithm: fedewma, model: lenet5
2025-05-13 14:40:08,291 - client_23 - INFO - Epoch 1/2 - Loss: 0.0138
2025-05-13 14:40:10,548 - client_23 - INFO - Epoch 2/2 - Loss: 0.0038
2025-05-13 14:40:10,549 - client_23 - INFO - Client 23 sending full delta weights
2025-05-13 14:40:10,551 - client_23 - INFO - Sent 250184 bytes to server (weights size: 250032 bytes, client data size: 2532, sparse: False)
2025-05-13 14:40:10,555 - client_23 - INFO - Data transmission successful
2025-05-13 14:40:41,776 - client_23 - INFO - Client 23 started with algorithm: fedewma, model: lenet5
2025-05-13 14:40:48,080 - client_23 - INFO - Epoch 1/2 - Loss: 0.0150
2025-05-13 14:40:49,501 - client_23 - INFO - Epoch 2/2 - Loss: 0.0037
2025-05-13 14:40:49,502 - client_23 - INFO - Client 23 sending full delta weights
2025-05-13 14:40:49,504 - client_23 - INFO - Sent 250184 bytes to server (weights size: 250032 bytes, client data size: 2532, sparse: False)
2025-05-13 14:40:49,507 - client_23 - INFO - Data transmission successful
2025-05-13 14:40:51,796 - client_23 - INFO - Client 23 started with algorithm: fedewma, model: lenet5
2025-05-13 14:40:57,224 - client_23 - INFO - Epoch 1/2 - Loss: 0.0106
2025-05-13 14:40:58,059 - client_23 - INFO - Epoch 2/2 - Loss: 0.0040
2025-05-13 14:40:58,059 - client_23 - INFO - Client 23 sending full delta weights
2025-05-13 14:40:58,061 - client_23 - INFO - Sent 250184 bytes to server (weights size: 250032 bytes, client data size: 2532, sparse: False)
2025-05-13 14:40:58,063 - client_23 - INFO - Data transmission successful
2025-05-13 14:42:01,594 - client_23 - INFO - Client 23 started with algorithm: fedewma, model: lenet5
2025-05-13 14:42:07,534 - client_23 - INFO - Epoch 1/2 - Loss: 0.0132
2025-05-13 14:42:08,583 - client_23 - INFO - Epoch 2/2 - Loss: 0.0033
2025-05-13 14:42:08,583 - client_23 - INFO - Client 23 sending full delta weights
2025-05-13 14:42:08,585 - client_23 - INFO - Sent 250184 bytes to server (weights size: 250032 bytes, client data size: 2532, sparse: False)
2025-05-13 14:42:08,587 - client_23 - INFO - Data transmission successful
2025-05-13 14:42:24,337 - client_23 - INFO - Client 23 started with algorithm: fedewma, model: lenet5
2025-05-13 14:42:30,917 - client_23 - INFO - Epoch 1/2 - Loss: 0.0122
2025-05-13 14:42:33,569 - client_23 - INFO - Epoch 2/2 - Loss: 0.0032
2025-05-13 14:42:33,570 - client_23 - INFO - Client 23 sending full delta weights
2025-05-13 14:42:33,572 - client_23 - INFO - Sent 250184 bytes to server (weights size: 250032 bytes, client data size: 2532, sparse: False)
2025-05-13 14:42:33,576 - client_23 - INFO - Data transmission successful
2025-05-13 14:42:52,603 - client_23 - INFO - Client 23 started with algorithm: fedewma, model: lenet5
2025-05-13 14:42:59,113 - client_23 - INFO - Epoch 1/2 - Loss: 0.0091
2025-05-13 14:43:00,158 - client_23 - INFO - Epoch 2/2 - Loss: 0.0028
2025-05-13 14:43:00,158 - client_23 - INFO - Client 23 sending full delta weights
2025-05-13 14:43:00,160 - client_23 - INFO - Sent 250184 bytes to server (weights size: 250032 bytes, client data size: 2532, sparse: False)
2025-05-13 14:43:00,162 - client_23 - INFO - Data transmission successful
2025-05-13 14:43:47,472 - client_23 - INFO - Client 23 started with algorithm: fedewma, model: lenet5
2025-05-13 14:43:51,997 - client_23 - INFO - Epoch 1/2 - Loss: 0.0088
2025-05-13 14:43:52,952 - client_23 - INFO - Epoch 2/2 - Loss: 0.0024
2025-05-13 14:43:52,952 - client_23 - INFO - Client 23 sending full delta weights
2025-05-13 14:43:52,954 - client_23 - INFO - Sent 250184 bytes to server (weights size: 250032 bytes, client data size: 2532, sparse: False)
2025-05-13 14:43:52,957 - client_23 - INFO - Data transmission successful
2025-05-13 14:44:22,564 - client_23 - INFO - Client 23 started with algorithm: fedewma, model: lenet5
2025-05-13 14:44:28,193 - client_23 - INFO - Epoch 1/2 - Loss: 0.0107
2025-05-13 14:44:30,563 - client_23 - INFO - Epoch 2/2 - Loss: 0.0022
2025-05-13 14:44:30,563 - client_23 - INFO - Client 23 sending full delta weights
2025-05-13 14:44:30,566 - client_23 - INFO - Sent 250184 bytes to server (weights size: 250032 bytes, client data size: 2532, sparse: False)
2025-05-13 14:44:30,570 - client_23 - INFO - Data transmission successful
2025-05-13 14:44:48,573 - client_23 - INFO - Client 23 started with algorithm: fedewma, model: lenet5
2025-05-13 14:44:55,966 - client_23 - INFO - Epoch 1/2 - Loss: 0.0105
2025-05-13 14:44:56,789 - client_23 - INFO - Epoch 2/2 - Loss: 0.0021
2025-05-13 14:44:56,790 - client_23 - INFO - Client 23 sending full delta weights
2025-05-13 14:44:56,792 - client_23 - INFO - Sent 250184 bytes to server (weights size: 250032 bytes, client data size: 2532, sparse: False)
2025-05-13 14:44:56,794 - client_23 - INFO - Data transmission successful
2025-05-13 14:45:06,447 - client_23 - INFO - Client 23 started with algorithm: fedewma, model: lenet5
2025-05-13 14:45:12,912 - client_23 - INFO - Epoch 1/2 - Loss: 0.0109
2025-05-13 14:45:13,696 - client_23 - INFO - Epoch 2/2 - Loss: 0.0024
2025-05-13 14:45:13,697 - client_23 - INFO - Client 23 sending full delta weights
2025-05-13 14:45:13,698 - client_23 - INFO - Sent 250184 bytes to server (weights size: 250032 bytes, client data size: 2532, sparse: False)
2025-05-13 14:45:13,701 - client_23 - INFO - Data transmission successful
2025-05-13 14:45:15,708 - client_23 - INFO - Client 23 started with algorithm: fedewma, model: lenet5
2025-05-13 14:45:23,654 - client_23 - INFO - Epoch 1/2 - Loss: 0.0106
2025-05-13 14:45:25,454 - client_23 - INFO - Epoch 2/2 - Loss: 0.0023
2025-05-13 14:45:25,454 - client_23 - INFO - Client 23 sending full delta weights
2025-05-13 14:45:25,457 - client_23 - INFO - Sent 250184 bytes to server (weights size: 250032 bytes, client data size: 2532, sparse: False)
2025-05-13 14:45:25,461 - client_23 - INFO - Data transmission successful
2025-05-13 14:49:28,438 - client_23 - INFO - Client 23 started with algorithm: fedewma, model: lenet5
2025-05-13 14:49:33,486 - client_23 - INFO - Epoch 1/2 - Loss: 0.0082
2025-05-13 14:49:34,782 - client_23 - INFO - Epoch 2/2 - Loss: 0.0021
2025-05-13 14:49:34,782 - client_23 - INFO - Client 23 sending full delta weights
2025-05-13 14:49:34,784 - client_23 - INFO - Sent 250184 bytes to server (weights size: 250032 bytes, client data size: 2532, sparse: False)
2025-05-13 14:49:34,787 - client_23 - INFO - Data transmission successful
2025-05-13 15:20:17,858 - client_23 - INFO - Client 23 started with algorithm: fedewma, model: lenet5
2025-05-13 15:20:23,675 - client_23 - INFO - Epoch 1/2 - Loss: 0.0167
2025-05-13 15:20:24,435 - client_23 - INFO - Epoch 2/2 - Loss: 0.0047
2025-05-13 15:20:24,436 - client_23 - INFO - Client 23 sending full delta weights
2025-05-13 15:20:24,438 - client_23 - INFO - Sent 250184 bytes to server (weights size: 250032 bytes, client data size: 2532, sparse: False)
2025-05-13 15:20:24,440 - client_23 - INFO - Data transmission successful
2025-05-13 15:20:43,404 - client_23 - INFO - Client 23 started with algorithm: fedewma, model: lenet5
2025-05-13 15:20:50,471 - client_23 - INFO - Epoch 1/2 - Loss: 0.0132
2025-05-13 15:20:52,984 - client_23 - INFO - Epoch 2/2 - Loss: 0.0040
2025-05-13 15:20:52,985 - client_23 - INFO - Client 23 sending full delta weights
2025-05-13 15:20:52,987 - client_23 - INFO - Sent 250184 bytes to server (weights size: 250032 bytes, client data size: 2532, sparse: False)
2025-05-13 15:20:52,992 - client_23 - INFO - Data transmission successful
2025-05-13 15:21:24,708 - client_23 - INFO - Client 23 started with algorithm: fedewma, model: lenet5
2025-05-13 15:21:30,979 - client_23 - INFO - Epoch 1/2 - Loss: 0.0129
2025-05-13 15:21:32,519 - client_23 - INFO - Epoch 2/2 - Loss: 0.0038
2025-05-13 15:21:32,519 - client_23 - INFO - Client 23 sending full delta weights
2025-05-13 15:21:32,521 - client_23 - INFO - Sent 250184 bytes to server (weights size: 250032 bytes, client data size: 2532, sparse: False)
2025-05-13 15:21:32,525 - client_23 - INFO - Data transmission successful
2025-05-13 15:21:34,813 - client_23 - INFO - Client 23 started with algorithm: fedewma, model: lenet5
2025-05-13 15:21:40,462 - client_23 - INFO - Epoch 1/2 - Loss: 0.0105
2025-05-13 15:21:41,194 - client_23 - INFO - Epoch 2/2 - Loss: 0.0039
2025-05-13 15:21:41,194 - client_23 - INFO - Client 23 sending full delta weights
2025-05-13 15:21:41,196 - client_23 - INFO - Sent 250184 bytes to server (weights size: 250032 bytes, client data size: 2532, sparse: False)
2025-05-13 15:21:41,198 - client_23 - INFO - Data transmission successful
2025-05-13 15:22:49,037 - client_23 - INFO - Client 23 started with algorithm: fedewma, model: lenet5
2025-05-13 15:22:55,339 - client_23 - INFO - Epoch 1/2 - Loss: 0.0113
2025-05-13 15:22:56,517 - client_23 - INFO - Epoch 2/2 - Loss: 0.0031
2025-05-13 15:22:56,517 - client_23 - INFO - Client 23 sending full delta weights
2025-05-13 15:22:56,519 - client_23 - INFO - Sent 250184 bytes to server (weights size: 250032 bytes, client data size: 2532, sparse: False)
2025-05-13 15:22:56,523 - client_23 - INFO - Data transmission successful
2025-05-13 15:23:14,028 - client_23 - INFO - Client 23 started with algorithm: fedewma, model: lenet5
2025-05-13 15:23:21,061 - client_23 - INFO - Epoch 1/2 - Loss: 0.0095
2025-05-13 15:23:23,798 - client_23 - INFO - Epoch 2/2 - Loss: 0.0033
2025-05-13 15:23:23,799 - client_23 - INFO - Client 23 sending full delta weights
2025-05-13 15:23:23,801 - client_23 - INFO - Sent 250184 bytes to server (weights size: 250032 bytes, client data size: 2532, sparse: False)
2025-05-13 15:23:23,805 - client_23 - INFO - Data transmission successful
2025-05-13 15:23:43,552 - client_23 - INFO - Client 23 started with algorithm: fedewma, model: lenet5
2025-05-13 15:23:50,616 - client_23 - INFO - Epoch 1/2 - Loss: 0.0080
2025-05-13 15:23:51,792 - client_23 - INFO - Epoch 2/2 - Loss: 0.0031
2025-05-13 15:23:51,792 - client_23 - INFO - Client 23 sending full delta weights
2025-05-13 15:23:51,794 - client_23 - INFO - Sent 250184 bytes to server (weights size: 250032 bytes, client data size: 2532, sparse: False)
2025-05-13 15:23:51,796 - client_23 - INFO - Data transmission successful
2025-05-13 15:24:41,213 - client_23 - INFO - Client 23 started with algorithm: fedewma, model: lenet5
2025-05-13 15:24:45,799 - client_23 - INFO - Epoch 1/2 - Loss: 0.0104
2025-05-13 15:24:46,767 - client_23 - INFO - Epoch 2/2 - Loss: 0.0024
2025-05-13 15:24:46,767 - client_23 - INFO - Client 23 sending full delta weights
2025-05-13 15:24:46,769 - client_23 - INFO - Sent 250184 bytes to server (weights size: 250032 bytes, client data size: 2532, sparse: False)
2025-05-13 15:24:46,771 - client_23 - INFO - Data transmission successful
2025-05-13 15:25:19,032 - client_23 - INFO - Client 23 started with algorithm: fedewma, model: lenet5
2025-05-13 15:25:25,526 - client_23 - INFO - Epoch 1/2 - Loss: 0.0084
2025-05-13 15:25:28,841 - client_23 - INFO - Epoch 2/2 - Loss: 0.0023
2025-05-13 15:25:28,842 - client_23 - INFO - Client 23 sending full delta weights
2025-05-13 15:25:28,845 - client_23 - INFO - Sent 250184 bytes to server (weights size: 250032 bytes, client data size: 2532, sparse: False)
2025-05-13 15:25:28,849 - client_23 - INFO - Data transmission successful
2025-05-13 15:25:51,964 - client_23 - INFO - Client 23 started with algorithm: fedewma, model: lenet5
2025-05-13 15:26:01,322 - client_23 - INFO - Epoch 1/2 - Loss: 0.0100
2025-05-13 15:26:02,371 - client_23 - INFO - Epoch 2/2 - Loss: 0.0025
2025-05-13 15:26:02,371 - client_23 - INFO - Client 23 sending full delta weights
2025-05-13 15:26:02,373 - client_23 - INFO - Sent 250184 bytes to server (weights size: 250032 bytes, client data size: 2532, sparse: False)
2025-05-13 15:26:02,377 - client_23 - INFO - Data transmission successful
2025-05-13 15:26:13,013 - client_23 - INFO - Client 23 started with algorithm: fedewma, model: lenet5
2025-05-13 15:26:19,853 - client_23 - INFO - Epoch 1/2 - Loss: 0.0108
2025-05-13 15:26:20,852 - client_23 - INFO - Epoch 2/2 - Loss: 0.0023
2025-05-13 15:26:20,853 - client_23 - INFO - Client 23 sending full delta weights
2025-05-13 15:26:20,855 - client_23 - INFO - Sent 250184 bytes to server (weights size: 250032 bytes, client data size: 2532, sparse: False)
2025-05-13 15:26:20,859 - client_23 - INFO - Data transmission successful
2025-05-13 15:26:22,869 - client_23 - INFO - Client 23 started with algorithm: fedewma, model: lenet5
2025-05-13 15:26:32,483 - client_23 - INFO - Epoch 1/2 - Loss: 0.0109
2025-05-13 15:26:34,523 - client_23 - INFO - Epoch 2/2 - Loss: 0.0024
2025-05-13 15:26:34,524 - client_23 - INFO - Client 23 sending full delta weights
2025-05-13 15:26:34,526 - client_23 - INFO - Sent 250184 bytes to server (weights size: 250032 bytes, client data size: 2532, sparse: False)
2025-05-13 15:26:34,530 - client_23 - INFO - Data transmission successful
2025-05-13 15:30:47,611 - client_23 - INFO - Client 23 started with algorithm: fedewma, model: lenet5
2025-05-13 15:30:52,165 - client_23 - INFO - Epoch 1/2 - Loss: 0.0079
2025-05-13 15:30:53,830 - client_23 - INFO - Epoch 2/2 - Loss: 0.0020
2025-05-13 15:30:53,830 - client_23 - INFO - Client 23 sending full delta weights
2025-05-13 15:30:53,833 - client_23 - INFO - Sent 250184 bytes to server (weights size: 250032 bytes, client data size: 2532, sparse: False)
2025-05-13 15:30:53,837 - client_23 - INFO - Data transmission successful
2025-05-13 16:06:17,839 - client_23 - INFO - Client 23 started with algorithm: fedewma, model: resnet18fashion
2025-05-13 16:06:28,473 - client_23 - INFO - Epoch 1/2 - Loss: 0.2043
2025-05-13 16:06:33,488 - client_23 - INFO - Epoch 2/2 - Loss: 0.1822
2025-05-13 16:06:33,491 - client_23 - INFO - Client 23 sending full delta weights
2025-05-13 16:06:33,499 - client_23 - INFO - Sent 716145 bytes to server (weights size: 715993 bytes, client data size: 1357, sparse: False)
2025-05-13 16:06:33,522 - client_23 - INFO - Data transmission successful
2025-05-13 16:07:06,967 - client_23 - INFO - Client 23 started with algorithm: fedewma, model: resnet18fashion
2025-05-13 16:07:19,962 - client_23 - INFO - Epoch 1/2 - Loss: 0.1875
2025-05-13 16:07:25,548 - client_23 - INFO - Epoch 2/2 - Loss: 0.1967
2025-05-13 16:07:25,548 - client_23 - INFO - Early stopping triggered at epoch 2: Loss increased from 0.1875 to 0.1967
2025-05-13 16:07:25,549 - client_23 - INFO - Client 23 sending full delta weights
2025-05-13 16:07:25,558 - client_23 - INFO - Sent 716145 bytes to server (weights size: 715993 bytes, client data size: 1357, sparse: False)
2025-05-13 16:07:25,575 - client_23 - INFO - Data transmission successful
2025-05-13 16:08:30,330 - client_23 - INFO - Client 23 started with algorithm: fedewma, model: resnet18fashion
2025-05-13 16:08:41,571 - client_23 - INFO - Epoch 1/2 - Loss: 0.2036
2025-05-13 16:08:47,172 - client_23 - INFO - Epoch 2/2 - Loss: 0.1793
2025-05-13 16:08:47,176 - client_23 - INFO - Client 23 sending full delta weights
2025-05-13 16:08:47,186 - client_23 - INFO - Sent 716145 bytes to server (weights size: 715993 bytes, client data size: 1357, sparse: False)
2025-05-13 16:08:47,202 - client_23 - INFO - Data transmission successful
2025-05-13 16:08:49,995 - client_23 - INFO - Client 23 started with algorithm: fedewma, model: resnet18fashion
2025-05-13 16:09:02,835 - client_23 - INFO - Epoch 1/2 - Loss: 0.1903
2025-05-13 16:09:07,883 - client_23 - INFO - Epoch 2/2 - Loss: 0.2181
2025-05-13 16:09:07,883 - client_23 - INFO - Early stopping triggered at epoch 2: Loss increased from 0.1903 to 0.2181
2025-05-13 16:09:07,886 - client_23 - INFO - Client 23 sending full delta weights
2025-05-13 16:09:07,894 - client_23 - INFO - Sent 716145 bytes to server (weights size: 715993 bytes, client data size: 1357, sparse: False)
2025-05-13 16:09:07,908 - client_23 - INFO - Data transmission successful
2025-05-13 16:11:22,723 - client_23 - INFO - Client 23 started with algorithm: fedewma, model: resnet18fashion
2025-05-13 16:11:33,329 - client_23 - INFO - Epoch 1/2 - Loss: 0.1960
2025-05-13 16:11:38,262 - client_23 - INFO - Epoch 2/2 - Loss: 0.1774
2025-05-13 16:11:38,265 - client_23 - INFO - Client 23 sending full delta weights
2025-05-13 16:11:38,275 - client_23 - INFO - Sent 716145 bytes to server (weights size: 715993 bytes, client data size: 1357, sparse: False)
2025-05-13 16:11:38,287 - client_23 - INFO - Data transmission successful
2025-05-13 16:12:12,707 - client_23 - INFO - Client 23 started with algorithm: fedewma, model: resnet18fashion
2025-05-13 16:12:24,930 - client_23 - INFO - Epoch 1/2 - Loss: 0.2017
2025-05-13 16:12:30,527 - client_23 - INFO - Epoch 2/2 - Loss: 0.1766
2025-05-13 16:12:30,528 - client_23 - INFO - Client 23 sending full delta weights
2025-05-13 16:12:30,537 - client_23 - INFO - Sent 716145 bytes to server (weights size: 715993 bytes, client data size: 1357, sparse: False)
2025-05-13 16:12:30,551 - client_23 - INFO - Data transmission successful
2025-05-13 16:13:02,991 - client_23 - INFO - Client 23 started with algorithm: fedewma, model: resnet18fashion
2025-05-13 16:13:14,046 - client_23 - INFO - Epoch 1/2 - Loss: 0.1804
2025-05-13 16:13:18,294 - client_23 - INFO - Epoch 2/2 - Loss: 0.1528
2025-05-13 16:13:18,295 - client_23 - INFO - Client 23 sending full delta weights
2025-05-13 16:13:18,305 - client_23 - INFO - Sent 716145 bytes to server (weights size: 715993 bytes, client data size: 1357, sparse: False)
2025-05-13 16:13:18,322 - client_23 - INFO - Data transmission successful
2025-05-13 16:14:38,159 - client_23 - INFO - Client 23 started with algorithm: fedewma, model: resnet18fashion
2025-05-13 16:14:46,051 - client_23 - INFO - Epoch 1/2 - Loss: 0.2035
2025-05-13 16:14:50,245 - client_23 - INFO - Epoch 2/2 - Loss: 0.1567
2025-05-13 16:14:50,248 - client_23 - INFO - Client 23 sending full delta weights
2025-05-13 16:14:50,256 - client_23 - INFO - Sent 716145 bytes to server (weights size: 715993 bytes, client data size: 1357, sparse: False)
2025-05-13 16:14:50,271 - client_23 - INFO - Data transmission successful
2025-05-13 16:15:36,810 - client_23 - INFO - Client 23 started with algorithm: fedewma, model: resnet18fashion
2025-05-13 16:15:48,036 - client_23 - INFO - Epoch 1/2 - Loss: 0.1801
2025-05-13 16:15:51,827 - client_23 - INFO - Epoch 2/2 - Loss: 0.1844
2025-05-13 16:15:51,828 - client_23 - INFO - Early stopping triggered at epoch 2: Loss increased from 0.1801 to 0.1844
2025-05-13 16:15:51,829 - client_23 - INFO - Client 23 sending full delta weights
2025-05-13 16:15:51,838 - client_23 - INFO - Sent 716145 bytes to server (weights size: 715993 bytes, client data size: 1357, sparse: False)
2025-05-13 16:15:51,851 - client_23 - INFO - Data transmission successful
2025-05-13 16:16:29,311 - client_23 - INFO - Client 23 started with algorithm: fedewma, model: resnet18fashion
2025-05-13 16:16:40,816 - client_23 - INFO - Epoch 1/2 - Loss: 0.1972
2025-05-13 16:16:45,505 - client_23 - INFO - Epoch 2/2 - Loss: 0.1594
2025-05-13 16:16:45,508 - client_23 - INFO - Client 23 sending full delta weights
2025-05-13 16:16:45,516 - client_23 - INFO - Sent 716145 bytes to server (weights size: 715993 bytes, client data size: 1357, sparse: False)
2025-05-13 16:16:45,534 - client_23 - INFO - Data transmission successful
2025-05-13 16:17:04,045 - client_23 - INFO - Client 23 started with algorithm: fedewma, model: resnet18fashion
2025-05-13 16:17:16,417 - client_23 - INFO - Epoch 1/2 - Loss: 0.1914
2025-05-13 16:17:20,320 - client_23 - INFO - Epoch 2/2 - Loss: 0.1975
2025-05-13 16:17:20,320 - client_23 - INFO - Early stopping triggered at epoch 2: Loss increased from 0.1914 to 0.1975
2025-05-13 16:17:20,321 - client_23 - INFO - Client 23 sending full delta weights
2025-05-13 16:17:20,331 - client_23 - INFO - Sent 716145 bytes to server (weights size: 715993 bytes, client data size: 1357, sparse: False)
2025-05-13 16:17:20,348 - client_23 - INFO - Data transmission successful
2025-05-13 16:17:23,183 - client_23 - INFO - Client 23 started with algorithm: fedewma, model: resnet18fashion
2025-05-13 16:17:33,475 - client_23 - INFO - Epoch 1/2 - Loss: 0.1816
2025-05-13 16:17:38,085 - client_23 - INFO - Epoch 2/2 - Loss: 0.1703
2025-05-13 16:17:38,086 - client_23 - INFO - Client 23 sending full delta weights
2025-05-13 16:17:38,095 - client_23 - INFO - Sent 716145 bytes to server (weights size: 715993 bytes, client data size: 1357, sparse: False)
2025-05-13 16:17:38,110 - client_23 - INFO - Data transmission successful
2025-05-13 16:26:07,197 - client_23 - INFO - Client 23 started with algorithm: fedewma, model: resnet18fashion
2025-05-13 16:26:15,457 - client_23 - INFO - Epoch 1/2 - Loss: 0.1654
2025-05-13 16:26:17,750 - client_23 - INFO - Epoch 2/2 - Loss: 0.1523
2025-05-13 16:26:17,751 - client_23 - INFO - Client 23 sending full delta weights
2025-05-13 16:26:17,760 - client_23 - INFO - Sent 716145 bytes to server (weights size: 715993 bytes, client data size: 1357, sparse: False)
2025-05-13 16:26:17,774 - client_23 - INFO - Data transmission successful
2025-05-14 07:30:54,445 - client_23 - INFO - Client 23 started with algorithm: fedprox, model: resnet18fashion
2025-05-14 07:31:02,849 - client_23 - INFO - Epoch 1/2 - Loss: 0.2546
2025-05-14 07:31:09,075 - client_23 - INFO - Epoch 2/2 - Loss: 0.1804
2025-05-14 07:31:09,086 - client_23 - INFO - Sent 717496 bytes to server (weights size: 717344 bytes, client data size: 1357, sparse: False)
2025-05-14 07:31:09,107 - client_23 - INFO - Data transmission successful
2025-05-14 07:31:36,717 - client_23 - INFO - Client 23 started with algorithm: fedprox, model: resnet18fashion
2025-05-14 07:31:46,760 - client_23 - INFO - Epoch 1/2 - Loss: 0.1898
2025-05-14 07:31:53,677 - client_23 - INFO - Epoch 2/2 - Loss: 0.2002
2025-05-14 07:31:53,677 - client_23 - INFO - Early stopping triggered at epoch 2: Loss increased from 0.1898 to 0.2002
2025-05-14 07:31:53,687 - client_23 - INFO - Sent 717496 bytes to server (weights size: 717344 bytes, client data size: 1357, sparse: False)
2025-05-14 07:31:53,709 - client_23 - INFO - Data transmission successful
2025-05-14 07:32:57,982 - client_23 - INFO - Client 23 started with algorithm: fedprox, model: resnet18fashion
2025-05-14 07:33:06,884 - client_23 - INFO - Epoch 1/2 - Loss: 0.1945
2025-05-14 07:33:12,791 - client_23 - INFO - Epoch 2/2 - Loss: 0.1684
2025-05-14 07:33:12,801 - client_23 - INFO - Sent 717496 bytes to server (weights size: 717344 bytes, client data size: 1357, sparse: False)
2025-05-14 07:33:12,817 - client_23 - INFO - Data transmission successful
2025-05-14 07:33:15,338 - client_23 - INFO - Client 23 started with algorithm: fedprox, model: resnet18fashion
2025-05-14 07:33:24,361 - client_23 - INFO - Epoch 1/2 - Loss: 0.1938
2025-05-14 07:33:30,117 - client_23 - INFO - Epoch 2/2 - Loss: 0.1753
2025-05-14 07:33:30,126 - client_23 - INFO - Sent 717496 bytes to server (weights size: 717344 bytes, client data size: 1357, sparse: False)
2025-05-14 07:33:30,139 - client_23 - INFO - Data transmission successful
2025-05-14 07:35:43,032 - client_23 - INFO - Client 23 started with algorithm: fedprox, model: resnet18fashion
2025-05-14 07:35:52,529 - client_23 - INFO - Epoch 1/2 - Loss: 0.2247
2025-05-14 07:35:59,207 - client_23 - INFO - Epoch 2/2 - Loss: 0.1771
2025-05-14 07:35:59,218 - client_23 - INFO - Sent 717496 bytes to server (weights size: 717344 bytes, client data size: 1357, sparse: False)
2025-05-14 07:35:59,245 - client_23 - INFO - Data transmission successful
2025-05-14 07:36:33,264 - client_23 - INFO - Client 23 started with algorithm: fedprox, model: resnet18fashion
2025-05-14 07:36:45,351 - client_23 - INFO - Epoch 1/2 - Loss: 0.2077
2025-05-14 07:36:52,500 - client_23 - INFO - Epoch 2/2 - Loss: 0.1825
2025-05-14 07:36:52,510 - client_23 - INFO - Sent 717496 bytes to server (weights size: 717344 bytes, client data size: 1357, sparse: False)
2025-05-14 07:36:52,524 - client_23 - INFO - Data transmission successful
2025-05-14 07:37:23,378 - client_23 - INFO - Client 23 started with algorithm: fedprox, model: resnet18fashion
2025-05-14 07:37:33,481 - client_23 - INFO - Epoch 1/2 - Loss: 0.1983
2025-05-14 07:37:39,579 - client_23 - INFO - Epoch 2/2 - Loss: 0.1840
2025-05-14 07:37:39,589 - client_23 - INFO - Sent 717496 bytes to server (weights size: 717344 bytes, client data size: 1357, sparse: False)
2025-05-14 07:37:39,606 - client_23 - INFO - Data transmission successful
2025-05-14 07:38:57,757 - client_23 - INFO - Client 23 started with algorithm: fedprox, model: resnet18fashion
2025-05-14 07:39:04,193 - client_23 - INFO - Epoch 1/2 - Loss: 0.2080
2025-05-14 07:39:08,548 - client_23 - INFO - Epoch 2/2 - Loss: 0.1644
2025-05-14 07:39:08,558 - client_23 - INFO - Sent 717496 bytes to server (weights size: 717344 bytes, client data size: 1357, sparse: False)
2025-05-14 07:39:08,574 - client_23 - INFO - Data transmission successful
2025-05-14 07:39:54,759 - client_23 - INFO - Client 23 started with algorithm: fedprox, model: resnet18fashion
2025-05-14 07:40:02,977 - client_23 - INFO - Epoch 1/2 - Loss: 0.1927
2025-05-14 07:40:07,398 - client_23 - INFO - Epoch 2/2 - Loss: 0.1673
2025-05-14 07:40:07,410 - client_23 - INFO - Sent 717496 bytes to server (weights size: 717344 bytes, client data size: 1357, sparse: False)
2025-05-14 07:40:07,430 - client_23 - INFO - Data transmission successful
2025-05-14 07:40:42,628 - client_23 - INFO - Client 23 started with algorithm: fedprox, model: resnet18fashion
2025-05-14 07:40:53,487 - client_23 - INFO - Epoch 1/2 - Loss: 0.1977
2025-05-14 07:40:58,891 - client_23 - INFO - Epoch 2/2 - Loss: 0.1546
2025-05-14 07:40:58,900 - client_23 - INFO - Sent 717496 bytes to server (weights size: 717344 bytes, client data size: 1357, sparse: False)
2025-05-14 07:40:58,916 - client_23 - INFO - Data transmission successful
2025-05-14 07:41:14,694 - client_23 - INFO - Client 23 started with algorithm: fedprox, model: resnet18fashion
2025-05-14 07:41:24,143 - client_23 - INFO - Epoch 1/2 - Loss: 0.2074
2025-05-14 07:41:29,438 - client_23 - INFO - Epoch 2/2 - Loss: 0.1522
2025-05-14 07:41:29,448 - client_23 - INFO - Sent 717496 bytes to server (weights size: 717344 bytes, client data size: 1357, sparse: False)
2025-05-14 07:41:29,466 - client_23 - INFO - Data transmission successful
2025-05-14 07:41:32,445 - client_23 - INFO - Client 23 started with algorithm: fedprox, model: resnet18fashion
2025-05-14 07:41:41,975 - client_23 - INFO - Epoch 1/2 - Loss: 0.1657
2025-05-14 07:41:47,644 - client_23 - INFO - Epoch 2/2 - Loss: 0.1640
2025-05-14 07:41:47,653 - client_23 - INFO - Sent 717496 bytes to server (weights size: 717344 bytes, client data size: 1357, sparse: False)
2025-05-14 07:41:47,669 - client_23 - INFO - Data transmission successful
2025-05-14 07:49:47,483 - client_23 - INFO - Client 23 started with algorithm: fedprox, model: resnet18fashion
2025-05-14 07:49:53,664 - client_23 - INFO - Epoch 1/2 - Loss: 0.1658
2025-05-14 07:49:57,592 - client_23 - INFO - Epoch 2/2 - Loss: 0.1512
2025-05-14 07:49:57,602 - client_23 - INFO - Sent 717496 bytes to server (weights size: 717344 bytes, client data size: 1357, sparse: False)
2025-05-14 07:49:57,619 - client_23 - INFO - Data transmission successful
2025-05-14 08:45:10,388 - client_23 - INFO - Client 23 started with algorithm: fedavg, model: resnet18fashion
2025-05-14 08:45:21,412 - client_23 - INFO - Epoch 1/2 - Loss: 0.2481
2025-05-14 08:45:26,892 - client_23 - INFO - Epoch 2/2 - Loss: 0.2227
2025-05-14 08:45:26,904 - client_23 - INFO - Sent 717498 bytes to server (weights size: 717344 bytes, client data size: 1357, sparse: False)
2025-05-14 08:45:26,932 - client_23 - INFO - Data transmission successful
2025-05-14 08:45:55,761 - client_23 - INFO - Client 23 started with algorithm: fedavg, model: resnet18fashion
2025-05-14 08:46:05,957 - client_23 - INFO - Epoch 1/2 - Loss: 0.2195
2025-05-14 08:46:12,261 - client_23 - INFO - Epoch 2/2 - Loss: 0.1844
2025-05-14 08:46:12,274 - client_23 - INFO - Sent 717498 bytes to server (weights size: 717344 bytes, client data size: 1357, sparse: False)
2025-05-14 08:46:12,288 - client_23 - INFO - Data transmission successful
2025-05-14 08:47:14,504 - client_23 - INFO - Client 23 started with algorithm: fedavg, model: resnet18fashion
2025-05-14 08:47:22,314 - client_23 - INFO - Epoch 1/2 - Loss: 0.2118
2025-05-14 08:47:27,419 - client_23 - INFO - Epoch 2/2 - Loss: 0.1807
2025-05-14 08:47:27,429 - client_23 - INFO - Sent 717498 bytes to server (weights size: 717344 bytes, client data size: 1357, sparse: False)
2025-05-14 08:47:27,445 - client_23 - INFO - Data transmission successful
2025-05-14 08:47:29,909 - client_23 - INFO - Client 23 started with algorithm: fedavg, model: resnet18fashion
2025-05-14 08:47:38,166 - client_23 - INFO - Epoch 1/2 - Loss: 0.2084
2025-05-14 08:47:43,188 - client_23 - INFO - Epoch 2/2 - Loss: 0.1853
2025-05-14 08:47:43,198 - client_23 - INFO - Sent 717498 bytes to server (weights size: 717344 bytes, client data size: 1357, sparse: False)
2025-05-14 08:47:43,219 - client_23 - INFO - Data transmission successful
2025-05-14 08:49:36,834 - client_23 - INFO - Client 23 started with algorithm: fedavg, model: resnet18fashion
2025-05-14 08:49:44,563 - client_23 - INFO - Epoch 1/2 - Loss: 0.2466
2025-05-14 08:49:50,542 - client_23 - INFO - Epoch 2/2 - Loss: 0.1652
2025-05-14 08:49:50,552 - client_23 - INFO - Sent 717498 bytes to server (weights size: 717344 bytes, client data size: 1357, sparse: False)
2025-05-14 08:49:50,574 - client_23 - INFO - Data transmission successful
2025-05-14 08:50:20,497 - client_23 - INFO - Client 23 started with algorithm: fedavg, model: resnet18fashion
2025-05-14 08:50:30,734 - client_23 - INFO - Epoch 1/2 - Loss: 0.1892
2025-05-14 08:50:37,036 - client_23 - INFO - Epoch 2/2 - Loss: 0.1627
2025-05-14 08:50:37,045 - client_23 - INFO - Sent 717498 bytes to server (weights size: 717344 bytes, client data size: 1357, sparse: False)
2025-05-14 08:50:37,065 - client_23 - INFO - Data transmission successful
2025-05-14 08:51:07,180 - client_23 - INFO - Client 23 started with algorithm: fedavg, model: resnet18fashion
2025-05-14 08:51:16,938 - client_23 - INFO - Epoch 1/2 - Loss: 0.1885
2025-05-14 08:51:21,618 - client_23 - INFO - Epoch 2/2 - Loss: 0.1756
2025-05-14 08:51:21,627 - client_23 - INFO - Sent 717498 bytes to server (weights size: 717344 bytes, client data size: 1357, sparse: False)
2025-05-14 08:51:21,644 - client_23 - INFO - Data transmission successful
2025-05-14 08:52:26,551 - client_23 - INFO - Client 23 started with algorithm: fedavg, model: resnet18fashion
2025-05-14 08:52:31,895 - client_23 - INFO - Epoch 1/2 - Loss: 0.1917
2025-05-14 08:52:35,398 - client_23 - INFO - Epoch 2/2 - Loss: 0.1758
2025-05-14 08:52:35,408 - client_23 - INFO - Sent 717498 bytes to server (weights size: 717344 bytes, client data size: 1357, sparse: False)
2025-05-14 08:52:35,426 - client_23 - INFO - Data transmission successful
2025-05-14 08:53:15,459 - client_23 - INFO - Client 23 started with algorithm: fedavg, model: resnet18fashion
2025-05-14 08:53:22,880 - client_23 - INFO - Epoch 1/2 - Loss: 0.1943
2025-05-14 08:53:27,539 - client_23 - INFO - Epoch 2/2 - Loss: 0.1760
2025-05-14 08:53:27,551 - client_23 - INFO - Sent 717498 bytes to server (weights size: 717344 bytes, client data size: 1357, sparse: False)
2025-05-14 08:53:27,563 - client_23 - INFO - Data transmission successful
2025-05-14 08:53:58,996 - client_23 - INFO - Client 23 started with algorithm: fedavg, model: resnet18fashion
2025-05-14 08:54:08,746 - client_23 - INFO - Epoch 1/2 - Loss: 0.2013
2025-05-14 08:54:14,699 - client_23 - INFO - Epoch 2/2 - Loss: 0.1586
2025-05-14 08:54:14,708 - client_23 - INFO - Sent 717498 bytes to server (weights size: 717344 bytes, client data size: 1357, sparse: False)
2025-05-14 08:54:14,722 - client_23 - INFO - Data transmission successful
2025-05-14 08:54:31,920 - client_23 - INFO - Client 23 started with algorithm: fedavg, model: resnet18fashion
2025-05-14 08:54:41,011 - client_23 - INFO - Epoch 1/2 - Loss: 0.2024
2025-05-14 08:54:45,568 - client_23 - INFO - Epoch 2/2 - Loss: 0.1572
2025-05-14 08:54:45,577 - client_23 - INFO - Sent 717498 bytes to server (weights size: 717344 bytes, client data size: 1357, sparse: False)
2025-05-14 08:54:45,593 - client_23 - INFO - Data transmission successful
2025-05-14 08:54:48,301 - client_23 - INFO - Client 23 started with algorithm: fedavg, model: resnet18fashion
2025-05-14 08:54:57,793 - client_23 - INFO - Epoch 1/2 - Loss: 0.1665
2025-05-14 08:55:02,871 - client_23 - INFO - Epoch 2/2 - Loss: 0.1757
2025-05-14 08:55:02,871 - client_23 - INFO - Early stopping triggered at epoch 2: Loss increased from 0.1665 to 0.1757
2025-05-14 08:55:02,881 - client_23 - INFO - Sent 717498 bytes to server (weights size: 717344 bytes, client data size: 1357, sparse: False)
2025-05-14 08:55:02,897 - client_23 - INFO - Data transmission successful
2025-05-14 09:02:33,174 - client_23 - INFO - Client 23 started with algorithm: fedavg, model: resnet18fashion
2025-05-14 09:02:40,161 - client_23 - INFO - Epoch 1/2 - Loss: 0.1662
2025-05-14 09:02:43,118 - client_23 - INFO - Epoch 2/2 - Loss: 0.1648
2025-05-14 09:02:43,128 - client_23 - INFO - Sent 717498 bytes to server (weights size: 717344 bytes, client data size: 1357, sparse: False)
2025-05-14 09:02:43,145 - client_23 - INFO - Data transmission successful
