2025-05-12 11:21:53,726 - client_42 - INFO - Client 42 started with algorithm: fedewma, model: lenet5
2025-05-12 11:21:57,503 - client_42 - INFO - Epoch 1/2 - Loss: 0.3918
2025-05-12 11:21:58,360 - client_42 - INFO - Epoch 2/2 - Loss: 0.2811
2025-05-12 11:21:58,361 - client_42 - INFO - Client 42 sending full delta weights
2025-05-12 11:21:58,364 - client_42 - INFO - Sent 250184 bytes to server (weights size: 250032 bytes, client data size: 263, sparse: False)
2025-05-12 11:21:58,375 - client_42 - INFO - Data transmission successful
2025-05-12 11:22:25,156 - client_42 - INFO - Client 42 started with algorithm: fedewma, model: lenet5
2025-05-12 11:22:28,882 - client_42 - INFO - Epoch 1/2 - Loss: 0.3582
2025-05-12 11:22:29,763 - client_42 - INFO - Epoch 2/2 - Loss: 0.2611
2025-05-12 11:22:29,769 - client_42 - INFO - Client 42 sending full delta weights
2025-05-12 11:22:29,772 - client_42 - INFO - Sent 250184 bytes to server (weights size: 250032 bytes, client data size: 263, sparse: False)
2025-05-12 11:22:29,782 - client_42 - INFO - Data transmission successful
2025-05-12 11:22:39,263 - client_42 - INFO - Client 42 started with algorithm: fedewma, model: lenet5
2025-05-12 11:22:43,292 - client_42 - INFO - Epoch 1/2 - Loss: 0.3294
2025-05-12 11:22:44,487 - client_42 - INFO - Epoch 2/2 - Loss: 0.2039
2025-05-12 11:22:44,489 - client_42 - INFO - Client 42 sending full delta weights
2025-05-12 11:22:44,491 - client_42 - INFO - Sent 250184 bytes to server (weights size: 250032 bytes, client data size: 263, sparse: False)
2025-05-12 11:22:44,508 - client_42 - INFO - Data transmission successful
2025-05-12 11:25:15,111 - client_42 - INFO - Client 42 started with algorithm: fedewma, model: lenet5
2025-05-12 11:25:18,379 - client_42 - INFO - Epoch 1/2 - Loss: 0.2642
2025-05-12 11:25:18,858 - client_42 - INFO - Epoch 2/2 - Loss: 0.1768
2025-05-12 11:25:18,858 - client_42 - INFO - Client 42 sending full delta weights
2025-05-12 11:25:18,861 - client_42 - INFO - Sent 250184 bytes to server (weights size: 250032 bytes, client data size: 263, sparse: False)
2025-05-12 11:25:18,871 - client_42 - INFO - Data transmission successful
2025-05-12 11:27:05,498 - client_42 - INFO - Client 42 started with algorithm: fedewma, model: lenet5
2025-05-12 11:27:09,219 - client_42 - INFO - Epoch 1/2 - Loss: 0.1863
2025-05-12 11:27:10,046 - client_42 - INFO - Epoch 2/2 - Loss: 0.1149
2025-05-12 11:27:10,048 - client_42 - INFO - Client 42 sending full delta weights
2025-05-12 11:27:10,052 - client_42 - INFO - Sent 250184 bytes to server (weights size: 250032 bytes, client data size: 263, sparse: False)
2025-05-12 11:27:10,063 - client_42 - INFO - Data transmission successful
2025-05-12 11:27:27,551 - client_42 - INFO - Client 42 started with algorithm: fedewma, model: lenet5
2025-05-12 11:27:31,037 - client_42 - INFO - Epoch 1/2 - Loss: 0.1992
2025-05-12 11:27:31,665 - client_42 - INFO - Epoch 2/2 - Loss: 0.1015
2025-05-12 11:27:31,668 - client_42 - INFO - Client 42 sending full delta weights
2025-05-12 11:27:31,672 - client_42 - INFO - Sent 250184 bytes to server (weights size: 250032 bytes, client data size: 263, sparse: False)
2025-05-12 11:27:31,679 - client_42 - INFO - Data transmission successful
2025-05-12 11:27:56,887 - client_42 - INFO - Client 42 started with algorithm: fedewma, model: lenet5
2025-05-12 11:28:00,273 - client_42 - INFO - Epoch 1/2 - Loss: 0.1639
2025-05-12 11:28:00,773 - client_42 - INFO - Epoch 2/2 - Loss: 0.1078
2025-05-12 11:28:00,773 - client_42 - INFO - Client 42 sending full delta weights
2025-05-12 11:28:00,777 - client_42 - INFO - Sent 250184 bytes to server (weights size: 250032 bytes, client data size: 263, sparse: False)
2025-05-12 11:28:00,783 - client_42 - INFO - Data transmission successful
2025-05-12 11:29:17,165 - client_42 - INFO - Client 42 started with algorithm: fedewma, model: lenet5
2025-05-12 11:29:20,914 - client_42 - INFO - Epoch 1/2 - Loss: 0.1157
2025-05-12 11:29:21,801 - client_42 - INFO - Epoch 2/2 - Loss: 0.0896
2025-05-12 11:29:21,803 - client_42 - INFO - Client 42 sending full delta weights
2025-05-12 11:29:21,806 - client_42 - INFO - Sent 250184 bytes to server (weights size: 250032 bytes, client data size: 263, sparse: False)
2025-05-12 11:29:21,819 - client_42 - INFO - Data transmission successful
2025-05-12 11:29:40,004 - client_42 - INFO - Client 42 started with algorithm: fedewma, model: lenet5
2025-05-12 11:29:43,315 - client_42 - INFO - Epoch 1/2 - Loss: 0.1444
2025-05-12 11:29:43,863 - client_42 - INFO - Epoch 2/2 - Loss: 0.0757
2025-05-12 11:29:43,865 - client_42 - INFO - Client 42 sending full delta weights
2025-05-12 11:29:43,870 - client_42 - INFO - Sent 250184 bytes to server (weights size: 250032 bytes, client data size: 263, sparse: False)
2025-05-12 11:29:43,877 - client_42 - INFO - Data transmission successful
2025-05-12 11:31:27,723 - client_42 - INFO - Client 42 started with algorithm: fedewma, model: lenet5
2025-05-12 11:31:30,938 - client_42 - INFO - Epoch 1/2 - Loss: 0.1132
2025-05-12 11:31:31,365 - client_42 - INFO - Epoch 2/2 - Loss: 0.0777
2025-05-12 11:31:31,366 - client_42 - INFO - Client 42 sending full delta weights
2025-05-12 11:31:31,371 - client_42 - INFO - Sent 250184 bytes to server (weights size: 250032 bytes, client data size: 263, sparse: False)
2025-05-12 11:31:31,378 - client_42 - INFO - Data transmission successful
2025-05-12 11:34:41,385 - client_42 - INFO - Client 42 started with algorithm: fedewma, model: lenet5
2025-05-12 11:34:44,945 - client_42 - INFO - Epoch 1/2 - Loss: 0.1387
2025-05-12 11:34:45,621 - client_42 - INFO - Epoch 2/2 - Loss: 0.0488
2025-05-12 11:34:45,622 - client_42 - INFO - Client 42 sending full delta weights
2025-05-12 11:34:45,625 - client_42 - INFO - Sent 250184 bytes to server (weights size: 250032 bytes, client data size: 263, sparse: False)
2025-05-12 11:34:45,632 - client_42 - INFO - Data transmission successful
2025-05-12 11:35:04,222 - client_42 - INFO - Client 42 started with algorithm: fedewma, model: lenet5
2025-05-12 11:35:07,711 - client_42 - INFO - Epoch 1/2 - Loss: 0.0805
2025-05-12 11:35:08,128 - client_42 - INFO - Epoch 2/2 - Loss: 0.0495
2025-05-12 11:35:08,129 - client_42 - INFO - Client 42 sending full delta weights
2025-05-12 11:35:08,132 - client_42 - INFO - Sent 250184 bytes to server (weights size: 250032 bytes, client data size: 263, sparse: False)
2025-05-12 11:35:08,140 - client_42 - INFO - Data transmission successful
2025-05-12 11:35:12,125 - client_42 - INFO - Client 42 started with algorithm: fedewma, model: lenet5
2025-05-12 11:35:15,464 - client_42 - INFO - Epoch 1/2 - Loss: 0.0742
2025-05-12 11:35:15,863 - client_42 - INFO - Epoch 2/2 - Loss: 0.0502
2025-05-12 11:35:15,864 - client_42 - INFO - Client 42 sending full delta weights
2025-05-12 11:35:15,867 - client_42 - INFO - Sent 250184 bytes to server (weights size: 250032 bytes, client data size: 263, sparse: False)
2025-05-12 11:35:15,874 - client_42 - INFO - Data transmission successful
2025-05-13 07:09:37,339 - client_42 - INFO - Client 42 started with algorithm: fedprox, model: lenet5
2025-05-13 07:09:38,820 - client_42 - INFO - Epoch 1/2 - Loss: 0.4566
2025-05-13 07:09:39,600 - client_42 - INFO - Epoch 2/2 - Loss: 0.3014
2025-05-13 07:09:39,604 - client_42 - INFO - Sent 250511 bytes to server (weights size: 250359 bytes, client data size: 263, sparse: False)
2025-05-13 07:09:39,615 - client_42 - INFO - Data transmission successful
2025-05-13 07:10:03,400 - client_42 - INFO - Client 42 started with algorithm: fedprox, model: lenet5
2025-05-13 07:10:04,674 - client_42 - INFO - Epoch 1/2 - Loss: 0.3684
2025-05-13 07:10:05,541 - client_42 - INFO - Epoch 2/2 - Loss: 0.2201
2025-05-13 07:10:05,544 - client_42 - INFO - Sent 250511 bytes to server (weights size: 250359 bytes, client data size: 263, sparse: False)
2025-05-13 07:10:05,555 - client_42 - INFO - Data transmission successful
2025-05-13 07:10:14,884 - client_42 - INFO - Client 42 started with algorithm: fedprox, model: lenet5
2025-05-13 07:10:16,052 - client_42 - INFO - Epoch 1/2 - Loss: 0.3572
2025-05-13 07:10:17,014 - client_42 - INFO - Epoch 2/2 - Loss: 0.2281
2025-05-13 07:10:17,019 - client_42 - INFO - Sent 250511 bytes to server (weights size: 250359 bytes, client data size: 263, sparse: False)
2025-05-13 07:10:17,030 - client_42 - INFO - Data transmission successful
2025-05-13 07:12:17,488 - client_42 - INFO - Client 42 started with algorithm: fedprox, model: lenet5
2025-05-13 07:12:18,358 - client_42 - INFO - Epoch 1/2 - Loss: 0.2672
2025-05-13 07:12:18,888 - client_42 - INFO - Epoch 2/2 - Loss: 0.1970
2025-05-13 07:12:18,891 - client_42 - INFO - Sent 250511 bytes to server (weights size: 250359 bytes, client data size: 263, sparse: False)
2025-05-13 07:12:18,898 - client_42 - INFO - Data transmission successful
2025-05-13 07:13:42,231 - client_42 - INFO - Client 42 started with algorithm: fedprox, model: lenet5
2025-05-13 07:13:43,308 - client_42 - INFO - Epoch 1/2 - Loss: 0.1850
2025-05-13 07:13:44,086 - client_42 - INFO - Epoch 2/2 - Loss: 0.1098
2025-05-13 07:13:44,090 - client_42 - INFO - Sent 250511 bytes to server (weights size: 250359 bytes, client data size: 263, sparse: False)
2025-05-13 07:13:44,099 - client_42 - INFO - Data transmission successful
2025-05-13 07:13:58,756 - client_42 - INFO - Client 42 started with algorithm: fedprox, model: lenet5
2025-05-13 07:13:59,589 - client_42 - INFO - Epoch 1/2 - Loss: 0.1619
2025-05-13 07:14:00,188 - client_42 - INFO - Epoch 2/2 - Loss: 0.0981
2025-05-13 07:14:00,191 - client_42 - INFO - Sent 250511 bytes to server (weights size: 250359 bytes, client data size: 263, sparse: False)
2025-05-13 07:14:00,199 - client_42 - INFO - Data transmission successful
2025-05-13 07:14:19,606 - client_42 - INFO - Client 42 started with algorithm: fedprox, model: lenet5
2025-05-13 07:14:20,398 - client_42 - INFO - Epoch 1/2 - Loss: 0.1675
2025-05-13 07:14:20,895 - client_42 - INFO - Epoch 2/2 - Loss: 0.0951
2025-05-13 07:14:20,898 - client_42 - INFO - Sent 250511 bytes to server (weights size: 250359 bytes, client data size: 263, sparse: False)
2025-05-13 07:14:20,905 - client_42 - INFO - Data transmission successful
2025-05-13 07:15:20,430 - client_42 - INFO - Client 42 started with algorithm: fedprox, model: lenet5
2025-05-13 07:15:21,664 - client_42 - INFO - Epoch 1/2 - Loss: 0.1128
2025-05-13 07:15:22,507 - client_42 - INFO - Epoch 2/2 - Loss: 0.0813
2025-05-13 07:15:22,511 - client_42 - INFO - Sent 250511 bytes to server (weights size: 250359 bytes, client data size: 263, sparse: False)
2025-05-13 07:15:22,521 - client_42 - INFO - Data transmission successful
2025-05-13 07:15:38,503 - client_42 - INFO - Client 42 started with algorithm: fedprox, model: lenet5
2025-05-13 07:15:39,370 - client_42 - INFO - Epoch 1/2 - Loss: 0.1463
2025-05-13 07:15:39,870 - client_42 - INFO - Epoch 2/2 - Loss: 0.0735
2025-05-13 07:15:39,874 - client_42 - INFO - Sent 250511 bytes to server (weights size: 250359 bytes, client data size: 263, sparse: False)
2025-05-13 07:15:39,881 - client_42 - INFO - Data transmission successful
2025-05-13 07:17:00,697 - client_42 - INFO - Client 42 started with algorithm: fedprox, model: lenet5
2025-05-13 07:17:01,301 - client_42 - INFO - Epoch 1/2 - Loss: 0.1168
2025-05-13 07:17:01,745 - client_42 - INFO - Epoch 2/2 - Loss: 0.0793
2025-05-13 07:17:01,748 - client_42 - INFO - Sent 250511 bytes to server (weights size: 250359 bytes, client data size: 263, sparse: False)
2025-05-13 07:17:01,755 - client_42 - INFO - Data transmission successful
2025-05-13 07:19:33,831 - client_42 - INFO - Client 42 started with algorithm: fedprox, model: lenet5
2025-05-13 07:19:34,694 - client_42 - INFO - Epoch 1/2 - Loss: 0.1048
2025-05-13 07:19:35,337 - client_42 - INFO - Epoch 2/2 - Loss: 0.0606
2025-05-13 07:19:35,340 - client_42 - INFO - Sent 250511 bytes to server (weights size: 250359 bytes, client data size: 263, sparse: False)
2025-05-13 07:19:35,350 - client_42 - INFO - Data transmission successful
2025-05-13 07:19:50,831 - client_42 - INFO - Client 42 started with algorithm: fedprox, model: lenet5
2025-05-13 07:19:51,872 - client_42 - INFO - Epoch 1/2 - Loss: 0.0766
2025-05-13 07:19:52,296 - client_42 - INFO - Epoch 2/2 - Loss: 0.0518
2025-05-13 07:19:52,300 - client_42 - INFO - Sent 250511 bytes to server (weights size: 250359 bytes, client data size: 263, sparse: False)
2025-05-13 07:19:52,306 - client_42 - INFO - Data transmission successful
2025-05-13 07:19:56,563 - client_42 - INFO - Client 42 started with algorithm: fedprox, model: lenet5
2025-05-13 07:19:57,598 - client_42 - INFO - Epoch 1/2 - Loss: 0.0741
2025-05-13 07:19:58,083 - client_42 - INFO - Epoch 2/2 - Loss: 0.0493
2025-05-13 07:19:58,086 - client_42 - INFO - Sent 250511 bytes to server (weights size: 250359 bytes, client data size: 263, sparse: False)
2025-05-13 07:19:58,092 - client_42 - INFO - Data transmission successful
2025-05-13 07:29:15,635 - client_42 - INFO - Client 42 started with algorithm: fedavg, model: lenet5
2025-05-13 07:29:16,448 - client_42 - INFO - Epoch 1/2 - Loss: 0.6307
2025-05-13 07:29:17,135 - client_42 - INFO - Epoch 2/2 - Loss: 0.3144
2025-05-13 07:29:17,140 - client_42 - INFO - Sent 250513 bytes to server (weights size: 250359 bytes, client data size: 263, sparse: False)
2025-05-13 07:29:17,147 - client_42 - INFO - Data transmission successful
2025-05-13 07:29:38,574 - client_42 - INFO - Client 42 started with algorithm: fedavg, model: lenet5
2025-05-13 07:29:39,453 - client_42 - INFO - Epoch 1/2 - Loss: 0.5041
2025-05-13 07:29:40,229 - client_42 - INFO - Epoch 2/2 - Loss: 0.2513
2025-05-13 07:29:40,234 - client_42 - INFO - Sent 250513 bytes to server (weights size: 250359 bytes, client data size: 263, sparse: False)
2025-05-13 07:29:40,243 - client_42 - INFO - Data transmission successful
2025-05-13 07:29:48,878 - client_42 - INFO - Client 42 started with algorithm: fedavg, model: lenet5
2025-05-13 07:29:49,903 - client_42 - INFO - Epoch 1/2 - Loss: 0.4829
2025-05-13 07:29:50,717 - client_42 - INFO - Epoch 2/2 - Loss: 0.2925
2025-05-13 07:29:50,721 - client_42 - INFO - Sent 250513 bytes to server (weights size: 250359 bytes, client data size: 263, sparse: False)
2025-05-13 07:29:50,732 - client_42 - INFO - Data transmission successful
2025-05-13 07:31:40,510 - client_42 - INFO - Client 42 started with algorithm: fedavg, model: lenet5
2025-05-13 07:31:41,106 - client_42 - INFO - Epoch 1/2 - Loss: 0.3221
2025-05-13 07:31:41,540 - client_42 - INFO - Epoch 2/2 - Loss: 0.2495
2025-05-13 07:31:41,543 - client_42 - INFO - Sent 250513 bytes to server (weights size: 250359 bytes, client data size: 263, sparse: False)
2025-05-13 07:31:41,551 - client_42 - INFO - Data transmission successful
2025-05-13 07:33:00,516 - client_42 - INFO - Client 42 started with algorithm: fedavg, model: lenet5
2025-05-13 07:33:01,877 - client_42 - INFO - Epoch 1/2 - Loss: 0.2194
2025-05-13 07:33:02,656 - client_42 - INFO - Epoch 2/2 - Loss: 0.1208
2025-05-13 07:33:02,661 - client_42 - INFO - Sent 250513 bytes to server (weights size: 250359 bytes, client data size: 263, sparse: False)
2025-05-13 07:33:02,669 - client_42 - INFO - Data transmission successful
2025-05-13 07:33:17,216 - client_42 - INFO - Client 42 started with algorithm: fedavg, model: lenet5
2025-05-13 07:33:17,895 - client_42 - INFO - Epoch 1/2 - Loss: 0.1583
2025-05-13 07:33:18,437 - client_42 - INFO - Epoch 2/2 - Loss: 0.1094
2025-05-13 07:33:18,441 - client_42 - INFO - Sent 250513 bytes to server (weights size: 250359 bytes, client data size: 263, sparse: False)
2025-05-13 07:33:18,448 - client_42 - INFO - Data transmission successful
2025-05-13 07:33:37,244 - client_42 - INFO - Client 42 started with algorithm: fedavg, model: lenet5
2025-05-13 07:33:38,022 - client_42 - INFO - Epoch 1/2 - Loss: 0.2077
2025-05-13 07:33:38,438 - client_42 - INFO - Epoch 2/2 - Loss: 0.1077
2025-05-13 07:33:38,441 - client_42 - INFO - Sent 250513 bytes to server (weights size: 250359 bytes, client data size: 263, sparse: False)
2025-05-13 07:33:38,448 - client_42 - INFO - Data transmission successful
2025-05-13 07:34:33,016 - client_42 - INFO - Client 42 started with algorithm: fedavg, model: lenet5
2025-05-13 07:34:34,334 - client_42 - INFO - Epoch 1/2 - Loss: 0.1542
2025-05-13 07:34:35,313 - client_42 - INFO - Epoch 2/2 - Loss: 0.0971
2025-05-13 07:34:35,317 - client_42 - INFO - Sent 250513 bytes to server (weights size: 250359 bytes, client data size: 263, sparse: False)
2025-05-13 07:34:35,329 - client_42 - INFO - Data transmission successful
2025-05-13 07:34:50,226 - client_42 - INFO - Client 42 started with algorithm: fedavg, model: lenet5
2025-05-13 07:34:51,017 - client_42 - INFO - Epoch 1/2 - Loss: 0.1807
2025-05-13 07:34:51,614 - client_42 - INFO - Epoch 2/2 - Loss: 0.0800
2025-05-13 07:34:51,618 - client_42 - INFO - Sent 250513 bytes to server (weights size: 250359 bytes, client data size: 263, sparse: False)
2025-05-13 07:34:51,626 - client_42 - INFO - Data transmission successful
2025-05-13 07:36:05,452 - client_42 - INFO - Client 42 started with algorithm: fedavg, model: lenet5
2025-05-13 07:36:06,465 - client_42 - INFO - Epoch 1/2 - Loss: 0.1390
2025-05-13 07:36:06,901 - client_42 - INFO - Epoch 2/2 - Loss: 0.0953
2025-05-13 07:36:06,905 - client_42 - INFO - Sent 250513 bytes to server (weights size: 250359 bytes, client data size: 263, sparse: False)
2025-05-13 07:36:06,912 - client_42 - INFO - Data transmission successful
2025-05-13 07:38:20,658 - client_42 - INFO - Client 42 started with algorithm: fedavg, model: lenet5
2025-05-13 07:38:21,442 - client_42 - INFO - Epoch 1/2 - Loss: 0.1175
2025-05-13 07:38:22,055 - client_42 - INFO - Epoch 2/2 - Loss: 0.0656
2025-05-13 07:38:22,059 - client_42 - INFO - Sent 250513 bytes to server (weights size: 250359 bytes, client data size: 263, sparse: False)
2025-05-13 07:38:22,068 - client_42 - INFO - Data transmission successful
2025-05-13 07:38:38,183 - client_42 - INFO - Client 42 started with algorithm: fedavg, model: lenet5
2025-05-13 07:38:39,285 - client_42 - INFO - Epoch 1/2 - Loss: 0.1319
2025-05-13 07:38:39,733 - client_42 - INFO - Epoch 2/2 - Loss: 0.0594
2025-05-13 07:38:39,737 - client_42 - INFO - Sent 250513 bytes to server (weights size: 250359 bytes, client data size: 263, sparse: False)
2025-05-13 07:38:39,744 - client_42 - INFO - Data transmission successful
2025-05-13 07:38:43,583 - client_42 - INFO - Client 42 started with algorithm: fedavg, model: lenet5
2025-05-13 07:38:44,287 - client_42 - INFO - Epoch 1/2 - Loss: 0.1612
2025-05-13 07:38:44,751 - client_42 - INFO - Epoch 2/2 - Loss: 0.0735
2025-05-13 07:38:44,755 - client_42 - INFO - Sent 250513 bytes to server (weights size: 250359 bytes, client data size: 263, sparse: False)
2025-05-13 07:38:44,761 - client_42 - INFO - Data transmission successful
2025-05-13 14:36:09,411 - client_42 - INFO - Client 42 started with algorithm: fedewma, model: lenet5
2025-05-13 14:36:12,165 - client_42 - INFO - Epoch 1/2 - Loss: 0.3905
2025-05-13 14:36:12,820 - client_42 - INFO - Epoch 2/2 - Loss: 0.2666
2025-05-13 14:36:12,822 - client_42 - INFO - Client 42 sending full delta weights
2025-05-13 14:36:12,825 - client_42 - INFO - Sent 250184 bytes to server (weights size: 250032 bytes, client data size: 263, sparse: False)
2025-05-13 14:36:12,835 - client_42 - INFO - Data transmission successful
2025-05-13 14:36:35,300 - client_42 - INFO - Client 42 started with algorithm: fedewma, model: lenet5
2025-05-13 14:36:38,187 - client_42 - INFO - Epoch 1/2 - Loss: 0.3820
2025-05-13 14:36:38,952 - client_42 - INFO - Epoch 2/2 - Loss: 0.2299
2025-05-13 14:36:38,954 - client_42 - INFO - Client 42 sending full delta weights
2025-05-13 14:36:38,956 - client_42 - INFO - Sent 250184 bytes to server (weights size: 250032 bytes, client data size: 263, sparse: False)
2025-05-13 14:36:38,966 - client_42 - INFO - Data transmission successful
2025-05-13 14:36:47,343 - client_42 - INFO - Client 42 started with algorithm: fedewma, model: lenet5
2025-05-13 14:36:50,264 - client_42 - INFO - Epoch 1/2 - Loss: 0.3246
2025-05-13 14:36:51,016 - client_42 - INFO - Epoch 2/2 - Loss: 0.2025
2025-05-13 14:36:51,018 - client_42 - INFO - Client 42 sending full delta weights
2025-05-13 14:36:51,021 - client_42 - INFO - Sent 250184 bytes to server (weights size: 250032 bytes, client data size: 263, sparse: False)
2025-05-13 14:36:51,031 - client_42 - INFO - Data transmission successful
2025-05-13 14:38:58,349 - client_42 - INFO - Client 42 started with algorithm: fedewma, model: lenet5
2025-05-13 14:39:00,811 - client_42 - INFO - Epoch 1/2 - Loss: 0.2660
2025-05-13 14:39:01,225 - client_42 - INFO - Epoch 2/2 - Loss: 0.1488
2025-05-13 14:39:01,226 - client_42 - INFO - Client 42 sending full delta weights
2025-05-13 14:39:01,228 - client_42 - INFO - Sent 250184 bytes to server (weights size: 250032 bytes, client data size: 263, sparse: False)
2025-05-13 14:39:01,235 - client_42 - INFO - Data transmission successful
2025-05-13 14:40:32,899 - client_42 - INFO - Client 42 started with algorithm: fedewma, model: lenet5
2025-05-13 14:40:35,809 - client_42 - INFO - Epoch 1/2 - Loss: 0.1592
2025-05-13 14:40:36,502 - client_42 - INFO - Epoch 2/2 - Loss: 0.1144
2025-05-13 14:40:36,504 - client_42 - INFO - Client 42 sending full delta weights
2025-05-13 14:40:36,507 - client_42 - INFO - Sent 250184 bytes to server (weights size: 250032 bytes, client data size: 263, sparse: False)
2025-05-13 14:40:36,516 - client_42 - INFO - Data transmission successful
2025-05-13 14:40:51,800 - client_42 - INFO - Client 42 started with algorithm: fedewma, model: lenet5
2025-05-13 14:40:54,445 - client_42 - INFO - Epoch 1/2 - Loss: 0.2144
2025-05-13 14:40:54,986 - client_42 - INFO - Epoch 2/2 - Loss: 0.1088
2025-05-13 14:40:54,987 - client_42 - INFO - Client 42 sending full delta weights
2025-05-13 14:40:54,990 - client_42 - INFO - Sent 250184 bytes to server (weights size: 250032 bytes, client data size: 263, sparse: False)
2025-05-13 14:40:54,998 - client_42 - INFO - Data transmission successful
2025-05-13 14:41:16,518 - client_42 - INFO - Client 42 started with algorithm: fedewma, model: lenet5
2025-05-13 14:41:18,977 - client_42 - INFO - Epoch 1/2 - Loss: 0.1382
2025-05-13 14:41:19,402 - client_42 - INFO - Epoch 2/2 - Loss: 0.0943
2025-05-13 14:41:19,403 - client_42 - INFO - Client 42 sending full delta weights
2025-05-13 14:41:19,405 - client_42 - INFO - Sent 250184 bytes to server (weights size: 250032 bytes, client data size: 263, sparse: False)
2025-05-13 14:41:19,411 - client_42 - INFO - Data transmission successful
2025-05-13 14:42:24,340 - client_42 - INFO - Client 42 started with algorithm: fedewma, model: lenet5
2025-05-13 14:42:27,112 - client_42 - INFO - Epoch 1/2 - Loss: 0.1482
2025-05-13 14:42:27,852 - client_42 - INFO - Epoch 2/2 - Loss: 0.0820
2025-05-13 14:42:27,854 - client_42 - INFO - Client 42 sending full delta weights
2025-05-13 14:42:27,857 - client_42 - INFO - Sent 250184 bytes to server (weights size: 250032 bytes, client data size: 263, sparse: False)
2025-05-13 14:42:27,867 - client_42 - INFO - Data transmission successful
2025-05-13 14:42:43,922 - client_42 - INFO - Client 42 started with algorithm: fedewma, model: lenet5
2025-05-13 14:42:46,342 - client_42 - INFO - Epoch 1/2 - Loss: 0.1190
2025-05-13 14:42:46,771 - client_42 - INFO - Epoch 2/2 - Loss: 0.0768
2025-05-13 14:42:46,772 - client_42 - INFO - Client 42 sending full delta weights
2025-05-13 14:42:46,774 - client_42 - INFO - Sent 250184 bytes to server (weights size: 250032 bytes, client data size: 263, sparse: False)
2025-05-13 14:42:46,781 - client_42 - INFO - Data transmission successful
2025-05-13 14:44:14,858 - client_42 - INFO - Client 42 started with algorithm: fedewma, model: lenet5
2025-05-13 14:44:17,241 - client_42 - INFO - Epoch 1/2 - Loss: 0.1039
2025-05-13 14:44:17,613 - client_42 - INFO - Epoch 2/2 - Loss: 0.0856
2025-05-13 14:44:17,614 - client_42 - INFO - Client 42 sending full delta weights
2025-05-13 14:44:17,616 - client_42 - INFO - Sent 250184 bytes to server (weights size: 250032 bytes, client data size: 263, sparse: False)
2025-05-13 14:44:17,623 - client_42 - INFO - Data transmission successful
2025-05-13 14:47:02,765 - client_42 - INFO - Client 42 started with algorithm: fedewma, model: lenet5
2025-05-13 14:47:05,423 - client_42 - INFO - Epoch 1/2 - Loss: 0.0862
2025-05-13 14:47:06,015 - client_42 - INFO - Epoch 2/2 - Loss: 0.0610
2025-05-13 14:47:06,016 - client_42 - INFO - Client 42 sending full delta weights
2025-05-13 14:47:06,019 - client_42 - INFO - Sent 250184 bytes to server (weights size: 250032 bytes, client data size: 263, sparse: False)
2025-05-13 14:47:06,027 - client_42 - INFO - Data transmission successful
2025-05-13 14:47:21,753 - client_42 - INFO - Client 42 started with algorithm: fedewma, model: lenet5
2025-05-13 14:47:24,287 - client_42 - INFO - Epoch 1/2 - Loss: 0.0869
2025-05-13 14:47:24,655 - client_42 - INFO - Epoch 2/2 - Loss: 0.0533
2025-05-13 14:47:24,655 - client_42 - INFO - Client 42 sending full delta weights
2025-05-13 14:47:24,658 - client_42 - INFO - Sent 250184 bytes to server (weights size: 250032 bytes, client data size: 263, sparse: False)
2025-05-13 14:47:24,664 - client_42 - INFO - Data transmission successful
2025-05-13 14:47:28,293 - client_42 - INFO - Client 42 started with algorithm: fedewma, model: lenet5
2025-05-13 14:47:30,605 - client_42 - INFO - Epoch 1/2 - Loss: 0.0814
2025-05-13 14:47:30,956 - client_42 - INFO - Epoch 2/2 - Loss: 0.0559
2025-05-13 14:47:30,956 - client_42 - INFO - Client 42 sending full delta weights
2025-05-13 14:47:30,959 - client_42 - INFO - Sent 250184 bytes to server (weights size: 250032 bytes, client data size: 263, sparse: False)
2025-05-13 14:47:30,965 - client_42 - INFO - Data transmission successful
2025-05-13 15:16:42,503 - client_42 - INFO - Client 42 started with algorithm: fedewma, model: lenet5
2025-05-13 15:16:45,370 - client_42 - INFO - Epoch 1/2 - Loss: 0.3624
2025-05-13 15:16:46,217 - client_42 - INFO - Epoch 2/2 - Loss: 0.2655
2025-05-13 15:16:46,219 - client_42 - INFO - Client 42 sending full delta weights
2025-05-13 15:16:46,222 - client_42 - INFO - Sent 250184 bytes to server (weights size: 250032 bytes, client data size: 263, sparse: False)
2025-05-13 15:16:46,230 - client_42 - INFO - Data transmission successful
2025-05-13 15:17:12,214 - client_42 - INFO - Client 42 started with algorithm: fedewma, model: lenet5
2025-05-13 15:17:15,083 - client_42 - INFO - Epoch 1/2 - Loss: 0.3438
2025-05-13 15:17:15,843 - client_42 - INFO - Epoch 2/2 - Loss: 0.2480
2025-05-13 15:17:15,845 - client_42 - INFO - Client 42 sending full delta weights
2025-05-13 15:17:15,848 - client_42 - INFO - Sent 250184 bytes to server (weights size: 250032 bytes, client data size: 263, sparse: False)
2025-05-13 15:17:15,859 - client_42 - INFO - Data transmission successful
2025-05-13 15:17:24,651 - client_42 - INFO - Client 42 started with algorithm: fedewma, model: lenet5
2025-05-13 15:17:27,808 - client_42 - INFO - Epoch 1/2 - Loss: 0.3262
2025-05-13 15:17:28,677 - client_42 - INFO - Epoch 2/2 - Loss: 0.2030
2025-05-13 15:17:28,679 - client_42 - INFO - Client 42 sending full delta weights
2025-05-13 15:17:28,681 - client_42 - INFO - Sent 250184 bytes to server (weights size: 250032 bytes, client data size: 263, sparse: False)
2025-05-13 15:17:28,691 - client_42 - INFO - Data transmission successful
2025-05-13 15:19:40,325 - client_42 - INFO - Client 42 started with algorithm: fedewma, model: lenet5
2025-05-13 15:19:42,818 - client_42 - INFO - Epoch 1/2 - Loss: 0.2681
2025-05-13 15:19:43,246 - client_42 - INFO - Epoch 2/2 - Loss: 0.1625
2025-05-13 15:19:43,247 - client_42 - INFO - Client 42 sending full delta weights
2025-05-13 15:19:43,250 - client_42 - INFO - Sent 250184 bytes to server (weights size: 250032 bytes, client data size: 263, sparse: False)
2025-05-13 15:19:43,257 - client_42 - INFO - Data transmission successful
2025-05-13 15:21:15,670 - client_42 - INFO - Client 42 started with algorithm: fedewma, model: lenet5
2025-05-13 15:21:18,783 - client_42 - INFO - Epoch 1/2 - Loss: 0.1647
2025-05-13 15:21:19,514 - client_42 - INFO - Epoch 2/2 - Loss: 0.1203
2025-05-13 15:21:19,515 - client_42 - INFO - Client 42 sending full delta weights
2025-05-13 15:21:19,518 - client_42 - INFO - Sent 250184 bytes to server (weights size: 250032 bytes, client data size: 263, sparse: False)
2025-05-13 15:21:19,527 - client_42 - INFO - Data transmission successful
2025-05-13 15:21:34,817 - client_42 - INFO - Client 42 started with algorithm: fedewma, model: lenet5
2025-05-13 15:21:37,582 - client_42 - INFO - Epoch 1/2 - Loss: 0.1526
2025-05-13 15:21:38,118 - client_42 - INFO - Epoch 2/2 - Loss: 0.1096
2025-05-13 15:21:38,120 - client_42 - INFO - Client 42 sending full delta weights
2025-05-13 15:21:38,122 - client_42 - INFO - Sent 250184 bytes to server (weights size: 250032 bytes, client data size: 263, sparse: False)
2025-05-13 15:21:38,131 - client_42 - INFO - Data transmission successful
2025-05-13 15:22:00,145 - client_42 - INFO - Client 42 started with algorithm: fedewma, model: lenet5
2025-05-13 15:22:02,764 - client_42 - INFO - Epoch 1/2 - Loss: 0.1497
2025-05-13 15:22:03,183 - client_42 - INFO - Epoch 2/2 - Loss: 0.0982
2025-05-13 15:22:03,184 - client_42 - INFO - Client 42 sending full delta weights
2025-05-13 15:22:03,187 - client_42 - INFO - Sent 250184 bytes to server (weights size: 250032 bytes, client data size: 263, sparse: False)
2025-05-13 15:22:03,193 - client_42 - INFO - Data transmission successful
2025-05-13 15:23:14,033 - client_42 - INFO - Client 42 started with algorithm: fedewma, model: lenet5
2025-05-13 15:23:17,094 - client_42 - INFO - Epoch 1/2 - Loss: 0.1217
2025-05-13 15:23:17,910 - client_42 - INFO - Epoch 2/2 - Loss: 0.0848
2025-05-13 15:23:17,913 - client_42 - INFO - Client 42 sending full delta weights
2025-05-13 15:23:17,915 - client_42 - INFO - Sent 250184 bytes to server (weights size: 250032 bytes, client data size: 263, sparse: False)
2025-05-13 15:23:17,925 - client_42 - INFO - Data transmission successful
2025-05-13 15:23:34,315 - client_42 - INFO - Client 42 started with algorithm: fedewma, model: lenet5
2025-05-13 15:23:37,149 - client_42 - INFO - Epoch 1/2 - Loss: 0.1133
2025-05-13 15:23:37,580 - client_42 - INFO - Epoch 2/2 - Loss: 0.0763
2025-05-13 15:23:37,581 - client_42 - INFO - Client 42 sending full delta weights
2025-05-13 15:23:37,584 - client_42 - INFO - Sent 250184 bytes to server (weights size: 250032 bytes, client data size: 263, sparse: False)
2025-05-13 15:23:37,591 - client_42 - INFO - Data transmission successful
2025-05-13 15:25:10,568 - client_42 - INFO - Client 42 started with algorithm: fedewma, model: lenet5
2025-05-13 15:25:13,640 - client_42 - INFO - Epoch 1/2 - Loss: 0.1066
2025-05-13 15:25:14,074 - client_42 - INFO - Epoch 2/2 - Loss: 0.0761
2025-05-13 15:25:14,075 - client_42 - INFO - Client 42 sending full delta weights
2025-05-13 15:25:14,082 - client_42 - INFO - Sent 250184 bytes to server (weights size: 250032 bytes, client data size: 263, sparse: False)
2025-05-13 15:25:14,092 - client_42 - INFO - Data transmission successful
2025-05-13 15:28:15,841 - client_42 - INFO - Client 42 started with algorithm: fedewma, model: lenet5
2025-05-13 15:28:19,109 - client_42 - INFO - Epoch 1/2 - Loss: 0.0884
2025-05-13 15:28:19,902 - client_42 - INFO - Epoch 2/2 - Loss: 0.0516
2025-05-13 15:28:19,903 - client_42 - INFO - Client 42 sending full delta weights
2025-05-13 15:28:19,906 - client_42 - INFO - Sent 250184 bytes to server (weights size: 250032 bytes, client data size: 263, sparse: False)
2025-05-13 15:28:19,912 - client_42 - INFO - Data transmission successful
2025-05-13 15:28:35,982 - client_42 - INFO - Client 42 started with algorithm: fedewma, model: lenet5
2025-05-13 15:28:38,503 - client_42 - INFO - Epoch 1/2 - Loss: 0.0915
2025-05-13 15:28:38,878 - client_42 - INFO - Epoch 2/2 - Loss: 0.0518
2025-05-13 15:28:38,879 - client_42 - INFO - Client 42 sending full delta weights
2025-05-13 15:28:38,882 - client_42 - INFO - Sent 250184 bytes to server (weights size: 250032 bytes, client data size: 263, sparse: False)
2025-05-13 15:28:38,888 - client_42 - INFO - Data transmission successful
2025-05-13 15:28:42,591 - client_42 - INFO - Client 42 started with algorithm: fedewma, model: lenet5
2025-05-13 15:28:44,971 - client_42 - INFO - Epoch 1/2 - Loss: 0.1292
2025-05-13 15:28:45,311 - client_42 - INFO - Epoch 2/2 - Loss: 0.0561
2025-05-13 15:28:45,312 - client_42 - INFO - Client 42 sending full delta weights
2025-05-13 15:28:45,314 - client_42 - INFO - Sent 250184 bytes to server (weights size: 250032 bytes, client data size: 263, sparse: False)
2025-05-13 15:28:45,320 - client_42 - INFO - Data transmission successful
2025-05-13 16:00:28,758 - client_42 - INFO - Client 42 started with algorithm: fedewma, model: resnet18fashion
2025-05-13 16:00:39,670 - client_42 - INFO - Epoch 1/2 - Loss: 0.2889
2025-05-13 16:00:44,857 - client_42 - INFO - Epoch 2/2 - Loss: 0.2385
2025-05-13 16:00:44,862 - client_42 - INFO - Client 42 sending full delta weights
2025-05-13 16:00:44,870 - client_42 - INFO - Sent 716145 bytes to server (weights size: 715993 bytes, client data size: 1210, sparse: False)
2025-05-13 16:00:44,899 - client_42 - INFO - Data transmission successful
2025-05-13 16:01:09,825 - client_42 - INFO - Client 42 started with algorithm: fedewma, model: resnet18fashion
2025-05-13 16:01:21,123 - client_42 - INFO - Epoch 1/2 - Loss: 0.3025
2025-05-13 16:01:25,488 - client_42 - INFO - Epoch 2/2 - Loss: 0.2335
2025-05-13 16:01:25,490 - client_42 - INFO - Client 42 sending full delta weights
2025-05-13 16:01:25,499 - client_42 - INFO - Sent 716145 bytes to server (weights size: 715993 bytes, client data size: 1210, sparse: False)
2025-05-13 16:01:25,519 - client_42 - INFO - Data transmission successful
2025-05-13 16:01:29,238 - client_42 - INFO - Client 42 started with algorithm: fedewma, model: resnet18fashion
2025-05-13 16:01:40,266 - client_42 - INFO - Epoch 1/2 - Loss: 0.3052
2025-05-13 16:01:45,958 - client_42 - INFO - Epoch 2/2 - Loss: 0.2316
2025-05-13 16:01:45,965 - client_42 - INFO - Client 42 sending full delta weights
2025-05-13 16:01:45,973 - client_42 - INFO - Sent 716145 bytes to server (weights size: 715993 bytes, client data size: 1210, sparse: False)
2025-05-13 16:01:46,002 - client_42 - INFO - Data transmission successful
2025-05-13 16:05:14,040 - client_42 - INFO - Client 42 started with algorithm: fedewma, model: resnet18fashion
2025-05-13 16:05:23,233 - client_42 - INFO - Epoch 1/2 - Loss: 0.3090
2025-05-13 16:05:25,999 - client_42 - INFO - Epoch 2/2 - Loss: 0.2384
2025-05-13 16:05:26,001 - client_42 - INFO - Client 42 sending full delta weights
2025-05-13 16:05:26,009 - client_42 - INFO - Sent 716145 bytes to server (weights size: 715993 bytes, client data size: 1210, sparse: False)
2025-05-13 16:05:26,026 - client_42 - INFO - Data transmission successful
2025-05-13 16:08:11,557 - client_42 - INFO - Client 42 started with algorithm: fedewma, model: resnet18fashion
2025-05-13 16:08:21,900 - client_42 - INFO - Epoch 1/2 - Loss: 0.2454
2025-05-13 16:08:26,410 - client_42 - INFO - Epoch 2/2 - Loss: 0.1953
2025-05-13 16:08:26,414 - client_42 - INFO - Client 42 sending full delta weights
2025-05-13 16:08:26,422 - client_42 - INFO - Sent 716145 bytes to server (weights size: 715993 bytes, client data size: 1210, sparse: False)
2025-05-13 16:08:26,446 - client_42 - INFO - Data transmission successful
2025-05-13 16:08:50,004 - client_42 - INFO - Client 42 started with algorithm: fedewma, model: resnet18fashion
2025-05-13 16:09:02,398 - client_42 - INFO - Epoch 1/2 - Loss: 0.2219
2025-05-13 16:09:07,317 - client_42 - INFO - Epoch 2/2 - Loss: 0.1827
2025-05-13 16:09:07,319 - client_42 - INFO - Client 42 sending full delta weights
2025-05-13 16:09:07,328 - client_42 - INFO - Sent 716145 bytes to server (weights size: 715993 bytes, client data size: 1210, sparse: False)
2025-05-13 16:09:07,348 - client_42 - INFO - Data transmission successful
2025-05-13 16:09:47,390 - client_42 - INFO - Client 42 started with algorithm: fedewma, model: resnet18fashion
2025-05-13 16:09:57,598 - client_42 - INFO - Epoch 1/2 - Loss: 0.2127
2025-05-13 16:10:02,075 - client_42 - INFO - Epoch 2/2 - Loss: 0.1969
2025-05-13 16:10:02,077 - client_42 - INFO - Client 42 sending full delta weights
2025-05-13 16:10:02,086 - client_42 - INFO - Sent 716145 bytes to server (weights size: 715993 bytes, client data size: 1210, sparse: False)
2025-05-13 16:10:02,107 - client_42 - INFO - Data transmission successful
2025-05-13 16:12:12,712 - client_42 - INFO - Client 42 started with algorithm: fedewma, model: resnet18fashion
2025-05-13 16:12:24,257 - client_42 - INFO - Epoch 1/2 - Loss: 0.2565
2025-05-13 16:12:29,726 - client_42 - INFO - Epoch 2/2 - Loss: 0.1981
2025-05-13 16:12:29,732 - client_42 - INFO - Client 42 sending full delta weights
2025-05-13 16:12:29,742 - client_42 - INFO - Sent 716145 bytes to server (weights size: 715993 bytes, client data size: 1210, sparse: False)
2025-05-13 16:12:29,774 - client_42 - INFO - Data transmission successful
2025-05-13 16:12:49,092 - client_42 - INFO - Client 42 started with algorithm: fedewma, model: resnet18fashion
2025-05-13 16:12:57,554 - client_42 - INFO - Epoch 1/2 - Loss: 0.2576
2025-05-13 16:13:00,270 - client_42 - INFO - Epoch 2/2 - Loss: 0.1739
2025-05-13 16:13:00,271 - client_42 - INFO - Client 42 sending full delta weights
2025-05-13 16:13:00,279 - client_42 - INFO - Sent 716145 bytes to server (weights size: 715993 bytes, client data size: 1210, sparse: False)
2025-05-13 16:13:00,293 - client_42 - INFO - Data transmission successful
2025-05-13 16:15:24,039 - client_42 - INFO - Client 42 started with algorithm: fedewma, model: resnet18fashion
2025-05-13 16:15:31,807 - client_42 - INFO - Epoch 1/2 - Loss: 0.2278
2025-05-13 16:15:34,586 - client_42 - INFO - Epoch 2/2 - Loss: 0.1958
2025-05-13 16:15:34,588 - client_42 - INFO - Client 42 sending full delta weights
2025-05-13 16:15:34,596 - client_42 - INFO - Sent 716145 bytes to server (weights size: 715993 bytes, client data size: 1210, sparse: False)
2025-05-13 16:15:34,612 - client_42 - INFO - Data transmission successful
2025-05-13 16:20:47,955 - client_42 - INFO - Client 42 started with algorithm: fedewma, model: resnet18fashion
2025-05-13 16:20:58,540 - client_42 - INFO - Epoch 1/2 - Loss: 0.2366
2025-05-13 16:21:03,124 - client_42 - INFO - Epoch 2/2 - Loss: 0.1680
2025-05-13 16:21:03,128 - client_42 - INFO - Client 42 sending full delta weights
2025-05-13 16:21:03,136 - client_42 - INFO - Sent 716145 bytes to server (weights size: 715993 bytes, client data size: 1210, sparse: False)
2025-05-13 16:21:03,162 - client_42 - INFO - Data transmission successful
2025-05-13 16:21:44,505 - client_42 - INFO - Client 42 started with algorithm: fedewma, model: resnet18fashion
2025-05-13 16:21:52,048 - client_42 - INFO - Epoch 1/2 - Loss: 0.2057
2025-05-13 16:21:55,351 - client_42 - INFO - Epoch 2/2 - Loss: 0.1776
2025-05-13 16:21:55,356 - client_42 - INFO - Client 42 sending full delta weights
2025-05-13 16:21:55,379 - client_42 - INFO - Sent 716145 bytes to server (weights size: 715993 bytes, client data size: 1210, sparse: False)
2025-05-13 16:21:55,486 - client_42 - INFO - Data transmission successful
2025-05-13 16:22:00,772 - client_42 - INFO - Client 42 started with algorithm: fedewma, model: resnet18fashion
2025-05-13 16:22:09,021 - client_42 - INFO - Epoch 1/2 - Loss: 0.2177
2025-05-13 16:22:11,982 - client_42 - INFO - Epoch 2/2 - Loss: 0.1764
2025-05-13 16:22:11,984 - client_42 - INFO - Client 42 sending full delta weights
2025-05-13 16:22:11,993 - client_42 - INFO - Sent 716145 bytes to server (weights size: 715993 bytes, client data size: 1210, sparse: False)
2025-05-13 16:22:12,010 - client_42 - INFO - Data transmission successful
2025-05-14 07:24:41,178 - client_42 - INFO - Client 42 started with algorithm: fedprox, model: resnet18fashion
2025-05-14 07:24:52,892 - client_42 - INFO - Epoch 1/2 - Loss: 0.3013
2025-05-14 07:24:59,451 - client_42 - INFO - Epoch 2/2 - Loss: 0.2710
2025-05-14 07:24:59,463 - client_42 - INFO - Sent 717496 bytes to server (weights size: 717344 bytes, client data size: 1210, sparse: False)
2025-05-14 07:24:59,492 - client_42 - INFO - Data transmission successful
2025-05-14 07:25:29,013 - client_42 - INFO - Client 42 started with algorithm: fedprox, model: resnet18fashion
2025-05-14 07:25:38,425 - client_42 - INFO - Epoch 1/2 - Loss: 0.3301
2025-05-14 07:25:44,063 - client_42 - INFO - Epoch 2/2 - Loss: 0.2505
2025-05-14 07:25:44,075 - client_42 - INFO - Sent 717496 bytes to server (weights size: 717344 bytes, client data size: 1210, sparse: False)
2025-05-14 07:25:44,111 - client_42 - INFO - Data transmission successful
2025-05-14 07:25:49,113 - client_42 - INFO - Client 42 started with algorithm: fedprox, model: resnet18fashion
2025-05-14 07:26:00,731 - client_42 - INFO - Epoch 1/2 - Loss: 0.3335
2025-05-14 07:26:08,585 - client_42 - INFO - Epoch 2/2 - Loss: 0.2336
2025-05-14 07:26:08,600 - client_42 - INFO - Sent 717496 bytes to server (weights size: 717344 bytes, client data size: 1210, sparse: False)
2025-05-14 07:26:08,626 - client_42 - INFO - Data transmission successful
2025-05-14 07:29:51,120 - client_42 - INFO - Client 42 started with algorithm: fedprox, model: resnet18fashion
2025-05-14 07:29:58,226 - client_42 - INFO - Epoch 1/2 - Loss: 0.2741
2025-05-14 07:30:02,267 - client_42 - INFO - Epoch 2/2 - Loss: 0.2130
2025-05-14 07:30:02,276 - client_42 - INFO - Sent 717496 bytes to server (weights size: 717344 bytes, client data size: 1210, sparse: False)
2025-05-14 07:30:02,294 - client_42 - INFO - Data transmission successful
2025-05-14 07:32:38,745 - client_42 - INFO - Client 42 started with algorithm: fedprox, model: resnet18fashion
2025-05-14 07:32:48,284 - client_42 - INFO - Epoch 1/2 - Loss: 0.2305
2025-05-14 07:32:53,958 - client_42 - INFO - Epoch 2/2 - Loss: 0.1946
2025-05-14 07:32:53,969 - client_42 - INFO - Sent 717496 bytes to server (weights size: 717344 bytes, client data size: 1210, sparse: False)
2025-05-14 07:32:53,990 - client_42 - INFO - Data transmission successful
2025-05-14 07:33:15,341 - client_42 - INFO - Client 42 started with algorithm: fedprox, model: resnet18fashion
2025-05-14 07:33:23,695 - client_42 - INFO - Epoch 1/2 - Loss: 0.2396
2025-05-14 07:33:29,298 - client_42 - INFO - Epoch 2/2 - Loss: 0.1873
2025-05-14 07:33:29,310 - client_42 - INFO - Sent 717496 bytes to server (weights size: 717344 bytes, client data size: 1210, sparse: False)
2025-05-14 07:33:29,339 - client_42 - INFO - Data transmission successful
2025-05-14 07:34:07,811 - client_42 - INFO - Client 42 started with algorithm: fedprox, model: resnet18fashion
2025-05-14 07:34:13,197 - client_42 - INFO - Epoch 1/2 - Loss: 0.2615
2025-05-14 07:34:15,982 - client_42 - INFO - Epoch 2/2 - Loss: 0.1860
2025-05-14 07:34:15,991 - client_42 - INFO - Sent 717496 bytes to server (weights size: 717344 bytes, client data size: 1210, sparse: False)
2025-05-14 07:34:16,004 - client_42 - INFO - Data transmission successful
2025-05-14 07:36:33,269 - client_42 - INFO - Client 42 started with algorithm: fedprox, model: resnet18fashion
2025-05-14 07:36:43,795 - client_42 - INFO - Epoch 1/2 - Loss: 0.2694
2025-05-14 07:36:51,271 - client_42 - INFO - Epoch 2/2 - Loss: 0.1778
2025-05-14 07:36:51,282 - client_42 - INFO - Sent 717496 bytes to server (weights size: 717344 bytes, client data size: 1210, sparse: False)
2025-05-14 07:36:51,305 - client_42 - INFO - Data transmission successful
2025-05-14 07:37:10,298 - client_42 - INFO - Client 42 started with algorithm: fedprox, model: resnet18fashion
2025-05-14 07:37:17,141 - client_42 - INFO - Epoch 1/2 - Loss: 0.2775
2025-05-14 07:37:20,602 - client_42 - INFO - Epoch 2/2 - Loss: 0.1858
2025-05-14 07:37:20,611 - client_42 - INFO - Sent 717496 bytes to server (weights size: 717344 bytes, client data size: 1210, sparse: False)
2025-05-14 07:37:20,623 - client_42 - INFO - Data transmission successful
2025-05-14 07:39:43,414 - client_42 - INFO - Client 42 started with algorithm: fedprox, model: resnet18fashion
2025-05-14 07:39:48,992 - client_42 - INFO - Epoch 1/2 - Loss: 0.2384
2025-05-14 07:39:52,729 - client_42 - INFO - Epoch 2/2 - Loss: 0.1915
2025-05-14 07:39:52,738 - client_42 - INFO - Sent 717496 bytes to server (weights size: 717344 bytes, client data size: 1210, sparse: False)
2025-05-14 07:39:52,750 - client_42 - INFO - Data transmission successful
2025-05-14 07:44:55,437 - client_42 - INFO - Client 42 started with algorithm: fedprox, model: resnet18fashion
2025-05-14 07:45:04,711 - client_42 - INFO - Epoch 1/2 - Loss: 0.2439
2025-05-14 07:45:10,157 - client_42 - INFO - Epoch 2/2 - Loss: 0.1958
2025-05-14 07:45:10,168 - client_42 - INFO - Sent 717496 bytes to server (weights size: 717344 bytes, client data size: 1210, sparse: False)
2025-05-14 07:45:10,194 - client_42 - INFO - Data transmission successful
2025-05-14 07:45:43,479 - client_42 - INFO - Client 42 started with algorithm: fedprox, model: resnet18fashion
2025-05-14 07:45:51,712 - client_42 - INFO - Epoch 1/2 - Loss: 0.2196
2025-05-14 07:45:56,201 - client_42 - INFO - Epoch 2/2 - Loss: 0.1710
2025-05-14 07:45:56,211 - client_42 - INFO - Sent 717496 bytes to server (weights size: 717344 bytes, client data size: 1210, sparse: False)
2025-05-14 07:45:56,228 - client_42 - INFO - Data transmission successful
2025-05-14 07:45:59,647 - client_42 - INFO - Client 42 started with algorithm: fedprox, model: resnet18fashion
2025-05-14 07:46:06,000 - client_42 - INFO - Epoch 1/2 - Loss: 0.2150
2025-05-14 07:46:09,844 - client_42 - INFO - Epoch 2/2 - Loss: 0.1729
2025-05-14 07:46:09,855 - client_42 - INFO - Sent 717496 bytes to server (weights size: 717344 bytes, client data size: 1210, sparse: False)
2025-05-14 07:46:09,869 - client_42 - INFO - Data transmission successful
2025-05-14 08:39:09,313 - client_42 - INFO - Client 42 started with algorithm: fedavg, model: resnet18fashion
2025-05-14 08:39:18,432 - client_42 - INFO - Epoch 1/2 - Loss: 0.3268
2025-05-14 08:39:23,674 - client_42 - INFO - Epoch 2/2 - Loss: 0.2395
2025-05-14 08:39:23,686 - client_42 - INFO - Sent 717498 bytes to server (weights size: 717344 bytes, client data size: 1210, sparse: False)
2025-05-14 08:39:23,715 - client_42 - INFO - Data transmission successful
2025-05-14 08:39:49,920 - client_42 - INFO - Client 42 started with algorithm: fedavg, model: resnet18fashion
2025-05-14 08:40:00,909 - client_42 - INFO - Epoch 1/2 - Loss: 0.3352
2025-05-14 08:40:06,978 - client_42 - INFO - Epoch 2/2 - Loss: 0.2374
2025-05-14 08:40:06,990 - client_42 - INFO - Sent 717498 bytes to server (weights size: 717344 bytes, client data size: 1210, sparse: False)
2025-05-14 08:40:07,020 - client_42 - INFO - Data transmission successful
2025-05-14 08:40:12,066 - client_42 - INFO - Client 42 started with algorithm: fedavg, model: resnet18fashion
2025-05-14 08:40:22,622 - client_42 - INFO - Epoch 1/2 - Loss: 0.2992
2025-05-14 08:40:30,960 - client_42 - INFO - Epoch 2/2 - Loss: 0.2421
2025-05-14 08:40:30,973 - client_42 - INFO - Sent 717498 bytes to server (weights size: 717344 bytes, client data size: 1210, sparse: False)
2025-05-14 08:40:31,013 - client_42 - INFO - Data transmission successful
2025-05-14 08:43:56,172 - client_42 - INFO - Client 42 started with algorithm: fedavg, model: resnet18fashion
2025-05-14 08:44:03,637 - client_42 - INFO - Epoch 1/2 - Loss: 0.2761
2025-05-14 08:44:07,548 - client_42 - INFO - Epoch 2/2 - Loss: 0.2110
2025-05-14 08:44:07,558 - client_42 - INFO - Sent 717498 bytes to server (weights size: 717344 bytes, client data size: 1210, sparse: False)
2025-05-14 08:44:07,574 - client_42 - INFO - Data transmission successful
2025-05-14 08:46:56,226 - client_42 - INFO - Client 42 started with algorithm: fedavg, model: resnet18fashion
2025-05-14 08:47:05,608 - client_42 - INFO - Epoch 1/2 - Loss: 0.2285
2025-05-14 08:47:10,992 - client_42 - INFO - Epoch 2/2 - Loss: 0.1893
2025-05-14 08:47:11,004 - client_42 - INFO - Sent 717498 bytes to server (weights size: 717344 bytes, client data size: 1210, sparse: False)
2025-05-14 08:47:11,024 - client_42 - INFO - Data transmission successful
2025-05-14 08:47:29,913 - client_42 - INFO - Client 42 started with algorithm: fedavg, model: resnet18fashion
2025-05-14 08:47:37,302 - client_42 - INFO - Epoch 1/2 - Loss: 0.2301
2025-05-14 08:47:42,126 - client_42 - INFO - Epoch 2/2 - Loss: 0.1941
2025-05-14 08:47:42,138 - client_42 - INFO - Sent 717498 bytes to server (weights size: 717344 bytes, client data size: 1210, sparse: False)
2025-05-14 08:47:42,167 - client_42 - INFO - Data transmission successful
2025-05-14 08:48:16,991 - client_42 - INFO - Client 42 started with algorithm: fedavg, model: resnet18fashion
2025-05-14 08:48:23,389 - client_42 - INFO - Epoch 1/2 - Loss: 0.2468
2025-05-14 08:48:27,493 - client_42 - INFO - Epoch 2/2 - Loss: 0.1881
2025-05-14 08:48:27,505 - client_42 - INFO - Sent 717498 bytes to server (weights size: 717344 bytes, client data size: 1210, sparse: False)
2025-05-14 08:48:27,538 - client_42 - INFO - Data transmission successful
2025-05-14 08:50:20,499 - client_42 - INFO - Client 42 started with algorithm: fedavg, model: resnet18fashion
2025-05-14 08:50:29,993 - client_42 - INFO - Epoch 1/2 - Loss: 0.3009
2025-05-14 08:50:36,712 - client_42 - INFO - Epoch 2/2 - Loss: 0.1740
2025-05-14 08:50:36,724 - client_42 - INFO - Sent 717498 bytes to server (weights size: 717344 bytes, client data size: 1210, sparse: False)
2025-05-14 08:50:36,751 - client_42 - INFO - Data transmission successful
2025-05-14 08:50:54,584 - client_42 - INFO - Client 42 started with algorithm: fedavg, model: resnet18fashion
2025-05-14 08:51:00,797 - client_42 - INFO - Epoch 1/2 - Loss: 0.2899
2025-05-14 08:51:04,272 - client_42 - INFO - Epoch 2/2 - Loss: 0.1868
2025-05-14 08:51:04,283 - client_42 - INFO - Sent 717498 bytes to server (weights size: 717344 bytes, client data size: 1210, sparse: False)
2025-05-14 08:51:04,299 - client_42 - INFO - Data transmission successful
2025-05-14 08:53:04,509 - client_42 - INFO - Client 42 started with algorithm: fedavg, model: resnet18fashion
2025-05-14 08:53:09,435 - client_42 - INFO - Epoch 1/2 - Loss: 0.2175
2025-05-14 08:53:13,207 - client_42 - INFO - Epoch 2/2 - Loss: 0.1813
2025-05-14 08:53:13,217 - client_42 - INFO - Sent 717498 bytes to server (weights size: 717344 bytes, client data size: 1210, sparse: False)
2025-05-14 08:53:13,232 - client_42 - INFO - Data transmission successful
2025-05-14 08:58:04,676 - client_42 - INFO - Client 42 started with algorithm: fedavg, model: resnet18fashion
2025-05-14 08:58:12,475 - client_42 - INFO - Epoch 1/2 - Loss: 0.2183
2025-05-14 08:58:17,947 - client_42 - INFO - Epoch 2/2 - Loss: 0.1690
2025-05-14 08:58:17,956 - client_42 - INFO - Sent 717498 bytes to server (weights size: 717344 bytes, client data size: 1210, sparse: False)
2025-05-14 08:58:17,971 - client_42 - INFO - Data transmission successful
2025-05-14 08:58:40,871 - client_42 - INFO - Client 42 started with algorithm: fedavg, model: resnet18fashion
2025-05-14 08:58:47,627 - client_42 - INFO - Epoch 1/2 - Loss: 0.2118
2025-05-14 08:58:51,294 - client_42 - INFO - Epoch 2/2 - Loss: 0.1776
2025-05-14 08:58:51,305 - client_42 - INFO - Sent 717498 bytes to server (weights size: 717344 bytes, client data size: 1210, sparse: False)
2025-05-14 08:58:51,325 - client_42 - INFO - Data transmission successful
2025-05-14 08:58:55,189 - client_42 - INFO - Client 42 started with algorithm: fedavg, model: resnet18fashion
2025-05-14 08:59:01,066 - client_42 - INFO - Epoch 1/2 - Loss: 0.2238
2025-05-14 08:59:04,913 - client_42 - INFO - Epoch 2/2 - Loss: 0.1695
2025-05-14 08:59:04,924 - client_42 - INFO - Sent 717498 bytes to server (weights size: 717344 bytes, client data size: 1210, sparse: False)
2025-05-14 08:59:04,942 - client_42 - INFO - Data transmission successful
