2025-05-12 11:21:14,341 - client_39 - INFO - Client 39 started with algorithm: fedewma, model: lenet5
2025-05-12 11:21:18,941 - client_39 - INFO - Epoch 1/2 - Loss: 0.1213
2025-05-12 11:21:19,653 - client_39 - INFO - Epoch 2/2 - Loss: 0.0535
2025-05-12 11:21:19,654 - client_39 - INFO - Client 39 sending full delta weights
2025-05-12 11:21:19,656 - client_39 - INFO - Sent 250184 bytes to server (weights size: 250032 bytes, client data size: 1220, sparse: False)
2025-05-12 11:21:19,660 - client_39 - INFO - Data transmission successful
2025-05-12 11:21:53,729 - client_39 - INFO - Client 39 started with algorithm: fedewma, model: lenet5
2025-05-12 11:21:58,437 - client_39 - INFO - Epoch 1/2 - Loss: 0.1268
2025-05-12 11:22:00,423 - client_39 - INFO - Epoch 2/2 - Loss: 0.0535
2025-05-12 11:22:00,424 - client_39 - INFO - Client 39 sending full delta weights
2025-05-12 11:22:00,427 - client_39 - INFO - Sent 250184 bytes to server (weights size: 250032 bytes, client data size: 1220, sparse: False)
2025-05-12 11:22:00,437 - client_39 - INFO - Data transmission successful
2025-05-12 11:22:25,153 - client_39 - INFO - Client 39 started with algorithm: fedewma, model: lenet5
2025-05-12 11:22:31,907 - client_39 - INFO - Epoch 1/2 - Loss: 0.0956
2025-05-12 11:22:34,922 - client_39 - INFO - Epoch 2/2 - Loss: 0.0449
2025-05-12 11:22:34,923 - client_39 - INFO - Client 39 sending full delta weights
2025-05-12 11:22:34,926 - client_39 - INFO - Sent 250184 bytes to server (weights size: 250032 bytes, client data size: 1220, sparse: False)
2025-05-12 11:22:34,934 - client_39 - INFO - Data transmission successful
2025-05-12 11:23:12,310 - client_39 - INFO - Client 39 started with algorithm: fedewma, model: lenet5
2025-05-12 11:23:17,700 - client_39 - INFO - Epoch 1/2 - Loss: 0.0996
2025-05-12 11:23:19,483 - client_39 - INFO - Epoch 2/2 - Loss: 0.0425
2025-05-12 11:23:19,486 - client_39 - INFO - Client 39 sending full delta weights
2025-05-12 11:23:19,489 - client_39 - INFO - Sent 250184 bytes to server (weights size: 250032 bytes, client data size: 1220, sparse: False)
2025-05-12 11:23:19,492 - client_39 - INFO - Data transmission successful
2025-05-12 11:23:59,230 - client_39 - INFO - Client 39 started with algorithm: fedewma, model: lenet5
2025-05-12 11:24:05,430 - client_39 - INFO - Epoch 1/2 - Loss: 0.0901
2025-05-12 11:24:08,364 - client_39 - INFO - Epoch 2/2 - Loss: 0.0502
2025-05-12 11:24:08,365 - client_39 - INFO - Client 39 sending full delta weights
2025-05-12 11:24:08,370 - client_39 - INFO - Sent 250184 bytes to server (weights size: 250032 bytes, client data size: 1220, sparse: False)
2025-05-12 11:24:08,379 - client_39 - INFO - Data transmission successful
2025-05-12 11:25:26,644 - client_39 - INFO - Client 39 started with algorithm: fedewma, model: lenet5
2025-05-12 11:25:32,336 - client_39 - INFO - Epoch 1/2 - Loss: 0.0694
2025-05-12 11:25:34,412 - client_39 - INFO - Epoch 2/2 - Loss: 0.0300
2025-05-12 11:25:34,413 - client_39 - INFO - Client 39 sending full delta weights
2025-05-12 11:25:34,415 - client_39 - INFO - Sent 250184 bytes to server (weights size: 250032 bytes, client data size: 1220, sparse: False)
2025-05-12 11:25:34,422 - client_39 - INFO - Data transmission successful
2025-05-12 11:25:39,036 - client_39 - INFO - Client 39 started with algorithm: fedewma, model: lenet5
2025-05-12 11:25:43,512 - client_39 - INFO - Epoch 1/2 - Loss: 0.0690
2025-05-12 11:25:44,238 - client_39 - INFO - Epoch 2/2 - Loss: 0.0284
2025-05-12 11:25:44,239 - client_39 - INFO - Client 39 sending full delta weights
2025-05-12 11:25:44,241 - client_39 - INFO - Sent 250184 bytes to server (weights size: 250032 bytes, client data size: 1220, sparse: False)
2025-05-12 11:25:44,244 - client_39 - INFO - Data transmission successful
2025-05-12 11:32:18,701 - client_39 - INFO - Client 39 started with algorithm: fedewma, model: lenet5
2025-05-12 11:32:23,281 - client_39 - INFO - Epoch 1/2 - Loss: 0.0380
2025-05-12 11:32:24,800 - client_39 - INFO - Epoch 2/2 - Loss: 0.0155
2025-05-12 11:32:24,801 - client_39 - INFO - Client 39 sending full delta weights
2025-05-12 11:32:24,805 - client_39 - INFO - Sent 250184 bytes to server (weights size: 250032 bytes, client data size: 1220, sparse: False)
2025-05-12 11:32:24,809 - client_39 - INFO - Data transmission successful
2025-05-12 11:33:10,478 - client_39 - INFO - Client 39 started with algorithm: fedewma, model: lenet5
2025-05-12 11:33:15,391 - client_39 - INFO - Epoch 1/2 - Loss: 0.0382
2025-05-12 11:33:16,559 - client_39 - INFO - Epoch 2/2 - Loss: 0.0193
2025-05-12 11:33:16,559 - client_39 - INFO - Client 39 sending full delta weights
2025-05-12 11:33:16,562 - client_39 - INFO - Sent 250184 bytes to server (weights size: 250032 bytes, client data size: 1220, sparse: False)
2025-05-12 11:33:16,569 - client_39 - INFO - Data transmission successful
2025-05-12 11:34:52,318 - client_39 - INFO - Client 39 started with algorithm: fedewma, model: lenet5
2025-05-12 11:34:58,554 - client_39 - INFO - Epoch 1/2 - Loss: 0.0326
2025-05-12 11:35:00,462 - client_39 - INFO - Epoch 2/2 - Loss: 0.0141
2025-05-12 11:35:00,463 - client_39 - INFO - Client 39 sending full delta weights
2025-05-12 11:35:00,465 - client_39 - INFO - Sent 250184 bytes to server (weights size: 250032 bytes, client data size: 1220, sparse: False)
2025-05-12 11:35:00,472 - client_39 - INFO - Data transmission successful
2025-05-12 11:35:20,414 - client_39 - INFO - Client 39 started with algorithm: fedewma, model: lenet5
2025-05-12 11:35:26,010 - client_39 - INFO - Epoch 1/2 - Loss: 0.0328
2025-05-12 11:35:27,841 - client_39 - INFO - Epoch 2/2 - Loss: 0.0124
2025-05-12 11:35:27,842 - client_39 - INFO - Client 39 sending full delta weights
2025-05-12 11:35:27,845 - client_39 - INFO - Sent 250184 bytes to server (weights size: 250032 bytes, client data size: 1220, sparse: False)
2025-05-12 11:35:27,849 - client_39 - INFO - Data transmission successful
2025-05-12 11:35:49,359 - client_39 - INFO - Client 39 started with algorithm: fedewma, model: lenet5
2025-05-12 11:35:55,111 - client_39 - INFO - Epoch 1/2 - Loss: 0.0295
2025-05-12 11:35:57,028 - client_39 - INFO - Epoch 2/2 - Loss: 0.0152
2025-05-12 11:35:57,028 - client_39 - INFO - Client 39 sending full delta weights
2025-05-12 11:35:57,031 - client_39 - INFO - Sent 250184 bytes to server (weights size: 250032 bytes, client data size: 1220, sparse: False)
2025-05-12 11:35:57,039 - client_39 - INFO - Data transmission successful
2025-05-12 11:37:11,315 - client_39 - INFO - Client 39 started with algorithm: fedewma, model: lenet5
2025-05-12 11:37:17,307 - client_39 - INFO - Epoch 1/2 - Loss: 0.0385
2025-05-12 11:37:19,644 - client_39 - INFO - Epoch 2/2 - Loss: 0.0125
2025-05-12 11:37:19,645 - client_39 - INFO - Client 39 sending full delta weights
2025-05-12 11:37:19,648 - client_39 - INFO - Sent 250184 bytes to server (weights size: 250032 bytes, client data size: 1220, sparse: False)
2025-05-12 11:37:19,657 - client_39 - INFO - Data transmission successful
2025-05-13 07:08:59,277 - client_39 - INFO - Client 39 started with algorithm: fedprox, model: lenet5
2025-05-13 07:09:03,539 - client_39 - INFO - Epoch 1/2 - Loss: 0.1185
2025-05-13 07:09:04,938 - client_39 - INFO - Epoch 2/2 - Loss: 0.0592
2025-05-13 07:09:04,941 - client_39 - INFO - Sent 250511 bytes to server (weights size: 250359 bytes, client data size: 1220, sparse: False)
2025-05-13 07:09:04,946 - client_39 - INFO - Data transmission successful
2025-05-13 07:09:37,341 - client_39 - INFO - Client 39 started with algorithm: fedprox, model: lenet5
2025-05-13 07:09:41,379 - client_39 - INFO - Epoch 1/2 - Loss: 0.1209
2025-05-13 07:09:44,103 - client_39 - INFO - Epoch 2/2 - Loss: 0.0505
2025-05-13 07:09:44,106 - client_39 - INFO - Sent 250511 bytes to server (weights size: 250359 bytes, client data size: 1220, sparse: False)
2025-05-13 07:09:44,112 - client_39 - INFO - Data transmission successful
2025-05-13 07:10:03,398 - client_39 - INFO - Client 39 started with algorithm: fedprox, model: lenet5
2025-05-13 07:10:07,640 - client_39 - INFO - Epoch 1/2 - Loss: 0.0976
2025-05-13 07:10:10,588 - client_39 - INFO - Epoch 2/2 - Loss: 0.0480
2025-05-13 07:10:10,591 - client_39 - INFO - Sent 250511 bytes to server (weights size: 250359 bytes, client data size: 1220, sparse: False)
2025-05-13 07:10:10,600 - client_39 - INFO - Data transmission successful
2025-05-13 07:10:40,410 - client_39 - INFO - Client 39 started with algorithm: fedprox, model: lenet5
2025-05-13 07:10:44,187 - client_39 - INFO - Epoch 1/2 - Loss: 0.0999
2025-05-13 07:10:46,412 - client_39 - INFO - Epoch 2/2 - Loss: 0.0407
2025-05-13 07:10:46,418 - client_39 - INFO - Sent 250511 bytes to server (weights size: 250359 bytes, client data size: 1220, sparse: False)
2025-05-13 07:10:46,429 - client_39 - INFO - Data transmission successful
2025-05-13 07:11:17,025 - client_39 - INFO - Client 39 started with algorithm: fedprox, model: lenet5
2025-05-13 07:11:21,162 - client_39 - INFO - Epoch 1/2 - Loss: 0.0901
2025-05-13 07:11:23,912 - client_39 - INFO - Epoch 2/2 - Loss: 0.0387
2025-05-13 07:11:23,915 - client_39 - INFO - Sent 250511 bytes to server (weights size: 250359 bytes, client data size: 1220, sparse: False)
2025-05-13 07:11:23,921 - client_39 - INFO - Data transmission successful
2025-05-13 07:12:27,097 - client_39 - INFO - Client 39 started with algorithm: fedprox, model: lenet5
2025-05-13 07:12:30,049 - client_39 - INFO - Epoch 1/2 - Loss: 0.0705
2025-05-13 07:12:32,023 - client_39 - INFO - Epoch 2/2 - Loss: 0.0299
2025-05-13 07:12:32,026 - client_39 - INFO - Sent 250511 bytes to server (weights size: 250359 bytes, client data size: 1220, sparse: False)
2025-05-13 07:12:32,032 - client_39 - INFO - Data transmission successful
2025-05-13 07:12:36,486 - client_39 - INFO - Client 39 started with algorithm: fedprox, model: lenet5
2025-05-13 07:12:38,292 - client_39 - INFO - Epoch 1/2 - Loss: 0.0740
2025-05-13 07:12:39,120 - client_39 - INFO - Epoch 2/2 - Loss: 0.0309
2025-05-13 07:12:39,122 - client_39 - INFO - Sent 250511 bytes to server (weights size: 250359 bytes, client data size: 1220, sparse: False)
2025-05-13 07:12:39,126 - client_39 - INFO - Data transmission successful
2025-05-13 07:17:42,064 - client_39 - INFO - Client 39 started with algorithm: fedprox, model: lenet5
2025-05-13 07:17:44,755 - client_39 - INFO - Epoch 1/2 - Loss: 0.0373
2025-05-13 07:17:46,322 - client_39 - INFO - Epoch 2/2 - Loss: 0.0155
2025-05-13 07:17:46,325 - client_39 - INFO - Sent 250511 bytes to server (weights size: 250359 bytes, client data size: 1220, sparse: False)
2025-05-13 07:17:46,330 - client_39 - INFO - Data transmission successful
2025-05-13 07:18:26,258 - client_39 - INFO - Client 39 started with algorithm: fedprox, model: lenet5
2025-05-13 07:18:28,614 - client_39 - INFO - Epoch 1/2 - Loss: 0.0440
2025-05-13 07:18:29,656 - client_39 - INFO - Epoch 2/2 - Loss: 0.0168
2025-05-13 07:18:29,659 - client_39 - INFO - Sent 250511 bytes to server (weights size: 250359 bytes, client data size: 1220, sparse: False)
2025-05-13 07:18:29,664 - client_39 - INFO - Data transmission successful
2025-05-13 07:19:41,995 - client_39 - INFO - Client 39 started with algorithm: fedprox, model: lenet5
2025-05-13 07:19:45,426 - client_39 - INFO - Epoch 1/2 - Loss: 0.0328
2025-05-13 07:19:47,080 - client_39 - INFO - Epoch 2/2 - Loss: 0.0125
2025-05-13 07:19:47,083 - client_39 - INFO - Sent 250511 bytes to server (weights size: 250359 bytes, client data size: 1220, sparse: False)
2025-05-13 07:19:47,089 - client_39 - INFO - Data transmission successful
2025-05-13 07:20:03,469 - client_39 - INFO - Client 39 started with algorithm: fedprox, model: lenet5
2025-05-13 07:20:07,940 - client_39 - INFO - Epoch 1/2 - Loss: 0.0312
2025-05-13 07:20:09,996 - client_39 - INFO - Epoch 2/2 - Loss: 0.0144
2025-05-13 07:20:10,000 - client_39 - INFO - Sent 250511 bytes to server (weights size: 250359 bytes, client data size: 1220, sparse: False)
2025-05-13 07:20:10,005 - client_39 - INFO - Data transmission successful
2025-05-13 07:20:27,328 - client_39 - INFO - Client 39 started with algorithm: fedprox, model: lenet5
2025-05-13 07:20:30,543 - client_39 - INFO - Epoch 1/2 - Loss: 0.0314
2025-05-13 07:20:32,391 - client_39 - INFO - Epoch 2/2 - Loss: 0.0117
2025-05-13 07:20:32,394 - client_39 - INFO - Sent 250511 bytes to server (weights size: 250359 bytes, client data size: 1220, sparse: False)
2025-05-13 07:20:32,400 - client_39 - INFO - Data transmission successful
2025-05-13 07:21:30,883 - client_39 - INFO - Client 39 started with algorithm: fedprox, model: lenet5
2025-05-13 07:21:34,206 - client_39 - INFO - Epoch 1/2 - Loss: 0.0336
2025-05-13 07:21:36,471 - client_39 - INFO - Epoch 2/2 - Loss: 0.0133
2025-05-13 07:21:36,474 - client_39 - INFO - Sent 250511 bytes to server (weights size: 250359 bytes, client data size: 1220, sparse: False)
2025-05-13 07:21:36,479 - client_39 - INFO - Data transmission successful
2025-05-13 07:28:47,902 - client_39 - INFO - Client 39 started with algorithm: fedavg, model: lenet5
2025-05-13 07:28:49,881 - client_39 - INFO - Epoch 1/2 - Loss: 0.1876
2025-05-13 07:28:50,534 - client_39 - INFO - Epoch 2/2 - Loss: 0.0609
2025-05-13 07:28:50,537 - client_39 - INFO - Sent 250513 bytes to server (weights size: 250359 bytes, client data size: 1220, sparse: False)
2025-05-13 07:28:50,540 - client_39 - INFO - Data transmission successful
2025-05-13 07:29:15,637 - client_39 - INFO - Client 39 started with algorithm: fedavg, model: lenet5
2025-05-13 07:29:18,780 - client_39 - INFO - Epoch 1/2 - Loss: 0.1457
2025-05-13 07:29:21,280 - client_39 - INFO - Epoch 2/2 - Loss: 0.0623
2025-05-13 07:29:21,283 - client_39 - INFO - Sent 250513 bytes to server (weights size: 250359 bytes, client data size: 1220, sparse: False)
2025-05-13 07:29:21,291 - client_39 - INFO - Data transmission successful
2025-05-13 07:29:38,571 - client_39 - INFO - Client 39 started with algorithm: fedavg, model: lenet5
2025-05-13 07:29:41,938 - client_39 - INFO - Epoch 1/2 - Loss: 0.1118
2025-05-13 07:29:44,725 - client_39 - INFO - Epoch 2/2 - Loss: 0.0559
2025-05-13 07:29:44,728 - client_39 - INFO - Sent 250513 bytes to server (weights size: 250359 bytes, client data size: 1220, sparse: False)
2025-05-13 07:29:44,735 - client_39 - INFO - Data transmission successful
2025-05-13 07:30:11,746 - client_39 - INFO - Client 39 started with algorithm: fedavg, model: lenet5
2025-05-13 07:30:14,834 - client_39 - INFO - Epoch 1/2 - Loss: 0.1160
2025-05-13 07:30:16,763 - client_39 - INFO - Epoch 2/2 - Loss: 0.0470
2025-05-13 07:30:16,766 - client_39 - INFO - Sent 250513 bytes to server (weights size: 250359 bytes, client data size: 1220, sparse: False)
2025-05-13 07:30:16,771 - client_39 - INFO - Data transmission successful
2025-05-13 07:30:45,693 - client_39 - INFO - Client 39 started with algorithm: fedavg, model: lenet5
2025-05-13 07:30:48,611 - client_39 - INFO - Epoch 1/2 - Loss: 0.1050
2025-05-13 07:30:51,183 - client_39 - INFO - Epoch 2/2 - Loss: 0.0436
2025-05-13 07:30:51,211 - client_39 - INFO - Sent 250513 bytes to server (weights size: 250359 bytes, client data size: 1220, sparse: False)
2025-05-13 07:30:51,225 - client_39 - INFO - Data transmission successful
2025-05-13 07:31:48,791 - client_39 - INFO - Client 39 started with algorithm: fedavg, model: lenet5
2025-05-13 07:31:51,464 - client_39 - INFO - Epoch 1/2 - Loss: 0.0929
2025-05-13 07:31:53,318 - client_39 - INFO - Epoch 2/2 - Loss: 0.0341
2025-05-13 07:31:53,322 - client_39 - INFO - Sent 250513 bytes to server (weights size: 250359 bytes, client data size: 1220, sparse: False)
2025-05-13 07:31:53,328 - client_39 - INFO - Data transmission successful
2025-05-13 07:31:57,472 - client_39 - INFO - Client 39 started with algorithm: fedavg, model: lenet5
2025-05-13 07:31:59,048 - client_39 - INFO - Epoch 1/2 - Loss: 0.1138
2025-05-13 07:31:59,689 - client_39 - INFO - Epoch 2/2 - Loss: 0.0334
2025-05-13 07:31:59,692 - client_39 - INFO - Sent 250513 bytes to server (weights size: 250359 bytes, client data size: 1220, sparse: False)
2025-05-13 07:31:59,696 - client_39 - INFO - Data transmission successful
2025-05-13 07:36:42,109 - client_39 - INFO - Client 39 started with algorithm: fedavg, model: lenet5
2025-05-13 07:36:44,245 - client_39 - INFO - Epoch 1/2 - Loss: 0.0397
2025-05-13 07:36:45,733 - client_39 - INFO - Epoch 2/2 - Loss: 0.0160
2025-05-13 07:36:45,736 - client_39 - INFO - Sent 250513 bytes to server (weights size: 250359 bytes, client data size: 1220, sparse: False)
2025-05-13 07:36:45,742 - client_39 - INFO - Data transmission successful
2025-05-13 07:37:19,462 - client_39 - INFO - Client 39 started with algorithm: fedavg, model: lenet5
2025-05-13 07:37:21,404 - client_39 - INFO - Epoch 1/2 - Loss: 0.0512
2025-05-13 07:37:22,368 - client_39 - INFO - Epoch 2/2 - Loss: 0.0174
2025-05-13 07:37:22,371 - client_39 - INFO - Sent 250513 bytes to server (weights size: 250359 bytes, client data size: 1220, sparse: False)
2025-05-13 07:37:22,375 - client_39 - INFO - Data transmission successful
2025-05-13 07:38:28,118 - client_39 - INFO - Client 39 started with algorithm: fedavg, model: lenet5
2025-05-13 07:38:31,679 - client_39 - INFO - Epoch 1/2 - Loss: 0.0443
2025-05-13 07:38:33,664 - client_39 - INFO - Epoch 2/2 - Loss: 0.0153
2025-05-13 07:38:33,668 - client_39 - INFO - Sent 250513 bytes to server (weights size: 250359 bytes, client data size: 1220, sparse: False)
2025-05-13 07:38:33,674 - client_39 - INFO - Data transmission successful
2025-05-13 07:38:50,713 - client_39 - INFO - Client 39 started with algorithm: fedavg, model: lenet5
2025-05-13 07:38:56,770 - client_39 - INFO - Epoch 1/2 - Loss: 0.0343
2025-05-13 07:38:58,413 - client_39 - INFO - Epoch 2/2 - Loss: 0.0143
2025-05-13 07:38:58,418 - client_39 - INFO - Sent 250513 bytes to server (weights size: 250359 bytes, client data size: 1220, sparse: False)
2025-05-13 07:38:58,427 - client_39 - INFO - Data transmission successful
2025-05-13 07:39:15,186 - client_39 - INFO - Client 39 started with algorithm: fedavg, model: lenet5
2025-05-13 07:39:18,121 - client_39 - INFO - Epoch 1/2 - Loss: 0.0677
2025-05-13 07:39:19,832 - client_39 - INFO - Epoch 2/2 - Loss: 0.0167
2025-05-13 07:39:19,835 - client_39 - INFO - Sent 250513 bytes to server (weights size: 250359 bytes, client data size: 1220, sparse: False)
2025-05-13 07:39:19,841 - client_39 - INFO - Data transmission successful
2025-05-13 07:40:09,907 - client_39 - INFO - Client 39 started with algorithm: fedavg, model: lenet5
2025-05-13 07:40:13,512 - client_39 - INFO - Epoch 1/2 - Loss: 0.0414
2025-05-13 07:40:15,500 - client_39 - INFO - Epoch 2/2 - Loss: 0.0138
2025-05-13 07:40:15,503 - client_39 - INFO - Sent 250513 bytes to server (weights size: 250359 bytes, client data size: 1220, sparse: False)
2025-05-13 07:40:15,509 - client_39 - INFO - Data transmission successful
2025-05-13 14:35:36,146 - client_39 - INFO - Client 39 started with algorithm: fedewma, model: lenet5
2025-05-13 14:35:39,680 - client_39 - INFO - Epoch 1/2 - Loss: 0.1183
2025-05-13 14:35:40,333 - client_39 - INFO - Epoch 2/2 - Loss: 0.0568
2025-05-13 14:35:40,334 - client_39 - INFO - Client 39 sending full delta weights
2025-05-13 14:35:40,336 - client_39 - INFO - Sent 250184 bytes to server (weights size: 250032 bytes, client data size: 1220, sparse: False)
2025-05-13 14:35:40,340 - client_39 - INFO - Data transmission successful
2025-05-13 14:36:09,413 - client_39 - INFO - Client 39 started with algorithm: fedewma, model: lenet5
2025-05-13 14:36:14,495 - client_39 - INFO - Epoch 1/2 - Loss: 0.1214
2025-05-13 14:36:16,828 - client_39 - INFO - Epoch 2/2 - Loss: 0.0473
2025-05-13 14:36:16,830 - client_39 - INFO - Client 39 sending full delta weights
2025-05-13 14:36:16,832 - client_39 - INFO - Sent 250184 bytes to server (weights size: 250032 bytes, client data size: 1220, sparse: False)
2025-05-13 14:36:16,839 - client_39 - INFO - Data transmission successful
2025-05-13 14:36:35,297 - client_39 - INFO - Client 39 started with algorithm: fedewma, model: lenet5
2025-05-13 14:36:40,734 - client_39 - INFO - Epoch 1/2 - Loss: 0.1087
2025-05-13 14:36:43,290 - client_39 - INFO - Epoch 2/2 - Loss: 0.0666
2025-05-13 14:36:43,292 - client_39 - INFO - Client 39 sending full delta weights
2025-05-13 14:36:43,294 - client_39 - INFO - Sent 250184 bytes to server (weights size: 250032 bytes, client data size: 1220, sparse: False)
2025-05-13 14:36:43,301 - client_39 - INFO - Data transmission successful
2025-05-13 14:37:14,376 - client_39 - INFO - Client 39 started with algorithm: fedewma, model: lenet5
2025-05-13 14:37:19,393 - client_39 - INFO - Epoch 1/2 - Loss: 0.0893
2025-05-13 14:37:21,291 - client_39 - INFO - Epoch 2/2 - Loss: 0.0404
2025-05-13 14:37:21,292 - client_39 - INFO - Client 39 sending full delta weights
2025-05-13 14:37:21,294 - client_39 - INFO - Sent 250184 bytes to server (weights size: 250032 bytes, client data size: 1220, sparse: False)
2025-05-13 14:37:21,301 - client_39 - INFO - Data transmission successful
2025-05-13 14:37:53,734 - client_39 - INFO - Client 39 started with algorithm: fedewma, model: lenet5
2025-05-13 14:37:58,483 - client_39 - INFO - Epoch 1/2 - Loss: 0.0959
2025-05-13 14:38:00,954 - client_39 - INFO - Epoch 2/2 - Loss: 0.0400
2025-05-13 14:38:00,955 - client_39 - INFO - Client 39 sending full delta weights
2025-05-13 14:38:00,958 - client_39 - INFO - Sent 250184 bytes to server (weights size: 250032 bytes, client data size: 1220, sparse: False)
2025-05-13 14:38:00,965 - client_39 - INFO - Data transmission successful
2025-05-13 14:39:08,423 - client_39 - INFO - Client 39 started with algorithm: fedewma, model: lenet5
2025-05-13 14:39:13,091 - client_39 - INFO - Epoch 1/2 - Loss: 0.0702
2025-05-13 14:39:14,884 - client_39 - INFO - Epoch 2/2 - Loss: 0.0296
2025-05-13 14:39:14,885 - client_39 - INFO - Client 39 sending full delta weights
2025-05-13 14:39:14,887 - client_39 - INFO - Sent 250184 bytes to server (weights size: 250032 bytes, client data size: 1220, sparse: False)
2025-05-13 14:39:14,894 - client_39 - INFO - Data transmission successful
2025-05-13 14:39:18,964 - client_39 - INFO - Client 39 started with algorithm: fedewma, model: lenet5
2025-05-13 14:39:22,505 - client_39 - INFO - Epoch 1/2 - Loss: 0.0712
2025-05-13 14:39:23,160 - client_39 - INFO - Epoch 2/2 - Loss: 0.0280
2025-05-13 14:39:23,160 - client_39 - INFO - Client 39 sending full delta weights
2025-05-13 14:39:23,163 - client_39 - INFO - Sent 250184 bytes to server (weights size: 250032 bytes, client data size: 1220, sparse: False)
2025-05-13 14:39:23,166 - client_39 - INFO - Data transmission successful
2025-05-13 14:44:58,801 - client_39 - INFO - Client 39 started with algorithm: fedewma, model: lenet5
2025-05-13 14:45:02,586 - client_39 - INFO - Epoch 1/2 - Loss: 0.0311
2025-05-13 14:45:03,929 - client_39 - INFO - Epoch 2/2 - Loss: 0.0159
2025-05-13 14:45:03,929 - client_39 - INFO - Client 39 sending full delta weights
2025-05-13 14:45:03,932 - client_39 - INFO - Sent 250184 bytes to server (weights size: 250032 bytes, client data size: 1220, sparse: False)
2025-05-13 14:45:03,935 - client_39 - INFO - Data transmission successful
2025-05-13 14:45:45,027 - client_39 - INFO - Client 39 started with algorithm: fedewma, model: lenet5
2025-05-13 14:45:48,911 - client_39 - INFO - Epoch 1/2 - Loss: 0.0345
2025-05-13 14:45:49,943 - client_39 - INFO - Epoch 2/2 - Loss: 0.0145
2025-05-13 14:45:49,944 - client_39 - INFO - Client 39 sending full delta weights
2025-05-13 14:45:49,946 - client_39 - INFO - Sent 250184 bytes to server (weights size: 250032 bytes, client data size: 1220, sparse: False)
2025-05-13 14:45:49,950 - client_39 - INFO - Data transmission successful
2025-05-13 14:47:12,006 - client_39 - INFO - Client 39 started with algorithm: fedewma, model: lenet5
2025-05-13 14:47:16,805 - client_39 - INFO - Epoch 1/2 - Loss: 0.0307
2025-05-13 14:47:18,267 - client_39 - INFO - Epoch 2/2 - Loss: 0.0122
2025-05-13 14:47:18,267 - client_39 - INFO - Client 39 sending full delta weights
2025-05-13 14:47:18,270 - client_39 - INFO - Sent 250184 bytes to server (weights size: 250032 bytes, client data size: 1220, sparse: False)
2025-05-13 14:47:18,275 - client_39 - INFO - Data transmission successful
2025-05-13 14:47:35,217 - client_39 - INFO - Client 39 started with algorithm: fedewma, model: lenet5
2025-05-13 14:47:39,876 - client_39 - INFO - Epoch 1/2 - Loss: 0.0349
2025-05-13 14:47:41,448 - client_39 - INFO - Epoch 2/2 - Loss: 0.0121
2025-05-13 14:47:41,448 - client_39 - INFO - Client 39 sending full delta weights
2025-05-13 14:47:41,451 - client_39 - INFO - Sent 250184 bytes to server (weights size: 250032 bytes, client data size: 1220, sparse: False)
2025-05-13 14:47:41,456 - client_39 - INFO - Data transmission successful
2025-05-13 14:47:59,869 - client_39 - INFO - Client 39 started with algorithm: fedewma, model: lenet5
2025-05-13 14:48:04,576 - client_39 - INFO - Epoch 1/2 - Loss: 0.0266
2025-05-13 14:48:06,388 - client_39 - INFO - Epoch 2/2 - Loss: 0.0136
2025-05-13 14:48:06,388 - client_39 - INFO - Client 39 sending full delta weights
2025-05-13 14:48:06,390 - client_39 - INFO - Sent 250184 bytes to server (weights size: 250032 bytes, client data size: 1220, sparse: False)
2025-05-13 14:48:06,395 - client_39 - INFO - Data transmission successful
2025-05-13 14:49:09,811 - client_39 - INFO - Client 39 started with algorithm: fedewma, model: lenet5
2025-05-13 14:49:14,637 - client_39 - INFO - Epoch 1/2 - Loss: 0.0315
2025-05-13 14:49:16,671 - client_39 - INFO - Epoch 2/2 - Loss: 0.0109
2025-05-13 14:49:16,672 - client_39 - INFO - Client 39 sending full delta weights
2025-05-13 14:49:16,675 - client_39 - INFO - Sent 250184 bytes to server (weights size: 250032 bytes, client data size: 1220, sparse: False)
2025-05-13 14:49:16,680 - client_39 - INFO - Data transmission successful
2025-05-13 15:16:08,024 - client_39 - INFO - Client 39 started with algorithm: fedewma, model: lenet5
2025-05-13 15:16:11,587 - client_39 - INFO - Epoch 1/2 - Loss: 0.1229
2025-05-13 15:16:12,193 - client_39 - INFO - Epoch 2/2 - Loss: 0.0577
2025-05-13 15:16:12,194 - client_39 - INFO - Client 39 sending full delta weights
2025-05-13 15:16:12,196 - client_39 - INFO - Sent 250184 bytes to server (weights size: 250032 bytes, client data size: 1220, sparse: False)
2025-05-13 15:16:12,200 - client_39 - INFO - Data transmission successful
2025-05-13 15:16:42,506 - client_39 - INFO - Client 39 started with algorithm: fedewma, model: lenet5
2025-05-13 15:16:48,256 - client_39 - INFO - Epoch 1/2 - Loss: 0.1216
2025-05-13 15:16:51,793 - client_39 - INFO - Epoch 2/2 - Loss: 0.0461
2025-05-13 15:16:51,826 - client_39 - INFO - Client 39 sending full delta weights
2025-05-13 15:16:51,829 - client_39 - INFO - Sent 250184 bytes to server (weights size: 250032 bytes, client data size: 1220, sparse: False)
2025-05-13 15:16:51,832 - client_39 - INFO - Data transmission successful
2025-05-13 15:17:12,206 - client_39 - INFO - Client 39 started with algorithm: fedewma, model: lenet5
2025-05-13 15:17:17,668 - client_39 - INFO - Epoch 1/2 - Loss: 0.0934
2025-05-13 15:17:20,304 - client_39 - INFO - Epoch 2/2 - Loss: 0.0430
2025-05-13 15:17:20,305 - client_39 - INFO - Client 39 sending full delta weights
2025-05-13 15:17:20,307 - client_39 - INFO - Sent 250184 bytes to server (weights size: 250032 bytes, client data size: 1220, sparse: False)
2025-05-13 15:17:20,315 - client_39 - INFO - Data transmission successful
2025-05-13 15:17:52,418 - client_39 - INFO - Client 39 started with algorithm: fedewma, model: lenet5
2025-05-13 15:17:57,584 - client_39 - INFO - Epoch 1/2 - Loss: 0.0928
2025-05-13 15:17:59,434 - client_39 - INFO - Epoch 2/2 - Loss: 0.0447
2025-05-13 15:17:59,435 - client_39 - INFO - Client 39 sending full delta weights
2025-05-13 15:17:59,437 - client_39 - INFO - Sent 250184 bytes to server (weights size: 250032 bytes, client data size: 1220, sparse: False)
2025-05-13 15:17:59,443 - client_39 - INFO - Data transmission successful
2025-05-13 15:18:32,039 - client_39 - INFO - Client 39 started with algorithm: fedewma, model: lenet5
2025-05-13 15:18:37,322 - client_39 - INFO - Epoch 1/2 - Loss: 0.0927
2025-05-13 15:18:39,941 - client_39 - INFO - Epoch 2/2 - Loss: 0.0531
2025-05-13 15:18:39,942 - client_39 - INFO - Client 39 sending full delta weights
2025-05-13 15:18:39,945 - client_39 - INFO - Sent 250184 bytes to server (weights size: 250032 bytes, client data size: 1220, sparse: False)
2025-05-13 15:18:39,952 - client_39 - INFO - Data transmission successful
2025-05-13 15:19:50,269 - client_39 - INFO - Client 39 started with algorithm: fedewma, model: lenet5
2025-05-13 15:19:54,844 - client_39 - INFO - Epoch 1/2 - Loss: 0.0748
2025-05-13 15:19:56,665 - client_39 - INFO - Epoch 2/2 - Loss: 0.0308
2025-05-13 15:19:56,666 - client_39 - INFO - Client 39 sending full delta weights
2025-05-13 15:19:56,668 - client_39 - INFO - Sent 250184 bytes to server (weights size: 250032 bytes, client data size: 1220, sparse: False)
2025-05-13 15:19:56,673 - client_39 - INFO - Data transmission successful
2025-05-13 15:20:00,837 - client_39 - INFO - Client 39 started with algorithm: fedewma, model: lenet5
2025-05-13 15:20:04,525 - client_39 - INFO - Epoch 1/2 - Loss: 0.0704
2025-05-13 15:20:05,187 - client_39 - INFO - Epoch 2/2 - Loss: 0.0287
2025-05-13 15:20:05,187 - client_39 - INFO - Client 39 sending full delta weights
2025-05-13 15:20:05,189 - client_39 - INFO - Sent 250184 bytes to server (weights size: 250032 bytes, client data size: 1220, sparse: False)
2025-05-13 15:20:05,191 - client_39 - INFO - Data transmission successful
2025-05-13 15:26:04,383 - client_39 - INFO - Client 39 started with algorithm: fedewma, model: lenet5
2025-05-13 15:26:09,205 - client_39 - INFO - Epoch 1/2 - Loss: 0.0336
2025-05-13 15:26:10,501 - client_39 - INFO - Epoch 2/2 - Loss: 0.0152
2025-05-13 15:26:10,502 - client_39 - INFO - Client 39 sending full delta weights
2025-05-13 15:26:10,504 - client_39 - INFO - Sent 250184 bytes to server (weights size: 250032 bytes, client data size: 1220, sparse: False)
2025-05-13 15:26:10,509 - client_39 - INFO - Data transmission successful
2025-05-13 15:26:54,770 - client_39 - INFO - Client 39 started with algorithm: fedewma, model: lenet5
2025-05-13 15:26:59,016 - client_39 - INFO - Epoch 1/2 - Loss: 0.0386
2025-05-13 15:27:00,208 - client_39 - INFO - Epoch 2/2 - Loss: 0.0138
2025-05-13 15:27:00,208 - client_39 - INFO - Client 39 sending full delta weights
2025-05-13 15:27:00,211 - client_39 - INFO - Sent 250184 bytes to server (weights size: 250032 bytes, client data size: 1220, sparse: False)
2025-05-13 15:27:00,216 - client_39 - INFO - Data transmission successful
2025-05-13 15:28:25,876 - client_39 - INFO - Client 39 started with algorithm: fedewma, model: lenet5
2025-05-13 15:28:30,984 - client_39 - INFO - Epoch 1/2 - Loss: 0.0297
2025-05-13 15:28:32,485 - client_39 - INFO - Epoch 2/2 - Loss: 0.0143
2025-05-13 15:28:32,485 - client_39 - INFO - Client 39 sending full delta weights
2025-05-13 15:28:32,488 - client_39 - INFO - Sent 250184 bytes to server (weights size: 250032 bytes, client data size: 1220, sparse: False)
2025-05-13 15:28:32,493 - client_39 - INFO - Data transmission successful
2025-05-13 15:28:49,747 - client_39 - INFO - Client 39 started with algorithm: fedewma, model: lenet5
2025-05-13 15:28:54,239 - client_39 - INFO - Epoch 1/2 - Loss: 0.0315
2025-05-13 15:28:55,834 - client_39 - INFO - Epoch 2/2 - Loss: 0.0118
2025-05-13 15:28:55,835 - client_39 - INFO - Client 39 sending full delta weights
2025-05-13 15:28:55,837 - client_39 - INFO - Sent 250184 bytes to server (weights size: 250032 bytes, client data size: 1220, sparse: False)
2025-05-13 15:28:55,843 - client_39 - INFO - Data transmission successful
2025-05-13 15:29:15,220 - client_39 - INFO - Client 39 started with algorithm: fedewma, model: lenet5
2025-05-13 15:29:20,114 - client_39 - INFO - Epoch 1/2 - Loss: 0.0296
2025-05-13 15:29:21,897 - client_39 - INFO - Epoch 2/2 - Loss: 0.0128
2025-05-13 15:29:21,897 - client_39 - INFO - Client 39 sending full delta weights
2025-05-13 15:29:21,900 - client_39 - INFO - Sent 250184 bytes to server (weights size: 250032 bytes, client data size: 1220, sparse: False)
2025-05-13 15:29:21,905 - client_39 - INFO - Data transmission successful
2025-05-13 15:30:28,114 - client_39 - INFO - Client 39 started with algorithm: fedewma, model: lenet5
2025-05-13 15:30:33,729 - client_39 - INFO - Epoch 1/2 - Loss: 0.0316
2025-05-13 15:30:36,070 - client_39 - INFO - Epoch 2/2 - Loss: 0.0107
2025-05-13 15:30:36,071 - client_39 - INFO - Client 39 sending full delta weights
2025-05-13 15:30:36,073 - client_39 - INFO - Sent 250184 bytes to server (weights size: 250032 bytes, client data size: 1220, sparse: False)
2025-05-13 15:30:36,080 - client_39 - INFO - Data transmission successful
2025-05-13 15:59:25,135 - client_39 - INFO - Client 39 started with algorithm: fedewma, model: resnet18fashion
2025-05-13 15:59:32,494 - client_39 - INFO - Epoch 1/2 - Loss: 0.3909
2025-05-13 15:59:35,083 - client_39 - INFO - Epoch 2/2 - Loss: 0.3655
2025-05-13 15:59:35,085 - client_39 - INFO - Client 39 sending full delta weights
2025-05-13 15:59:35,093 - client_39 - INFO - Sent 716145 bytes to server (weights size: 715993 bytes, client data size: 1220, sparse: False)
2025-05-13 15:59:35,113 - client_39 - INFO - Data transmission successful
2025-05-13 16:00:28,760 - client_39 - INFO - Client 39 started with algorithm: fedewma, model: resnet18fashion
2025-05-13 16:00:39,955 - client_39 - INFO - Epoch 1/2 - Loss: 0.3321
2025-05-13 16:00:45,149 - client_39 - INFO - Epoch 2/2 - Loss: 0.2987
2025-05-13 16:00:45,152 - client_39 - INFO - Client 39 sending full delta weights
2025-05-13 16:00:45,160 - client_39 - INFO - Sent 716145 bytes to server (weights size: 715993 bytes, client data size: 1220, sparse: False)
2025-05-13 16:00:45,180 - client_39 - INFO - Data transmission successful
2025-05-13 16:01:09,823 - client_39 - INFO - Client 39 started with algorithm: fedewma, model: resnet18fashion
2025-05-13 16:01:21,178 - client_39 - INFO - Epoch 1/2 - Loss: 0.3166
2025-05-13 16:01:25,836 - client_39 - INFO - Epoch 2/2 - Loss: 0.2924
2025-05-13 16:01:25,839 - client_39 - INFO - Client 39 sending full delta weights
2025-05-13 16:01:25,847 - client_39 - INFO - Sent 716145 bytes to server (weights size: 715993 bytes, client data size: 1220, sparse: False)
2025-05-13 16:01:25,868 - client_39 - INFO - Data transmission successful
2025-05-13 16:02:18,845 - client_39 - INFO - Client 39 started with algorithm: fedewma, model: resnet18fashion
2025-05-13 16:02:30,054 - client_39 - INFO - Epoch 1/2 - Loss: 0.3063
2025-05-13 16:02:34,315 - client_39 - INFO - Epoch 2/2 - Loss: 0.2839
2025-05-13 16:02:34,318 - client_39 - INFO - Client 39 sending full delta weights
2025-05-13 16:02:34,327 - client_39 - INFO - Sent 716145 bytes to server (weights size: 715993 bytes, client data size: 1220, sparse: False)
2025-05-13 16:02:34,348 - client_39 - INFO - Data transmission successful
2025-05-13 16:03:29,667 - client_39 - INFO - Client 39 started with algorithm: fedewma, model: resnet18fashion
2025-05-13 16:03:40,399 - client_39 - INFO - Epoch 1/2 - Loss: 0.3020
2025-05-13 16:03:44,013 - client_39 - INFO - Epoch 2/2 - Loss: 0.2721
2025-05-13 16:03:44,016 - client_39 - INFO - Client 39 sending full delta weights
2025-05-13 16:03:44,026 - client_39 - INFO - Sent 716145 bytes to server (weights size: 715993 bytes, client data size: 1220, sparse: False)
2025-05-13 16:03:44,044 - client_39 - INFO - Data transmission successful
2025-05-13 16:05:29,149 - client_39 - INFO - Client 39 started with algorithm: fedewma, model: resnet18fashion
2025-05-13 16:05:39,012 - client_39 - INFO - Epoch 1/2 - Loss: 0.2598
2025-05-13 16:05:43,657 - client_39 - INFO - Epoch 2/2 - Loss: 0.2501
2025-05-13 16:05:43,660 - client_39 - INFO - Client 39 sending full delta weights
2025-05-13 16:05:43,670 - client_39 - INFO - Sent 716145 bytes to server (weights size: 715993 bytes, client data size: 1220, sparse: False)
2025-05-13 16:05:43,694 - client_39 - INFO - Data transmission successful
2025-05-13 16:05:48,985 - client_39 - INFO - Client 39 started with algorithm: fedewma, model: resnet18fashion
2025-05-13 16:05:56,765 - client_39 - INFO - Epoch 1/2 - Loss: 0.2985
2025-05-13 16:05:59,158 - client_39 - INFO - Epoch 2/2 - Loss: 0.2342
2025-05-13 16:05:59,160 - client_39 - INFO - Client 39 sending full delta weights
2025-05-13 16:05:59,168 - client_39 - INFO - Sent 716145 bytes to server (weights size: 715993 bytes, client data size: 1220, sparse: False)
2025-05-13 16:05:59,183 - client_39 - INFO - Data transmission successful
2025-05-13 16:16:48,466 - client_39 - INFO - Client 39 started with algorithm: fedewma, model: resnet18fashion
2025-05-13 16:16:56,804 - client_39 - INFO - Epoch 1/2 - Loss: 0.2277
2025-05-13 16:17:00,058 - client_39 - INFO - Epoch 2/2 - Loss: 0.2037
2025-05-13 16:17:00,061 - client_39 - INFO - Client 39 sending full delta weights
2025-05-13 16:17:00,069 - client_39 - INFO - Sent 716145 bytes to server (weights size: 715993 bytes, client data size: 1220, sparse: False)
2025-05-13 16:17:00,088 - client_39 - INFO - Data transmission successful
2025-05-13 16:18:18,400 - client_39 - INFO - Client 39 started with algorithm: fedewma, model: resnet18fashion
2025-05-13 16:18:27,228 - client_39 - INFO - Epoch 1/2 - Loss: 0.2300
2025-05-13 16:18:30,796 - client_39 - INFO - Epoch 2/2 - Loss: 0.1918
2025-05-13 16:18:30,798 - client_39 - INFO - Client 39 sending full delta weights
2025-05-13 16:18:30,806 - client_39 - INFO - Sent 716145 bytes to server (weights size: 715993 bytes, client data size: 1220, sparse: False)
2025-05-13 16:18:30,826 - client_39 - INFO - Data transmission successful
2025-05-13 16:21:08,531 - client_39 - INFO - Client 39 started with algorithm: fedewma, model: resnet18fashion
2025-05-13 16:21:25,297 - client_39 - INFO - Epoch 1/2 - Loss: 0.2272
2025-05-13 16:21:41,411 - client_39 - INFO - Epoch 2/2 - Loss: 0.1951
2025-05-13 16:21:41,414 - client_39 - INFO - Client 39 sending full delta weights
2025-05-13 16:21:41,423 - client_39 - INFO - Sent 716145 bytes to server (weights size: 715993 bytes, client data size: 1220, sparse: False)
2025-05-13 16:21:41,446 - client_39 - INFO - Data transmission successful
2025-05-13 16:22:14,692 - client_39 - INFO - Client 39 started with algorithm: fedewma, model: resnet18fashion
2025-05-13 16:22:23,831 - client_39 - INFO - Epoch 1/2 - Loss: 0.2116
2025-05-13 16:22:27,345 - client_39 - INFO - Epoch 2/2 - Loss: 0.1793
2025-05-13 16:22:27,347 - client_39 - INFO - Client 39 sending full delta weights
2025-05-13 16:22:27,356 - client_39 - INFO - Sent 716145 bytes to server (weights size: 715993 bytes, client data size: 1220, sparse: False)
2025-05-13 16:22:27,376 - client_39 - INFO - Data transmission successful
2025-05-13 16:23:23,871 - client_39 - INFO - Client 39 started with algorithm: fedewma, model: resnet18fashion
2025-05-13 16:23:33,526 - client_39 - INFO - Epoch 1/2 - Loss: 0.2248
2025-05-13 16:23:36,932 - client_39 - INFO - Epoch 2/2 - Loss: 0.1928
2025-05-13 16:23:36,934 - client_39 - INFO - Client 39 sending full delta weights
2025-05-13 16:23:36,942 - client_39 - INFO - Sent 716145 bytes to server (weights size: 715993 bytes, client data size: 1220, sparse: False)
2025-05-13 16:23:36,959 - client_39 - INFO - Data transmission successful
2025-05-13 16:25:34,982 - client_39 - INFO - Client 39 started with algorithm: fedewma, model: resnet18fashion
2025-05-13 16:25:45,358 - client_39 - INFO - Epoch 1/2 - Loss: 0.2224
2025-05-13 16:25:50,465 - client_39 - INFO - Epoch 2/2 - Loss: 0.1861
2025-05-13 16:25:50,469 - client_39 - INFO - Client 39 sending full delta weights
2025-05-13 16:25:50,478 - client_39 - INFO - Sent 716145 bytes to server (weights size: 715993 bytes, client data size: 1220, sparse: False)
2025-05-13 16:25:50,503 - client_39 - INFO - Data transmission successful
2025-05-14 07:23:41,120 - client_39 - INFO - Client 39 started with algorithm: fedprox, model: resnet18fashion
2025-05-14 07:23:48,703 - client_39 - INFO - Epoch 1/2 - Loss: 0.3703
2025-05-14 07:23:52,415 - client_39 - INFO - Epoch 2/2 - Loss: 0.3296
2025-05-14 07:23:52,425 - client_39 - INFO - Sent 717496 bytes to server (weights size: 717344 bytes, client data size: 1220, sparse: False)
2025-05-14 07:23:52,438 - client_39 - INFO - Data transmission successful
2025-05-14 07:24:41,183 - client_39 - INFO - Client 39 started with algorithm: fedprox, model: resnet18fashion
2025-05-14 07:24:53,302 - client_39 - INFO - Epoch 1/2 - Loss: 0.3430
2025-05-14 07:24:59,920 - client_39 - INFO - Epoch 2/2 - Loss: 0.3743
2025-05-14 07:24:59,920 - client_39 - INFO - Early stopping triggered at epoch 2: Loss increased from 0.3430 to 0.3743
2025-05-14 07:24:59,929 - client_39 - INFO - Sent 717496 bytes to server (weights size: 717344 bytes, client data size: 1220, sparse: False)
2025-05-14 07:24:59,947 - client_39 - INFO - Data transmission successful
2025-05-14 07:25:29,011 - client_39 - INFO - Client 39 started with algorithm: fedprox, model: resnet18fashion
2025-05-14 07:25:39,097 - client_39 - INFO - Epoch 1/2 - Loss: 0.3398
2025-05-14 07:25:44,999 - client_39 - INFO - Epoch 2/2 - Loss: 0.3279
2025-05-14 07:25:45,009 - client_39 - INFO - Sent 717496 bytes to server (weights size: 717344 bytes, client data size: 1220, sparse: False)
2025-05-14 07:25:45,033 - client_39 - INFO - Data transmission successful
2025-05-14 07:26:42,482 - client_39 - INFO - Client 39 started with algorithm: fedprox, model: resnet18fashion
2025-05-14 07:26:54,290 - client_39 - INFO - Epoch 1/2 - Loss: 0.2790
2025-05-14 07:26:59,640 - client_39 - INFO - Epoch 2/2 - Loss: 0.2713
2025-05-14 07:26:59,651 - client_39 - INFO - Sent 717496 bytes to server (weights size: 717344 bytes, client data size: 1220, sparse: False)
2025-05-14 07:26:59,672 - client_39 - INFO - Data transmission successful
2025-05-14 07:27:58,196 - client_39 - INFO - Client 39 started with algorithm: fedprox, model: resnet18fashion
2025-05-14 07:28:07,868 - client_39 - INFO - Epoch 1/2 - Loss: 0.2866
2025-05-14 07:28:13,151 - client_39 - INFO - Epoch 2/2 - Loss: 0.2591
2025-05-14 07:28:13,161 - client_39 - INFO - Sent 717496 bytes to server (weights size: 717344 bytes, client data size: 1220, sparse: False)
2025-05-14 07:28:13,177 - client_39 - INFO - Data transmission successful
2025-05-14 07:30:05,887 - client_39 - INFO - Client 39 started with algorithm: fedprox, model: resnet18fashion
2025-05-14 07:30:13,889 - client_39 - INFO - Epoch 1/2 - Loss: 0.2789
2025-05-14 07:30:19,913 - client_39 - INFO - Epoch 2/2 - Loss: 0.2383
2025-05-14 07:30:19,924 - client_39 - INFO - Sent 717496 bytes to server (weights size: 717344 bytes, client data size: 1220, sparse: False)
2025-05-14 07:30:19,947 - client_39 - INFO - Data transmission successful
2025-05-14 07:30:25,539 - client_39 - INFO - Client 39 started with algorithm: fedprox, model: resnet18fashion
2025-05-14 07:30:31,051 - client_39 - INFO - Epoch 1/2 - Loss: 0.2655
2025-05-14 07:30:35,091 - client_39 - INFO - Epoch 2/2 - Loss: 0.2390
2025-05-14 07:30:35,106 - client_39 - INFO - Sent 717496 bytes to server (weights size: 717344 bytes, client data size: 1220, sparse: False)
2025-05-14 07:30:35,126 - client_39 - INFO - Data transmission successful
2025-05-14 07:41:01,648 - client_39 - INFO - Client 39 started with algorithm: fedprox, model: resnet18fashion
2025-05-14 07:41:06,713 - client_39 - INFO - Epoch 1/2 - Loss: 0.2239
2025-05-14 07:41:10,549 - client_39 - INFO - Epoch 2/2 - Loss: 0.1983
2025-05-14 07:41:10,559 - client_39 - INFO - Sent 717496 bytes to server (weights size: 717344 bytes, client data size: 1220, sparse: False)
2025-05-14 07:41:10,577 - client_39 - INFO - Data transmission successful
2025-05-14 07:42:29,078 - client_39 - INFO - Client 39 started with algorithm: fedprox, model: resnet18fashion
2025-05-14 07:42:36,147 - client_39 - INFO - Epoch 1/2 - Loss: 0.2358
2025-05-14 07:42:40,839 - client_39 - INFO - Epoch 2/2 - Loss: 0.1960
2025-05-14 07:42:40,850 - client_39 - INFO - Sent 717496 bytes to server (weights size: 717344 bytes, client data size: 1220, sparse: False)
2025-05-14 07:42:40,872 - client_39 - INFO - Data transmission successful
2025-05-14 07:45:16,922 - client_39 - INFO - Client 39 started with algorithm: fedprox, model: resnet18fashion
2025-05-14 07:45:33,610 - client_39 - INFO - Epoch 1/2 - Loss: 0.2367
2025-05-14 07:45:40,657 - client_39 - INFO - Epoch 2/2 - Loss: 0.2046
2025-05-14 07:45:40,667 - client_39 - INFO - Sent 717496 bytes to server (weights size: 717344 bytes, client data size: 1220, sparse: False)
2025-05-14 07:45:40,681 - client_39 - INFO - Data transmission successful
2025-05-14 07:46:12,737 - client_39 - INFO - Client 39 started with algorithm: fedprox, model: resnet18fashion
2025-05-14 07:46:20,225 - client_39 - INFO - Epoch 1/2 - Loss: 0.2056
2025-05-14 07:46:24,834 - client_39 - INFO - Epoch 2/2 - Loss: 0.1932
2025-05-14 07:46:24,845 - client_39 - INFO - Sent 717496 bytes to server (weights size: 717344 bytes, client data size: 1220, sparse: False)
2025-05-14 07:46:24,864 - client_39 - INFO - Data transmission successful
2025-05-14 07:47:00,404 - client_39 - INFO - Client 39 started with algorithm: fedprox, model: resnet18fashion
2025-05-14 07:47:08,989 - client_39 - INFO - Epoch 1/2 - Loss: 0.2347
2025-05-14 07:47:13,458 - client_39 - INFO - Epoch 2/2 - Loss: 0.2483
2025-05-14 07:47:13,458 - client_39 - INFO - Early stopping triggered at epoch 2: Loss increased from 0.2347 to 0.2483
2025-05-14 07:47:13,468 - client_39 - INFO - Sent 717496 bytes to server (weights size: 717344 bytes, client data size: 1220, sparse: False)
2025-05-14 07:47:13,488 - client_39 - INFO - Data transmission successful
2025-05-14 07:49:15,553 - client_39 - INFO - Client 39 started with algorithm: fedprox, model: resnet18fashion
2025-05-14 07:49:25,108 - client_39 - INFO - Epoch 1/2 - Loss: 0.2289
2025-05-14 07:49:31,386 - client_39 - INFO - Epoch 2/2 - Loss: 0.1904
2025-05-14 07:49:31,397 - client_39 - INFO - Sent 717496 bytes to server (weights size: 717344 bytes, client data size: 1220, sparse: False)
2025-05-14 07:49:31,421 - client_39 - INFO - Data transmission successful
2025-05-14 08:38:10,029 - client_39 - INFO - Client 39 started with algorithm: fedavg, model: resnet18fashion
2025-05-14 08:38:17,055 - client_39 - INFO - Epoch 1/2 - Loss: 0.4163
2025-05-14 08:38:22,440 - client_39 - INFO - Epoch 2/2 - Loss: 0.4091
2025-05-14 08:38:22,453 - client_39 - INFO - Sent 717498 bytes to server (weights size: 717344 bytes, client data size: 1220, sparse: False)
2025-05-14 08:38:22,490 - client_39 - INFO - Data transmission successful
2025-05-14 08:39:09,315 - client_39 - INFO - Client 39 started with algorithm: fedavg, model: resnet18fashion
2025-05-14 08:39:18,523 - client_39 - INFO - Epoch 1/2 - Loss: 0.3350
2025-05-14 08:39:23,865 - client_39 - INFO - Epoch 2/2 - Loss: 0.3302
2025-05-14 08:39:23,876 - client_39 - INFO - Sent 717498 bytes to server (weights size: 717344 bytes, client data size: 1220, sparse: False)
2025-05-14 08:39:23,902 - client_39 - INFO - Data transmission successful
2025-05-14 08:39:49,917 - client_39 - INFO - Client 39 started with algorithm: fedavg, model: resnet18fashion
2025-05-14 08:40:02,115 - client_39 - INFO - Epoch 1/2 - Loss: 0.3435
2025-05-14 08:40:08,574 - client_39 - INFO - Epoch 2/2 - Loss: 0.2922
2025-05-14 08:40:08,585 - client_39 - INFO - Sent 717498 bytes to server (weights size: 717344 bytes, client data size: 1220, sparse: False)
2025-05-14 08:40:08,609 - client_39 - INFO - Data transmission successful
2025-05-14 08:41:00,465 - client_39 - INFO - Client 39 started with algorithm: fedavg, model: resnet18fashion
2025-05-14 08:41:08,621 - client_39 - INFO - Epoch 1/2 - Loss: 0.2889
2025-05-14 08:41:12,915 - client_39 - INFO - Epoch 2/2 - Loss: 0.2636
2025-05-14 08:41:12,926 - client_39 - INFO - Sent 717498 bytes to server (weights size: 717344 bytes, client data size: 1220, sparse: False)
2025-05-14 08:41:12,951 - client_39 - INFO - Data transmission successful
2025-05-14 08:42:02,085 - client_39 - INFO - Client 39 started with algorithm: fedavg, model: resnet18fashion
2025-05-14 08:42:12,065 - client_39 - INFO - Epoch 1/2 - Loss: 0.2761
2025-05-14 08:42:20,453 - client_39 - INFO - Epoch 2/2 - Loss: 0.2638
2025-05-14 08:42:20,468 - client_39 - INFO - Sent 717498 bytes to server (weights size: 717344 bytes, client data size: 1220, sparse: False)
2025-05-14 08:42:20,489 - client_39 - INFO - Data transmission successful
2025-05-14 08:44:11,361 - client_39 - INFO - Client 39 started with algorithm: fedavg, model: resnet18fashion
2025-05-14 08:44:20,791 - client_39 - INFO - Epoch 1/2 - Loss: 0.2777
2025-05-14 08:44:26,297 - client_39 - INFO - Epoch 2/2 - Loss: 0.2499
2025-05-14 08:44:26,314 - client_39 - INFO - Sent 717498 bytes to server (weights size: 717344 bytes, client data size: 1220, sparse: False)
2025-05-14 08:44:26,342 - client_39 - INFO - Data transmission successful
2025-05-14 08:44:34,446 - client_39 - INFO - Client 39 started with algorithm: fedavg, model: resnet18fashion
2025-05-14 08:44:44,167 - client_39 - INFO - Epoch 1/2 - Loss: 0.2469
2025-05-14 08:44:48,065 - client_39 - INFO - Epoch 2/2 - Loss: 0.2406
2025-05-14 08:44:48,075 - client_39 - INFO - Sent 717498 bytes to server (weights size: 717344 bytes, client data size: 1220, sparse: False)
2025-05-14 08:44:48,092 - client_39 - INFO - Data transmission successful
2025-05-14 08:54:18,032 - client_39 - INFO - Client 39 started with algorithm: fedavg, model: resnet18fashion
2025-05-14 08:54:23,184 - client_39 - INFO - Epoch 1/2 - Loss: 0.2297
2025-05-14 08:54:26,959 - client_39 - INFO - Epoch 2/2 - Loss: 0.2138
2025-05-14 08:54:26,971 - client_39 - INFO - Sent 717498 bytes to server (weights size: 717344 bytes, client data size: 1220, sparse: False)
2025-05-14 08:54:26,989 - client_39 - INFO - Data transmission successful
2025-05-14 08:55:42,757 - client_39 - INFO - Client 39 started with algorithm: fedavg, model: resnet18fashion
2025-05-14 08:55:50,312 - client_39 - INFO - Epoch 1/2 - Loss: 0.2342
2025-05-14 08:55:55,158 - client_39 - INFO - Epoch 2/2 - Loss: 0.1930
2025-05-14 08:55:55,170 - client_39 - INFO - Sent 717498 bytes to server (weights size: 717344 bytes, client data size: 1220, sparse: False)
2025-05-14 08:55:55,196 - client_39 - INFO - Data transmission successful
2025-05-14 08:58:23,145 - client_39 - INFO - Client 39 started with algorithm: fedavg, model: resnet18fashion
2025-05-14 08:58:32,702 - client_39 - INFO - Epoch 1/2 - Loss: 0.2272
2025-05-14 08:58:38,102 - client_39 - INFO - Epoch 2/2 - Loss: 0.2289
2025-05-14 08:58:38,102 - client_39 - INFO - Early stopping triggered at epoch 2: Loss increased from 0.2272 to 0.2289
2025-05-14 08:58:38,115 - client_39 - INFO - Sent 717498 bytes to server (weights size: 717344 bytes, client data size: 1220, sparse: False)
2025-05-14 08:58:38,139 - client_39 - INFO - Data transmission successful
2025-05-14 08:59:07,648 - client_39 - INFO - Client 39 started with algorithm: fedavg, model: resnet18fashion
2025-05-14 08:59:14,879 - client_39 - INFO - Epoch 1/2 - Loss: 0.2126
2025-05-14 08:59:18,729 - client_39 - INFO - Epoch 2/2 - Loss: 0.1923
2025-05-14 08:59:18,742 - client_39 - INFO - Sent 717498 bytes to server (weights size: 717344 bytes, client data size: 1220, sparse: False)
2025-05-14 08:59:18,765 - client_39 - INFO - Data transmission successful
2025-05-14 08:59:52,347 - client_39 - INFO - Client 39 started with algorithm: fedavg, model: resnet18fashion
2025-05-14 08:59:59,549 - client_39 - INFO - Epoch 1/2 - Loss: 0.2097
2025-05-14 09:00:03,812 - client_39 - INFO - Epoch 2/2 - Loss: 0.1734
2025-05-14 09:00:03,822 - client_39 - INFO - Sent 717498 bytes to server (weights size: 717344 bytes, client data size: 1220, sparse: False)
2025-05-14 09:00:03,842 - client_39 - INFO - Data transmission successful
2025-05-14 09:02:00,828 - client_39 - INFO - Client 39 started with algorithm: fedavg, model: resnet18fashion
2025-05-14 09:02:09,863 - client_39 - INFO - Epoch 1/2 - Loss: 0.2415
2025-05-14 09:02:15,353 - client_39 - INFO - Epoch 2/2 - Loss: 0.1764
2025-05-14 09:02:15,364 - client_39 - INFO - Sent 717498 bytes to server (weights size: 717344 bytes, client data size: 1220, sparse: False)
2025-05-14 09:02:15,392 - client_39 - INFO - Data transmission successful
