2025-05-12 11:20:52,858 - client_1 - INFO - Client 1 started with algorithm: fedewma, model: lenet5
2025-05-12 11:20:59,839 - client_1 - INFO - Epoch 1/2 - Loss: 0.0286
2025-05-12 11:21:01,305 - client_1 - INFO - Epoch 2/2 - Loss: 0.0006
2025-05-12 11:21:01,306 - client_1 - INFO - Client 1 sending full delta weights
2025-05-12 11:21:01,307 - client_1 - INFO - Sent 250184 bytes to server (weights size: 250032 bytes, client data size: 2893, sparse: False)
2025-05-12 11:21:01,310 - client_1 - INFO - Data transmission successful
2025-05-12 11:21:14,340 - client_1 - INFO - Client 1 started with algorithm: fedewma, model: lenet5
2025-05-12 11:21:19,867 - client_1 - INFO - Epoch 1/2 - Loss: 0.0174
2025-05-12 11:21:20,846 - client_1 - INFO - Epoch 2/2 - Loss: 0.0008
2025-05-12 11:21:20,848 - client_1 - INFO - Client 1 sending full delta weights
2025-05-12 11:21:20,851 - client_1 - INFO - Sent 250184 bytes to server (weights size: 250032 bytes, client data size: 2893, sparse: False)
2025-05-12 11:21:20,855 - client_1 - INFO - Data transmission successful
2025-05-12 11:21:43,218 - client_1 - INFO - Client 1 started with algorithm: fedewma, model: lenet5
2025-05-12 11:21:50,023 - client_1 - INFO - Epoch 1/2 - Loss: 0.0277
2025-05-12 11:21:51,714 - client_1 - INFO - Epoch 2/2 - Loss: 0.0012
2025-05-12 11:21:51,714 - client_1 - INFO - Client 1 sending full delta weights
2025-05-12 11:21:51,716 - client_1 - INFO - Sent 250184 bytes to server (weights size: 250032 bytes, client data size: 2893, sparse: False)
2025-05-12 11:21:51,721 - client_1 - INFO - Data transmission successful
2025-05-12 11:22:10,851 - client_1 - INFO - Client 1 started with algorithm: fedewma, model: lenet5
2025-05-12 11:22:19,944 - client_1 - INFO - Epoch 1/2 - Loss: 0.0137
2025-05-12 11:22:22,874 - client_1 - INFO - Epoch 2/2 - Loss: 0.0007
2025-05-12 11:22:22,875 - client_1 - INFO - Client 1 sending full delta weights
2025-05-12 11:22:22,877 - client_1 - INFO - Sent 250184 bytes to server (weights size: 250032 bytes, client data size: 2893, sparse: False)
2025-05-12 11:22:22,881 - client_1 - INFO - Data transmission successful
2025-05-12 11:23:02,713 - client_1 - INFO - Client 1 started with algorithm: fedewma, model: lenet5
2025-05-12 11:23:09,094 - client_1 - INFO - Epoch 1/2 - Loss: 0.0214
2025-05-12 11:23:10,297 - client_1 - INFO - Epoch 2/2 - Loss: 0.0008
2025-05-12 11:23:10,297 - client_1 - INFO - Client 1 sending full delta weights
2025-05-12 11:23:10,299 - client_1 - INFO - Sent 250184 bytes to server (weights size: 250032 bytes, client data size: 2893, sparse: False)
2025-05-12 11:23:10,304 - client_1 - INFO - Data transmission successful
2025-05-12 11:23:59,226 - client_1 - INFO - Client 1 started with algorithm: fedewma, model: lenet5
2025-05-12 11:24:09,231 - client_1 - INFO - Epoch 1/2 - Loss: 0.0197
2025-05-12 11:24:12,027 - client_1 - INFO - Epoch 2/2 - Loss: 0.0007
2025-05-12 11:24:12,027 - client_1 - INFO - Client 1 sending full delta weights
2025-05-12 11:24:12,029 - client_1 - INFO - Sent 250184 bytes to server (weights size: 250032 bytes, client data size: 2893, sparse: False)
2025-05-12 11:24:12,037 - client_1 - INFO - Data transmission successful
2025-05-12 11:24:26,943 - client_1 - INFO - Client 1 started with algorithm: fedewma, model: lenet5
2025-05-12 11:24:34,848 - client_1 - INFO - Epoch 1/2 - Loss: 0.0198
2025-05-12 11:24:37,438 - client_1 - INFO - Epoch 2/2 - Loss: 0.0009
2025-05-12 11:24:37,439 - client_1 - INFO - Client 1 sending full delta weights
2025-05-12 11:24:37,441 - client_1 - INFO - Sent 250184 bytes to server (weights size: 250032 bytes, client data size: 2893, sparse: False)
2025-05-12 11:24:37,446 - client_1 - INFO - Data transmission successful
2025-05-12 11:24:40,573 - client_1 - INFO - Client 1 started with algorithm: fedewma, model: lenet5
2025-05-12 11:24:48,061 - client_1 - INFO - Epoch 1/2 - Loss: 0.0155
2025-05-12 11:24:49,925 - client_1 - INFO - Epoch 2/2 - Loss: 0.0006
2025-05-12 11:24:49,925 - client_1 - INFO - Client 1 sending full delta weights
2025-05-12 11:24:49,928 - client_1 - INFO - Sent 250184 bytes to server (weights size: 250032 bytes, client data size: 2893, sparse: False)
2025-05-12 11:24:49,932 - client_1 - INFO - Data transmission successful
2025-05-12 11:25:04,259 - client_1 - INFO - Client 1 started with algorithm: fedewma, model: lenet5
2025-05-12 11:25:12,093 - client_1 - INFO - Epoch 1/2 - Loss: 0.0153
2025-05-12 11:25:13,099 - client_1 - INFO - Epoch 2/2 - Loss: 0.0004
2025-05-12 11:25:13,099 - client_1 - INFO - Client 1 sending full delta weights
2025-05-12 11:25:13,102 - client_1 - INFO - Sent 250184 bytes to server (weights size: 250032 bytes, client data size: 2893, sparse: False)
2025-05-12 11:25:13,105 - client_1 - INFO - Data transmission successful
2025-05-12 11:27:37,230 - client_1 - INFO - Client 1 started with algorithm: fedewma, model: lenet5
2025-05-12 11:27:44,747 - client_1 - INFO - Epoch 1/2 - Loss: 0.0075
2025-05-12 11:27:45,731 - client_1 - INFO - Epoch 2/2 - Loss: 0.0004
2025-05-12 11:27:45,731 - client_1 - INFO - Client 1 sending full delta weights
2025-05-12 11:27:45,736 - client_1 - INFO - Sent 250184 bytes to server (weights size: 250032 bytes, client data size: 2893, sparse: False)
2025-05-12 11:27:45,740 - client_1 - INFO - Data transmission successful
2025-05-12 11:28:15,170 - client_1 - INFO - Client 1 started with algorithm: fedewma, model: lenet5
2025-05-12 11:28:25,721 - client_1 - INFO - Epoch 1/2 - Loss: 0.0080
2025-05-12 11:28:29,171 - client_1 - INFO - Epoch 2/2 - Loss: 0.0007
2025-05-12 11:28:29,171 - client_1 - INFO - Client 1 sending full delta weights
2025-05-12 11:28:29,174 - client_1 - INFO - Sent 250184 bytes to server (weights size: 250032 bytes, client data size: 2893, sparse: False)
2025-05-12 11:28:29,178 - client_1 - INFO - Data transmission successful
2025-05-12 11:30:40,710 - client_1 - INFO - Client 1 started with algorithm: fedewma, model: lenet5
2025-05-12 11:30:49,379 - client_1 - INFO - Epoch 1/2 - Loss: 0.0080
2025-05-12 11:30:52,205 - client_1 - INFO - Epoch 2/2 - Loss: 0.0003
2025-05-12 11:30:52,206 - client_1 - INFO - Client 1 sending full delta weights
2025-05-12 11:30:52,208 - client_1 - INFO - Sent 250184 bytes to server (weights size: 250032 bytes, client data size: 2893, sparse: False)
2025-05-12 11:30:52,213 - client_1 - INFO - Data transmission successful
2025-05-12 11:31:36,540 - client_1 - INFO - Client 1 started with algorithm: fedewma, model: lenet5
2025-05-12 11:31:43,707 - client_1 - INFO - Epoch 1/2 - Loss: 0.0130
2025-05-12 11:31:46,604 - client_1 - INFO - Epoch 2/2 - Loss: 0.0002
2025-05-12 11:31:46,604 - client_1 - INFO - Client 1 sending full delta weights
2025-05-12 11:31:46,607 - client_1 - INFO - Sent 250184 bytes to server (weights size: 250032 bytes, client data size: 2893, sparse: False)
2025-05-12 11:31:46,611 - client_1 - INFO - Data transmission successful
2025-05-12 11:33:49,065 - client_1 - INFO - Client 1 started with algorithm: fedewma, model: lenet5
2025-05-12 11:33:56,665 - client_1 - INFO - Epoch 1/2 - Loss: 0.0054
2025-05-12 11:33:58,023 - client_1 - INFO - Epoch 2/2 - Loss: 0.0004
2025-05-12 11:33:58,023 - client_1 - INFO - Client 1 sending full delta weights
2025-05-12 11:33:58,025 - client_1 - INFO - Sent 250184 bytes to server (weights size: 250032 bytes, client data size: 2893, sparse: False)
2025-05-12 11:33:58,028 - client_1 - INFO - Data transmission successful
2025-05-12 11:34:18,870 - client_1 - INFO - Client 1 started with algorithm: fedewma, model: lenet5
2025-05-12 11:34:26,064 - client_1 - INFO - Epoch 1/2 - Loss: 0.0113
2025-05-12 11:34:28,475 - client_1 - INFO - Epoch 2/2 - Loss: 0.0002
2025-05-12 11:34:28,476 - client_1 - INFO - Client 1 sending full delta weights
2025-05-12 11:34:28,478 - client_1 - INFO - Sent 250184 bytes to server (weights size: 250032 bytes, client data size: 2893, sparse: False)
2025-05-12 11:34:28,485 - client_1 - INFO - Data transmission successful
2025-05-12 11:35:31,800 - client_1 - INFO - Client 1 started with algorithm: fedewma, model: lenet5
2025-05-12 11:35:37,196 - client_1 - INFO - Epoch 1/2 - Loss: 0.0083
2025-05-12 11:35:38,164 - client_1 - INFO - Epoch 2/2 - Loss: 0.0003
2025-05-12 11:35:38,164 - client_1 - INFO - Client 1 sending full delta weights
2025-05-12 11:35:38,166 - client_1 - INFO - Sent 250184 bytes to server (weights size: 250032 bytes, client data size: 2893, sparse: False)
2025-05-12 11:35:38,172 - client_1 - INFO - Data transmission successful
2025-05-13 07:08:35,302 - client_1 - INFO - Client 1 started with algorithm: fedprox, model: lenet5
2025-05-13 07:08:42,142 - client_1 - INFO - Epoch 1/2 - Loss: 0.0298
2025-05-13 07:08:44,921 - client_1 - INFO - Epoch 2/2 - Loss: 0.0017
2025-05-13 07:08:44,925 - client_1 - INFO - Sent 250511 bytes to server (weights size: 250359 bytes, client data size: 2893, sparse: False)
2025-05-13 07:08:44,928 - client_1 - INFO - Data transmission successful
2025-05-13 07:08:59,277 - client_1 - INFO - Client 1 started with algorithm: fedprox, model: lenet5
2025-05-13 07:09:05,195 - client_1 - INFO - Epoch 1/2 - Loss: 0.0211
2025-05-13 07:09:07,231 - client_1 - INFO - Epoch 2/2 - Loss: 0.0012
2025-05-13 07:09:07,234 - client_1 - INFO - Sent 250511 bytes to server (weights size: 250359 bytes, client data size: 2893, sparse: False)
2025-05-13 07:09:07,240 - client_1 - INFO - Data transmission successful
2025-05-13 07:09:28,263 - client_1 - INFO - Client 1 started with algorithm: fedprox, model: lenet5
2025-05-13 07:09:33,029 - client_1 - INFO - Epoch 1/2 - Loss: 0.0263
2025-05-13 07:09:35,327 - client_1 - INFO - Epoch 2/2 - Loss: 0.0020
2025-05-13 07:09:35,329 - client_1 - INFO - Sent 250511 bytes to server (weights size: 250359 bytes, client data size: 2893, sparse: False)
2025-05-13 07:09:35,332 - client_1 - INFO - Data transmission successful
2025-05-13 07:09:51,331 - client_1 - INFO - Client 1 started with algorithm: fedprox, model: lenet5
2025-05-13 07:09:58,157 - client_1 - INFO - Epoch 1/2 - Loss: 0.0152
2025-05-13 07:10:01,123 - client_1 - INFO - Epoch 2/2 - Loss: 0.0010
2025-05-13 07:10:01,125 - client_1 - INFO - Sent 250511 bytes to server (weights size: 250359 bytes, client data size: 2893, sparse: False)
2025-05-13 07:10:01,129 - client_1 - INFO - Data transmission successful
2025-05-13 07:10:33,074 - client_1 - INFO - Client 1 started with algorithm: fedprox, model: lenet5
2025-05-13 07:10:37,095 - client_1 - INFO - Epoch 1/2 - Loss: 0.0236
2025-05-13 07:10:38,400 - client_1 - INFO - Epoch 2/2 - Loss: 0.0015
2025-05-13 07:10:38,402 - client_1 - INFO - Sent 250511 bytes to server (weights size: 250359 bytes, client data size: 2893, sparse: False)
2025-05-13 07:10:38,405 - client_1 - INFO - Data transmission successful
2025-05-13 07:11:17,020 - client_1 - INFO - Client 1 started with algorithm: fedprox, model: lenet5
2025-05-13 07:11:24,733 - client_1 - INFO - Epoch 1/2 - Loss: 0.0282
2025-05-13 07:11:27,619 - client_1 - INFO - Epoch 2/2 - Loss: 0.0018
2025-05-13 07:11:27,621 - client_1 - INFO - Sent 250511 bytes to server (weights size: 250359 bytes, client data size: 2893, sparse: False)
2025-05-13 07:11:27,625 - client_1 - INFO - Data transmission successful
2025-05-13 07:11:39,688 - client_1 - INFO - Client 1 started with algorithm: fedprox, model: lenet5
2025-05-13 07:11:44,938 - client_1 - INFO - Epoch 1/2 - Loss: 0.0229
2025-05-13 07:11:47,657 - client_1 - INFO - Epoch 2/2 - Loss: 0.0013
2025-05-13 07:11:47,659 - client_1 - INFO - Sent 250511 bytes to server (weights size: 250359 bytes, client data size: 2893, sparse: False)
2025-05-13 07:11:47,664 - client_1 - INFO - Data transmission successful
2025-05-13 07:11:50,796 - client_1 - INFO - Client 1 started with algorithm: fedprox, model: lenet5
2025-05-13 07:11:55,720 - client_1 - INFO - Epoch 1/2 - Loss: 0.0152
2025-05-13 07:11:57,501 - client_1 - INFO - Epoch 2/2 - Loss: 0.0011
2025-05-13 07:11:57,503 - client_1 - INFO - Sent 250511 bytes to server (weights size: 250359 bytes, client data size: 2893, sparse: False)
2025-05-13 07:11:57,507 - client_1 - INFO - Data transmission successful
2025-05-13 07:12:09,051 - client_1 - INFO - Client 1 started with algorithm: fedprox, model: lenet5
2025-05-13 07:12:14,469 - client_1 - INFO - Epoch 1/2 - Loss: 0.0161
2025-05-13 07:12:15,479 - client_1 - INFO - Epoch 2/2 - Loss: 0.0009
2025-05-13 07:12:15,481 - client_1 - INFO - Sent 250511 bytes to server (weights size: 250359 bytes, client data size: 2893, sparse: False)
2025-05-13 07:12:15,484 - client_1 - INFO - Data transmission successful
2025-05-13 07:14:05,630 - client_1 - INFO - Client 1 started with algorithm: fedprox, model: lenet5
2025-05-13 07:14:10,217 - client_1 - INFO - Epoch 1/2 - Loss: 0.0101
2025-05-13 07:14:11,174 - client_1 - INFO - Epoch 2/2 - Loss: 0.0006
2025-05-13 07:14:11,177 - client_1 - INFO - Sent 250511 bytes to server (weights size: 250359 bytes, client data size: 2893, sparse: False)
2025-05-13 07:14:11,180 - client_1 - INFO - Data transmission successful
2025-05-13 07:14:32,460 - client_1 - INFO - Client 1 started with algorithm: fedprox, model: lenet5
2025-05-13 07:14:40,999 - client_1 - INFO - Epoch 1/2 - Loss: 0.0072
2025-05-13 07:14:44,530 - client_1 - INFO - Epoch 2/2 - Loss: 0.0008
2025-05-13 07:14:44,532 - client_1 - INFO - Sent 250511 bytes to server (weights size: 250359 bytes, client data size: 2893, sparse: False)
2025-05-13 07:14:44,536 - client_1 - INFO - Data transmission successful
2025-05-13 07:16:23,915 - client_1 - INFO - Client 1 started with algorithm: fedprox, model: lenet5
2025-05-13 07:16:29,988 - client_1 - INFO - Epoch 1/2 - Loss: 0.0088
2025-05-13 07:16:33,213 - client_1 - INFO - Epoch 2/2 - Loss: 0.0007
2025-05-13 07:16:33,216 - client_1 - INFO - Sent 250511 bytes to server (weights size: 250359 bytes, client data size: 2893, sparse: False)
2025-05-13 07:16:33,222 - client_1 - INFO - Data transmission successful
2025-05-13 07:17:06,876 - client_1 - INFO - Client 1 started with algorithm: fedprox, model: lenet5
2025-05-13 07:17:11,252 - client_1 - INFO - Epoch 1/2 - Loss: 0.0084
2025-05-13 07:17:14,101 - client_1 - INFO - Epoch 2/2 - Loss: 0.0006
2025-05-13 07:17:14,103 - client_1 - INFO - Sent 250511 bytes to server (weights size: 250359 bytes, client data size: 2893, sparse: False)
2025-05-13 07:17:14,107 - client_1 - INFO - Data transmission successful
2025-05-13 07:18:54,182 - client_1 - INFO - Client 1 started with algorithm: fedprox, model: lenet5
2025-05-13 07:18:58,638 - client_1 - INFO - Epoch 1/2 - Loss: 0.0065
2025-05-13 07:19:00,158 - client_1 - INFO - Epoch 2/2 - Loss: 0.0005
2025-05-13 07:19:00,160 - client_1 - INFO - Sent 250511 bytes to server (weights size: 250359 bytes, client data size: 2893, sparse: False)
2025-05-13 07:19:00,162 - client_1 - INFO - Data transmission successful
2025-05-13 07:19:15,909 - client_1 - INFO - Client 1 started with algorithm: fedprox, model: lenet5
2025-05-13 07:19:20,464 - client_1 - INFO - Epoch 1/2 - Loss: 0.0091
2025-05-13 07:19:23,155 - client_1 - INFO - Epoch 2/2 - Loss: 0.0005
2025-05-13 07:19:23,158 - client_1 - INFO - Sent 250511 bytes to server (weights size: 250359 bytes, client data size: 2893, sparse: False)
2025-05-13 07:19:23,162 - client_1 - INFO - Data transmission successful
2025-05-13 07:20:14,407 - client_1 - INFO - Client 1 started with algorithm: fedprox, model: lenet5
2025-05-13 07:20:17,874 - client_1 - INFO - Epoch 1/2 - Loss: 0.0060
2025-05-13 07:20:18,816 - client_1 - INFO - Epoch 2/2 - Loss: 0.0006
2025-05-13 07:20:18,818 - client_1 - INFO - Sent 250511 bytes to server (weights size: 250359 bytes, client data size: 2893, sparse: False)
2025-05-13 07:20:18,820 - client_1 - INFO - Data transmission successful
2025-05-13 07:28:32,585 - client_1 - INFO - Client 1 started with algorithm: fedavg, model: lenet5
2025-05-13 07:28:36,962 - client_1 - INFO - Epoch 1/2 - Loss: 0.0433
2025-05-13 07:28:38,207 - client_1 - INFO - Epoch 2/2 - Loss: 0.0021
2025-05-13 07:28:38,209 - client_1 - INFO - Sent 250513 bytes to server (weights size: 250359 bytes, client data size: 2893, sparse: False)
2025-05-13 07:28:38,211 - client_1 - INFO - Data transmission successful
2025-05-13 07:28:47,902 - client_1 - INFO - Client 1 started with algorithm: fedavg, model: lenet5
2025-05-13 07:28:50,699 - client_1 - INFO - Epoch 1/2 - Loss: 0.0681
2025-05-13 07:28:51,578 - client_1 - INFO - Epoch 2/2 - Loss: 0.0013
2025-05-13 07:28:51,581 - client_1 - INFO - Sent 250513 bytes to server (weights size: 250359 bytes, client data size: 2893, sparse: False)
2025-05-13 07:28:51,584 - client_1 - INFO - Data transmission successful
2025-05-13 07:29:07,892 - client_1 - INFO - Client 1 started with algorithm: fedavg, model: lenet5
2025-05-13 07:29:11,945 - client_1 - INFO - Epoch 1/2 - Loss: 0.0834
2025-05-13 07:29:13,627 - client_1 - INFO - Epoch 2/2 - Loss: 0.0003
2025-05-13 07:29:13,629 - client_1 - INFO - Sent 250513 bytes to server (weights size: 250359 bytes, client data size: 2893, sparse: False)
2025-05-13 07:29:13,631 - client_1 - INFO - Data transmission successful
2025-05-13 07:29:27,734 - client_1 - INFO - Client 1 started with algorithm: fedavg, model: lenet5
2025-05-13 07:29:33,795 - client_1 - INFO - Epoch 1/2 - Loss: 0.0359
2025-05-13 07:29:36,347 - client_1 - INFO - Epoch 2/2 - Loss: 0.0007
2025-05-13 07:29:36,349 - client_1 - INFO - Sent 250513 bytes to server (weights size: 250359 bytes, client data size: 2893, sparse: False)
2025-05-13 07:29:36,353 - client_1 - INFO - Data transmission successful
2025-05-13 07:30:05,033 - client_1 - INFO - Client 1 started with algorithm: fedavg, model: lenet5
2025-05-13 07:30:08,608 - client_1 - INFO - Epoch 1/2 - Loss: 0.0467
2025-05-13 07:30:09,738 - client_1 - INFO - Epoch 2/2 - Loss: 0.0009
2025-05-13 07:30:09,740 - client_1 - INFO - Sent 250513 bytes to server (weights size: 250359 bytes, client data size: 2893, sparse: False)
2025-05-13 07:30:09,742 - client_1 - INFO - Data transmission successful
2025-05-13 07:30:45,689 - client_1 - INFO - Client 1 started with algorithm: fedavg, model: lenet5
2025-05-13 07:30:52,043 - client_1 - INFO - Epoch 1/2 - Loss: 0.0394
2025-05-13 07:30:54,112 - client_1 - INFO - Epoch 2/2 - Loss: 0.0004
2025-05-13 07:30:54,115 - client_1 - INFO - Sent 250513 bytes to server (weights size: 250359 bytes, client data size: 2893, sparse: False)
2025-05-13 07:30:54,120 - client_1 - INFO - Data transmission successful
2025-05-13 07:31:06,314 - client_1 - INFO - Client 1 started with algorithm: fedavg, model: lenet5
2025-05-13 07:31:11,039 - client_1 - INFO - Epoch 1/2 - Loss: 0.0283
2025-05-13 07:31:13,235 - client_1 - INFO - Epoch 2/2 - Loss: 0.0010
2025-05-13 07:31:13,238 - client_1 - INFO - Sent 250513 bytes to server (weights size: 250359 bytes, client data size: 2893, sparse: False)
2025-05-13 07:31:13,242 - client_1 - INFO - Data transmission successful
2025-05-13 07:31:16,285 - client_1 - INFO - Client 1 started with algorithm: fedavg, model: lenet5
2025-05-13 07:31:20,873 - client_1 - INFO - Epoch 1/2 - Loss: 0.0156
2025-05-13 07:31:22,561 - client_1 - INFO - Epoch 2/2 - Loss: 0.0008
2025-05-13 07:31:22,563 - client_1 - INFO - Sent 250513 bytes to server (weights size: 250359 bytes, client data size: 2893, sparse: False)
2025-05-13 07:31:22,567 - client_1 - INFO - Data transmission successful
2025-05-13 07:31:33,059 - client_1 - INFO - Client 1 started with algorithm: fedavg, model: lenet5
2025-05-13 07:31:37,597 - client_1 - INFO - Epoch 1/2 - Loss: 0.0251
2025-05-13 07:31:38,503 - client_1 - INFO - Epoch 2/2 - Loss: 0.0008
2025-05-13 07:31:38,505 - client_1 - INFO - Sent 250513 bytes to server (weights size: 250359 bytes, client data size: 2893, sparse: False)
2025-05-13 07:31:38,507 - client_1 - INFO - Data transmission successful
2025-05-13 07:33:23,609 - client_1 - INFO - Client 1 started with algorithm: fedavg, model: lenet5
2025-05-13 07:33:28,324 - client_1 - INFO - Epoch 1/2 - Loss: 0.0107
2025-05-13 07:33:29,312 - client_1 - INFO - Epoch 2/2 - Loss: 0.0005
2025-05-13 07:33:29,314 - client_1 - INFO - Sent 250513 bytes to server (weights size: 250359 bytes, client data size: 2893, sparse: False)
2025-05-13 07:33:29,317 - client_1 - INFO - Data transmission successful
2025-05-13 07:33:49,986 - client_1 - INFO - Client 1 started with algorithm: fedavg, model: lenet5
2025-05-13 07:33:57,308 - client_1 - INFO - Epoch 1/2 - Loss: 0.0095
2025-05-13 07:34:00,114 - client_1 - INFO - Epoch 2/2 - Loss: 0.0005
2025-05-13 07:34:00,117 - client_1 - INFO - Sent 250513 bytes to server (weights size: 250359 bytes, client data size: 2893, sparse: False)
2025-05-13 07:34:00,121 - client_1 - INFO - Data transmission successful
2025-05-13 07:35:31,691 - client_1 - INFO - Client 1 started with algorithm: fedavg, model: lenet5
2025-05-13 07:35:37,273 - client_1 - INFO - Epoch 1/2 - Loss: 0.0109
2025-05-13 07:35:39,708 - client_1 - INFO - Epoch 2/2 - Loss: 0.0004
2025-05-13 07:35:39,711 - client_1 - INFO - Sent 250513 bytes to server (weights size: 250359 bytes, client data size: 2893, sparse: False)
2025-05-13 07:35:39,716 - client_1 - INFO - Data transmission successful
2025-05-13 07:36:11,936 - client_1 - INFO - Client 1 started with algorithm: fedavg, model: lenet5
2025-05-13 07:36:16,043 - client_1 - INFO - Epoch 1/2 - Loss: 0.0122
2025-05-13 07:36:18,894 - client_1 - INFO - Epoch 2/2 - Loss: 0.0004
2025-05-13 07:36:18,896 - client_1 - INFO - Sent 250513 bytes to server (weights size: 250359 bytes, client data size: 2893, sparse: False)
2025-05-13 07:36:18,900 - client_1 - INFO - Data transmission successful
2025-05-13 07:37:45,142 - client_1 - INFO - Client 1 started with algorithm: fedavg, model: lenet5
2025-05-13 07:37:49,143 - client_1 - INFO - Epoch 1/2 - Loss: 0.0079
2025-05-13 07:37:50,524 - client_1 - INFO - Epoch 2/2 - Loss: 0.0004
2025-05-13 07:37:50,525 - client_1 - INFO - Sent 250513 bytes to server (weights size: 250359 bytes, client data size: 2893, sparse: False)
2025-05-13 07:37:50,528 - client_1 - INFO - Data transmission successful
2025-05-13 07:38:05,198 - client_1 - INFO - Client 1 started with algorithm: fedavg, model: lenet5
2025-05-13 07:38:09,091 - client_1 - INFO - Epoch 1/2 - Loss: 0.0139
2025-05-13 07:38:11,182 - client_1 - INFO - Epoch 2/2 - Loss: 0.0003
2025-05-13 07:38:11,185 - client_1 - INFO - Sent 250513 bytes to server (weights size: 250359 bytes, client data size: 2893, sparse: False)
2025-05-13 07:38:11,189 - client_1 - INFO - Data transmission successful
2025-05-13 07:39:02,427 - client_1 - INFO - Client 1 started with algorithm: fedavg, model: lenet5
2025-05-13 07:39:04,997 - client_1 - INFO - Epoch 1/2 - Loss: 0.0092
2025-05-13 07:39:06,149 - client_1 - INFO - Epoch 2/2 - Loss: 0.0003
2025-05-13 07:39:06,152 - client_1 - INFO - Sent 250513 bytes to server (weights size: 250359 bytes, client data size: 2893, sparse: False)
2025-05-13 07:39:06,154 - client_1 - INFO - Data transmission successful
2025-05-13 14:35:17,990 - client_1 - INFO - Client 1 started with algorithm: fedewma, model: lenet5
2025-05-13 14:35:23,458 - client_1 - INFO - Epoch 1/2 - Loss: 0.0284
2025-05-13 14:35:24,840 - client_1 - INFO - Epoch 2/2 - Loss: 0.0015
2025-05-13 14:35:24,841 - client_1 - INFO - Client 1 sending full delta weights
2025-05-13 14:35:24,842 - client_1 - INFO - Sent 250184 bytes to server (weights size: 250032 bytes, client data size: 2893, sparse: False)
2025-05-13 14:35:24,845 - client_1 - INFO - Data transmission successful
2025-05-13 14:35:36,146 - client_1 - INFO - Client 1 started with algorithm: fedewma, model: lenet5
2025-05-13 14:35:40,491 - client_1 - INFO - Epoch 1/2 - Loss: 0.0144
2025-05-13 14:35:41,267 - client_1 - INFO - Epoch 2/2 - Loss: 0.0008
2025-05-13 14:35:41,268 - client_1 - INFO - Client 1 sending full delta weights
2025-05-13 14:35:41,269 - client_1 - INFO - Sent 250184 bytes to server (weights size: 250032 bytes, client data size: 2893, sparse: False)
2025-05-13 14:35:41,272 - client_1 - INFO - Data transmission successful
2025-05-13 14:36:00,524 - client_1 - INFO - Client 1 started with algorithm: fedewma, model: lenet5
2025-05-13 14:36:05,942 - client_1 - INFO - Epoch 1/2 - Loss: 0.0286
2025-05-13 14:36:07,401 - client_1 - INFO - Epoch 2/2 - Loss: 0.0014
2025-05-13 14:36:07,402 - client_1 - INFO - Client 1 sending full delta weights
2025-05-13 14:36:07,403 - client_1 - INFO - Sent 250184 bytes to server (weights size: 250032 bytes, client data size: 2893, sparse: False)
2025-05-13 14:36:07,406 - client_1 - INFO - Data transmission successful
2025-05-13 14:36:22,883 - client_1 - INFO - Client 1 started with algorithm: fedewma, model: lenet5
2025-05-13 14:36:30,246 - client_1 - INFO - Epoch 1/2 - Loss: 0.0146
2025-05-13 14:36:32,972 - client_1 - INFO - Epoch 2/2 - Loss: 0.0008
2025-05-13 14:36:32,973 - client_1 - INFO - Client 1 sending full delta weights
2025-05-13 14:36:32,975 - client_1 - INFO - Sent 250184 bytes to server (weights size: 250032 bytes, client data size: 2893, sparse: False)
2025-05-13 14:36:32,979 - client_1 - INFO - Data transmission successful
2025-05-13 14:37:06,201 - client_1 - INFO - Client 1 started with algorithm: fedewma, model: lenet5
2025-05-13 14:37:11,417 - client_1 - INFO - Epoch 1/2 - Loss: 0.0208
2025-05-13 14:37:12,368 - client_1 - INFO - Epoch 2/2 - Loss: 0.0008
2025-05-13 14:37:12,369 - client_1 - INFO - Client 1 sending full delta weights
2025-05-13 14:37:12,371 - client_1 - INFO - Sent 250184 bytes to server (weights size: 250032 bytes, client data size: 2893, sparse: False)
2025-05-13 14:37:12,373 - client_1 - INFO - Data transmission successful
2025-05-13 14:37:53,730 - client_1 - INFO - Client 1 started with algorithm: fedewma, model: lenet5
2025-05-13 14:38:01,505 - client_1 - INFO - Epoch 1/2 - Loss: 0.0215
2025-05-13 14:38:04,102 - client_1 - INFO - Epoch 2/2 - Loss: 0.0008
2025-05-13 14:38:04,103 - client_1 - INFO - Client 1 sending full delta weights
2025-05-13 14:38:04,105 - client_1 - INFO - Sent 250184 bytes to server (weights size: 250032 bytes, client data size: 2893, sparse: False)
2025-05-13 14:38:04,110 - client_1 - INFO - Data transmission successful
2025-05-13 14:38:16,970 - client_1 - INFO - Client 1 started with algorithm: fedewma, model: lenet5
2025-05-13 14:38:23,571 - client_1 - INFO - Epoch 1/2 - Loss: 0.0135
2025-05-13 14:38:25,814 - client_1 - INFO - Epoch 2/2 - Loss: 0.0005
2025-05-13 14:38:25,815 - client_1 - INFO - Client 1 sending full delta weights
2025-05-13 14:38:25,817 - client_1 - INFO - Sent 250184 bytes to server (weights size: 250032 bytes, client data size: 2893, sparse: False)
2025-05-13 14:38:25,822 - client_1 - INFO - Data transmission successful
2025-05-13 14:38:28,727 - client_1 - INFO - Client 1 started with algorithm: fedewma, model: lenet5
2025-05-13 14:38:35,094 - client_1 - INFO - Epoch 1/2 - Loss: 0.0131
2025-05-13 14:38:36,810 - client_1 - INFO - Epoch 2/2 - Loss: 0.0005
2025-05-13 14:38:36,810 - client_1 - INFO - Client 1 sending full delta weights
2025-05-13 14:38:36,813 - client_1 - INFO - Sent 250184 bytes to server (weights size: 250032 bytes, client data size: 2893, sparse: False)
2025-05-13 14:38:36,817 - client_1 - INFO - Data transmission successful
2025-05-13 14:38:49,205 - client_1 - INFO - Client 1 started with algorithm: fedewma, model: lenet5
2025-05-13 14:38:55,551 - client_1 - INFO - Epoch 1/2 - Loss: 0.0148
2025-05-13 14:38:56,339 - client_1 - INFO - Epoch 2/2 - Loss: 0.0006
2025-05-13 14:38:56,340 - client_1 - INFO - Client 1 sending full delta weights
2025-05-13 14:38:56,342 - client_1 - INFO - Sent 250184 bytes to server (weights size: 250032 bytes, client data size: 2893, sparse: False)
2025-05-13 14:38:56,344 - client_1 - INFO - Data transmission successful
2025-05-13 14:41:00,071 - client_1 - INFO - Client 1 started with algorithm: fedewma, model: lenet5
2025-05-13 14:41:06,056 - client_1 - INFO - Epoch 1/2 - Loss: 0.0114
2025-05-13 14:41:06,814 - client_1 - INFO - Epoch 2/2 - Loss: 0.0005
2025-05-13 14:41:06,814 - client_1 - INFO - Client 1 sending full delta weights
2025-05-13 14:41:06,816 - client_1 - INFO - Sent 250184 bytes to server (weights size: 250032 bytes, client data size: 2893, sparse: False)
2025-05-13 14:41:06,819 - client_1 - INFO - Data transmission successful
2025-05-13 14:41:31,728 - client_1 - INFO - Client 1 started with algorithm: fedewma, model: lenet5
2025-05-13 14:41:40,681 - client_1 - INFO - Epoch 1/2 - Loss: 0.0073
2025-05-13 14:41:43,438 - client_1 - INFO - Epoch 2/2 - Loss: 0.0005
2025-05-13 14:41:43,438 - client_1 - INFO - Client 1 sending full delta weights
2025-05-13 14:41:43,441 - client_1 - INFO - Sent 250184 bytes to server (weights size: 250032 bytes, client data size: 2893, sparse: False)
2025-05-13 14:41:43,444 - client_1 - INFO - Data transmission successful
2025-05-13 14:43:35,519 - client_1 - INFO - Client 1 started with algorithm: fedewma, model: lenet5
2025-05-13 14:43:42,469 - client_1 - INFO - Epoch 1/2 - Loss: 0.0079
2025-05-13 14:43:44,892 - client_1 - INFO - Epoch 2/2 - Loss: 0.0003
2025-05-13 14:43:44,892 - client_1 - INFO - Client 1 sending full delta weights
2025-05-13 14:43:44,895 - client_1 - INFO - Sent 250184 bytes to server (weights size: 250032 bytes, client data size: 2893, sparse: False)
2025-05-13 14:43:44,900 - client_1 - INFO - Data transmission successful
2025-05-13 14:44:22,567 - client_1 - INFO - Client 1 started with algorithm: fedewma, model: lenet5
2025-05-13 14:44:28,389 - client_1 - INFO - Epoch 1/2 - Loss: 0.0069
2025-05-13 14:44:30,868 - client_1 - INFO - Epoch 2/2 - Loss: 0.0003
2025-05-13 14:44:30,869 - client_1 - INFO - Client 1 sending full delta weights
2025-05-13 14:44:30,871 - client_1 - INFO - Sent 250184 bytes to server (weights size: 250032 bytes, client data size: 2893, sparse: False)
2025-05-13 14:44:30,875 - client_1 - INFO - Data transmission successful
2025-05-13 14:46:18,037 - client_1 - INFO - Client 1 started with algorithm: fedewma, model: lenet5
2025-05-13 14:46:24,166 - client_1 - INFO - Epoch 1/2 - Loss: 0.0070
2025-05-13 14:46:25,360 - client_1 - INFO - Epoch 2/2 - Loss: 0.0002
2025-05-13 14:46:25,361 - client_1 - INFO - Client 1 sending full delta weights
2025-05-13 14:46:25,362 - client_1 - INFO - Sent 250184 bytes to server (weights size: 250032 bytes, client data size: 2893, sparse: False)
2025-05-13 14:46:25,365 - client_1 - INFO - Data transmission successful
2025-05-13 14:46:43,500 - client_1 - INFO - Client 1 started with algorithm: fedewma, model: lenet5
2025-05-13 14:46:49,120 - client_1 - INFO - Epoch 1/2 - Loss: 0.0071
2025-05-13 14:46:51,241 - client_1 - INFO - Epoch 2/2 - Loss: 0.0002
2025-05-13 14:46:51,242 - client_1 - INFO - Client 1 sending full delta weights
2025-05-13 14:46:51,244 - client_1 - INFO - Sent 250184 bytes to server (weights size: 250032 bytes, client data size: 2893, sparse: False)
2025-05-13 14:46:51,247 - client_1 - INFO - Data transmission successful
2025-05-13 14:47:45,164 - client_1 - INFO - Client 1 started with algorithm: fedewma, model: lenet5
2025-05-13 14:47:49,469 - client_1 - INFO - Epoch 1/2 - Loss: 0.0068
2025-05-13 14:47:50,203 - client_1 - INFO - Epoch 2/2 - Loss: 0.0002
2025-05-13 14:47:50,203 - client_1 - INFO - Client 1 sending full delta weights
2025-05-13 14:47:50,205 - client_1 - INFO - Sent 250184 bytes to server (weights size: 250032 bytes, client data size: 2893, sparse: False)
2025-05-13 14:47:50,207 - client_1 - INFO - Data transmission successful
2025-05-13 15:15:49,581 - client_1 - INFO - Client 1 started with algorithm: fedewma, model: lenet5
2025-05-13 15:15:55,354 - client_1 - INFO - Epoch 1/2 - Loss: 0.0293
2025-05-13 15:15:56,581 - client_1 - INFO - Epoch 2/2 - Loss: 0.0008
2025-05-13 15:15:56,581 - client_1 - INFO - Client 1 sending full delta weights
2025-05-13 15:15:56,583 - client_1 - INFO - Sent 250184 bytes to server (weights size: 250032 bytes, client data size: 2893, sparse: False)
2025-05-13 15:15:56,586 - client_1 - INFO - Data transmission successful
2025-05-13 15:16:08,024 - client_1 - INFO - Client 1 started with algorithm: fedewma, model: lenet5
2025-05-13 15:16:12,355 - client_1 - INFO - Epoch 1/2 - Loss: 0.0139
2025-05-13 15:16:13,143 - client_1 - INFO - Epoch 2/2 - Loss: 0.0010
2025-05-13 15:16:13,143 - client_1 - INFO - Client 1 sending full delta weights
2025-05-13 15:16:13,145 - client_1 - INFO - Sent 250184 bytes to server (weights size: 250032 bytes, client data size: 2893, sparse: False)
2025-05-13 15:16:13,148 - client_1 - INFO - Data transmission successful
2025-05-13 15:16:33,210 - client_1 - INFO - Client 1 started with algorithm: fedewma, model: lenet5
2025-05-13 15:16:39,069 - client_1 - INFO - Epoch 1/2 - Loss: 0.0290
2025-05-13 15:16:40,492 - client_1 - INFO - Epoch 2/2 - Loss: 0.0012
2025-05-13 15:16:40,492 - client_1 - INFO - Client 1 sending full delta weights
2025-05-13 15:16:40,494 - client_1 - INFO - Sent 250184 bytes to server (weights size: 250032 bytes, client data size: 2893, sparse: False)
2025-05-13 15:16:40,497 - client_1 - INFO - Data transmission successful
2025-05-13 15:16:58,728 - client_1 - INFO - Client 1 started with algorithm: fedewma, model: lenet5
2025-05-13 15:17:06,509 - client_1 - INFO - Epoch 1/2 - Loss: 0.0143
2025-05-13 15:17:10,087 - client_1 - INFO - Epoch 2/2 - Loss: 0.0008
2025-05-13 15:17:10,088 - client_1 - INFO - Client 1 sending full delta weights
2025-05-13 15:17:10,090 - client_1 - INFO - Sent 250184 bytes to server (weights size: 250032 bytes, client data size: 2893, sparse: False)
2025-05-13 15:17:10,094 - client_1 - INFO - Data transmission successful
2025-05-13 15:17:44,144 - client_1 - INFO - Client 1 started with algorithm: fedewma, model: lenet5
2025-05-13 15:17:49,445 - client_1 - INFO - Epoch 1/2 - Loss: 0.0256
2025-05-13 15:17:50,407 - client_1 - INFO - Epoch 2/2 - Loss: 0.0004
2025-05-13 15:17:50,408 - client_1 - INFO - Client 1 sending full delta weights
2025-05-13 15:17:50,409 - client_1 - INFO - Sent 250184 bytes to server (weights size: 250032 bytes, client data size: 2893, sparse: False)
2025-05-13 15:17:50,412 - client_1 - INFO - Data transmission successful
2025-05-13 15:18:32,035 - client_1 - INFO - Client 1 started with algorithm: fedewma, model: lenet5
2025-05-13 15:18:40,543 - client_1 - INFO - Epoch 1/2 - Loss: 0.0194
2025-05-13 15:18:42,850 - client_1 - INFO - Epoch 2/2 - Loss: 0.0004
2025-05-13 15:18:42,851 - client_1 - INFO - Client 1 sending full delta weights
2025-05-13 15:18:42,853 - client_1 - INFO - Sent 250184 bytes to server (weights size: 250032 bytes, client data size: 2893, sparse: False)
2025-05-13 15:18:42,858 - client_1 - INFO - Data transmission successful
2025-05-13 15:18:56,337 - client_1 - INFO - Client 1 started with algorithm: fedewma, model: lenet5
2025-05-13 15:19:03,096 - client_1 - INFO - Epoch 1/2 - Loss: 0.0150
2025-05-13 15:19:05,437 - client_1 - INFO - Epoch 2/2 - Loss: 0.0006
2025-05-13 15:19:05,438 - client_1 - INFO - Client 1 sending full delta weights
2025-05-13 15:19:05,440 - client_1 - INFO - Sent 250184 bytes to server (weights size: 250032 bytes, client data size: 2893, sparse: False)
2025-05-13 15:19:05,445 - client_1 - INFO - Data transmission successful
2025-05-13 15:19:08,330 - client_1 - INFO - Client 1 started with algorithm: fedewma, model: lenet5
2025-05-13 15:19:15,367 - client_1 - INFO - Epoch 1/2 - Loss: 0.0127
2025-05-13 15:19:18,083 - client_1 - INFO - Epoch 2/2 - Loss: 0.0006
2025-05-13 15:19:18,084 - client_1 - INFO - Client 1 sending full delta weights
2025-05-13 15:19:18,086 - client_1 - INFO - Sent 250184 bytes to server (weights size: 250032 bytes, client data size: 2893, sparse: False)
2025-05-13 15:19:18,090 - client_1 - INFO - Data transmission successful
2025-05-13 15:19:31,032 - client_1 - INFO - Client 1 started with algorithm: fedewma, model: lenet5
2025-05-13 15:19:37,526 - client_1 - INFO - Epoch 1/2 - Loss: 0.0124
2025-05-13 15:19:38,316 - client_1 - INFO - Epoch 2/2 - Loss: 0.0005
2025-05-13 15:19:38,316 - client_1 - INFO - Client 1 sending full delta weights
2025-05-13 15:19:38,318 - client_1 - INFO - Sent 250184 bytes to server (weights size: 250032 bytes, client data size: 2893, sparse: False)
2025-05-13 15:19:38,320 - client_1 - INFO - Data transmission successful
2025-05-13 15:21:43,206 - client_1 - INFO - Client 1 started with algorithm: fedewma, model: lenet5
2025-05-13 15:21:49,267 - client_1 - INFO - Epoch 1/2 - Loss: 0.0099
2025-05-13 15:21:50,064 - client_1 - INFO - Epoch 2/2 - Loss: 0.0004
2025-05-13 15:21:50,065 - client_1 - INFO - Client 1 sending full delta weights
2025-05-13 15:21:50,067 - client_1 - INFO - Sent 250184 bytes to server (weights size: 250032 bytes, client data size: 2893, sparse: False)
2025-05-13 15:21:50,069 - client_1 - INFO - Data transmission successful
2025-05-13 15:22:15,611 - client_1 - INFO - Client 1 started with algorithm: fedewma, model: lenet5
2025-05-13 15:22:25,721 - client_1 - INFO - Epoch 1/2 - Loss: 0.0077
2025-05-13 15:22:28,954 - client_1 - INFO - Epoch 2/2 - Loss: 0.0004
2025-05-13 15:22:28,955 - client_1 - INFO - Client 1 sending full delta weights
2025-05-13 15:22:28,957 - client_1 - INFO - Sent 250184 bytes to server (weights size: 250032 bytes, client data size: 2893, sparse: False)
2025-05-13 15:22:28,961 - client_1 - INFO - Data transmission successful
2025-05-13 15:24:28,389 - client_1 - INFO - Client 1 started with algorithm: fedewma, model: lenet5
2025-05-13 15:24:36,011 - client_1 - INFO - Epoch 1/2 - Loss: 0.0096
2025-05-13 15:24:38,629 - client_1 - INFO - Epoch 2/2 - Loss: 0.0002
2025-05-13 15:24:38,630 - client_1 - INFO - Client 1 sending full delta weights
2025-05-13 15:24:38,632 - client_1 - INFO - Sent 250184 bytes to server (weights size: 250032 bytes, client data size: 2893, sparse: False)
2025-05-13 15:24:38,637 - client_1 - INFO - Data transmission successful
2025-05-13 15:25:19,034 - client_1 - INFO - Client 1 started with algorithm: fedewma, model: lenet5
2025-05-13 15:25:25,655 - client_1 - INFO - Epoch 1/2 - Loss: 0.0061
2025-05-13 15:25:29,106 - client_1 - INFO - Epoch 2/2 - Loss: 0.0003
2025-05-13 15:25:29,107 - client_1 - INFO - Client 1 sending full delta weights
2025-05-13 15:25:29,111 - client_1 - INFO - Sent 250184 bytes to server (weights size: 250032 bytes, client data size: 2893, sparse: False)
2025-05-13 15:25:29,122 - client_1 - INFO - Data transmission successful
2025-05-13 15:27:29,504 - client_1 - INFO - Client 1 started with algorithm: fedewma, model: lenet5
2025-05-13 15:27:35,850 - client_1 - INFO - Epoch 1/2 - Loss: 0.0081
2025-05-13 15:27:37,097 - client_1 - INFO - Epoch 2/2 - Loss: 0.0002
2025-05-13 15:27:37,097 - client_1 - INFO - Client 1 sending full delta weights
2025-05-13 15:27:37,099 - client_1 - INFO - Sent 250184 bytes to server (weights size: 250032 bytes, client data size: 2893, sparse: False)
2025-05-13 15:27:37,101 - client_1 - INFO - Data transmission successful
2025-05-13 15:27:55,677 - client_1 - INFO - Client 1 started with algorithm: fedewma, model: lenet5
2025-05-13 15:28:00,041 - client_1 - INFO - Epoch 1/2 - Loss: 0.0057
2025-05-13 15:28:02,760 - client_1 - INFO - Epoch 2/2 - Loss: 0.0003
2025-05-13 15:28:02,761 - client_1 - INFO - Client 1 sending full delta weights
2025-05-13 15:28:02,763 - client_1 - INFO - Sent 250184 bytes to server (weights size: 250032 bytes, client data size: 2893, sparse: False)
2025-05-13 15:28:02,769 - client_1 - INFO - Data transmission successful
2025-05-13 15:28:59,746 - client_1 - INFO - Client 1 started with algorithm: fedewma, model: lenet5
2025-05-13 15:29:04,338 - client_1 - INFO - Epoch 1/2 - Loss: 0.0056
2025-05-13 15:29:05,127 - client_1 - INFO - Epoch 2/2 - Loss: 0.0004
2025-05-13 15:29:05,127 - client_1 - INFO - Client 1 sending full delta weights
2025-05-13 15:29:05,129 - client_1 - INFO - Sent 250184 bytes to server (weights size: 250032 bytes, client data size: 2893, sparse: False)
2025-05-13 15:29:05,131 - client_1 - INFO - Data transmission successful
2025-05-13 15:58:56,917 - client_1 - INFO - Client 1 started with algorithm: fedewma, model: resnet18fashion
2025-05-13 15:59:03,539 - client_1 - INFO - Epoch 1/2 - Loss: 0.4458
2025-05-13 15:59:05,802 - client_1 - INFO - Epoch 2/2 - Loss: 0.4107
2025-05-13 15:59:05,804 - client_1 - INFO - Client 1 sending full delta weights
2025-05-13 15:59:05,812 - client_1 - INFO - Sent 716145 bytes to server (weights size: 715993 bytes, client data size: 913, sparse: False)
2025-05-13 15:59:05,827 - client_1 - INFO - Data transmission successful
2025-05-13 15:59:25,135 - client_1 - INFO - Client 1 started with algorithm: fedewma, model: resnet18fashion
2025-05-13 15:59:31,872 - client_1 - INFO - Epoch 1/2 - Loss: 0.4133
2025-05-13 15:59:34,087 - client_1 - INFO - Epoch 2/2 - Loss: 0.3787
2025-05-13 15:59:34,089 - client_1 - INFO - Client 1 sending full delta weights
2025-05-13 15:59:34,098 - client_1 - INFO - Sent 716145 bytes to server (weights size: 715993 bytes, client data size: 913, sparse: False)
2025-05-13 15:59:34,120 - client_1 - INFO - Data transmission successful
2025-05-13 16:00:13,130 - client_1 - INFO - Client 1 started with algorithm: fedewma, model: resnet18fashion
2025-05-13 16:00:20,381 - client_1 - INFO - Epoch 1/2 - Loss: 0.3677
2025-05-13 16:00:23,157 - client_1 - INFO - Epoch 2/2 - Loss: 0.3418
2025-05-13 16:00:23,160 - client_1 - INFO - Client 1 sending full delta weights
2025-05-13 16:00:23,169 - client_1 - INFO - Sent 716145 bytes to server (weights size: 715993 bytes, client data size: 913, sparse: False)
2025-05-13 16:00:23,190 - client_1 - INFO - Data transmission successful
2025-05-13 16:00:47,980 - client_1 - INFO - Client 1 started with algorithm: fedewma, model: resnet18fashion
2025-05-13 16:00:57,630 - client_1 - INFO - Epoch 1/2 - Loss: 0.3187
2025-05-13 16:01:02,599 - client_1 - INFO - Epoch 2/2 - Loss: 0.2874
2025-05-13 16:01:02,603 - client_1 - INFO - Client 1 sending full delta weights
2025-05-13 16:01:02,612 - client_1 - INFO - Sent 716145 bytes to server (weights size: 715993 bytes, client data size: 913, sparse: False)
2025-05-13 16:01:02,722 - client_1 - INFO - Data transmission successful
2025-05-13 16:02:05,637 - client_1 - INFO - Client 1 started with algorithm: fedewma, model: resnet18fashion
2025-05-13 16:02:12,935 - client_1 - INFO - Epoch 1/2 - Loss: 0.3173
2025-05-13 16:02:15,322 - client_1 - INFO - Epoch 2/2 - Loss: 0.2752
2025-05-13 16:02:15,325 - client_1 - INFO - Client 1 sending full delta weights
2025-05-13 16:02:15,334 - client_1 - INFO - Sent 716145 bytes to server (weights size: 715993 bytes, client data size: 913, sparse: False)
2025-05-13 16:02:15,352 - client_1 - INFO - Data transmission successful
2025-05-13 16:03:29,663 - client_1 - INFO - Client 1 started with algorithm: fedewma, model: resnet18fashion
2025-05-13 16:03:39,249 - client_1 - INFO - Epoch 1/2 - Loss: 0.3361
2025-05-13 16:03:42,941 - client_1 - INFO - Epoch 2/2 - Loss: 0.2501
2025-05-13 16:03:42,946 - client_1 - INFO - Client 1 sending full delta weights
2025-05-13 16:03:42,954 - client_1 - INFO - Sent 716145 bytes to server (weights size: 715993 bytes, client data size: 913, sparse: False)
2025-05-13 16:03:42,989 - client_1 - INFO - Data transmission successful
2025-05-13 16:04:05,843 - client_1 - INFO - Client 1 started with algorithm: fedewma, model: resnet18fashion
2025-05-13 16:04:14,903 - client_1 - INFO - Epoch 1/2 - Loss: 0.3035
2025-05-13 16:04:19,159 - client_1 - INFO - Epoch 2/2 - Loss: 0.2510
2025-05-13 16:04:19,163 - client_1 - INFO - Client 1 sending full delta weights
2025-05-13 16:04:19,171 - client_1 - INFO - Sent 716145 bytes to server (weights size: 715993 bytes, client data size: 913, sparse: False)
2025-05-13 16:04:19,201 - client_1 - INFO - Data transmission successful
2025-05-13 16:04:23,192 - client_1 - INFO - Client 1 started with algorithm: fedewma, model: resnet18fashion
2025-05-13 16:04:31,966 - client_1 - INFO - Epoch 1/2 - Loss: 0.3017
2025-05-13 16:04:35,124 - client_1 - INFO - Epoch 2/2 - Loss: 0.2489
2025-05-13 16:04:35,127 - client_1 - INFO - Client 1 sending full delta weights
2025-05-13 16:04:35,136 - client_1 - INFO - Sent 716145 bytes to server (weights size: 715993 bytes, client data size: 913, sparse: False)
2025-05-13 16:04:35,160 - client_1 - INFO - Data transmission successful
2025-05-13 16:04:56,303 - client_1 - INFO - Client 1 started with algorithm: fedewma, model: resnet18fashion
2025-05-13 16:05:04,863 - client_1 - INFO - Epoch 1/2 - Loss: 0.2968
2025-05-13 16:05:09,033 - client_1 - INFO - Epoch 2/2 - Loss: 0.2436
2025-05-13 16:05:09,039 - client_1 - INFO - Client 1 sending full delta weights
2025-05-13 16:05:09,056 - client_1 - INFO - Sent 716145 bytes to server (weights size: 715993 bytes, client data size: 913, sparse: False)
2025-05-13 16:05:09,095 - client_1 - INFO - Data transmission successful
2025-05-13 16:09:10,339 - client_1 - INFO - Client 1 started with algorithm: fedewma, model: resnet18fashion
2025-05-13 16:09:20,116 - client_1 - INFO - Epoch 1/2 - Loss: 0.2665
2025-05-13 16:09:23,513 - client_1 - INFO - Epoch 2/2 - Loss: 0.2721
2025-05-13 16:09:23,514 - client_1 - INFO - Early stopping triggered at epoch 2: Loss increased from 0.2665 to 0.2721
2025-05-13 16:09:23,518 - client_1 - INFO - Client 1 sending full delta weights
2025-05-13 16:09:23,526 - client_1 - INFO - Sent 716145 bytes to server (weights size: 715993 bytes, client data size: 913, sparse: False)
2025-05-13 16:09:23,551 - client_1 - INFO - Data transmission successful
2025-05-13 16:10:25,131 - client_1 - INFO - Client 1 started with algorithm: fedewma, model: resnet18fashion
2025-05-13 16:10:38,639 - client_1 - INFO - Epoch 1/2 - Loss: 0.2429
2025-05-13 16:10:44,112 - client_1 - INFO - Epoch 2/2 - Loss: 0.2143
2025-05-13 16:10:44,115 - client_1 - INFO - Client 1 sending full delta weights
2025-05-13 16:10:44,124 - client_1 - INFO - Sent 716145 bytes to server (weights size: 715993 bytes, client data size: 913, sparse: False)
2025-05-13 16:10:44,150 - client_1 - INFO - Data transmission successful
2025-05-13 16:14:20,146 - client_1 - INFO - Client 1 started with algorithm: fedewma, model: resnet18fashion
2025-05-13 16:14:30,387 - client_1 - INFO - Epoch 1/2 - Loss: 0.2437
2025-05-13 16:14:34,302 - client_1 - INFO - Epoch 2/2 - Loss: 0.2241
2025-05-13 16:14:34,306 - client_1 - INFO - Client 1 sending full delta weights
2025-05-13 16:14:34,314 - client_1 - INFO - Sent 716145 bytes to server (weights size: 715993 bytes, client data size: 913, sparse: False)
2025-05-13 16:14:34,340 - client_1 - INFO - Data transmission successful
2025-05-13 16:15:36,818 - client_1 - INFO - Client 1 started with algorithm: fedewma, model: resnet18fashion
2025-05-13 16:15:45,956 - client_1 - INFO - Epoch 1/2 - Loss: 0.2284
2025-05-13 16:15:49,616 - client_1 - INFO - Epoch 2/2 - Loss: 0.2164
2025-05-13 16:15:49,621 - client_1 - INFO - Client 1 sending full delta weights
2025-05-13 16:15:49,634 - client_1 - INFO - Sent 716145 bytes to server (weights size: 715993 bytes, client data size: 913, sparse: False)
2025-05-13 16:15:49,673 - client_1 - INFO - Data transmission successful
2025-05-13 16:19:23,043 - client_1 - INFO - Client 1 started with algorithm: fedewma, model: resnet18fashion
2025-05-13 16:19:31,011 - client_1 - INFO - Epoch 1/2 - Loss: 0.2359
2025-05-13 16:19:33,887 - client_1 - INFO - Epoch 2/2 - Loss: 0.1716
2025-05-13 16:19:33,890 - client_1 - INFO - Client 1 sending full delta weights
2025-05-13 16:19:33,898 - client_1 - INFO - Sent 716145 bytes to server (weights size: 715993 bytes, client data size: 913, sparse: False)
2025-05-13 16:19:33,913 - client_1 - INFO - Data transmission successful
2025-05-13 16:20:09,366 - client_1 - INFO - Client 1 started with algorithm: fedewma, model: resnet18fashion
2025-05-13 16:20:17,536 - client_1 - INFO - Epoch 1/2 - Loss: 0.2231
2025-05-13 16:20:20,729 - client_1 - INFO - Epoch 2/2 - Loss: 0.1817
2025-05-13 16:20:20,733 - client_1 - INFO - Client 1 sending full delta weights
2025-05-13 16:20:20,742 - client_1 - INFO - Sent 716145 bytes to server (weights size: 715993 bytes, client data size: 913, sparse: False)
2025-05-13 16:20:20,766 - client_1 - INFO - Data transmission successful
2025-05-13 16:22:30,954 - client_1 - INFO - Client 1 started with algorithm: fedewma, model: resnet18fashion
2025-05-13 16:22:37,805 - client_1 - INFO - Epoch 1/2 - Loss: 0.2242
2025-05-13 16:22:40,056 - client_1 - INFO - Epoch 2/2 - Loss: 0.1667
2025-05-13 16:22:40,059 - client_1 - INFO - Client 1 sending full delta weights
2025-05-13 16:22:40,068 - client_1 - INFO - Sent 716145 bytes to server (weights size: 715993 bytes, client data size: 913, sparse: False)
2025-05-13 16:22:40,088 - client_1 - INFO - Data transmission successful
2025-05-14 07:23:14,370 - client_1 - INFO - Client 1 started with algorithm: fedprox, model: resnet18fashion
2025-05-14 07:23:18,821 - client_1 - INFO - Epoch 1/2 - Loss: 0.4733
2025-05-14 07:23:21,406 - client_1 - INFO - Epoch 2/2 - Loss: 0.3864
2025-05-14 07:23:21,419 - client_1 - INFO - Sent 717496 bytes to server (weights size: 717344 bytes, client data size: 913, sparse: False)
2025-05-14 07:23:21,437 - client_1 - INFO - Data transmission successful
2025-05-14 07:23:41,121 - client_1 - INFO - Client 1 started with algorithm: fedprox, model: resnet18fashion
2025-05-14 07:23:47,808 - client_1 - INFO - Epoch 1/2 - Loss: 0.4262
2025-05-14 07:23:50,722 - client_1 - INFO - Epoch 2/2 - Loss: 0.3923
2025-05-14 07:23:50,733 - client_1 - INFO - Sent 717496 bytes to server (weights size: 717344 bytes, client data size: 913, sparse: False)
2025-05-14 07:23:50,754 - client_1 - INFO - Data transmission successful
2025-05-14 07:24:26,689 - client_1 - INFO - Client 1 started with algorithm: fedprox, model: resnet18fashion
2025-05-14 07:24:32,056 - client_1 - INFO - Epoch 1/2 - Loss: 0.3780
2025-05-14 07:24:35,564 - client_1 - INFO - Epoch 2/2 - Loss: 0.3231
2025-05-14 07:24:35,575 - client_1 - INFO - Sent 717496 bytes to server (weights size: 717344 bytes, client data size: 913, sparse: False)
2025-05-14 07:24:35,598 - client_1 - INFO - Data transmission successful
2025-05-14 07:25:04,385 - client_1 - INFO - Client 1 started with algorithm: fedprox, model: resnet18fashion
2025-05-14 07:25:14,798 - client_1 - INFO - Epoch 1/2 - Loss: 0.3262
2025-05-14 07:25:20,863 - client_1 - INFO - Epoch 2/2 - Loss: 0.3047
2025-05-14 07:25:20,874 - client_1 - INFO - Sent 717496 bytes to server (weights size: 717344 bytes, client data size: 913, sparse: False)
2025-05-14 07:25:20,898 - client_1 - INFO - Data transmission successful
2025-05-14 07:26:29,393 - client_1 - INFO - Client 1 started with algorithm: fedprox, model: resnet18fashion
2025-05-14 07:26:35,136 - client_1 - INFO - Epoch 1/2 - Loss: 0.2980
2025-05-14 07:26:38,312 - client_1 - INFO - Epoch 2/2 - Loss: 0.2871
2025-05-14 07:26:38,322 - client_1 - INFO - Sent 717496 bytes to server (weights size: 717344 bytes, client data size: 913, sparse: False)
2025-05-14 07:26:38,341 - client_1 - INFO - Data transmission successful
2025-05-14 07:27:58,193 - client_1 - INFO - Client 1 started with algorithm: fedprox, model: resnet18fashion
2025-05-14 07:28:05,946 - client_1 - INFO - Epoch 1/2 - Loss: 0.3012
2025-05-14 07:28:11,728 - client_1 - INFO - Epoch 2/2 - Loss: 0.2572
2025-05-14 07:28:11,739 - client_1 - INFO - Sent 717496 bytes to server (weights size: 717344 bytes, client data size: 913, sparse: False)
2025-05-14 07:28:11,759 - client_1 - INFO - Data transmission successful
2025-05-14 07:28:39,519 - client_1 - INFO - Client 1 started with algorithm: fedprox, model: resnet18fashion
2025-05-14 07:28:46,893 - client_1 - INFO - Epoch 1/2 - Loss: 0.3029
2025-05-14 07:28:52,100 - client_1 - INFO - Epoch 2/2 - Loss: 0.2956
2025-05-14 07:28:52,112 - client_1 - INFO - Sent 717496 bytes to server (weights size: 717344 bytes, client data size: 913, sparse: False)
2025-05-14 07:28:52,132 - client_1 - INFO - Data transmission successful
2025-05-14 07:28:56,817 - client_1 - INFO - Client 1 started with algorithm: fedprox, model: resnet18fashion
2025-05-14 07:29:04,028 - client_1 - INFO - Epoch 1/2 - Loss: 0.2654
2025-05-14 07:29:08,448 - client_1 - INFO - Epoch 2/2 - Loss: 0.2402
2025-05-14 07:29:08,459 - client_1 - INFO - Sent 717496 bytes to server (weights size: 717344 bytes, client data size: 913, sparse: False)
2025-05-14 07:29:08,486 - client_1 - INFO - Data transmission successful
2025-05-14 07:29:32,535 - client_1 - INFO - Client 1 started with algorithm: fedprox, model: resnet18fashion
2025-05-14 07:29:40,612 - client_1 - INFO - Epoch 1/2 - Loss: 0.2872
2025-05-14 07:29:45,456 - client_1 - INFO - Epoch 2/2 - Loss: 0.2536
2025-05-14 07:29:45,467 - client_1 - INFO - Sent 717496 bytes to server (weights size: 717344 bytes, client data size: 913, sparse: False)
2025-05-14 07:29:45,491 - client_1 - INFO - Data transmission successful
2025-05-14 07:33:32,641 - client_1 - INFO - Client 1 started with algorithm: fedprox, model: resnet18fashion
2025-05-14 07:33:38,958 - client_1 - INFO - Epoch 1/2 - Loss: 0.2842
2025-05-14 07:33:43,025 - client_1 - INFO - Epoch 2/2 - Loss: 0.2361
2025-05-14 07:33:43,036 - client_1 - INFO - Sent 717496 bytes to server (weights size: 717344 bytes, client data size: 913, sparse: False)
2025-05-14 07:33:43,060 - client_1 - INFO - Data transmission successful
2025-05-14 07:34:48,608 - client_1 - INFO - Client 1 started with algorithm: fedprox, model: resnet18fashion
2025-05-14 07:34:57,886 - client_1 - INFO - Epoch 1/2 - Loss: 0.2437
2025-05-14 07:35:03,554 - client_1 - INFO - Epoch 2/2 - Loss: 0.2070
2025-05-14 07:35:03,565 - client_1 - INFO - Sent 717496 bytes to server (weights size: 717344 bytes, client data size: 913, sparse: False)
2025-05-14 07:35:03,587 - client_1 - INFO - Data transmission successful
2025-05-14 07:38:39,046 - client_1 - INFO - Client 1 started with algorithm: fedprox, model: resnet18fashion
2025-05-14 07:38:47,798 - client_1 - INFO - Epoch 1/2 - Loss: 0.2430
2025-05-14 07:38:53,582 - client_1 - INFO - Epoch 2/2 - Loss: 0.2038
2025-05-14 07:38:53,595 - client_1 - INFO - Sent 717496 bytes to server (weights size: 717344 bytes, client data size: 913, sparse: False)
2025-05-14 07:38:53,624 - client_1 - INFO - Data transmission successful
2025-05-14 07:39:54,760 - client_1 - INFO - Client 1 started with algorithm: fedprox, model: resnet18fashion
2025-05-14 07:40:00,447 - client_1 - INFO - Epoch 1/2 - Loss: 0.2402
2025-05-14 07:40:04,667 - client_1 - INFO - Epoch 2/2 - Loss: 0.2193
2025-05-14 07:40:04,681 - client_1 - INFO - Sent 717496 bytes to server (weights size: 717344 bytes, client data size: 913, sparse: False)
2025-05-14 07:40:04,709 - client_1 - INFO - Data transmission successful
2025-05-14 07:43:32,317 - client_1 - INFO - Client 1 started with algorithm: fedprox, model: resnet18fashion
2025-05-14 07:43:38,413 - client_1 - INFO - Epoch 1/2 - Loss: 0.2104
2025-05-14 07:43:42,368 - client_1 - INFO - Epoch 2/2 - Loss: 0.1930
2025-05-14 07:43:42,378 - client_1 - INFO - Sent 717496 bytes to server (weights size: 717344 bytes, client data size: 913, sparse: False)
2025-05-14 07:43:42,398 - client_1 - INFO - Data transmission successful
2025-05-14 07:44:16,784 - client_1 - INFO - Client 1 started with algorithm: fedprox, model: resnet18fashion
2025-05-14 07:44:22,306 - client_1 - INFO - Epoch 1/2 - Loss: 0.2350
2025-05-14 07:44:26,233 - client_1 - INFO - Epoch 2/2 - Loss: 0.1836
2025-05-14 07:44:26,245 - client_1 - INFO - Sent 717496 bytes to server (weights size: 717344 bytes, client data size: 913, sparse: False)
2025-05-14 07:44:26,267 - client_1 - INFO - Data transmission successful
2025-05-14 07:46:28,563 - client_1 - INFO - Client 1 started with algorithm: fedprox, model: resnet18fashion
2025-05-14 07:46:33,356 - client_1 - INFO - Epoch 1/2 - Loss: 0.2223
2025-05-14 07:46:36,261 - client_1 - INFO - Epoch 2/2 - Loss: 0.1863
2025-05-14 07:46:36,272 - client_1 - INFO - Sent 717496 bytes to server (weights size: 717344 bytes, client data size: 913, sparse: False)
2025-05-14 07:46:36,292 - client_1 - INFO - Data transmission successful
2025-05-14 08:37:40,811 - client_1 - INFO - Client 1 started with algorithm: fedavg, model: resnet18fashion
2025-05-14 08:37:45,062 - client_1 - INFO - Epoch 1/2 - Loss: 0.4649
2025-05-14 08:37:47,207 - client_1 - INFO - Epoch 2/2 - Loss: 0.4377
2025-05-14 08:37:47,218 - client_1 - INFO - Sent 717498 bytes to server (weights size: 717344 bytes, client data size: 913, sparse: False)
2025-05-14 08:37:47,239 - client_1 - INFO - Data transmission successful
2025-05-14 08:38:10,030 - client_1 - INFO - Client 1 started with algorithm: fedavg, model: resnet18fashion
2025-05-14 08:38:16,216 - client_1 - INFO - Epoch 1/2 - Loss: 0.4386
2025-05-14 08:38:21,610 - client_1 - INFO - Epoch 2/2 - Loss: 0.3620
2025-05-14 08:38:21,623 - client_1 - INFO - Sent 717498 bytes to server (weights size: 717344 bytes, client data size: 913, sparse: False)
2025-05-14 08:38:21,648 - client_1 - INFO - Data transmission successful
2025-05-14 08:38:56,800 - client_1 - INFO - Client 1 started with algorithm: fedavg, model: resnet18fashion
2025-05-14 08:39:01,417 - client_1 - INFO - Epoch 1/2 - Loss: 0.3690
2025-05-14 08:39:04,164 - client_1 - INFO - Epoch 2/2 - Loss: 0.3191
2025-05-14 08:39:04,176 - client_1 - INFO - Sent 717498 bytes to server (weights size: 717344 bytes, client data size: 913, sparse: False)
2025-05-14 08:39:04,203 - client_1 - INFO - Data transmission successful
2025-05-14 08:39:27,293 - client_1 - INFO - Client 1 started with algorithm: fedavg, model: resnet18fashion
2025-05-14 08:39:36,484 - client_1 - INFO - Epoch 1/2 - Loss: 0.3241
2025-05-14 08:39:42,400 - client_1 - INFO - Epoch 2/2 - Loss: 0.2958
2025-05-14 08:39:42,413 - client_1 - INFO - Sent 717498 bytes to server (weights size: 717344 bytes, client data size: 913, sparse: False)
2025-05-14 08:39:42,446 - client_1 - INFO - Data transmission successful
2025-05-14 08:40:49,134 - client_1 - INFO - Client 1 started with algorithm: fedavg, model: resnet18fashion
2025-05-14 08:40:54,478 - client_1 - INFO - Epoch 1/2 - Loss: 0.3116
2025-05-14 08:40:56,848 - client_1 - INFO - Epoch 2/2 - Loss: 0.2620
2025-05-14 08:40:56,858 - client_1 - INFO - Sent 717498 bytes to server (weights size: 717344 bytes, client data size: 913, sparse: False)
2025-05-14 08:40:56,873 - client_1 - INFO - Data transmission successful
2025-05-14 08:42:02,080 - client_1 - INFO - Client 1 started with algorithm: fedavg, model: resnet18fashion
2025-05-14 08:42:09,402 - client_1 - INFO - Epoch 1/2 - Loss: 0.2739
2025-05-14 08:42:16,183 - client_1 - INFO - Epoch 2/2 - Loss: 0.2485
2025-05-14 08:42:16,195 - client_1 - INFO - Sent 717498 bytes to server (weights size: 717344 bytes, client data size: 913, sparse: False)
2025-05-14 08:42:16,229 - client_1 - INFO - Data transmission successful
2025-05-14 08:42:41,213 - client_1 - INFO - Client 1 started with algorithm: fedavg, model: resnet18fashion
2025-05-14 08:42:49,586 - client_1 - INFO - Epoch 1/2 - Loss: 0.2886
2025-05-14 08:42:54,192 - client_1 - INFO - Epoch 2/2 - Loss: 0.2812
2025-05-14 08:42:54,204 - client_1 - INFO - Sent 717498 bytes to server (weights size: 717344 bytes, client data size: 913, sparse: False)
2025-05-14 08:42:54,239 - client_1 - INFO - Data transmission successful
2025-05-14 08:43:00,370 - client_1 - INFO - Client 1 started with algorithm: fedavg, model: resnet18fashion
2025-05-14 08:43:06,816 - client_1 - INFO - Epoch 1/2 - Loss: 0.2713
2025-05-14 08:43:10,239 - client_1 - INFO - Epoch 2/2 - Loss: 0.2347
2025-05-14 08:43:10,250 - client_1 - INFO - Sent 717498 bytes to server (weights size: 717344 bytes, client data size: 913, sparse: False)
2025-05-14 08:43:10,272 - client_1 - INFO - Data transmission successful
2025-05-14 08:43:38,786 - client_1 - INFO - Client 1 started with algorithm: fedavg, model: resnet18fashion
2025-05-14 08:43:46,479 - client_1 - INFO - Epoch 1/2 - Loss: 0.2761
2025-05-14 08:43:51,142 - client_1 - INFO - Epoch 2/2 - Loss: 0.2546
2025-05-14 08:43:51,162 - client_1 - INFO - Sent 717498 bytes to server (weights size: 717344 bytes, client data size: 913, sparse: False)
2025-05-14 08:43:51,192 - client_1 - INFO - Data transmission successful
2025-05-14 08:47:45,949 - client_1 - INFO - Client 1 started with algorithm: fedavg, model: resnet18fashion
2025-05-14 08:47:51,309 - client_1 - INFO - Epoch 1/2 - Loss: 0.2470
2025-05-14 08:47:55,434 - client_1 - INFO - Epoch 2/2 - Loss: 0.2322
2025-05-14 08:47:55,447 - client_1 - INFO - Sent 717498 bytes to server (weights size: 717344 bytes, client data size: 913, sparse: False)
2025-05-14 08:47:55,473 - client_1 - INFO - Data transmission successful
2025-05-14 08:48:50,664 - client_1 - INFO - Client 1 started with algorithm: fedavg, model: resnet18fashion
2025-05-14 08:48:58,146 - client_1 - INFO - Epoch 1/2 - Loss: 0.2457
2025-05-14 08:49:02,865 - client_1 - INFO - Epoch 2/2 - Loss: 0.2378
2025-05-14 08:49:02,876 - client_1 - INFO - Sent 717498 bytes to server (weights size: 717344 bytes, client data size: 913, sparse: False)
2025-05-14 08:49:02,902 - client_1 - INFO - Data transmission successful
2025-05-14 08:52:12,191 - client_1 - INFO - Client 1 started with algorithm: fedavg, model: resnet18fashion
2025-05-14 08:52:18,460 - client_1 - INFO - Epoch 1/2 - Loss: 0.2474
2025-05-14 08:52:22,798 - client_1 - INFO - Epoch 2/2 - Loss: 0.1887
2025-05-14 08:52:22,810 - client_1 - INFO - Sent 717498 bytes to server (weights size: 717344 bytes, client data size: 913, sparse: False)
2025-05-14 08:52:22,834 - client_1 - INFO - Data transmission successful
2025-05-14 08:53:15,460 - client_1 - INFO - Client 1 started with algorithm: fedavg, model: resnet18fashion
2025-05-14 08:53:20,663 - client_1 - INFO - Epoch 1/2 - Loss: 0.2503
2025-05-14 08:53:24,194 - client_1 - INFO - Epoch 2/2 - Loss: 0.1958
2025-05-14 08:53:24,206 - client_1 - INFO - Sent 717498 bytes to server (weights size: 717344 bytes, client data size: 913, sparse: False)
2025-05-14 08:53:24,233 - client_1 - INFO - Data transmission successful
2025-05-14 08:56:47,321 - client_1 - INFO - Client 1 started with algorithm: fedavg, model: resnet18fashion
2025-05-14 08:56:53,546 - client_1 - INFO - Epoch 1/2 - Loss: 0.2374
2025-05-14 08:56:56,766 - client_1 - INFO - Epoch 2/2 - Loss: 0.2119
2025-05-14 08:56:56,776 - client_1 - INFO - Sent 717498 bytes to server (weights size: 717344 bytes, client data size: 913, sparse: False)
2025-05-14 08:56:56,793 - client_1 - INFO - Data transmission successful
2025-05-14 08:57:27,348 - client_1 - INFO - Client 1 started with algorithm: fedavg, model: resnet18fashion
2025-05-14 08:57:32,521 - client_1 - INFO - Epoch 1/2 - Loss: 0.2113
2025-05-14 08:57:36,048 - client_1 - INFO - Epoch 2/2 - Loss: 0.1656
2025-05-14 08:57:36,060 - client_1 - INFO - Sent 717498 bytes to server (weights size: 717344 bytes, client data size: 913, sparse: False)
2025-05-14 08:57:36,088 - client_1 - INFO - Data transmission successful
2025-05-14 08:59:22,350 - client_1 - INFO - Client 1 started with algorithm: fedavg, model: resnet18fashion
2025-05-14 08:59:28,754 - client_1 - INFO - Epoch 1/2 - Loss: 0.2270
2025-05-14 08:59:31,893 - client_1 - INFO - Epoch 2/2 - Loss: 0.1742
2025-05-14 08:59:31,921 - client_1 - INFO - Sent 717498 bytes to server (weights size: 717344 bytes, client data size: 913, sparse: False)
2025-05-14 08:59:31,952 - client_1 - INFO - Data transmission successful
