2025-05-12 11:21:22,862 - client_47 - INFO - Client 47 started with algorithm: fedewma, model: lenet5
2025-05-12 11:21:27,632 - client_47 - INFO - Epoch 1/2 - Loss: 0.1348
2025-05-12 11:21:28,639 - client_47 - INFO - Epoch 2/2 - Loss: 0.0409
2025-05-12 11:21:28,639 - client_47 - INFO - Client 47 sending full delta weights
2025-05-12 11:21:28,641 - client_47 - INFO - Sent 250184 bytes to server (weights size: 250032 bytes, client data size: 1535, sparse: False)
2025-05-12 11:21:28,644 - client_47 - INFO - Data transmission successful
2025-05-12 11:23:25,128 - client_47 - INFO - Client 47 started with algorithm: fedewma, model: lenet5
2025-05-12 11:23:31,700 - client_47 - INFO - Epoch 1/2 - Loss: 0.0836
2025-05-12 11:23:34,496 - client_47 - INFO - Epoch 2/2 - Loss: 0.0254
2025-05-12 11:23:34,497 - client_47 - INFO - Client 47 sending full delta weights
2025-05-12 11:23:34,500 - client_47 - INFO - Sent 250184 bytes to server (weights size: 250032 bytes, client data size: 1535, sparse: False)
2025-05-12 11:23:34,507 - client_47 - INFO - Data transmission successful
2025-05-12 11:26:28,232 - client_47 - INFO - Client 47 started with algorithm: fedewma, model: lenet5
2025-05-12 11:26:35,088 - client_47 - INFO - Epoch 1/2 - Loss: 0.0490
2025-05-12 11:26:37,445 - client_47 - INFO - Epoch 2/2 - Loss: 0.0145
2025-05-12 11:26:37,446 - client_47 - INFO - Client 47 sending full delta weights
2025-05-12 11:26:37,449 - client_47 - INFO - Sent 250184 bytes to server (weights size: 250032 bytes, client data size: 1535, sparse: False)
2025-05-12 11:26:37,456 - client_47 - INFO - Data transmission successful
2025-05-12 11:26:52,874 - client_47 - INFO - Client 47 started with algorithm: fedewma, model: lenet5
2025-05-12 11:26:59,617 - client_47 - INFO - Epoch 1/2 - Loss: 0.0361
2025-05-12 11:27:02,182 - client_47 - INFO - Epoch 2/2 - Loss: 0.0126
2025-05-12 11:27:02,183 - client_47 - INFO - Client 47 sending full delta weights
2025-05-12 11:27:02,189 - client_47 - INFO - Sent 250184 bytes to server (weights size: 250032 bytes, client data size: 1535, sparse: False)
2025-05-12 11:27:02,194 - client_47 - INFO - Data transmission successful
2025-05-12 11:27:05,501 - client_47 - INFO - Client 47 started with algorithm: fedewma, model: lenet5
2025-05-12 11:27:12,141 - client_47 - INFO - Epoch 1/2 - Loss: 0.0327
2025-05-12 11:27:13,854 - client_47 - INFO - Epoch 2/2 - Loss: 0.0110
2025-05-12 11:27:13,855 - client_47 - INFO - Client 47 sending full delta weights
2025-05-12 11:27:13,857 - client_47 - INFO - Sent 250184 bytes to server (weights size: 250032 bytes, client data size: 1535, sparse: False)
2025-05-12 11:27:13,861 - client_47 - INFO - Data transmission successful
2025-05-12 11:28:15,171 - client_47 - INFO - Client 47 started with algorithm: fedewma, model: lenet5
2025-05-12 11:28:23,030 - client_47 - INFO - Epoch 1/2 - Loss: 0.0438
2025-05-12 11:28:26,338 - client_47 - INFO - Epoch 2/2 - Loss: 0.0100
2025-05-12 11:28:26,339 - client_47 - INFO - Client 47 sending full delta weights
2025-05-12 11:28:26,342 - client_47 - INFO - Sent 250184 bytes to server (weights size: 250032 bytes, client data size: 1535, sparse: False)
2025-05-12 11:28:26,348 - client_47 - INFO - Data transmission successful
2025-05-12 11:28:50,277 - client_47 - INFO - Client 47 started with algorithm: fedewma, model: lenet5
2025-05-12 11:28:56,111 - client_47 - INFO - Epoch 1/2 - Loss: 0.0230
2025-05-12 11:28:57,789 - client_47 - INFO - Epoch 2/2 - Loss: 0.0088
2025-05-12 11:28:57,790 - client_47 - INFO - Client 47 sending full delta weights
2025-05-12 11:28:57,793 - client_47 - INFO - Sent 250184 bytes to server (weights size: 250032 bytes, client data size: 1535, sparse: False)
2025-05-12 11:28:57,796 - client_47 - INFO - Data transmission successful
2025-05-12 11:31:36,540 - client_47 - INFO - Client 47 started with algorithm: fedewma, model: lenet5
2025-05-12 11:31:41,920 - client_47 - INFO - Epoch 1/2 - Loss: 0.0332
2025-05-12 11:31:44,431 - client_47 - INFO - Epoch 2/2 - Loss: 0.0065
2025-05-12 11:31:44,431 - client_47 - INFO - Client 47 sending full delta weights
2025-05-12 11:31:44,435 - client_47 - INFO - Sent 250184 bytes to server (weights size: 250032 bytes, client data size: 1535, sparse: False)
2025-05-12 11:31:44,443 - client_47 - INFO - Data transmission successful
2025-05-12 11:32:50,166 - client_47 - INFO - Client 47 started with algorithm: fedewma, model: lenet5
2025-05-12 11:32:56,997 - client_47 - INFO - Epoch 1/2 - Loss: 0.0257
2025-05-12 11:32:58,844 - client_47 - INFO - Epoch 2/2 - Loss: 0.0053
2025-05-12 11:32:58,845 - client_47 - INFO - Client 47 sending full delta weights
2025-05-12 11:32:58,848 - client_47 - INFO - Sent 250184 bytes to server (weights size: 250032 bytes, client data size: 1535, sparse: False)
2025-05-12 11:32:58,853 - client_47 - INFO - Data transmission successful
2025-05-12 11:33:19,344 - client_47 - INFO - Client 47 started with algorithm: fedewma, model: lenet5
2025-05-12 11:33:26,005 - client_47 - INFO - Epoch 1/2 - Loss: 0.0417
2025-05-12 11:33:28,373 - client_47 - INFO - Epoch 2/2 - Loss: 0.0054
2025-05-12 11:33:28,373 - client_47 - INFO - Client 47 sending full delta weights
2025-05-12 11:33:28,376 - client_47 - INFO - Sent 250184 bytes to server (weights size: 250032 bytes, client data size: 1535, sparse: False)
2025-05-12 11:33:28,387 - client_47 - INFO - Data transmission successful
2025-05-12 11:34:00,039 - client_47 - INFO - Client 47 started with algorithm: fedewma, model: lenet5
2025-05-12 11:34:05,275 - client_47 - INFO - Epoch 1/2 - Loss: 0.0236
2025-05-12 11:34:06,933 - client_47 - INFO - Epoch 2/2 - Loss: 0.0045
2025-05-12 11:34:06,933 - client_47 - INFO - Client 47 sending full delta weights
2025-05-12 11:34:06,939 - client_47 - INFO - Sent 250184 bytes to server (weights size: 250032 bytes, client data size: 1535, sparse: False)
2025-05-12 11:34:06,943 - client_47 - INFO - Data transmission successful
2025-05-12 11:34:30,562 - client_47 - INFO - Client 47 started with algorithm: fedewma, model: lenet5
2025-05-12 11:34:37,924 - client_47 - INFO - Epoch 1/2 - Loss: 0.0171
2025-05-12 11:34:39,372 - client_47 - INFO - Epoch 2/2 - Loss: 0.0034
2025-05-12 11:34:39,372 - client_47 - INFO - Client 47 sending full delta weights
2025-05-12 11:34:39,374 - client_47 - INFO - Sent 250184 bytes to server (weights size: 250032 bytes, client data size: 1535, sparse: False)
2025-05-12 11:34:39,376 - client_47 - INFO - Data transmission successful
2025-05-12 11:35:59,572 - client_47 - INFO - Client 47 started with algorithm: fedewma, model: lenet5
2025-05-12 11:36:04,239 - client_47 - INFO - Epoch 1/2 - Loss: 0.0255
2025-05-12 11:36:05,180 - client_47 - INFO - Epoch 2/2 - Loss: 0.0034
2025-05-12 11:36:05,181 - client_47 - INFO - Client 47 sending full delta weights
2025-05-12 11:36:05,183 - client_47 - INFO - Sent 250184 bytes to server (weights size: 250032 bytes, client data size: 1535, sparse: False)
2025-05-12 11:36:05,188 - client_47 - INFO - Data transmission successful
2025-05-12 11:36:50,214 - client_47 - INFO - Client 47 started with algorithm: fedewma, model: lenet5
2025-05-12 11:36:57,983 - client_47 - INFO - Epoch 1/2 - Loss: 0.0149
2025-05-12 11:37:00,351 - client_47 - INFO - Epoch 2/2 - Loss: 0.0042
2025-05-12 11:37:00,352 - client_47 - INFO - Client 47 sending full delta weights
2025-05-12 11:37:00,355 - client_47 - INFO - Sent 250184 bytes to server (weights size: 250032 bytes, client data size: 1535, sparse: False)
2025-05-12 11:37:00,360 - client_47 - INFO - Data transmission successful
2025-05-13 07:09:09,252 - client_47 - INFO - Client 47 started with algorithm: fedprox, model: lenet5
2025-05-13 07:09:13,170 - client_47 - INFO - Epoch 1/2 - Loss: 0.1317
2025-05-13 07:09:14,780 - client_47 - INFO - Epoch 2/2 - Loss: 0.0412
2025-05-13 07:09:14,783 - client_47 - INFO - Sent 250511 bytes to server (weights size: 250359 bytes, client data size: 1535, sparse: False)
2025-05-13 07:09:14,788 - client_47 - INFO - Data transmission successful
2025-05-13 07:10:50,456 - client_47 - INFO - Client 47 started with algorithm: fedprox, model: lenet5
2025-05-13 07:10:54,399 - client_47 - INFO - Epoch 1/2 - Loss: 0.0870
2025-05-13 07:10:57,326 - client_47 - INFO - Epoch 2/2 - Loss: 0.0266
2025-05-13 07:10:57,329 - client_47 - INFO - Sent 250511 bytes to server (weights size: 250359 bytes, client data size: 1535, sparse: False)
2025-05-13 07:10:57,333 - client_47 - INFO - Data transmission successful
2025-05-13 07:13:14,043 - client_47 - INFO - Client 47 started with algorithm: fedprox, model: lenet5
2025-05-13 07:13:17,800 - client_47 - INFO - Epoch 1/2 - Loss: 0.0460
2025-05-13 07:13:20,274 - client_47 - INFO - Epoch 2/2 - Loss: 0.0129
2025-05-13 07:13:20,278 - client_47 - INFO - Sent 250511 bytes to server (weights size: 250359 bytes, client data size: 1535, sparse: False)
2025-05-13 07:13:20,284 - client_47 - INFO - Data transmission successful
2025-05-13 07:13:32,732 - client_47 - INFO - Client 47 started with algorithm: fedprox, model: lenet5
2025-05-13 07:13:36,705 - client_47 - INFO - Epoch 1/2 - Loss: 0.0316
2025-05-13 07:13:38,885 - client_47 - INFO - Epoch 2/2 - Loss: 0.0124
2025-05-13 07:13:38,888 - client_47 - INFO - Sent 250511 bytes to server (weights size: 250359 bytes, client data size: 1535, sparse: False)
2025-05-13 07:13:38,893 - client_47 - INFO - Data transmission successful
2025-05-13 07:13:42,232 - client_47 - INFO - Client 47 started with algorithm: fedprox, model: lenet5
2025-05-13 07:13:46,116 - client_47 - INFO - Epoch 1/2 - Loss: 0.0302
2025-05-13 07:13:47,730 - client_47 - INFO - Epoch 2/2 - Loss: 0.0116
2025-05-13 07:13:47,732 - client_47 - INFO - Sent 250511 bytes to server (weights size: 250359 bytes, client data size: 1535, sparse: False)
2025-05-13 07:13:47,735 - client_47 - INFO - Data transmission successful
2025-05-13 07:14:32,460 - client_47 - INFO - Client 47 started with algorithm: fedprox, model: lenet5
2025-05-13 07:14:38,190 - client_47 - INFO - Epoch 1/2 - Loss: 0.0515
2025-05-13 07:14:41,786 - client_47 - INFO - Epoch 2/2 - Loss: 0.0091
2025-05-13 07:14:41,789 - client_47 - INFO - Sent 250511 bytes to server (weights size: 250359 bytes, client data size: 1535, sparse: False)
2025-05-13 07:14:41,795 - client_47 - INFO - Data transmission successful
2025-05-13 07:15:00,858 - client_47 - INFO - Client 47 started with algorithm: fedprox, model: lenet5
2025-05-13 07:15:04,208 - client_47 - INFO - Epoch 1/2 - Loss: 0.0273
2025-05-13 07:15:06,156 - client_47 - INFO - Epoch 2/2 - Loss: 0.0078
2025-05-13 07:15:06,159 - client_47 - INFO - Sent 250511 bytes to server (weights size: 250359 bytes, client data size: 1535, sparse: False)
2025-05-13 07:15:06,164 - client_47 - INFO - Data transmission successful
2025-05-13 07:17:06,875 - client_47 - INFO - Client 47 started with algorithm: fedprox, model: lenet5
2025-05-13 07:17:09,431 - client_47 - INFO - Epoch 1/2 - Loss: 0.0295
2025-05-13 07:17:11,872 - client_47 - INFO - Epoch 2/2 - Loss: 0.0062
2025-05-13 07:17:11,875 - client_47 - INFO - Sent 250511 bytes to server (weights size: 250359 bytes, client data size: 1535, sparse: False)
2025-05-13 07:17:11,881 - client_47 - INFO - Data transmission successful
2025-05-13 07:18:11,231 - client_47 - INFO - Client 47 started with algorithm: fedprox, model: lenet5
2025-05-13 07:18:15,287 - client_47 - INFO - Epoch 1/2 - Loss: 0.0217
2025-05-13 07:18:17,316 - client_47 - INFO - Epoch 2/2 - Loss: 0.0050
2025-05-13 07:18:17,318 - client_47 - INFO - Sent 250511 bytes to server (weights size: 250359 bytes, client data size: 1535, sparse: False)
2025-05-13 07:18:17,322 - client_47 - INFO - Data transmission successful
2025-05-13 07:18:32,579 - client_47 - INFO - Client 47 started with algorithm: fedprox, model: lenet5
2025-05-13 07:18:36,626 - client_47 - INFO - Epoch 1/2 - Loss: 0.0490
2025-05-13 07:18:38,895 - client_47 - INFO - Epoch 2/2 - Loss: 0.0055
2025-05-13 07:18:38,898 - client_47 - INFO - Sent 250511 bytes to server (weights size: 250359 bytes, client data size: 1535, sparse: False)
2025-05-13 07:18:38,903 - client_47 - INFO - Data transmission successful
2025-05-13 07:19:02,170 - client_47 - INFO - Client 47 started with algorithm: fedprox, model: lenet5
2025-05-13 07:19:04,758 - client_47 - INFO - Epoch 1/2 - Loss: 0.0222
2025-05-13 07:19:06,529 - client_47 - INFO - Epoch 2/2 - Loss: 0.0047
2025-05-13 07:19:06,531 - client_47 - INFO - Sent 250511 bytes to server (weights size: 250359 bytes, client data size: 1535, sparse: False)
2025-05-13 07:19:06,535 - client_47 - INFO - Data transmission successful
2025-05-13 07:19:25,279 - client_47 - INFO - Client 47 started with algorithm: fedprox, model: lenet5
2025-05-13 07:19:30,292 - client_47 - INFO - Epoch 1/2 - Loss: 0.0154
2025-05-13 07:19:31,819 - client_47 - INFO - Epoch 2/2 - Loss: 0.0044
2025-05-13 07:19:31,821 - client_47 - INFO - Sent 250511 bytes to server (weights size: 250359 bytes, client data size: 1535, sparse: False)
2025-05-13 07:19:31,824 - client_47 - INFO - Data transmission successful
2025-05-13 07:20:34,932 - client_47 - INFO - Client 47 started with algorithm: fedprox, model: lenet5
2025-05-13 07:20:37,545 - client_47 - INFO - Epoch 1/2 - Loss: 0.0191
2025-05-13 07:20:38,743 - client_47 - INFO - Epoch 2/2 - Loss: 0.0037
2025-05-13 07:20:38,745 - client_47 - INFO - Sent 250511 bytes to server (weights size: 250359 bytes, client data size: 1535, sparse: False)
2025-05-13 07:20:38,748 - client_47 - INFO - Data transmission successful
2025-05-13 07:21:14,243 - client_47 - INFO - Client 47 started with algorithm: fedprox, model: lenet5
2025-05-13 07:21:19,266 - client_47 - INFO - Epoch 1/2 - Loss: 0.0124
2025-05-13 07:21:22,023 - client_47 - INFO - Epoch 2/2 - Loss: 0.0038
2025-05-13 07:21:22,025 - client_47 - INFO - Sent 250511 bytes to server (weights size: 250359 bytes, client data size: 1535, sparse: False)
2025-05-13 07:21:22,030 - client_47 - INFO - Data transmission successful
2025-05-13 07:28:53,591 - client_47 - INFO - Client 47 started with algorithm: fedavg, model: lenet5
2025-05-13 07:28:55,309 - client_47 - INFO - Epoch 1/2 - Loss: 0.2103
2025-05-13 07:28:56,752 - client_47 - INFO - Epoch 2/2 - Loss: 0.0405
2025-05-13 07:28:56,754 - client_47 - INFO - Sent 250513 bytes to server (weights size: 250359 bytes, client data size: 1535, sparse: False)
2025-05-13 07:28:56,757 - client_47 - INFO - Data transmission successful
2025-05-13 07:30:20,368 - client_47 - INFO - Client 47 started with algorithm: fedavg, model: lenet5
2025-05-13 07:30:23,880 - client_47 - INFO - Epoch 1/2 - Loss: 0.1181
2025-05-13 07:30:27,518 - client_47 - INFO - Epoch 2/2 - Loss: 0.0263
2025-05-13 07:30:27,522 - client_47 - INFO - Sent 250513 bytes to server (weights size: 250359 bytes, client data size: 1535, sparse: False)
2025-05-13 07:30:27,527 - client_47 - INFO - Data transmission successful
2025-05-13 07:32:31,663 - client_47 - INFO - Client 47 started with algorithm: fedavg, model: lenet5
2025-05-13 07:32:35,759 - client_47 - INFO - Epoch 1/2 - Loss: 0.0567
2025-05-13 07:32:37,989 - client_47 - INFO - Epoch 2/2 - Loss: 0.0119
2025-05-13 07:32:37,992 - client_47 - INFO - Sent 250513 bytes to server (weights size: 250359 bytes, client data size: 1535, sparse: False)
2025-05-13 07:32:37,997 - client_47 - INFO - Data transmission successful
2025-05-13 07:32:50,412 - client_47 - INFO - Client 47 started with algorithm: fedavg, model: lenet5
2025-05-13 07:32:54,361 - client_47 - INFO - Epoch 1/2 - Loss: 0.0353
2025-05-13 07:32:57,422 - client_47 - INFO - Epoch 2/2 - Loss: 0.0109
2025-05-13 07:32:57,425 - client_47 - INFO - Sent 250513 bytes to server (weights size: 250359 bytes, client data size: 1535, sparse: False)
2025-05-13 07:32:57,429 - client_47 - INFO - Data transmission successful
2025-05-13 07:33:00,517 - client_47 - INFO - Client 47 started with algorithm: fedavg, model: lenet5
2025-05-13 07:33:04,507 - client_47 - INFO - Epoch 1/2 - Loss: 0.0200
2025-05-13 07:33:06,064 - client_47 - INFO - Epoch 2/2 - Loss: 0.0086
2025-05-13 07:33:06,067 - client_47 - INFO - Sent 250513 bytes to server (weights size: 250359 bytes, client data size: 1535, sparse: False)
2025-05-13 07:33:06,071 - client_47 - INFO - Data transmission successful
2025-05-13 07:33:49,987 - client_47 - INFO - Client 47 started with algorithm: fedavg, model: lenet5
2025-05-13 07:33:54,854 - client_47 - INFO - Epoch 1/2 - Loss: 0.0483
2025-05-13 07:33:57,911 - client_47 - INFO - Epoch 2/2 - Loss: 0.0081
2025-05-13 07:33:57,914 - client_47 - INFO - Sent 250513 bytes to server (weights size: 250359 bytes, client data size: 1535, sparse: False)
2025-05-13 07:33:57,922 - client_47 - INFO - Data transmission successful
2025-05-13 07:34:15,115 - client_47 - INFO - Client 47 started with algorithm: fedavg, model: lenet5
2025-05-13 07:34:18,204 - client_47 - INFO - Epoch 1/2 - Loss: 0.0360
2025-05-13 07:34:19,802 - client_47 - INFO - Epoch 2/2 - Loss: 0.0073
2025-05-13 07:34:19,805 - client_47 - INFO - Sent 250513 bytes to server (weights size: 250359 bytes, client data size: 1535, sparse: False)
2025-05-13 07:34:19,809 - client_47 - INFO - Data transmission successful
2025-05-13 07:36:11,935 - client_47 - INFO - Client 47 started with algorithm: fedavg, model: lenet5
2025-05-13 07:36:14,554 - client_47 - INFO - Epoch 1/2 - Loss: 0.0432
2025-05-13 07:36:16,742 - client_47 - INFO - Epoch 2/2 - Loss: 0.0064
2025-05-13 07:36:16,745 - client_47 - INFO - Sent 250513 bytes to server (weights size: 250359 bytes, client data size: 1535, sparse: False)
2025-05-13 07:36:16,752 - client_47 - INFO - Data transmission successful
2025-05-13 07:37:05,171 - client_47 - INFO - Client 47 started with algorithm: fedavg, model: lenet5
2025-05-13 07:37:09,289 - client_47 - INFO - Epoch 1/2 - Loss: 0.0310
2025-05-13 07:37:11,097 - client_47 - INFO - Epoch 2/2 - Loss: 0.0055
2025-05-13 07:37:11,100 - client_47 - INFO - Sent 250513 bytes to server (weights size: 250359 bytes, client data size: 1535, sparse: False)
2025-05-13 07:37:11,103 - client_47 - INFO - Data transmission successful
2025-05-13 07:37:24,996 - client_47 - INFO - Client 47 started with algorithm: fedavg, model: lenet5
2025-05-13 07:37:28,496 - client_47 - INFO - Epoch 1/2 - Loss: 0.0631
2025-05-13 07:37:30,565 - client_47 - INFO - Epoch 2/2 - Loss: 0.0056
2025-05-13 07:37:30,567 - client_47 - INFO - Sent 250513 bytes to server (weights size: 250359 bytes, client data size: 1535, sparse: False)
2025-05-13 07:37:30,572 - client_47 - INFO - Data transmission successful
2025-05-13 07:37:52,534 - client_47 - INFO - Client 47 started with algorithm: fedavg, model: lenet5
2025-05-13 07:37:54,808 - client_47 - INFO - Epoch 1/2 - Loss: 0.0339
2025-05-13 07:37:56,601 - client_47 - INFO - Epoch 2/2 - Loss: 0.0043
2025-05-13 07:37:56,604 - client_47 - INFO - Sent 250513 bytes to server (weights size: 250359 bytes, client data size: 1535, sparse: False)
2025-05-13 07:37:56,608 - client_47 - INFO - Data transmission successful
2025-05-13 07:38:13,253 - client_47 - INFO - Client 47 started with algorithm: fedavg, model: lenet5
2025-05-13 07:38:17,415 - client_47 - INFO - Epoch 1/2 - Loss: 0.0282
2025-05-13 07:38:18,647 - client_47 - INFO - Epoch 2/2 - Loss: 0.0044
2025-05-13 07:38:18,649 - client_47 - INFO - Sent 250513 bytes to server (weights size: 250359 bytes, client data size: 1535, sparse: False)
2025-05-13 07:38:18,651 - client_47 - INFO - Data transmission successful
2025-05-13 07:39:22,197 - client_47 - INFO - Client 47 started with algorithm: fedavg, model: lenet5
2025-05-13 07:39:24,324 - client_47 - INFO - Epoch 1/2 - Loss: 0.0299
2025-05-13 07:39:25,060 - client_47 - INFO - Epoch 2/2 - Loss: 0.0041
2025-05-13 07:39:25,062 - client_47 - INFO - Sent 250513 bytes to server (weights size: 250359 bytes, client data size: 1535, sparse: False)
2025-05-13 07:39:25,065 - client_47 - INFO - Data transmission successful
2025-05-13 07:39:55,394 - client_47 - INFO - Client 47 started with algorithm: fedavg, model: lenet5
2025-05-13 07:39:59,674 - client_47 - INFO - Epoch 1/2 - Loss: 0.0150
2025-05-13 07:40:02,036 - client_47 - INFO - Epoch 2/2 - Loss: 0.0040
2025-05-13 07:40:02,039 - client_47 - INFO - Sent 250513 bytes to server (weights size: 250359 bytes, client data size: 1535, sparse: False)
2025-05-13 07:40:02,043 - client_47 - INFO - Data transmission successful
2025-05-13 14:35:43,279 - client_47 - INFO - Client 47 started with algorithm: fedewma, model: lenet5
2025-05-13 14:35:46,985 - client_47 - INFO - Epoch 1/2 - Loss: 0.1542
2025-05-13 14:35:47,842 - client_47 - INFO - Epoch 2/2 - Loss: 0.0383
2025-05-13 14:35:47,843 - client_47 - INFO - Client 47 sending full delta weights
2025-05-13 14:35:47,845 - client_47 - INFO - Sent 250184 bytes to server (weights size: 250032 bytes, client data size: 1535, sparse: False)
2025-05-13 14:35:47,848 - client_47 - INFO - Data transmission successful
2025-05-13 14:37:24,829 - client_47 - INFO - Client 47 started with algorithm: fedewma, model: lenet5
2025-05-13 14:37:30,169 - client_47 - INFO - Epoch 1/2 - Loss: 0.0741
2025-05-13 14:37:32,883 - client_47 - INFO - Epoch 2/2 - Loss: 0.0275
2025-05-13 14:37:32,884 - client_47 - INFO - Client 47 sending full delta weights
2025-05-13 14:37:32,886 - client_47 - INFO - Sent 250184 bytes to server (weights size: 250032 bytes, client data size: 1535, sparse: False)
2025-05-13 14:37:32,890 - client_47 - INFO - Data transmission successful
2025-05-13 14:40:01,351 - client_47 - INFO - Client 47 started with algorithm: fedewma, model: lenet5
2025-05-13 14:40:06,867 - client_47 - INFO - Epoch 1/2 - Loss: 0.0346
2025-05-13 14:40:08,921 - client_47 - INFO - Epoch 2/2 - Loss: 0.0157
2025-05-13 14:40:08,922 - client_47 - INFO - Client 47 sending full delta weights
2025-05-13 14:40:08,924 - client_47 - INFO - Sent 250184 bytes to server (weights size: 250032 bytes, client data size: 1535, sparse: False)
2025-05-13 14:40:08,929 - client_47 - INFO - Data transmission successful
2025-05-13 14:40:22,382 - client_47 - INFO - Client 47 started with algorithm: fedewma, model: lenet5
2025-05-13 14:40:27,802 - client_47 - INFO - Epoch 1/2 - Loss: 0.0328
2025-05-13 14:40:29,890 - client_47 - INFO - Epoch 2/2 - Loss: 0.0137
2025-05-13 14:40:29,891 - client_47 - INFO - Client 47 sending full delta weights
2025-05-13 14:40:29,893 - client_47 - INFO - Sent 250184 bytes to server (weights size: 250032 bytes, client data size: 1535, sparse: False)
2025-05-13 14:40:29,898 - client_47 - INFO - Data transmission successful
2025-05-13 14:40:32,900 - client_47 - INFO - Client 47 started with algorithm: fedewma, model: lenet5
2025-05-13 14:40:38,306 - client_47 - INFO - Epoch 1/2 - Loss: 0.0315
2025-05-13 14:40:39,765 - client_47 - INFO - Epoch 2/2 - Loss: 0.0125
2025-05-13 14:40:39,766 - client_47 - INFO - Client 47 sending full delta weights
2025-05-13 14:40:39,768 - client_47 - INFO - Sent 250184 bytes to server (weights size: 250032 bytes, client data size: 1535, sparse: False)
2025-05-13 14:40:39,771 - client_47 - INFO - Data transmission successful
2025-05-13 14:41:31,729 - client_47 - INFO - Client 47 started with algorithm: fedewma, model: lenet5
2025-05-13 14:41:38,205 - client_47 - INFO - Epoch 1/2 - Loss: 0.0360
2025-05-13 14:41:41,146 - client_47 - INFO - Epoch 2/2 - Loss: 0.0091
2025-05-13 14:41:41,147 - client_47 - INFO - Client 47 sending full delta weights
2025-05-13 14:41:41,150 - client_47 - INFO - Sent 250184 bytes to server (weights size: 250032 bytes, client data size: 1535, sparse: False)
2025-05-13 14:41:41,156 - client_47 - INFO - Data transmission successful
2025-05-13 14:42:01,596 - client_47 - INFO - Client 47 started with algorithm: fedewma, model: lenet5
2025-05-13 14:42:06,299 - client_47 - INFO - Epoch 1/2 - Loss: 0.0299
2025-05-13 14:42:07,746 - client_47 - INFO - Epoch 2/2 - Loss: 0.0092
2025-05-13 14:42:07,747 - client_47 - INFO - Client 47 sending full delta weights
2025-05-13 14:42:07,749 - client_47 - INFO - Sent 250184 bytes to server (weights size: 250032 bytes, client data size: 1535, sparse: False)
2025-05-13 14:42:07,753 - client_47 - INFO - Data transmission successful
2025-05-13 14:44:22,566 - client_47 - INFO - Client 47 started with algorithm: fedewma, model: lenet5
2025-05-13 14:44:26,816 - client_47 - INFO - Epoch 1/2 - Loss: 0.0229
2025-05-13 14:44:28,950 - client_47 - INFO - Epoch 2/2 - Loss: 0.0060
2025-05-13 14:44:28,951 - client_47 - INFO - Client 47 sending full delta weights
2025-05-13 14:44:28,953 - client_47 - INFO - Sent 250184 bytes to server (weights size: 250032 bytes, client data size: 1535, sparse: False)
2025-05-13 14:44:28,960 - client_47 - INFO - Data transmission successful
2025-05-13 14:45:27,762 - client_47 - INFO - Client 47 started with algorithm: fedewma, model: lenet5
2025-05-13 14:45:33,427 - client_47 - INFO - Epoch 1/2 - Loss: 0.0248
2025-05-13 14:45:34,944 - client_47 - INFO - Epoch 2/2 - Loss: 0.0052
2025-05-13 14:45:34,945 - client_47 - INFO - Client 47 sending full delta weights
2025-05-13 14:45:34,947 - client_47 - INFO - Sent 250184 bytes to server (weights size: 250032 bytes, client data size: 1535, sparse: False)
2025-05-13 14:45:34,950 - client_47 - INFO - Data transmission successful
2025-05-13 14:45:52,571 - client_47 - INFO - Client 47 started with algorithm: fedewma, model: lenet5
2025-05-13 14:45:57,965 - client_47 - INFO - Epoch 1/2 - Loss: 0.0252
2025-05-13 14:46:00,050 - client_47 - INFO - Epoch 2/2 - Loss: 0.0057
2025-05-13 14:46:00,051 - client_47 - INFO - Client 47 sending full delta weights
2025-05-13 14:46:00,053 - client_47 - INFO - Sent 250184 bytes to server (weights size: 250032 bytes, client data size: 1535, sparse: False)
2025-05-13 14:46:00,059 - client_47 - INFO - Data transmission successful
2025-05-13 14:46:27,370 - client_47 - INFO - Client 47 started with algorithm: fedewma, model: lenet5
2025-05-13 14:46:31,477 - client_47 - INFO - Epoch 1/2 - Loss: 0.0222
2025-05-13 14:46:33,032 - client_47 - INFO - Epoch 2/2 - Loss: 0.0051
2025-05-13 14:46:33,032 - client_47 - INFO - Client 47 sending full delta weights
2025-05-13 14:46:33,035 - client_47 - INFO - Sent 250184 bytes to server (weights size: 250032 bytes, client data size: 1535, sparse: False)
2025-05-13 14:46:33,039 - client_47 - INFO - Data transmission successful
2025-05-13 14:46:53,445 - client_47 - INFO - Client 47 started with algorithm: fedewma, model: lenet5
2025-05-13 14:46:59,497 - client_47 - INFO - Epoch 1/2 - Loss: 0.0171
2025-05-13 14:47:00,753 - client_47 - INFO - Epoch 2/2 - Loss: 0.0056
2025-05-13 14:47:00,753 - client_47 - INFO - Client 47 sending full delta weights
2025-05-13 14:47:00,756 - client_47 - INFO - Sent 250184 bytes to server (weights size: 250032 bytes, client data size: 1535, sparse: False)
2025-05-13 14:47:00,758 - client_47 - INFO - Data transmission successful
2025-05-13 14:48:08,787 - client_47 - INFO - Client 47 started with algorithm: fedewma, model: lenet5
2025-05-13 14:48:12,432 - client_47 - INFO - Epoch 1/2 - Loss: 0.0190
2025-05-13 14:48:13,285 - client_47 - INFO - Epoch 2/2 - Loss: 0.0036
2025-05-13 14:48:13,285 - client_47 - INFO - Client 47 sending full delta weights
2025-05-13 14:48:13,287 - client_47 - INFO - Sent 250184 bytes to server (weights size: 250032 bytes, client data size: 1535, sparse: False)
2025-05-13 14:48:13,290 - client_47 - INFO - Data transmission successful
2025-05-13 14:48:51,741 - client_47 - INFO - Client 47 started with algorithm: fedewma, model: lenet5
2025-05-13 14:48:58,147 - client_47 - INFO - Epoch 1/2 - Loss: 0.0254
2025-05-13 14:49:00,285 - client_47 - INFO - Epoch 2/2 - Loss: 0.0037
2025-05-13 14:49:00,286 - client_47 - INFO - Client 47 sending full delta weights
2025-05-13 14:49:00,288 - client_47 - INFO - Sent 250184 bytes to server (weights size: 250032 bytes, client data size: 1535, sparse: False)
2025-05-13 14:49:00,292 - client_47 - INFO - Data transmission successful
2025-05-13 15:16:15,153 - client_47 - INFO - Client 47 started with algorithm: fedewma, model: lenet5
2025-05-13 15:16:19,128 - client_47 - INFO - Epoch 1/2 - Loss: 0.1372
2025-05-13 15:16:20,024 - client_47 - INFO - Epoch 2/2 - Loss: 0.0375
2025-05-13 15:16:20,024 - client_47 - INFO - Client 47 sending full delta weights
2025-05-13 15:16:20,027 - client_47 - INFO - Sent 250184 bytes to server (weights size: 250032 bytes, client data size: 1535, sparse: False)
2025-05-13 15:16:20,030 - client_47 - INFO - Data transmission successful
2025-05-13 15:18:03,069 - client_47 - INFO - Client 47 started with algorithm: fedewma, model: lenet5
2025-05-13 15:18:08,460 - client_47 - INFO - Epoch 1/2 - Loss: 0.0700
2025-05-13 15:18:10,933 - client_47 - INFO - Epoch 2/2 - Loss: 0.0295
2025-05-13 15:18:10,933 - client_47 - INFO - Client 47 sending full delta weights
2025-05-13 15:18:10,936 - client_47 - INFO - Sent 250184 bytes to server (weights size: 250032 bytes, client data size: 1535, sparse: False)
2025-05-13 15:18:10,939 - client_47 - INFO - Data transmission successful
2025-05-13 15:20:43,409 - client_47 - INFO - Client 47 started with algorithm: fedewma, model: lenet5
2025-05-13 15:20:49,029 - client_47 - INFO - Epoch 1/2 - Loss: 0.0335
2025-05-13 15:20:51,164 - client_47 - INFO - Epoch 2/2 - Loss: 0.0154
2025-05-13 15:20:51,165 - client_47 - INFO - Client 47 sending full delta weights
2025-05-13 15:20:51,168 - client_47 - INFO - Sent 250184 bytes to server (weights size: 250032 bytes, client data size: 1535, sparse: False)
2025-05-13 15:20:51,173 - client_47 - INFO - Data transmission successful
2025-05-13 15:21:05,022 - client_47 - INFO - Client 47 started with algorithm: fedewma, model: lenet5
2025-05-13 15:21:10,564 - client_47 - INFO - Epoch 1/2 - Loss: 0.0352
2025-05-13 15:21:12,564 - client_47 - INFO - Epoch 2/2 - Loss: 0.0120
2025-05-13 15:21:12,565 - client_47 - INFO - Client 47 sending full delta weights
2025-05-13 15:21:12,567 - client_47 - INFO - Sent 250184 bytes to server (weights size: 250032 bytes, client data size: 1535, sparse: False)
2025-05-13 15:21:12,572 - client_47 - INFO - Data transmission successful
2025-05-13 15:21:15,672 - client_47 - INFO - Client 47 started with algorithm: fedewma, model: lenet5
2025-05-13 15:21:21,706 - client_47 - INFO - Epoch 1/2 - Loss: 0.0298
2025-05-13 15:21:22,696 - client_47 - INFO - Epoch 2/2 - Loss: 0.0127
2025-05-13 15:21:22,696 - client_47 - INFO - Client 47 sending full delta weights
2025-05-13 15:21:22,699 - client_47 - INFO - Sent 250184 bytes to server (weights size: 250032 bytes, client data size: 1535, sparse: False)
2025-05-13 15:21:22,701 - client_47 - INFO - Data transmission successful
2025-05-13 15:22:15,613 - client_47 - INFO - Client 47 started with algorithm: fedewma, model: lenet5
2025-05-13 15:22:23,160 - client_47 - INFO - Epoch 1/2 - Loss: 0.0357
2025-05-13 15:22:26,486 - client_47 - INFO - Epoch 2/2 - Loss: 0.0091
2025-05-13 15:22:26,487 - client_47 - INFO - Client 47 sending full delta weights
2025-05-13 15:22:26,490 - client_47 - INFO - Sent 250184 bytes to server (weights size: 250032 bytes, client data size: 1535, sparse: False)
2025-05-13 15:22:26,497 - client_47 - INFO - Data transmission successful
2025-05-13 15:22:49,039 - client_47 - INFO - Client 47 started with algorithm: fedewma, model: lenet5
2025-05-13 15:22:53,952 - client_47 - INFO - Epoch 1/2 - Loss: 0.0240
2025-05-13 15:22:55,434 - client_47 - INFO - Epoch 2/2 - Loss: 0.0079
2025-05-13 15:22:55,435 - client_47 - INFO - Client 47 sending full delta weights
2025-05-13 15:22:55,438 - client_47 - INFO - Sent 250184 bytes to server (weights size: 250032 bytes, client data size: 1535, sparse: False)
2025-05-13 15:22:55,443 - client_47 - INFO - Data transmission successful
2025-05-13 15:25:19,033 - client_47 - INFO - Client 47 started with algorithm: fedewma, model: lenet5
2025-05-13 15:25:23,973 - client_47 - INFO - Epoch 1/2 - Loss: 0.0267
2025-05-13 15:25:26,428 - client_47 - INFO - Epoch 2/2 - Loss: 0.0056
2025-05-13 15:25:26,430 - client_47 - INFO - Client 47 sending full delta weights
2025-05-13 15:25:26,435 - client_47 - INFO - Sent 250184 bytes to server (weights size: 250032 bytes, client data size: 1535, sparse: False)
2025-05-13 15:25:26,443 - client_47 - INFO - Data transmission successful
2025-05-13 15:26:36,851 - client_47 - INFO - Client 47 started with algorithm: fedewma, model: lenet5
2025-05-13 15:26:42,907 - client_47 - INFO - Epoch 1/2 - Loss: 0.0295
2025-05-13 15:26:44,491 - client_47 - INFO - Epoch 2/2 - Loss: 0.0061
2025-05-13 15:26:44,491 - client_47 - INFO - Client 47 sending full delta weights
2025-05-13 15:26:44,494 - client_47 - INFO - Sent 250184 bytes to server (weights size: 250032 bytes, client data size: 1535, sparse: False)
2025-05-13 15:26:44,498 - client_47 - INFO - Data transmission successful
2025-05-13 15:27:02,899 - client_47 - INFO - Client 47 started with algorithm: fedewma, model: lenet5
2025-05-13 15:27:08,685 - client_47 - INFO - Epoch 1/2 - Loss: 0.0209
2025-05-13 15:27:10,853 - client_47 - INFO - Epoch 2/2 - Loss: 0.0053
2025-05-13 15:27:10,853 - client_47 - INFO - Client 47 sending full delta weights
2025-05-13 15:27:10,856 - client_47 - INFO - Sent 250184 bytes to server (weights size: 250032 bytes, client data size: 1535, sparse: False)
2025-05-13 15:27:10,861 - client_47 - INFO - Data transmission successful
2025-05-13 15:27:39,106 - client_47 - INFO - Client 47 started with algorithm: fedewma, model: lenet5
2025-05-13 15:27:43,414 - client_47 - INFO - Epoch 1/2 - Loss: 0.0238
2025-05-13 15:27:45,234 - client_47 - INFO - Epoch 2/2 - Loss: 0.0064
2025-05-13 15:27:45,235 - client_47 - INFO - Client 47 sending full delta weights
2025-05-13 15:27:45,237 - client_47 - INFO - Sent 250184 bytes to server (weights size: 250032 bytes, client data size: 1535, sparse: False)
2025-05-13 15:27:45,241 - client_47 - INFO - Data transmission successful
2025-05-13 15:28:06,069 - client_47 - INFO - Client 47 started with algorithm: fedewma, model: lenet5
2025-05-13 15:28:12,505 - client_47 - INFO - Epoch 1/2 - Loss: 0.0173
2025-05-13 15:28:13,832 - client_47 - INFO - Epoch 2/2 - Loss: 0.0050
2025-05-13 15:28:13,832 - client_47 - INFO - Client 47 sending full delta weights
2025-05-13 15:28:13,834 - client_47 - INFO - Sent 250184 bytes to server (weights size: 250032 bytes, client data size: 1535, sparse: False)
2025-05-13 15:28:13,836 - client_47 - INFO - Data transmission successful
2025-05-13 15:29:24,331 - client_47 - INFO - Client 47 started with algorithm: fedewma, model: lenet5
2025-05-13 15:29:28,270 - client_47 - INFO - Epoch 1/2 - Loss: 0.0149
2025-05-13 15:29:29,249 - client_47 - INFO - Epoch 2/2 - Loss: 0.0036
2025-05-13 15:29:29,250 - client_47 - INFO - Client 47 sending full delta weights
2025-05-13 15:29:29,252 - client_47 - INFO - Sent 250184 bytes to server (weights size: 250032 bytes, client data size: 1535, sparse: False)
2025-05-13 15:29:29,254 - client_47 - INFO - Data transmission successful
2025-05-13 15:30:09,919 - client_47 - INFO - Client 47 started with algorithm: fedewma, model: lenet5
2025-05-13 15:30:16,309 - client_47 - INFO - Epoch 1/2 - Loss: 0.0190
2025-05-13 15:30:18,442 - client_47 - INFO - Epoch 2/2 - Loss: 0.0041
2025-05-13 15:30:18,442 - client_47 - INFO - Client 47 sending full delta weights
2025-05-13 15:30:18,445 - client_47 - INFO - Sent 250184 bytes to server (weights size: 250032 bytes, client data size: 1535, sparse: False)
2025-05-13 15:30:18,450 - client_47 - INFO - Data transmission successful
2025-05-13 15:59:37,632 - client_47 - INFO - Client 47 started with algorithm: fedewma, model: resnet18fashion
2025-05-13 15:59:45,623 - client_47 - INFO - Epoch 1/2 - Loss: 0.3966
2025-05-13 15:59:48,471 - client_47 - INFO - Epoch 2/2 - Loss: 0.3319
2025-05-13 15:59:48,472 - client_47 - INFO - Client 47 sending full delta weights
2025-05-13 15:59:48,481 - client_47 - INFO - Sent 716145 bytes to server (weights size: 715993 bytes, client data size: 1205, sparse: False)
2025-05-13 15:59:48,495 - client_47 - INFO - Data transmission successful
2025-05-13 16:02:37,905 - client_47 - INFO - Client 47 started with algorithm: fedewma, model: resnet18fashion
2025-05-13 16:02:47,450 - client_47 - INFO - Epoch 1/2 - Loss: 0.2845
2025-05-13 16:02:51,148 - client_47 - INFO - Epoch 2/2 - Loss: 0.2360
2025-05-13 16:02:51,150 - client_47 - INFO - Client 47 sending full delta weights
2025-05-13 16:02:51,159 - client_47 - INFO - Sent 716145 bytes to server (weights size: 715993 bytes, client data size: 1205, sparse: False)
2025-05-13 16:02:51,178 - client_47 - INFO - Data transmission successful
2025-05-13 16:07:06,972 - client_47 - INFO - Client 47 started with algorithm: fedewma, model: resnet18fashion
2025-05-13 16:07:19,155 - client_47 - INFO - Epoch 1/2 - Loss: 0.2547
2025-05-13 16:07:24,843 - client_47 - INFO - Epoch 2/2 - Loss: 0.2153
2025-05-13 16:07:24,847 - client_47 - INFO - Client 47 sending full delta weights
2025-05-13 16:07:24,856 - client_47 - INFO - Sent 716145 bytes to server (weights size: 715993 bytes, client data size: 1205, sparse: False)
2025-05-13 16:07:24,883 - client_47 - INFO - Data transmission successful
2025-05-13 16:07:51,379 - client_47 - INFO - Client 47 started with algorithm: fedewma, model: resnet18fashion
2025-05-13 16:08:02,447 - client_47 - INFO - Epoch 1/2 - Loss: 0.2502
2025-05-13 16:08:07,522 - client_47 - INFO - Epoch 2/2 - Loss: 0.1917
2025-05-13 16:08:07,526 - client_47 - INFO - Client 47 sending full delta weights
2025-05-13 16:08:07,535 - client_47 - INFO - Sent 716145 bytes to server (weights size: 715993 bytes, client data size: 1205, sparse: False)
2025-05-13 16:08:07,560 - client_47 - INFO - Data transmission successful
2025-05-13 16:08:11,558 - client_47 - INFO - Client 47 started with algorithm: fedewma, model: resnet18fashion
2025-05-13 16:08:21,759 - client_47 - INFO - Epoch 1/2 - Loss: 0.2559
2025-05-13 16:08:26,318 - client_47 - INFO - Epoch 2/2 - Loss: 0.1928
2025-05-13 16:08:26,322 - client_47 - INFO - Client 47 sending full delta weights
2025-05-13 16:08:26,331 - client_47 - INFO - Sent 716145 bytes to server (weights size: 715993 bytes, client data size: 1205, sparse: False)
2025-05-13 16:08:26,359 - client_47 - INFO - Data transmission successful
2025-05-13 16:10:25,132 - client_47 - INFO - Client 47 started with algorithm: fedewma, model: resnet18fashion
2025-05-13 16:10:40,846 - client_47 - INFO - Epoch 1/2 - Loss: 0.2363
2025-05-13 16:10:46,783 - client_47 - INFO - Epoch 2/2 - Loss: 0.2057
2025-05-13 16:10:46,784 - client_47 - INFO - Client 47 sending full delta weights
2025-05-13 16:10:46,793 - client_47 - INFO - Sent 716145 bytes to server (weights size: 715993 bytes, client data size: 1205, sparse: False)
2025-05-13 16:10:46,808 - client_47 - INFO - Data transmission successful
2025-05-13 16:11:22,725 - client_47 - INFO - Client 47 started with algorithm: fedewma, model: resnet18fashion
2025-05-13 16:11:32,383 - client_47 - INFO - Epoch 1/2 - Loss: 0.2300
2025-05-13 16:11:36,800 - client_47 - INFO - Epoch 2/2 - Loss: 0.1934
2025-05-13 16:11:36,804 - client_47 - INFO - Client 47 sending full delta weights
2025-05-13 16:11:36,812 - client_47 - INFO - Sent 716145 bytes to server (weights size: 715993 bytes, client data size: 1205, sparse: False)
2025-05-13 16:11:36,842 - client_47 - INFO - Data transmission successful
2025-05-13 16:15:36,814 - client_47 - INFO - Client 47 started with algorithm: fedewma, model: resnet18fashion
2025-05-13 16:15:47,421 - client_47 - INFO - Epoch 1/2 - Loss: 0.2527
2025-05-13 16:15:51,424 - client_47 - INFO - Epoch 2/2 - Loss: 0.1719
2025-05-13 16:15:51,426 - client_47 - INFO - Client 47 sending full delta weights
2025-05-13 16:15:51,434 - client_47 - INFO - Sent 716145 bytes to server (weights size: 715993 bytes, client data size: 1205, sparse: False)
2025-05-13 16:15:51,454 - client_47 - INFO - Data transmission successful
2025-05-13 16:17:41,305 - client_47 - INFO - Client 47 started with algorithm: fedewma, model: resnet18fashion
2025-05-13 16:17:52,306 - client_47 - INFO - Epoch 1/2 - Loss: 0.2189
2025-05-13 16:17:58,271 - client_47 - INFO - Epoch 2/2 - Loss: 0.1756
2025-05-13 16:17:58,276 - client_47 - INFO - Client 47 sending full delta weights
2025-05-13 16:17:58,285 - client_47 - INFO - Sent 716145 bytes to server (weights size: 715993 bytes, client data size: 1205, sparse: False)
2025-05-13 16:17:58,316 - client_47 - INFO - Data transmission successful
2025-05-13 16:18:34,433 - client_47 - INFO - Client 47 started with algorithm: fedewma, model: resnet18fashion
2025-05-13 16:18:45,236 - client_47 - INFO - Epoch 1/2 - Loss: 0.2182
2025-05-13 16:18:50,115 - client_47 - INFO - Epoch 2/2 - Loss: 0.1775
2025-05-13 16:18:50,117 - client_47 - INFO - Client 47 sending full delta weights
2025-05-13 16:18:50,128 - client_47 - INFO - Sent 716145 bytes to server (weights size: 715993 bytes, client data size: 1205, sparse: False)
2025-05-13 16:18:50,147 - client_47 - INFO - Data transmission successful
2025-05-13 16:19:38,442 - client_47 - INFO - Client 47 started with algorithm: fedewma, model: resnet18fashion
2025-05-13 16:19:45,827 - client_47 - INFO - Epoch 1/2 - Loss: 0.1979
2025-05-13 16:19:49,066 - client_47 - INFO - Epoch 2/2 - Loss: 0.1716
2025-05-13 16:19:49,069 - client_47 - INFO - Client 47 sending full delta weights
2025-05-13 16:19:49,078 - client_47 - INFO - Sent 716145 bytes to server (weights size: 715993 bytes, client data size: 1205, sparse: False)
2025-05-13 16:19:49,099 - client_47 - INFO - Data transmission successful
2025-05-13 16:20:25,183 - client_47 - INFO - Client 47 started with algorithm: fedewma, model: resnet18fashion
2025-05-13 16:20:36,476 - client_47 - INFO - Epoch 1/2 - Loss: 0.2034
2025-05-13 16:20:43,141 - client_47 - INFO - Epoch 2/2 - Loss: 0.1873
2025-05-13 16:20:43,146 - client_47 - INFO - Client 47 sending full delta weights
2025-05-13 16:20:43,156 - client_47 - INFO - Sent 716145 bytes to server (weights size: 715993 bytes, client data size: 1205, sparse: False)
2025-05-13 16:20:43,187 - client_47 - INFO - Data transmission successful
2025-05-13 16:23:40,233 - client_47 - INFO - Client 47 started with algorithm: fedewma, model: resnet18fashion
2025-05-13 16:23:48,432 - client_47 - INFO - Epoch 1/2 - Loss: 0.2102
2025-05-13 16:23:51,405 - client_47 - INFO - Epoch 2/2 - Loss: 0.1669
2025-05-13 16:23:51,406 - client_47 - INFO - Client 47 sending full delta weights
2025-05-13 16:23:51,414 - client_47 - INFO - Sent 716145 bytes to server (weights size: 715993 bytes, client data size: 1205, sparse: False)
2025-05-13 16:23:51,424 - client_47 - INFO - Data transmission successful
2025-05-13 16:24:57,497 - client_47 - INFO - Client 47 started with algorithm: fedewma, model: resnet18fashion
2025-05-13 16:25:08,555 - client_47 - INFO - Epoch 1/2 - Loss: 0.2044
2025-05-13 16:25:14,524 - client_47 - INFO - Epoch 2/2 - Loss: 0.1662
2025-05-13 16:25:14,529 - client_47 - INFO - Client 47 sending full delta weights
2025-05-13 16:25:14,538 - client_47 - INFO - Sent 716145 bytes to server (weights size: 715993 bytes, client data size: 1205, sparse: False)
2025-05-13 16:25:14,569 - client_47 - INFO - Data transmission successful
2025-05-14 07:23:54,498 - client_47 - INFO - Client 47 started with algorithm: fedprox, model: resnet18fashion
2025-05-14 07:24:00,215 - client_47 - INFO - Epoch 1/2 - Loss: 0.4026
2025-05-14 07:24:03,490 - client_47 - INFO - Epoch 2/2 - Loss: 0.3133
2025-05-14 07:24:03,499 - client_47 - INFO - Sent 717496 bytes to server (weights size: 717344 bytes, client data size: 1205, sparse: False)
2025-05-14 07:24:03,515 - client_47 - INFO - Data transmission successful
2025-05-14 07:27:04,266 - client_47 - INFO - Client 47 started with algorithm: fedprox, model: resnet18fashion
2025-05-14 07:27:13,301 - client_47 - INFO - Epoch 1/2 - Loss: 0.2871
2025-05-14 07:27:18,368 - client_47 - INFO - Epoch 2/2 - Loss: 0.2457
2025-05-14 07:27:18,379 - client_47 - INFO - Sent 717496 bytes to server (weights size: 717344 bytes, client data size: 1205, sparse: False)
2025-05-14 07:27:18,398 - client_47 - INFO - Data transmission successful
2025-05-14 07:31:36,722 - client_47 - INFO - Client 47 started with algorithm: fedprox, model: resnet18fashion
2025-05-14 07:31:46,092 - client_47 - INFO - Epoch 1/2 - Loss: 0.3040
2025-05-14 07:31:52,880 - client_47 - INFO - Epoch 2/2 - Loss: 0.2350
2025-05-14 07:31:52,896 - client_47 - INFO - Sent 717496 bytes to server (weights size: 717344 bytes, client data size: 1205, sparse: False)
2025-05-14 07:31:52,922 - client_47 - INFO - Data transmission successful
2025-05-14 07:32:18,122 - client_47 - INFO - Client 47 started with algorithm: fedprox, model: resnet18fashion
2025-05-14 07:32:28,464 - client_47 - INFO - Epoch 1/2 - Loss: 0.2561
2025-05-14 07:32:34,495 - client_47 - INFO - Epoch 2/2 - Loss: 0.2036
2025-05-14 07:32:34,506 - client_47 - INFO - Sent 717496 bytes to server (weights size: 717344 bytes, client data size: 1205, sparse: False)
2025-05-14 07:32:34,530 - client_47 - INFO - Data transmission successful
2025-05-14 07:32:38,746 - client_47 - INFO - Client 47 started with algorithm: fedprox, model: resnet18fashion
2025-05-14 07:32:47,497 - client_47 - INFO - Epoch 1/2 - Loss: 0.2513
2025-05-14 07:32:53,338 - client_47 - INFO - Epoch 2/2 - Loss: 0.2017
2025-05-14 07:32:53,348 - client_47 - INFO - Sent 717496 bytes to server (weights size: 717344 bytes, client data size: 1205, sparse: False)
2025-05-14 07:32:53,371 - client_47 - INFO - Data transmission successful
2025-05-14 07:34:48,609 - client_47 - INFO - Client 47 started with algorithm: fedprox, model: resnet18fashion
2025-05-14 07:35:00,269 - client_47 - INFO - Epoch 1/2 - Loss: 0.2629
2025-05-14 07:35:06,732 - client_47 - INFO - Epoch 2/2 - Loss: 0.1955
2025-05-14 07:35:06,742 - client_47 - INFO - Sent 717496 bytes to server (weights size: 717344 bytes, client data size: 1205, sparse: False)
2025-05-14 07:35:06,759 - client_47 - INFO - Data transmission successful
2025-05-14 07:35:43,035 - client_47 - INFO - Client 47 started with algorithm: fedprox, model: resnet18fashion
2025-05-14 07:35:51,272 - client_47 - INFO - Epoch 1/2 - Loss: 0.2386
2025-05-14 07:35:57,556 - client_47 - INFO - Epoch 2/2 - Loss: 0.1825
2025-05-14 07:35:57,570 - client_47 - INFO - Sent 717496 bytes to server (weights size: 717344 bytes, client data size: 1205, sparse: False)
2025-05-14 07:35:57,623 - client_47 - INFO - Data transmission successful
2025-05-14 07:39:54,759 - client_47 - INFO - Client 47 started with algorithm: fedprox, model: resnet18fashion
2025-05-14 07:40:02,084 - client_47 - INFO - Epoch 1/2 - Loss: 0.2442
2025-05-14 07:40:06,740 - client_47 - INFO - Epoch 2/2 - Loss: 0.1859
2025-05-14 07:40:06,751 - client_47 - INFO - Sent 717496 bytes to server (weights size: 717344 bytes, client data size: 1205, sparse: False)
2025-05-14 07:40:06,770 - client_47 - INFO - Data transmission successful
2025-05-14 07:41:51,052 - client_47 - INFO - Client 47 started with algorithm: fedprox, model: resnet18fashion
2025-05-14 07:42:00,910 - client_47 - INFO - Epoch 1/2 - Loss: 0.2140
2025-05-14 07:42:08,637 - client_47 - INFO - Epoch 2/2 - Loss: 0.1825
2025-05-14 07:42:08,653 - client_47 - INFO - Sent 717496 bytes to server (weights size: 717344 bytes, client data size: 1205, sparse: False)
2025-05-14 07:42:08,681 - client_47 - INFO - Data transmission successful
2025-05-14 07:42:45,541 - client_47 - INFO - Client 47 started with algorithm: fedprox, model: resnet18fashion
2025-05-14 07:42:55,344 - client_47 - INFO - Epoch 1/2 - Loss: 0.2258
2025-05-14 07:43:01,290 - client_47 - INFO - Epoch 2/2 - Loss: 0.1835
2025-05-14 07:43:01,300 - client_47 - INFO - Sent 717496 bytes to server (weights size: 717344 bytes, client data size: 1205, sparse: False)
2025-05-14 07:43:01,320 - client_47 - INFO - Data transmission successful
2025-05-14 07:43:47,300 - client_47 - INFO - Client 47 started with algorithm: fedprox, model: resnet18fashion
2025-05-14 07:43:52,390 - client_47 - INFO - Epoch 1/2 - Loss: 0.2061
2025-05-14 07:43:55,740 - client_47 - INFO - Epoch 2/2 - Loss: 0.1674
2025-05-14 07:43:55,750 - client_47 - INFO - Sent 717496 bytes to server (weights size: 717344 bytes, client data size: 1205, sparse: False)
2025-05-14 07:43:55,770 - client_47 - INFO - Data transmission successful
2025-05-14 07:44:31,254 - client_47 - INFO - Client 47 started with algorithm: fedprox, model: resnet18fashion
2025-05-14 07:44:44,676 - client_47 - INFO - Epoch 1/2 - Loss: 0.2004
2025-05-14 07:44:51,450 - client_47 - INFO - Epoch 2/2 - Loss: 0.1761
2025-05-14 07:44:51,464 - client_47 - INFO - Sent 717496 bytes to server (weights size: 717344 bytes, client data size: 1205, sparse: False)
2025-05-14 07:44:51,495 - client_47 - INFO - Data transmission successful
2025-05-14 07:47:17,133 - client_47 - INFO - Client 47 started with algorithm: fedprox, model: resnet18fashion
2025-05-14 07:47:23,633 - client_47 - INFO - Epoch 1/2 - Loss: 0.2011
2025-05-14 07:47:26,909 - client_47 - INFO - Epoch 2/2 - Loss: 0.1780
2025-05-14 07:47:26,923 - client_47 - INFO - Sent 717496 bytes to server (weights size: 717344 bytes, client data size: 1205, sparse: False)
2025-05-14 07:47:26,940 - client_47 - INFO - Data transmission successful
2025-05-14 07:48:36,218 - client_47 - INFO - Client 47 started with algorithm: fedprox, model: resnet18fashion
2025-05-14 07:48:46,366 - client_47 - INFO - Epoch 1/2 - Loss: 0.2126
2025-05-14 07:48:53,835 - client_47 - INFO - Epoch 2/2 - Loss: 0.1671
2025-05-14 07:48:53,849 - client_47 - INFO - Sent 717496 bytes to server (weights size: 717344 bytes, client data size: 1205, sparse: False)
2025-05-14 07:48:53,883 - client_47 - INFO - Data transmission successful
2025-05-14 08:38:25,090 - client_47 - INFO - Client 47 started with algorithm: fedavg, model: resnet18fashion
2025-05-14 08:38:30,878 - client_47 - INFO - Epoch 1/2 - Loss: 0.3990
2025-05-14 08:38:34,286 - client_47 - INFO - Epoch 2/2 - Loss: 0.2985
2025-05-14 08:38:34,296 - client_47 - INFO - Sent 717498 bytes to server (weights size: 717344 bytes, client data size: 1205, sparse: False)
2025-05-14 08:38:34,313 - client_47 - INFO - Data transmission successful
2025-05-14 08:41:16,427 - client_47 - INFO - Client 47 started with algorithm: fedavg, model: resnet18fashion
2025-05-14 08:41:24,201 - client_47 - INFO - Epoch 1/2 - Loss: 0.2752
2025-05-14 08:41:27,906 - client_47 - INFO - Epoch 2/2 - Loss: 0.2599
2025-05-14 08:41:27,918 - client_47 - INFO - Sent 717498 bytes to server (weights size: 717344 bytes, client data size: 1205, sparse: False)
2025-05-14 08:41:27,942 - client_47 - INFO - Data transmission successful
2025-05-14 08:45:55,768 - client_47 - INFO - Client 47 started with algorithm: fedavg, model: resnet18fashion
2025-05-14 08:46:04,882 - client_47 - INFO - Epoch 1/2 - Loss: 0.2981
2025-05-14 08:46:10,693 - client_47 - INFO - Epoch 2/2 - Loss: 0.2372
2025-05-14 08:46:10,707 - client_47 - INFO - Sent 717498 bytes to server (weights size: 717344 bytes, client data size: 1205, sparse: False)
2025-05-14 08:46:10,751 - client_47 - INFO - Data transmission successful
2025-05-14 08:46:37,036 - client_47 - INFO - Client 47 started with algorithm: fedavg, model: resnet18fashion
2025-05-14 08:46:47,130 - client_47 - INFO - Epoch 1/2 - Loss: 0.2404
2025-05-14 08:46:52,675 - client_47 - INFO - Epoch 2/2 - Loss: 0.2092
2025-05-14 08:46:52,687 - client_47 - INFO - Sent 717498 bytes to server (weights size: 717344 bytes, client data size: 1205, sparse: False)
2025-05-14 08:46:52,702 - client_47 - INFO - Data transmission successful
2025-05-14 08:46:56,227 - client_47 - INFO - Client 47 started with algorithm: fedavg, model: resnet18fashion
2025-05-14 08:47:05,434 - client_47 - INFO - Epoch 1/2 - Loss: 0.2416
2025-05-14 08:47:10,730 - client_47 - INFO - Epoch 2/2 - Loss: 0.1926
2025-05-14 08:47:10,743 - client_47 - INFO - Sent 717498 bytes to server (weights size: 717344 bytes, client data size: 1205, sparse: False)
2025-05-14 08:47:10,776 - client_47 - INFO - Data transmission successful
2025-05-14 08:48:50,664 - client_47 - INFO - Client 47 started with algorithm: fedavg, model: resnet18fashion
2025-05-14 08:49:00,112 - client_47 - INFO - Epoch 1/2 - Loss: 0.2557
2025-05-14 08:49:04,724 - client_47 - INFO - Epoch 2/2 - Loss: 0.2028
2025-05-14 08:49:04,735 - client_47 - INFO - Sent 717498 bytes to server (weights size: 717344 bytes, client data size: 1205, sparse: False)
2025-05-14 08:49:04,761 - client_47 - INFO - Data transmission successful
2025-05-14 08:49:36,835 - client_47 - INFO - Client 47 started with algorithm: fedavg, model: resnet18fashion
2025-05-14 08:49:43,270 - client_47 - INFO - Epoch 1/2 - Loss: 0.2674
2025-05-14 08:49:48,610 - client_47 - INFO - Epoch 2/2 - Loss: 0.1926
2025-05-14 08:49:48,622 - client_47 - INFO - Sent 717498 bytes to server (weights size: 717344 bytes, client data size: 1205, sparse: False)
2025-05-14 08:49:48,649 - client_47 - INFO - Data transmission successful
2025-05-14 08:53:15,460 - client_47 - INFO - Client 47 started with algorithm: fedavg, model: resnet18fashion
2025-05-14 08:53:22,196 - client_47 - INFO - Epoch 1/2 - Loss: 0.2411
2025-05-14 08:53:27,069 - client_47 - INFO - Epoch 2/2 - Loss: 0.1875
2025-05-14 08:53:27,080 - client_47 - INFO - Sent 717498 bytes to server (weights size: 717344 bytes, client data size: 1205, sparse: False)
2025-05-14 08:53:27,097 - client_47 - INFO - Data transmission successful
2025-05-14 08:55:06,127 - client_47 - INFO - Client 47 started with algorithm: fedavg, model: resnet18fashion
2025-05-14 08:55:18,376 - client_47 - INFO - Epoch 1/2 - Loss: 0.2215
2025-05-14 08:55:24,395 - client_47 - INFO - Epoch 2/2 - Loss: 0.1853
2025-05-14 08:55:24,407 - client_47 - INFO - Sent 717498 bytes to server (weights size: 717344 bytes, client data size: 1205, sparse: False)
2025-05-14 08:55:24,436 - client_47 - INFO - Data transmission successful
2025-05-14 08:56:01,569 - client_47 - INFO - Client 47 started with algorithm: fedavg, model: resnet18fashion
2025-05-14 08:56:12,129 - client_47 - INFO - Epoch 1/2 - Loss: 0.2243
2025-05-14 08:56:18,132 - client_47 - INFO - Epoch 2/2 - Loss: 0.1913
2025-05-14 08:56:18,143 - client_47 - INFO - Sent 717498 bytes to server (weights size: 717344 bytes, client data size: 1205, sparse: False)
2025-05-14 08:56:18,171 - client_47 - INFO - Data transmission successful
2025-05-14 08:57:01,033 - client_47 - INFO - Client 47 started with algorithm: fedavg, model: resnet18fashion
2025-05-14 08:57:05,764 - client_47 - INFO - Epoch 1/2 - Loss: 0.2160
2025-05-14 08:57:08,618 - client_47 - INFO - Epoch 2/2 - Loss: 0.1876
2025-05-14 08:57:08,630 - client_47 - INFO - Sent 717498 bytes to server (weights size: 717344 bytes, client data size: 1205, sparse: False)
2025-05-14 08:57:08,653 - client_47 - INFO - Data transmission successful
2025-05-14 08:57:40,530 - client_47 - INFO - Client 47 started with algorithm: fedavg, model: resnet18fashion
2025-05-14 08:57:50,517 - client_47 - INFO - Epoch 1/2 - Loss: 0.2172
2025-05-14 08:57:58,583 - client_47 - INFO - Epoch 2/2 - Loss: 0.1681
2025-05-14 08:57:58,600 - client_47 - INFO - Sent 717498 bytes to server (weights size: 717344 bytes, client data size: 1205, sparse: False)
2025-05-14 08:57:58,633 - client_47 - INFO - Data transmission successful
2025-05-14 09:00:07,666 - client_47 - INFO - Client 47 started with algorithm: fedavg, model: resnet18fashion
2025-05-14 09:00:14,703 - client_47 - INFO - Epoch 1/2 - Loss: 0.2197
2025-05-14 09:00:17,688 - client_47 - INFO - Epoch 2/2 - Loss: 0.1701
2025-05-14 09:00:17,698 - client_47 - INFO - Sent 717498 bytes to server (weights size: 717344 bytes, client data size: 1205, sparse: False)
2025-05-14 09:00:17,710 - client_47 - INFO - Data transmission successful
2025-05-14 09:01:16,594 - client_47 - INFO - Client 47 started with algorithm: fedavg, model: resnet18fashion
2025-05-14 09:01:29,278 - client_47 - INFO - Epoch 1/2 - Loss: 0.2381
2025-05-14 09:01:34,476 - client_47 - INFO - Epoch 2/2 - Loss: 0.1709
2025-05-14 09:01:34,488 - client_47 - INFO - Sent 717498 bytes to server (weights size: 717344 bytes, client data size: 1205, sparse: False)
2025-05-14 09:01:34,518 - client_47 - INFO - Data transmission successful
