2025-05-12 11:20:09,162 - client_28 - INFO - Client 28 started with algorithm: fedewma, model: lenet5
2025-05-12 11:20:14,248 - client_28 - INFO - Epoch 1/2 - Loss: 0.5672
2025-05-12 11:20:15,546 - client_28 - INFO - Epoch 2/2 - Loss: 0.1579
2025-05-12 11:20:15,547 - client_28 - INFO - Client 28 sending full delta weights
2025-05-12 11:20:15,549 - client_28 - INFO - Sent 250184 bytes to server (weights size: 250032 bytes, client data size: 1136, sparse: False)
2025-05-12 11:20:15,557 - client_28 - INFO - Data transmission successful
2025-05-12 11:20:19,325 - client_28 - INFO - Client 28 started with algorithm: fedewma, model: lenet5
2025-05-12 11:20:24,315 - client_28 - INFO - Epoch 1/2 - Loss: 0.3271
2025-05-12 11:20:26,296 - client_28 - INFO - Epoch 2/2 - Loss: 0.1344
2025-05-12 11:20:26,298 - client_28 - INFO - Client 28 sending full delta weights
2025-05-12 11:20:26,303 - client_28 - INFO - Sent 250184 bytes to server (weights size: 250032 bytes, client data size: 1136, sparse: False)
2025-05-12 11:20:26,309 - client_28 - INFO - Data transmission successful
2025-05-12 11:22:10,846 - client_28 - INFO - Client 28 started with algorithm: fedewma, model: lenet5
2025-05-12 11:22:16,742 - client_28 - INFO - Epoch 1/2 - Loss: 0.1539
2025-05-12 11:22:19,025 - client_28 - INFO - Epoch 2/2 - Loss: 0.0836
2025-05-12 11:22:19,027 - client_28 - INFO - Client 28 sending full delta weights
2025-05-12 11:22:19,029 - client_28 - INFO - Sent 250184 bytes to server (weights size: 250032 bytes, client data size: 1136, sparse: False)
2025-05-12 11:22:19,038 - client_28 - INFO - Data transmission successful
2025-05-12 11:23:59,227 - client_28 - INFO - Client 28 started with algorithm: fedewma, model: lenet5
2025-05-12 11:24:05,210 - client_28 - INFO - Epoch 1/2 - Loss: 0.1645
2025-05-12 11:24:08,039 - client_28 - INFO - Epoch 2/2 - Loss: 0.0720
2025-05-12 11:24:08,040 - client_28 - INFO - Client 28 sending full delta weights
2025-05-12 11:24:08,043 - client_28 - INFO - Sent 250184 bytes to server (weights size: 250032 bytes, client data size: 1136, sparse: False)
2025-05-12 11:24:08,052 - client_28 - INFO - Data transmission successful
2025-05-12 11:24:14,965 - client_28 - INFO - Client 28 started with algorithm: fedewma, model: lenet5
2025-05-12 11:24:21,573 - client_28 - INFO - Epoch 1/2 - Loss: 0.1207
2025-05-12 11:24:23,821 - client_28 - INFO - Epoch 2/2 - Loss: 0.0662
2025-05-12 11:24:23,822 - client_28 - INFO - Client 28 sending full delta weights
2025-05-12 11:24:23,825 - client_28 - INFO - Sent 250184 bytes to server (weights size: 250032 bytes, client data size: 1136, sparse: False)
2025-05-12 11:24:23,831 - client_28 - INFO - Data transmission successful
2025-05-12 11:25:15,110 - client_28 - INFO - Client 28 started with algorithm: fedewma, model: lenet5
2025-05-12 11:25:19,928 - client_28 - INFO - Epoch 1/2 - Loss: 0.1218
2025-05-12 11:25:21,692 - client_28 - INFO - Epoch 2/2 - Loss: 0.0540
2025-05-12 11:25:21,693 - client_28 - INFO - Client 28 sending full delta weights
2025-05-12 11:25:21,696 - client_28 - INFO - Sent 250184 bytes to server (weights size: 250032 bytes, client data size: 1136, sparse: False)
2025-05-12 11:25:21,704 - client_28 - INFO - Data transmission successful
2025-05-12 11:25:46,378 - client_28 - INFO - Client 28 started with algorithm: fedewma, model: lenet5
2025-05-12 11:25:51,860 - client_28 - INFO - Epoch 1/2 - Loss: 0.1095
2025-05-12 11:25:53,840 - client_28 - INFO - Epoch 2/2 - Loss: 0.0482
2025-05-12 11:25:53,842 - client_28 - INFO - Client 28 sending full delta weights
2025-05-12 11:25:53,844 - client_28 - INFO - Sent 250184 bytes to server (weights size: 250032 bytes, client data size: 1136, sparse: False)
2025-05-12 11:25:53,852 - client_28 - INFO - Data transmission successful
2025-05-12 11:28:38,828 - client_28 - INFO - Client 28 started with algorithm: fedewma, model: lenet5
2025-05-12 11:28:44,246 - client_28 - INFO - Epoch 1/2 - Loss: 0.0914
2025-05-12 11:28:45,957 - client_28 - INFO - Epoch 2/2 - Loss: 0.0364
2025-05-12 11:28:45,958 - client_28 - INFO - Client 28 sending full delta weights
2025-05-12 11:28:45,961 - client_28 - INFO - Sent 250184 bytes to server (weights size: 250032 bytes, client data size: 1136, sparse: False)
2025-05-12 11:28:45,968 - client_28 - INFO - Data transmission successful
2025-05-12 11:29:50,414 - client_28 - INFO - Client 28 started with algorithm: fedewma, model: lenet5
2025-05-12 11:29:55,895 - client_28 - INFO - Epoch 1/2 - Loss: 0.0902
2025-05-12 11:29:58,213 - client_28 - INFO - Epoch 2/2 - Loss: 0.0313
2025-05-12 11:29:58,214 - client_28 - INFO - Client 28 sending full delta weights
2025-05-12 11:29:58,218 - client_28 - INFO - Sent 250184 bytes to server (weights size: 250032 bytes, client data size: 1136, sparse: False)
2025-05-12 11:29:58,225 - client_28 - INFO - Data transmission successful
2025-05-12 11:30:13,525 - client_28 - INFO - Client 28 started with algorithm: fedewma, model: lenet5
2025-05-12 11:30:18,860 - client_28 - INFO - Epoch 1/2 - Loss: 0.0684
2025-05-12 11:30:20,527 - client_28 - INFO - Epoch 2/2 - Loss: 0.0296
2025-05-12 11:30:20,528 - client_28 - INFO - Client 28 sending full delta weights
2025-05-12 11:30:20,530 - client_28 - INFO - Sent 250184 bytes to server (weights size: 250032 bytes, client data size: 1136, sparse: False)
2025-05-12 11:30:20,536 - client_28 - INFO - Data transmission successful
2025-05-12 11:31:14,280 - client_28 - INFO - Client 28 started with algorithm: fedewma, model: lenet5
2025-05-12 11:31:20,889 - client_28 - INFO - Epoch 1/2 - Loss: 0.0608
2025-05-12 11:31:23,554 - client_28 - INFO - Epoch 2/2 - Loss: 0.0229
2025-05-12 11:31:23,555 - client_28 - INFO - Client 28 sending full delta weights
2025-05-12 11:31:23,557 - client_28 - INFO - Sent 250184 bytes to server (weights size: 250032 bytes, client data size: 1136, sparse: False)
2025-05-12 11:31:23,563 - client_28 - INFO - Data transmission successful
2025-05-12 11:32:06,958 - client_28 - INFO - Client 28 started with algorithm: fedewma, model: lenet5
2025-05-12 11:32:13,215 - client_28 - INFO - Epoch 1/2 - Loss: 0.0658
2025-05-12 11:32:15,396 - client_28 - INFO - Epoch 2/2 - Loss: 0.0217
2025-05-12 11:32:15,397 - client_28 - INFO - Client 28 sending full delta weights
2025-05-12 11:32:15,400 - client_28 - INFO - Sent 250184 bytes to server (weights size: 250032 bytes, client data size: 1136, sparse: False)
2025-05-12 11:32:15,407 - client_28 - INFO - Data transmission successful
2025-05-12 11:33:31,596 - client_28 - INFO - Client 28 started with algorithm: fedewma, model: lenet5
2025-05-12 11:33:35,912 - client_28 - INFO - Epoch 1/2 - Loss: 0.0600
2025-05-12 11:33:36,724 - client_28 - INFO - Epoch 2/2 - Loss: 0.0214
2025-05-12 11:33:36,725 - client_28 - INFO - Client 28 sending full delta weights
2025-05-12 11:33:36,727 - client_28 - INFO - Sent 250184 bytes to server (weights size: 250032 bytes, client data size: 1136, sparse: False)
2025-05-12 11:33:36,731 - client_28 - INFO - Data transmission successful
2025-05-12 11:35:49,358 - client_28 - INFO - Client 28 started with algorithm: fedewma, model: lenet5
2025-05-12 11:35:55,038 - client_28 - INFO - Epoch 1/2 - Loss: 0.0530
2025-05-12 11:35:56,916 - client_28 - INFO - Epoch 2/2 - Loss: 0.0195
2025-05-12 11:35:56,918 - client_28 - INFO - Client 28 sending full delta weights
2025-05-12 11:35:56,922 - client_28 - INFO - Sent 250184 bytes to server (weights size: 250032 bytes, client data size: 1136, sparse: False)
2025-05-12 11:35:56,928 - client_28 - INFO - Data transmission successful
2025-05-13 07:07:52,909 - client_28 - INFO - Client 28 started with algorithm: fedprox, model: lenet5
2025-05-13 07:07:55,954 - client_28 - INFO - Epoch 1/2 - Loss: 0.5305
2025-05-13 07:07:57,864 - client_28 - INFO - Epoch 2/2 - Loss: 0.1578
2025-05-13 07:07:57,867 - client_28 - INFO - Sent 250511 bytes to server (weights size: 250359 bytes, client data size: 1136, sparse: False)
2025-05-13 07:07:57,871 - client_28 - INFO - Data transmission successful
2025-05-13 07:08:01,733 - client_28 - INFO - Client 28 started with algorithm: fedprox, model: lenet5
2025-05-13 07:08:04,540 - client_28 - INFO - Epoch 1/2 - Loss: 0.3178
2025-05-13 07:08:06,424 - client_28 - INFO - Epoch 2/2 - Loss: 0.1384
2025-05-13 07:08:06,426 - client_28 - INFO - Sent 250511 bytes to server (weights size: 250359 bytes, client data size: 1136, sparse: False)
2025-05-13 07:08:06,433 - client_28 - INFO - Data transmission successful
2025-05-13 07:09:51,327 - client_28 - INFO - Client 28 started with algorithm: fedprox, model: lenet5
2025-05-13 07:09:54,885 - client_28 - INFO - Epoch 1/2 - Loss: 0.1467
2025-05-13 07:09:57,203 - client_28 - INFO - Epoch 2/2 - Loss: 0.0864
2025-05-13 07:09:57,207 - client_28 - INFO - Sent 250511 bytes to server (weights size: 250359 bytes, client data size: 1136, sparse: False)
2025-05-13 07:09:57,214 - client_28 - INFO - Data transmission successful
2025-05-13 07:11:17,021 - client_28 - INFO - Client 28 started with algorithm: fedprox, model: lenet5
2025-05-13 07:11:20,897 - client_28 - INFO - Epoch 1/2 - Loss: 0.1776
2025-05-13 07:11:23,541 - client_28 - INFO - Epoch 2/2 - Loss: 0.0776
2025-05-13 07:11:23,545 - client_28 - INFO - Sent 250511 bytes to server (weights size: 250359 bytes, client data size: 1136, sparse: False)
2025-05-13 07:11:23,552 - client_28 - INFO - Data transmission successful
2025-05-13 07:11:30,534 - client_28 - INFO - Client 28 started with algorithm: fedprox, model: lenet5
2025-05-13 07:11:34,157 - client_28 - INFO - Epoch 1/2 - Loss: 0.1129
2025-05-13 07:11:36,523 - client_28 - INFO - Epoch 2/2 - Loss: 0.0623
2025-05-13 07:11:36,526 - client_28 - INFO - Sent 250511 bytes to server (weights size: 250359 bytes, client data size: 1136, sparse: False)
2025-05-13 07:11:36,532 - client_28 - INFO - Data transmission successful
2025-05-13 07:12:17,487 - client_28 - INFO - Client 28 started with algorithm: fedprox, model: lenet5
2025-05-13 07:12:20,133 - client_28 - INFO - Epoch 1/2 - Loss: 0.1180
2025-05-13 07:12:22,154 - client_28 - INFO - Epoch 2/2 - Loss: 0.0552
2025-05-13 07:12:22,157 - client_28 - INFO - Sent 250511 bytes to server (weights size: 250359 bytes, client data size: 1136, sparse: False)
2025-05-13 07:12:22,163 - client_28 - INFO - Data transmission successful
2025-05-13 07:12:41,145 - client_28 - INFO - Client 28 started with algorithm: fedprox, model: lenet5
2025-05-13 07:12:44,010 - client_28 - INFO - Epoch 1/2 - Loss: 0.1075
2025-05-13 07:12:45,916 - client_28 - INFO - Epoch 2/2 - Loss: 0.0519
2025-05-13 07:12:45,919 - client_28 - INFO - Sent 250511 bytes to server (weights size: 250359 bytes, client data size: 1136, sparse: False)
2025-05-13 07:12:45,926 - client_28 - INFO - Data transmission successful
2025-05-13 07:14:52,043 - client_28 - INFO - Client 28 started with algorithm: fedprox, model: lenet5
2025-05-13 07:14:54,694 - client_28 - INFO - Epoch 1/2 - Loss: 0.0744
2025-05-13 07:14:56,386 - client_28 - INFO - Epoch 2/2 - Loss: 0.0340
2025-05-13 07:14:56,389 - client_28 - INFO - Sent 250511 bytes to server (weights size: 250359 bytes, client data size: 1136, sparse: False)
2025-05-13 07:14:56,396 - client_28 - INFO - Data transmission successful
2025-05-13 07:15:46,542 - client_28 - INFO - Client 28 started with algorithm: fedprox, model: lenet5
2025-05-13 07:15:49,590 - client_28 - INFO - Epoch 1/2 - Loss: 0.0985
2025-05-13 07:15:51,711 - client_28 - INFO - Epoch 2/2 - Loss: 0.0344
2025-05-13 07:15:51,714 - client_28 - INFO - Sent 250511 bytes to server (weights size: 250359 bytes, client data size: 1136, sparse: False)
2025-05-13 07:15:51,719 - client_28 - INFO - Data transmission successful
2025-05-13 07:16:04,456 - client_28 - INFO - Client 28 started with algorithm: fedprox, model: lenet5
2025-05-13 07:16:07,357 - client_28 - INFO - Epoch 1/2 - Loss: 0.0700
2025-05-13 07:16:09,026 - client_28 - INFO - Epoch 2/2 - Loss: 0.0266
2025-05-13 07:16:09,029 - client_28 - INFO - Sent 250511 bytes to server (weights size: 250359 bytes, client data size: 1136, sparse: False)
2025-05-13 07:16:09,034 - client_28 - INFO - Data transmission successful
2025-05-13 07:16:49,982 - client_28 - INFO - Client 28 started with algorithm: fedprox, model: lenet5
2025-05-13 07:16:53,705 - client_28 - INFO - Epoch 1/2 - Loss: 0.0566
2025-05-13 07:16:56,215 - client_28 - INFO - Epoch 2/2 - Loss: 0.0326
2025-05-13 07:16:56,218 - client_28 - INFO - Sent 250511 bytes to server (weights size: 250359 bytes, client data size: 1136, sparse: False)
2025-05-13 07:16:56,224 - client_28 - INFO - Data transmission successful
2025-05-13 07:17:31,282 - client_28 - INFO - Client 28 started with algorithm: fedprox, model: lenet5
2025-05-13 07:17:36,034 - client_28 - INFO - Epoch 1/2 - Loss: 0.0523
2025-05-13 07:17:38,351 - client_28 - INFO - Epoch 2/2 - Loss: 0.0213
2025-05-13 07:17:38,354 - client_28 - INFO - Sent 250511 bytes to server (weights size: 250359 bytes, client data size: 1136, sparse: False)
2025-05-13 07:17:38,359 - client_28 - INFO - Data transmission successful
2025-05-13 07:18:42,236 - client_28 - INFO - Client 28 started with algorithm: fedprox, model: lenet5
2025-05-13 07:18:43,629 - client_28 - INFO - Epoch 1/2 - Loss: 0.0577
2025-05-13 07:18:44,450 - client_28 - INFO - Epoch 2/2 - Loss: 0.0212
2025-05-13 07:18:44,453 - client_28 - INFO - Sent 250511 bytes to server (weights size: 250359 bytes, client data size: 1136, sparse: False)
2025-05-13 07:18:44,456 - client_28 - INFO - Data transmission successful
2025-05-13 07:20:27,326 - client_28 - INFO - Client 28 started with algorithm: fedprox, model: lenet5
2025-05-13 07:20:30,482 - client_28 - INFO - Epoch 1/2 - Loss: 0.0541
2025-05-13 07:20:32,302 - client_28 - INFO - Epoch 2/2 - Loss: 0.0209
2025-05-13 07:20:32,305 - client_28 - INFO - Sent 250511 bytes to server (weights size: 250359 bytes, client data size: 1136, sparse: False)
2025-05-13 07:20:32,312 - client_28 - INFO - Data transmission successful
2025-05-13 07:27:59,818 - client_28 - INFO - Client 28 started with algorithm: fedavg, model: lenet5
2025-05-13 07:28:02,078 - client_28 - INFO - Epoch 1/2 - Loss: 0.4308
2025-05-13 07:28:03,627 - client_28 - INFO - Epoch 2/2 - Loss: 0.1399
2025-05-13 07:28:03,631 - client_28 - INFO - Sent 250513 bytes to server (weights size: 250359 bytes, client data size: 1136, sparse: False)
2025-05-13 07:28:03,636 - client_28 - INFO - Data transmission successful
2025-05-13 07:28:07,250 - client_28 - INFO - Client 28 started with algorithm: fedavg, model: lenet5
2025-05-13 07:28:09,398 - client_28 - INFO - Epoch 1/2 - Loss: 0.3199
2025-05-13 07:28:11,094 - client_28 - INFO - Epoch 2/2 - Loss: 0.1264
2025-05-13 07:28:11,097 - client_28 - INFO - Sent 250513 bytes to server (weights size: 250359 bytes, client data size: 1136, sparse: False)
2025-05-13 07:28:11,104 - client_28 - INFO - Data transmission successful
2025-05-13 07:29:27,730 - client_28 - INFO - Client 28 started with algorithm: fedavg, model: lenet5
2025-05-13 07:29:30,913 - client_28 - INFO - Epoch 1/2 - Loss: 0.2051
2025-05-13 07:29:32,967 - client_28 - INFO - Epoch 2/2 - Loss: 0.0986
2025-05-13 07:29:32,970 - client_28 - INFO - Sent 250513 bytes to server (weights size: 250359 bytes, client data size: 1136, sparse: False)
2025-05-13 07:29:32,977 - client_28 - INFO - Data transmission successful
2025-05-13 07:30:45,690 - client_28 - INFO - Client 28 started with algorithm: fedavg, model: lenet5
2025-05-13 07:30:48,401 - client_28 - INFO - Epoch 1/2 - Loss: 0.2033
2025-05-13 07:30:50,847 - client_28 - INFO - Epoch 2/2 - Loss: 0.0778
2025-05-13 07:30:50,850 - client_28 - INFO - Sent 250513 bytes to server (weights size: 250359 bytes, client data size: 1136, sparse: False)
2025-05-13 07:30:50,858 - client_28 - INFO - Data transmission successful
2025-05-13 07:30:57,435 - client_28 - INFO - Client 28 started with algorithm: fedavg, model: lenet5
2025-05-13 07:31:01,206 - client_28 - INFO - Epoch 1/2 - Loss: 0.1358
2025-05-13 07:31:03,200 - client_28 - INFO - Epoch 2/2 - Loss: 0.0723
2025-05-13 07:31:03,204 - client_28 - INFO - Sent 250513 bytes to server (weights size: 250359 bytes, client data size: 1136, sparse: False)
2025-05-13 07:31:03,212 - client_28 - INFO - Data transmission successful
2025-05-13 07:31:40,510 - client_28 - INFO - Client 28 started with algorithm: fedavg, model: lenet5
2025-05-13 07:31:42,491 - client_28 - INFO - Epoch 1/2 - Loss: 0.1191
2025-05-13 07:31:44,209 - client_28 - INFO - Epoch 2/2 - Loss: 0.0567
2025-05-13 07:31:44,212 - client_28 - INFO - Sent 250513 bytes to server (weights size: 250359 bytes, client data size: 1136, sparse: False)
2025-05-13 07:31:44,218 - client_28 - INFO - Data transmission successful
2025-05-13 07:32:01,726 - client_28 - INFO - Client 28 started with algorithm: fedavg, model: lenet5
2025-05-13 07:32:04,572 - client_28 - INFO - Epoch 1/2 - Loss: 0.1209
2025-05-13 07:32:06,334 - client_28 - INFO - Epoch 2/2 - Loss: 0.0503
2025-05-13 07:32:06,338 - client_28 - INFO - Sent 250513 bytes to server (weights size: 250359 bytes, client data size: 1136, sparse: False)
2025-05-13 07:32:06,345 - client_28 - INFO - Data transmission successful
2025-05-13 07:34:07,072 - client_28 - INFO - Client 28 started with algorithm: fedavg, model: lenet5
2025-05-13 07:34:09,572 - client_28 - INFO - Epoch 1/2 - Loss: 0.0871
2025-05-13 07:34:11,070 - client_28 - INFO - Epoch 2/2 - Loss: 0.0375
2025-05-13 07:34:11,074 - client_28 - INFO - Sent 250513 bytes to server (weights size: 250359 bytes, client data size: 1136, sparse: False)
2025-05-13 07:34:11,080 - client_28 - INFO - Data transmission successful
2025-05-13 07:34:57,325 - client_28 - INFO - Client 28 started with algorithm: fedavg, model: lenet5
2025-05-13 07:35:00,076 - client_28 - INFO - Epoch 1/2 - Loss: 0.1033
2025-05-13 07:35:01,916 - client_28 - INFO - Epoch 2/2 - Loss: 0.0305
2025-05-13 07:35:01,919 - client_28 - INFO - Sent 250513 bytes to server (weights size: 250359 bytes, client data size: 1136, sparse: False)
2025-05-13 07:35:01,925 - client_28 - INFO - Data transmission successful
2025-05-13 07:35:13,392 - client_28 - INFO - Client 28 started with algorithm: fedavg, model: lenet5
2025-05-13 07:35:15,541 - client_28 - INFO - Epoch 1/2 - Loss: 0.0951
2025-05-13 07:35:17,109 - client_28 - INFO - Epoch 2/2 - Loss: 0.0324
2025-05-13 07:35:17,112 - client_28 - INFO - Sent 250513 bytes to server (weights size: 250359 bytes, client data size: 1136, sparse: False)
2025-05-13 07:35:17,116 - client_28 - INFO - Data transmission successful
2025-05-13 07:35:55,546 - client_28 - INFO - Client 28 started with algorithm: fedavg, model: lenet5
2025-05-13 07:35:59,064 - client_28 - INFO - Epoch 1/2 - Loss: 0.0731
2025-05-13 07:36:01,650 - client_28 - INFO - Epoch 2/2 - Loss: 0.0287
2025-05-13 07:36:01,654 - client_28 - INFO - Sent 250513 bytes to server (weights size: 250359 bytes, client data size: 1136, sparse: False)
2025-05-13 07:36:01,660 - client_28 - INFO - Data transmission successful
2025-05-13 07:36:33,263 - client_28 - INFO - Client 28 started with algorithm: fedavg, model: lenet5
2025-05-13 07:36:36,981 - client_28 - INFO - Epoch 1/2 - Loss: 0.0656
2025-05-13 07:36:38,874 - client_28 - INFO - Epoch 2/2 - Loss: 0.0247
2025-05-13 07:36:38,877 - client_28 - INFO - Sent 250513 bytes to server (weights size: 250359 bytes, client data size: 1136, sparse: False)
2025-05-13 07:36:38,882 - client_28 - INFO - Data transmission successful
2025-05-13 07:37:33,603 - client_28 - INFO - Client 28 started with algorithm: fedavg, model: lenet5
2025-05-13 07:37:35,336 - client_28 - INFO - Epoch 1/2 - Loss: 0.0642
2025-05-13 07:37:36,065 - client_28 - INFO - Epoch 2/2 - Loss: 0.0242
2025-05-13 07:37:36,068 - client_28 - INFO - Sent 250513 bytes to server (weights size: 250359 bytes, client data size: 1136, sparse: False)
2025-05-13 07:37:36,072 - client_28 - INFO - Data transmission successful
2025-05-13 07:39:15,171 - client_28 - INFO - Client 28 started with algorithm: fedavg, model: lenet5
2025-05-13 07:39:18,031 - client_28 - INFO - Epoch 1/2 - Loss: 0.1726
2025-05-13 07:39:19,618 - client_28 - INFO - Epoch 2/2 - Loss: 0.0295
2025-05-13 07:39:19,621 - client_28 - INFO - Sent 250513 bytes to server (weights size: 250359 bytes, client data size: 1136, sparse: False)
2025-05-13 07:39:19,628 - client_28 - INFO - Data transmission successful
2025-05-13 14:34:40,571 - client_28 - INFO - Client 28 started with algorithm: fedewma, model: lenet5
2025-05-13 14:34:44,340 - client_28 - INFO - Epoch 1/2 - Loss: 0.5892
2025-05-13 14:34:45,868 - client_28 - INFO - Epoch 2/2 - Loss: 0.1669
2025-05-13 14:34:45,869 - client_28 - INFO - Client 28 sending full delta weights
2025-05-13 14:34:45,871 - client_28 - INFO - Sent 250184 bytes to server (weights size: 250032 bytes, client data size: 1136, sparse: False)
2025-05-13 14:34:45,875 - client_28 - INFO - Data transmission successful
2025-05-13 14:34:49,067 - client_28 - INFO - Client 28 started with algorithm: fedewma, model: lenet5
2025-05-13 14:34:52,090 - client_28 - INFO - Epoch 1/2 - Loss: 0.3441
2025-05-13 14:34:53,154 - client_28 - INFO - Epoch 2/2 - Loss: 0.1361
2025-05-13 14:34:53,155 - client_28 - INFO - Client 28 sending full delta weights
2025-05-13 14:34:53,157 - client_28 - INFO - Sent 250184 bytes to server (weights size: 250032 bytes, client data size: 1136, sparse: False)
2025-05-13 14:34:53,164 - client_28 - INFO - Data transmission successful
2025-05-13 14:36:22,877 - client_28 - INFO - Client 28 started with algorithm: fedewma, model: lenet5
2025-05-13 14:36:27,520 - client_28 - INFO - Epoch 1/2 - Loss: 0.1551
2025-05-13 14:36:29,378 - client_28 - INFO - Epoch 2/2 - Loss: 0.0820
2025-05-13 14:36:29,379 - client_28 - INFO - Client 28 sending full delta weights
2025-05-13 14:36:29,382 - client_28 - INFO - Sent 250184 bytes to server (weights size: 250032 bytes, client data size: 1136, sparse: False)
2025-05-13 14:36:29,389 - client_28 - INFO - Data transmission successful
2025-05-13 14:37:53,731 - client_28 - INFO - Client 28 started with algorithm: fedewma, model: lenet5
2025-05-13 14:37:58,235 - client_28 - INFO - Epoch 1/2 - Loss: 0.1679
2025-05-13 14:38:00,648 - client_28 - INFO - Epoch 2/2 - Loss: 0.0680
2025-05-13 14:38:00,648 - client_28 - INFO - Client 28 sending full delta weights
2025-05-13 14:38:00,651 - client_28 - INFO - Sent 250184 bytes to server (weights size: 250032 bytes, client data size: 1136, sparse: False)
2025-05-13 14:38:00,659 - client_28 - INFO - Data transmission successful
2025-05-13 14:38:06,848 - client_28 - INFO - Client 28 started with algorithm: fedewma, model: lenet5
2025-05-13 14:38:12,063 - client_28 - INFO - Epoch 1/2 - Loss: 0.1471
2025-05-13 14:38:14,049 - client_28 - INFO - Epoch 2/2 - Loss: 0.0676
2025-05-13 14:38:14,050 - client_28 - INFO - Client 28 sending full delta weights
2025-05-13 14:38:14,052 - client_28 - INFO - Sent 250184 bytes to server (weights size: 250032 bytes, client data size: 1136, sparse: False)
2025-05-13 14:38:14,058 - client_28 - INFO - Data transmission successful
2025-05-13 14:38:58,348 - client_28 - INFO - Client 28 started with algorithm: fedewma, model: lenet5
2025-05-13 14:39:02,176 - client_28 - INFO - Epoch 1/2 - Loss: 0.1161
2025-05-13 14:39:03,786 - client_28 - INFO - Epoch 2/2 - Loss: 0.0526
2025-05-13 14:39:03,787 - client_28 - INFO - Client 28 sending full delta weights
2025-05-13 14:39:03,790 - client_28 - INFO - Sent 250184 bytes to server (weights size: 250032 bytes, client data size: 1136, sparse: False)
2025-05-13 14:39:03,796 - client_28 - INFO - Data transmission successful
2025-05-13 14:39:25,169 - client_28 - INFO - Client 28 started with algorithm: fedewma, model: lenet5
2025-05-13 14:39:29,499 - client_28 - INFO - Epoch 1/2 - Loss: 0.1010
2025-05-13 14:39:31,193 - client_28 - INFO - Epoch 2/2 - Loss: 0.0497
2025-05-13 14:39:31,194 - client_28 - INFO - Client 28 sending full delta weights
2025-05-13 14:39:31,197 - client_28 - INFO - Sent 250184 bytes to server (weights size: 250032 bytes, client data size: 1136, sparse: False)
2025-05-13 14:39:31,203 - client_28 - INFO - Data transmission successful
2025-05-13 14:41:51,844 - client_28 - INFO - Client 28 started with algorithm: fedewma, model: lenet5
2025-05-13 14:41:56,048 - client_28 - INFO - Epoch 1/2 - Loss: 0.0661
2025-05-13 14:41:57,566 - client_28 - INFO - Epoch 2/2 - Loss: 0.0293
2025-05-13 14:41:57,567 - client_28 - INFO - Client 28 sending full delta weights
2025-05-13 14:41:57,570 - client_28 - INFO - Sent 250184 bytes to server (weights size: 250032 bytes, client data size: 1136, sparse: False)
2025-05-13 14:41:57,576 - client_28 - INFO - Data transmission successful
2025-05-13 14:42:52,598 - client_28 - INFO - Client 28 started with algorithm: fedewma, model: lenet5
2025-05-13 14:42:57,171 - client_28 - INFO - Epoch 1/2 - Loss: 0.0942
2025-05-13 14:42:58,878 - client_28 - INFO - Epoch 2/2 - Loss: 0.0367
2025-05-13 14:42:58,878 - client_28 - INFO - Client 28 sending full delta weights
2025-05-13 14:42:58,881 - client_28 - INFO - Sent 250184 bytes to server (weights size: 250032 bytes, client data size: 1136, sparse: False)
2025-05-13 14:42:58,886 - client_28 - INFO - Data transmission successful
2025-05-13 14:43:12,411 - client_28 - INFO - Client 28 started with algorithm: fedewma, model: lenet5
2025-05-13 14:43:16,426 - client_28 - INFO - Epoch 1/2 - Loss: 0.0748
2025-05-13 14:43:17,907 - client_28 - INFO - Epoch 2/2 - Loss: 0.0301
2025-05-13 14:43:17,908 - client_28 - INFO - Client 28 sending full delta weights
2025-05-13 14:43:17,910 - client_28 - INFO - Sent 250184 bytes to server (weights size: 250032 bytes, client data size: 1136, sparse: False)
2025-05-13 14:43:17,914 - client_28 - INFO - Data transmission successful
2025-05-13 14:44:03,702 - client_28 - INFO - Client 28 started with algorithm: fedewma, model: lenet5
2025-05-13 14:44:08,815 - client_28 - INFO - Epoch 1/2 - Loss: 0.0524
2025-05-13 14:44:11,056 - client_28 - INFO - Epoch 2/2 - Loss: 0.0236
2025-05-13 14:44:11,057 - client_28 - INFO - Client 28 sending full delta weights
2025-05-13 14:44:11,060 - client_28 - INFO - Sent 250184 bytes to server (weights size: 250032 bytes, client data size: 1136, sparse: False)
2025-05-13 14:44:11,066 - client_28 - INFO - Data transmission successful
2025-05-13 14:44:48,573 - client_28 - INFO - Client 28 started with algorithm: fedewma, model: lenet5
2025-05-13 14:44:53,790 - client_28 - INFO - Epoch 1/2 - Loss: 0.0567
2025-05-13 14:44:55,688 - client_28 - INFO - Epoch 2/2 - Loss: 0.0222
2025-05-13 14:44:55,688 - client_28 - INFO - Client 28 sending full delta weights
2025-05-13 14:44:55,691 - client_28 - INFO - Sent 250184 bytes to server (weights size: 250032 bytes, client data size: 1136, sparse: False)
2025-05-13 14:44:55,698 - client_28 - INFO - Data transmission successful
2025-05-13 14:46:03,218 - client_28 - INFO - Client 28 started with algorithm: fedewma, model: lenet5
2025-05-13 14:46:06,555 - client_28 - INFO - Epoch 1/2 - Loss: 0.0629
2025-05-13 14:46:07,252 - client_28 - INFO - Epoch 2/2 - Loss: 0.0204
2025-05-13 14:46:07,253 - client_28 - INFO - Client 28 sending full delta weights
2025-05-13 14:46:07,255 - client_28 - INFO - Sent 250184 bytes to server (weights size: 250032 bytes, client data size: 1136, sparse: False)
2025-05-13 14:46:07,259 - client_28 - INFO - Data transmission successful
2025-05-13 14:47:59,868 - client_28 - INFO - Client 28 started with algorithm: fedewma, model: lenet5
2025-05-13 14:48:04,519 - client_28 - INFO - Epoch 1/2 - Loss: 0.0461
2025-05-13 14:48:06,254 - client_28 - INFO - Epoch 2/2 - Loss: 0.0210
2025-05-13 14:48:06,255 - client_28 - INFO - Client 28 sending full delta weights
2025-05-13 14:48:06,257 - client_28 - INFO - Sent 250184 bytes to server (weights size: 250032 bytes, client data size: 1136, sparse: False)
2025-05-13 14:48:06,263 - client_28 - INFO - Data transmission successful
2025-05-13 15:15:11,683 - client_28 - INFO - Client 28 started with algorithm: fedewma, model: lenet5
2025-05-13 15:15:15,861 - client_28 - INFO - Epoch 1/2 - Loss: 0.6037
2025-05-13 15:15:17,189 - client_28 - INFO - Epoch 2/2 - Loss: 0.1605
2025-05-13 15:15:17,189 - client_28 - INFO - Client 28 sending full delta weights
2025-05-13 15:15:17,192 - client_28 - INFO - Sent 250184 bytes to server (weights size: 250032 bytes, client data size: 1136, sparse: False)
2025-05-13 15:15:17,198 - client_28 - INFO - Data transmission successful
2025-05-13 15:15:20,641 - client_28 - INFO - Client 28 started with algorithm: fedewma, model: lenet5
2025-05-13 15:15:24,701 - client_28 - INFO - Epoch 1/2 - Loss: 0.3375
2025-05-13 15:15:26,397 - client_28 - INFO - Epoch 2/2 - Loss: 0.1331
2025-05-13 15:15:26,398 - client_28 - INFO - Client 28 sending full delta weights
2025-05-13 15:15:26,401 - client_28 - INFO - Sent 250184 bytes to server (weights size: 250032 bytes, client data size: 1136, sparse: False)
2025-05-13 15:15:26,407 - client_28 - INFO - Data transmission successful
2025-05-13 15:16:58,723 - client_28 - INFO - Client 28 started with algorithm: fedewma, model: lenet5
2025-05-13 15:17:03,551 - client_28 - INFO - Epoch 1/2 - Loss: 0.1645
2025-05-13 15:17:05,514 - client_28 - INFO - Epoch 2/2 - Loss: 0.0828
2025-05-13 15:17:05,515 - client_28 - INFO - Client 28 sending full delta weights
2025-05-13 15:17:05,518 - client_28 - INFO - Sent 250184 bytes to server (weights size: 250032 bytes, client data size: 1136, sparse: False)
2025-05-13 15:17:05,526 - client_28 - INFO - Data transmission successful
2025-05-13 15:18:32,036 - client_28 - INFO - Client 28 started with algorithm: fedewma, model: lenet5
2025-05-13 15:18:37,186 - client_28 - INFO - Epoch 1/2 - Loss: 0.1610
2025-05-13 15:18:39,677 - client_28 - INFO - Epoch 2/2 - Loss: 0.0666
2025-05-13 15:18:39,678 - client_28 - INFO - Client 28 sending full delta weights
2025-05-13 15:18:39,681 - client_28 - INFO - Sent 250184 bytes to server (weights size: 250032 bytes, client data size: 1136, sparse: False)
2025-05-13 15:18:39,689 - client_28 - INFO - Data transmission successful
2025-05-13 15:18:46,094 - client_28 - INFO - Client 28 started with algorithm: fedewma, model: lenet5
2025-05-13 15:18:51,388 - client_28 - INFO - Epoch 1/2 - Loss: 0.1511
2025-05-13 15:18:53,313 - client_28 - INFO - Epoch 2/2 - Loss: 0.0665
2025-05-13 15:18:53,314 - client_28 - INFO - Client 28 sending full delta weights
2025-05-13 15:18:53,317 - client_28 - INFO - Sent 250184 bytes to server (weights size: 250032 bytes, client data size: 1136, sparse: False)
2025-05-13 15:18:53,323 - client_28 - INFO - Data transmission successful
2025-05-13 15:19:40,324 - client_28 - INFO - Client 28 started with algorithm: fedewma, model: lenet5
2025-05-13 15:19:44,224 - client_28 - INFO - Epoch 1/2 - Loss: 0.1133
2025-05-13 15:19:45,740 - client_28 - INFO - Epoch 2/2 - Loss: 0.0530
2025-05-13 15:19:45,741 - client_28 - INFO - Client 28 sending full delta weights
2025-05-13 15:19:45,743 - client_28 - INFO - Sent 250184 bytes to server (weights size: 250032 bytes, client data size: 1136, sparse: False)
2025-05-13 15:19:45,749 - client_28 - INFO - Data transmission successful
2025-05-13 15:20:07,195 - client_28 - INFO - Client 28 started with algorithm: fedewma, model: lenet5
2025-05-13 15:20:11,624 - client_28 - INFO - Epoch 1/2 - Loss: 0.1007
2025-05-13 15:20:13,353 - client_28 - INFO - Epoch 2/2 - Loss: 0.0491
2025-05-13 15:20:13,354 - client_28 - INFO - Client 28 sending full delta weights
2025-05-13 15:20:13,356 - client_28 - INFO - Sent 250184 bytes to server (weights size: 250032 bytes, client data size: 1136, sparse: False)
2025-05-13 15:20:13,364 - client_28 - INFO - Data transmission successful
2025-05-13 15:22:38,287 - client_28 - INFO - Client 28 started with algorithm: fedewma, model: lenet5
2025-05-13 15:22:43,107 - client_28 - INFO - Epoch 1/2 - Loss: 0.0678
2025-05-13 15:22:44,569 - client_28 - INFO - Epoch 2/2 - Loss: 0.0291
2025-05-13 15:22:44,571 - client_28 - INFO - Client 28 sending full delta weights
2025-05-13 15:22:44,573 - client_28 - INFO - Sent 250184 bytes to server (weights size: 250032 bytes, client data size: 1136, sparse: False)
2025-05-13 15:22:44,579 - client_28 - INFO - Data transmission successful
2025-05-13 15:23:43,547 - client_28 - INFO - Client 28 started with algorithm: fedewma, model: lenet5
2025-05-13 15:23:48,653 - client_28 - INFO - Epoch 1/2 - Loss: 0.0803
2025-05-13 15:23:50,484 - client_28 - INFO - Epoch 2/2 - Loss: 0.0309
2025-05-13 15:23:50,485 - client_28 - INFO - Client 28 sending full delta weights
2025-05-13 15:23:50,487 - client_28 - INFO - Sent 250184 bytes to server (weights size: 250032 bytes, client data size: 1136, sparse: False)
2025-05-13 15:23:50,493 - client_28 - INFO - Data transmission successful
2025-05-13 15:24:03,764 - client_28 - INFO - Client 28 started with algorithm: fedewma, model: lenet5
2025-05-13 15:24:08,132 - client_28 - INFO - Epoch 1/2 - Loss: 0.0834
2025-05-13 15:24:09,610 - client_28 - INFO - Epoch 2/2 - Loss: 0.0322
2025-05-13 15:24:09,611 - client_28 - INFO - Client 28 sending full delta weights
2025-05-13 15:24:09,613 - client_28 - INFO - Sent 250184 bytes to server (weights size: 250032 bytes, client data size: 1136, sparse: False)
2025-05-13 15:24:09,617 - client_28 - INFO - Data transmission successful
2025-05-13 15:24:58,695 - client_28 - INFO - Client 28 started with algorithm: fedewma, model: lenet5
2025-05-13 15:25:04,177 - client_28 - INFO - Epoch 1/2 - Loss: 0.0515
2025-05-13 15:25:06,471 - client_28 - INFO - Epoch 2/2 - Loss: 0.0236
2025-05-13 15:25:06,472 - client_28 - INFO - Client 28 sending full delta weights
2025-05-13 15:25:06,475 - client_28 - INFO - Sent 250184 bytes to server (weights size: 250032 bytes, client data size: 1136, sparse: False)
2025-05-13 15:25:06,481 - client_28 - INFO - Data transmission successful
2025-05-13 15:25:51,965 - client_28 - INFO - Client 28 started with algorithm: fedewma, model: lenet5
2025-05-13 15:25:58,546 - client_28 - INFO - Epoch 1/2 - Loss: 0.0502
2025-05-13 15:26:00,843 - client_28 - INFO - Epoch 2/2 - Loss: 0.0208
2025-05-13 15:26:00,844 - client_28 - INFO - Client 28 sending full delta weights
2025-05-13 15:26:00,847 - client_28 - INFO - Sent 250184 bytes to server (weights size: 250032 bytes, client data size: 1136, sparse: False)
2025-05-13 15:26:00,853 - client_28 - INFO - Data transmission successful
2025-05-13 15:27:13,939 - client_28 - INFO - Client 28 started with algorithm: fedewma, model: lenet5
2025-05-13 15:27:17,813 - client_28 - INFO - Epoch 1/2 - Loss: 0.0618
2025-05-13 15:27:18,594 - client_28 - INFO - Epoch 2/2 - Loss: 0.0200
2025-05-13 15:27:18,595 - client_28 - INFO - Client 28 sending full delta weights
2025-05-13 15:27:18,597 - client_28 - INFO - Sent 250184 bytes to server (weights size: 250032 bytes, client data size: 1136, sparse: False)
2025-05-13 15:27:18,600 - client_28 - INFO - Data transmission successful
2025-05-13 15:29:15,219 - client_28 - INFO - Client 28 started with algorithm: fedewma, model: lenet5
2025-05-13 15:29:20,081 - client_28 - INFO - Epoch 1/2 - Loss: 0.0467
2025-05-13 15:29:21,807 - client_28 - INFO - Epoch 2/2 - Loss: 0.0186
2025-05-13 15:29:21,808 - client_28 - INFO - Client 28 sending full delta weights
2025-05-13 15:29:21,811 - client_28 - INFO - Sent 250184 bytes to server (weights size: 250032 bytes, client data size: 1136, sparse: False)
2025-05-13 15:29:21,818 - client_28 - INFO - Data transmission successful
2025-05-13 15:57:39,232 - client_28 - INFO - Client 28 started with algorithm: fedewma, model: resnet18fashion
2025-05-13 15:57:54,522 - client_28 - INFO - Epoch 1/2 - Loss: 0.7828
2025-05-13 15:57:57,960 - client_28 - INFO - Epoch 2/2 - Loss: 0.6086
2025-05-13 15:57:57,964 - client_28 - INFO - Client 28 sending full delta weights
2025-05-13 15:57:57,974 - client_28 - INFO - Sent 716145 bytes to server (weights size: 715993 bytes, client data size: 772, sparse: False)
2025-05-13 15:57:58,001 - client_28 - INFO - Data transmission successful
2025-05-13 15:58:05,507 - client_28 - INFO - Client 28 started with algorithm: fedewma, model: resnet18fashion
2025-05-13 15:58:13,342 - client_28 - INFO - Epoch 1/2 - Loss: 0.6361
2025-05-13 15:58:16,471 - client_28 - INFO - Epoch 2/2 - Loss: 0.5377
2025-05-13 15:58:16,475 - client_28 - INFO - Client 28 sending full delta weights
2025-05-13 15:58:16,483 - client_28 - INFO - Sent 716145 bytes to server (weights size: 715993 bytes, client data size: 772, sparse: False)
2025-05-13 15:58:16,509 - client_28 - INFO - Data transmission successful
2025-05-13 16:00:47,976 - client_28 - INFO - Client 28 started with algorithm: fedewma, model: resnet18fashion
2025-05-13 16:00:56,506 - client_28 - INFO - Epoch 1/2 - Loss: 0.4639
2025-05-13 16:01:00,799 - client_28 - INFO - Epoch 2/2 - Loss: 0.4254
2025-05-13 16:01:00,806 - client_28 - INFO - Client 28 sending full delta weights
2025-05-13 16:01:00,814 - client_28 - INFO - Sent 716145 bytes to server (weights size: 715993 bytes, client data size: 772, sparse: False)
2025-05-13 16:01:00,850 - client_28 - INFO - Data transmission successful
2025-05-13 16:03:29,664 - client_28 - INFO - Client 28 started with algorithm: fedewma, model: resnet18fashion
2025-05-13 16:03:38,001 - client_28 - INFO - Epoch 1/2 - Loss: 0.3793
2025-05-13 16:03:41,682 - client_28 - INFO - Epoch 2/2 - Loss: 0.3589
2025-05-13 16:03:41,688 - client_28 - INFO - Client 28 sending full delta weights
2025-05-13 16:03:41,697 - client_28 - INFO - Sent 716145 bytes to server (weights size: 715993 bytes, client data size: 772, sparse: False)
2025-05-13 16:03:41,728 - client_28 - INFO - Data transmission successful
2025-05-13 16:03:46,811 - client_28 - INFO - Client 28 started with algorithm: fedewma, model: resnet18fashion
2025-05-13 16:03:55,619 - client_28 - INFO - Epoch 1/2 - Loss: 0.3921
2025-05-13 16:03:59,503 - client_28 - INFO - Epoch 2/2 - Loss: 0.3618
2025-05-13 16:03:59,508 - client_28 - INFO - Client 28 sending full delta weights
2025-05-13 16:03:59,517 - client_28 - INFO - Sent 716145 bytes to server (weights size: 715993 bytes, client data size: 772, sparse: False)
2025-05-13 16:03:59,547 - client_28 - INFO - Data transmission successful
2025-05-13 16:05:14,039 - client_28 - INFO - Client 28 started with algorithm: fedewma, model: resnet18fashion
2025-05-13 16:05:22,230 - client_28 - INFO - Epoch 1/2 - Loss: 0.4038
2025-05-13 16:05:24,564 - client_28 - INFO - Epoch 2/2 - Loss: 0.3586
2025-05-13 16:05:24,567 - client_28 - INFO - Client 28 sending full delta weights
2025-05-13 16:05:24,576 - client_28 - INFO - Sent 716145 bytes to server (weights size: 715993 bytes, client data size: 772, sparse: False)
2025-05-13 16:05:24,597 - client_28 - INFO - Data transmission successful
2025-05-13 16:06:02,808 - client_28 - INFO - Client 28 started with algorithm: fedewma, model: resnet18fashion
2025-05-13 16:06:10,111 - client_28 - INFO - Epoch 1/2 - Loss: 0.3414
2025-05-13 16:06:12,582 - client_28 - INFO - Epoch 2/2 - Loss: 0.3508
2025-05-13 16:06:12,583 - client_28 - INFO - Early stopping triggered at epoch 2: Loss increased from 0.3414 to 0.3508
2025-05-13 16:06:12,588 - client_28 - INFO - Client 28 sending full delta weights
2025-05-13 16:06:12,597 - client_28 - INFO - Sent 716145 bytes to server (weights size: 715993 bytes, client data size: 772, sparse: False)
2025-05-13 16:06:12,630 - client_28 - INFO - Data transmission successful
2025-05-13 16:11:03,423 - client_28 - INFO - Client 28 started with algorithm: fedewma, model: resnet18fashion
2025-05-13 16:11:11,662 - client_28 - INFO - Epoch 1/2 - Loss: 0.3835
2025-05-13 16:11:15,279 - client_28 - INFO - Epoch 2/2 - Loss: 0.3446
2025-05-13 16:11:15,283 - client_28 - INFO - Client 28 sending full delta weights
2025-05-13 16:11:15,292 - client_28 - INFO - Sent 716145 bytes to server (weights size: 715993 bytes, client data size: 772, sparse: False)
2025-05-13 16:11:15,321 - client_28 - INFO - Data transmission successful
2025-05-13 16:13:02,987 - client_28 - INFO - Client 28 started with algorithm: fedewma, model: resnet18fashion
2025-05-13 16:13:11,227 - client_28 - INFO - Epoch 1/2 - Loss: 0.3897
2025-05-13 16:13:14,799 - client_28 - INFO - Epoch 2/2 - Loss: 0.3377
2025-05-13 16:13:14,805 - client_28 - INFO - Client 28 sending full delta weights
2025-05-13 16:13:14,814 - client_28 - INFO - Sent 716145 bytes to server (weights size: 715993 bytes, client data size: 772, sparse: False)
2025-05-13 16:13:14,847 - client_28 - INFO - Data transmission successful
2025-05-13 16:13:36,234 - client_28 - INFO - Client 28 started with algorithm: fedewma, model: resnet18fashion
2025-05-13 16:13:44,364 - client_28 - INFO - Epoch 1/2 - Loss: 0.3704
2025-05-13 16:13:46,552 - client_28 - INFO - Epoch 2/2 - Loss: 0.3147
2025-05-13 16:13:46,554 - client_28 - INFO - Client 28 sending full delta weights
2025-05-13 16:13:46,563 - client_28 - INFO - Sent 716145 bytes to server (weights size: 715993 bytes, client data size: 772, sparse: False)
2025-05-13 16:13:46,581 - client_28 - INFO - Data transmission successful
2025-05-13 16:15:04,718 - client_28 - INFO - Client 28 started with algorithm: fedewma, model: resnet18fashion
2025-05-13 16:15:13,426 - client_28 - INFO - Epoch 1/2 - Loss: 0.3421
2025-05-13 16:15:17,975 - client_28 - INFO - Epoch 2/2 - Loss: 0.2888
2025-05-13 16:15:17,981 - client_28 - INFO - Client 28 sending full delta weights
2025-05-13 16:15:17,990 - client_28 - INFO - Sent 716145 bytes to server (weights size: 715993 bytes, client data size: 772, sparse: False)
2025-05-13 16:15:18,022 - client_28 - INFO - Data transmission successful
2025-05-13 16:16:29,312 - client_28 - INFO - Client 28 started with algorithm: fedewma, model: resnet18fashion
2025-05-13 16:16:38,470 - client_28 - INFO - Epoch 1/2 - Loss: 0.3383
2025-05-13 16:16:42,429 - client_28 - INFO - Epoch 2/2 - Loss: 0.2909
2025-05-13 16:16:42,434 - client_28 - INFO - Client 28 sending full delta weights
2025-05-13 16:16:42,443 - client_28 - INFO - Sent 716145 bytes to server (weights size: 715993 bytes, client data size: 772, sparse: False)
2025-05-13 16:16:42,471 - client_28 - INFO - Data transmission successful
2025-05-13 16:18:54,366 - client_28 - INFO - Client 28 started with algorithm: fedewma, model: resnet18fashion
2025-05-13 16:19:01,703 - client_28 - INFO - Epoch 1/2 - Loss: 0.4094
2025-05-13 16:19:03,580 - client_28 - INFO - Epoch 2/2 - Loss: 0.3485
2025-05-13 16:19:03,584 - client_28 - INFO - Client 28 sending full delta weights
2025-05-13 16:19:03,592 - client_28 - INFO - Sent 716145 bytes to server (weights size: 715993 bytes, client data size: 772, sparse: False)
2025-05-13 16:19:03,614 - client_28 - INFO - Data transmission successful
2025-05-13 16:23:23,870 - client_28 - INFO - Client 28 started with algorithm: fedewma, model: resnet18fashion
2025-05-13 16:23:31,630 - client_28 - INFO - Epoch 1/2 - Loss: 0.3508
2025-05-13 16:23:34,655 - client_28 - INFO - Epoch 2/2 - Loss: 0.3033
2025-05-13 16:23:34,660 - client_28 - INFO - Client 28 sending full delta weights
2025-05-13 16:23:34,669 - client_28 - INFO - Sent 716145 bytes to server (weights size: 715993 bytes, client data size: 772, sparse: False)
2025-05-13 16:23:34,708 - client_28 - INFO - Data transmission successful
2025-05-14 07:22:08,670 - client_28 - INFO - Client 28 started with algorithm: fedprox, model: resnet18fashion
2025-05-14 07:22:15,194 - client_28 - INFO - Epoch 1/2 - Loss: 0.8045
2025-05-14 07:22:19,655 - client_28 - INFO - Epoch 2/2 - Loss: 0.6689
2025-05-14 07:22:19,666 - client_28 - INFO - Sent 717496 bytes to server (weights size: 717344 bytes, client data size: 772, sparse: False)
2025-05-14 07:22:19,693 - client_28 - INFO - Data transmission successful
2025-05-14 07:22:27,816 - client_28 - INFO - Client 28 started with algorithm: fedprox, model: resnet18fashion
2025-05-14 07:22:33,910 - client_28 - INFO - Epoch 1/2 - Loss: 0.6610
2025-05-14 07:22:37,842 - client_28 - INFO - Epoch 2/2 - Loss: 0.5709
2025-05-14 07:22:37,855 - client_28 - INFO - Sent 717496 bytes to server (weights size: 717344 bytes, client data size: 772, sparse: False)
2025-05-14 07:22:37,885 - client_28 - INFO - Data transmission successful
2025-05-14 07:25:04,373 - client_28 - INFO - Client 28 started with algorithm: fedprox, model: resnet18fashion
2025-05-14 07:25:13,324 - client_28 - INFO - Epoch 1/2 - Loss: 0.4406
2025-05-14 07:25:18,653 - client_28 - INFO - Epoch 2/2 - Loss: 0.4260
2025-05-14 07:25:18,666 - client_28 - INFO - Sent 717496 bytes to server (weights size: 717344 bytes, client data size: 772, sparse: False)
2025-05-14 07:25:18,698 - client_28 - INFO - Data transmission successful
2025-05-14 07:27:58,193 - client_28 - INFO - Client 28 started with algorithm: fedprox, model: resnet18fashion
2025-05-14 07:28:04,345 - client_28 - INFO - Epoch 1/2 - Loss: 0.3929
2025-05-14 07:28:09,180 - client_28 - INFO - Epoch 2/2 - Loss: 0.3625
2025-05-14 07:28:09,190 - client_28 - INFO - Sent 717496 bytes to server (weights size: 717344 bytes, client data size: 772, sparse: False)
2025-05-14 07:28:09,211 - client_28 - INFO - Data transmission successful
2025-05-14 07:28:16,429 - client_28 - INFO - Client 28 started with algorithm: fedprox, model: resnet18fashion
2025-05-14 07:28:25,576 - client_28 - INFO - Epoch 1/2 - Loss: 0.4186
2025-05-14 07:28:30,332 - client_28 - INFO - Epoch 2/2 - Loss: 0.4378
2025-05-14 07:28:30,332 - client_28 - INFO - Early stopping triggered at epoch 2: Loss increased from 0.4186 to 0.4378
2025-05-14 07:28:30,345 - client_28 - INFO - Sent 717496 bytes to server (weights size: 717344 bytes, client data size: 772, sparse: False)
2025-05-14 07:28:30,377 - client_28 - INFO - Data transmission successful
2025-05-14 07:29:51,119 - client_28 - INFO - Client 28 started with algorithm: fedprox, model: resnet18fashion
2025-05-14 07:29:57,033 - client_28 - INFO - Epoch 1/2 - Loss: 0.3865
2025-05-14 07:30:00,768 - client_28 - INFO - Epoch 2/2 - Loss: 0.3907
2025-05-14 07:30:00,768 - client_28 - INFO - Early stopping triggered at epoch 2: Loss increased from 0.3865 to 0.3907
2025-05-14 07:30:00,779 - client_28 - INFO - Sent 717496 bytes to server (weights size: 717344 bytes, client data size: 772, sparse: False)
2025-05-14 07:30:00,803 - client_28 - INFO - Data transmission successful
2025-05-14 07:30:39,166 - client_28 - INFO - Client 28 started with algorithm: fedprox, model: resnet18fashion
2025-05-14 07:30:44,347 - client_28 - INFO - Epoch 1/2 - Loss: 0.4024
2025-05-14 07:30:48,569 - client_28 - INFO - Epoch 2/2 - Loss: 0.3979
2025-05-14 07:30:48,580 - client_28 - INFO - Sent 717496 bytes to server (weights size: 717344 bytes, client data size: 772, sparse: False)
2025-05-14 07:30:48,616 - client_28 - INFO - Data transmission successful
2025-05-14 07:35:21,407 - client_28 - INFO - Client 28 started with algorithm: fedprox, model: resnet18fashion
2025-05-14 07:35:28,017 - client_28 - INFO - Epoch 1/2 - Loss: 0.3693
2025-05-14 07:35:33,136 - client_28 - INFO - Epoch 2/2 - Loss: 0.3260
2025-05-14 07:35:33,149 - client_28 - INFO - Sent 717496 bytes to server (weights size: 717344 bytes, client data size: 772, sparse: False)
2025-05-14 07:35:33,180 - client_28 - INFO - Data transmission successful
2025-05-14 07:37:23,376 - client_28 - INFO - Client 28 started with algorithm: fedprox, model: resnet18fashion
2025-05-14 07:37:29,951 - client_28 - INFO - Epoch 1/2 - Loss: 0.3808
2025-05-14 07:37:34,871 - client_28 - INFO - Epoch 2/2 - Loss: 0.3290
2025-05-14 07:37:34,886 - client_28 - INFO - Sent 717496 bytes to server (weights size: 717344 bytes, client data size: 772, sparse: False)
2025-05-14 07:37:34,925 - client_28 - INFO - Data transmission successful
2025-05-14 07:37:57,103 - client_28 - INFO - Client 28 started with algorithm: fedprox, model: resnet18fashion
2025-05-14 07:38:02,459 - client_28 - INFO - Epoch 1/2 - Loss: 0.3375
2025-05-14 07:38:06,202 - client_28 - INFO - Epoch 2/2 - Loss: 0.3064
2025-05-14 07:38:06,211 - client_28 - INFO - Sent 717496 bytes to server (weights size: 717344 bytes, client data size: 772, sparse: False)
2025-05-14 07:38:06,222 - client_28 - INFO - Data transmission successful
2025-05-14 07:39:23,546 - client_28 - INFO - Client 28 started with algorithm: fedprox, model: resnet18fashion
2025-05-14 07:39:30,573 - client_28 - INFO - Epoch 1/2 - Loss: 0.3522
2025-05-14 07:39:35,924 - client_28 - INFO - Epoch 2/2 - Loss: 0.3074
2025-05-14 07:39:35,947 - client_28 - INFO - Sent 717496 bytes to server (weights size: 717344 bytes, client data size: 772, sparse: False)
2025-05-14 07:39:35,982 - client_28 - INFO - Data transmission successful
2025-05-14 07:40:42,628 - client_28 - INFO - Client 28 started with algorithm: fedprox, model: resnet18fashion
2025-05-14 07:40:49,682 - client_28 - INFO - Epoch 1/2 - Loss: 0.3364
2025-05-14 07:40:54,343 - client_28 - INFO - Epoch 2/2 - Loss: 0.3560
2025-05-14 07:40:54,344 - client_28 - INFO - Early stopping triggered at epoch 2: Loss increased from 0.3364 to 0.3560
2025-05-14 07:40:54,356 - client_28 - INFO - Sent 717496 bytes to server (weights size: 717344 bytes, client data size: 772, sparse: False)
2025-05-14 07:40:54,386 - client_28 - INFO - Data transmission successful
2025-05-14 07:43:06,039 - client_28 - INFO - Client 28 started with algorithm: fedprox, model: resnet18fashion
2025-05-14 07:43:09,935 - client_28 - INFO - Epoch 1/2 - Loss: 0.3274
2025-05-14 07:43:12,136 - client_28 - INFO - Epoch 2/2 - Loss: 0.3604
2025-05-14 07:43:12,136 - client_28 - INFO - Early stopping triggered at epoch 2: Loss increased from 0.3274 to 0.3604
2025-05-14 07:43:12,146 - client_28 - INFO - Sent 717496 bytes to server (weights size: 717344 bytes, client data size: 772, sparse: False)
2025-05-14 07:43:12,166 - client_28 - INFO - Data transmission successful
2025-05-14 07:47:00,401 - client_28 - INFO - Client 28 started with algorithm: fedprox, model: resnet18fashion
2025-05-14 07:47:06,747 - client_28 - INFO - Epoch 1/2 - Loss: 0.3103
2025-05-14 07:47:10,775 - client_28 - INFO - Epoch 2/2 - Loss: 0.2846
2025-05-14 07:47:10,787 - client_28 - INFO - Sent 717496 bytes to server (weights size: 717344 bytes, client data size: 772, sparse: False)
2025-05-14 07:47:10,816 - client_28 - INFO - Data transmission successful
2025-05-14 08:36:30,167 - client_28 - INFO - Client 28 started with algorithm: fedavg, model: resnet18fashion
2025-05-14 08:36:37,139 - client_28 - INFO - Epoch 1/2 - Loss: 0.8210
2025-05-14 08:36:40,614 - client_28 - INFO - Epoch 2/2 - Loss: 0.6113
2025-05-14 08:36:40,625 - client_28 - INFO - Sent 717498 bytes to server (weights size: 717344 bytes, client data size: 772, sparse: False)
2025-05-14 08:36:40,651 - client_28 - INFO - Data transmission successful
2025-05-14 08:36:49,837 - client_28 - INFO - Client 28 started with algorithm: fedavg, model: resnet18fashion
2025-05-14 08:36:59,225 - client_28 - INFO - Epoch 1/2 - Loss: 0.6455
2025-05-14 08:37:03,687 - client_28 - INFO - Epoch 2/2 - Loss: 0.5977
2025-05-14 08:37:03,699 - client_28 - INFO - Sent 717498 bytes to server (weights size: 717344 bytes, client data size: 772, sparse: False)
2025-05-14 08:37:03,725 - client_28 - INFO - Data transmission successful
2025-05-14 08:39:27,284 - client_28 - INFO - Client 28 started with algorithm: fedavg, model: resnet18fashion
2025-05-14 08:39:35,514 - client_28 - INFO - Epoch 1/2 - Loss: 0.4362
2025-05-14 08:39:40,527 - client_28 - INFO - Epoch 2/2 - Loss: 0.3975
2025-05-14 08:39:40,544 - client_28 - INFO - Sent 717498 bytes to server (weights size: 717344 bytes, client data size: 772, sparse: False)
2025-05-14 08:39:40,585 - client_28 - INFO - Data transmission successful
2025-05-14 08:42:02,081 - client_28 - INFO - Client 28 started with algorithm: fedavg, model: resnet18fashion
2025-05-14 08:42:07,808 - client_28 - INFO - Epoch 1/2 - Loss: 0.4014
2025-05-14 08:42:14,381 - client_28 - INFO - Epoch 2/2 - Loss: 0.3362
2025-05-14 08:42:14,393 - client_28 - INFO - Sent 717498 bytes to server (weights size: 717344 bytes, client data size: 772, sparse: False)
2025-05-14 08:42:14,419 - client_28 - INFO - Data transmission successful
2025-05-14 08:42:23,803 - client_28 - INFO - Client 28 started with algorithm: fedavg, model: resnet18fashion
2025-05-14 08:42:30,697 - client_28 - INFO - Epoch 1/2 - Loss: 0.3876
2025-05-14 08:42:34,416 - client_28 - INFO - Epoch 2/2 - Loss: 0.3609
2025-05-14 08:42:34,430 - client_28 - INFO - Sent 717498 bytes to server (weights size: 717344 bytes, client data size: 772, sparse: False)
2025-05-14 08:42:34,460 - client_28 - INFO - Data transmission successful
2025-05-14 08:43:56,172 - client_28 - INFO - Client 28 started with algorithm: fedavg, model: resnet18fashion
2025-05-14 08:44:01,808 - client_28 - INFO - Epoch 1/2 - Loss: 0.3837
2025-05-14 08:44:05,967 - client_28 - INFO - Epoch 2/2 - Loss: 0.3683
2025-05-14 08:44:05,980 - client_28 - INFO - Sent 717498 bytes to server (weights size: 717344 bytes, client data size: 772, sparse: False)
2025-05-14 08:44:06,007 - client_28 - INFO - Data transmission successful
2025-05-14 08:44:51,919 - client_28 - INFO - Client 28 started with algorithm: fedavg, model: resnet18fashion
2025-05-14 08:45:00,479 - client_28 - INFO - Epoch 1/2 - Loss: 0.4313
2025-05-14 08:45:03,620 - client_28 - INFO - Epoch 2/2 - Loss: 0.3516
2025-05-14 08:45:03,635 - client_28 - INFO - Sent 717498 bytes to server (weights size: 717344 bytes, client data size: 772, sparse: False)
2025-05-14 08:45:03,661 - client_28 - INFO - Data transmission successful
2025-05-14 08:49:19,427 - client_28 - INFO - Client 28 started with algorithm: fedavg, model: resnet18fashion
2025-05-14 08:49:25,069 - client_28 - INFO - Epoch 1/2 - Loss: 0.3686
2025-05-14 08:49:28,384 - client_28 - INFO - Epoch 2/2 - Loss: 0.3566
2025-05-14 08:49:28,398 - client_28 - INFO - Sent 717498 bytes to server (weights size: 717344 bytes, client data size: 772, sparse: False)
2025-05-14 08:49:28,431 - client_28 - INFO - Data transmission successful
2025-05-14 08:51:07,177 - client_28 - INFO - Client 28 started with algorithm: fedavg, model: resnet18fashion
2025-05-14 08:51:13,730 - client_28 - INFO - Epoch 1/2 - Loss: 0.4657
2025-05-14 08:51:18,081 - client_28 - INFO - Epoch 2/2 - Loss: 0.3517
2025-05-14 08:51:18,094 - client_28 - INFO - Sent 717498 bytes to server (weights size: 717344 bytes, client data size: 772, sparse: False)
2025-05-14 08:51:18,124 - client_28 - INFO - Data transmission successful
2025-05-14 08:51:35,935 - client_28 - INFO - Client 28 started with algorithm: fedavg, model: resnet18fashion
2025-05-14 08:51:40,705 - client_28 - INFO - Epoch 1/2 - Loss: 0.3398
2025-05-14 08:51:43,226 - client_28 - INFO - Epoch 2/2 - Loss: 0.2962
2025-05-14 08:51:43,238 - client_28 - INFO - Sent 717498 bytes to server (weights size: 717344 bytes, client data size: 772, sparse: False)
2025-05-14 08:51:43,258 - client_28 - INFO - Data transmission successful
2025-05-14 08:52:47,231 - client_28 - INFO - Client 28 started with algorithm: fedavg, model: resnet18fashion
2025-05-14 08:52:53,519 - client_28 - INFO - Epoch 1/2 - Loss: 0.3683
2025-05-14 08:52:58,201 - client_28 - INFO - Epoch 2/2 - Loss: 0.3484
2025-05-14 08:52:58,218 - client_28 - INFO - Sent 717498 bytes to server (weights size: 717344 bytes, client data size: 772, sparse: False)
2025-05-14 08:52:58,260 - client_28 - INFO - Data transmission successful
2025-05-14 08:53:58,996 - client_28 - INFO - Client 28 started with algorithm: fedavg, model: resnet18fashion
2025-05-14 08:54:05,237 - client_28 - INFO - Epoch 1/2 - Loss: 0.3208
2025-05-14 08:54:09,424 - client_28 - INFO - Epoch 2/2 - Loss: 0.3096
2025-05-14 08:54:09,438 - client_28 - INFO - Sent 717498 bytes to server (weights size: 717344 bytes, client data size: 772, sparse: False)
2025-05-14 08:54:09,471 - client_28 - INFO - Data transmission successful
2025-05-14 08:56:23,691 - client_28 - INFO - Client 28 started with algorithm: fedavg, model: resnet18fashion
2025-05-14 08:56:27,931 - client_28 - INFO - Epoch 1/2 - Loss: 0.3201
2025-05-14 08:56:30,168 - client_28 - INFO - Epoch 2/2 - Loss: 0.3034
2025-05-14 08:56:30,180 - client_28 - INFO - Sent 717498 bytes to server (weights size: 717344 bytes, client data size: 772, sparse: False)
2025-05-14 08:56:30,205 - client_28 - INFO - Data transmission successful
2025-05-14 08:59:52,344 - client_28 - INFO - Client 28 started with algorithm: fedavg, model: resnet18fashion
2025-05-14 08:59:58,250 - client_28 - INFO - Epoch 1/2 - Loss: 0.3445
2025-05-14 09:00:02,012 - client_28 - INFO - Epoch 2/2 - Loss: 0.3028
2025-05-14 09:00:02,022 - client_28 - INFO - Sent 717498 bytes to server (weights size: 717344 bytes, client data size: 772, sparse: False)
2025-05-14 09:00:02,042 - client_28 - INFO - Data transmission successful
