2025-05-12 11:20:00,182 - client_19 - INFO - Client 19 started with algorithm: fedewma, model: lenet5
2025-05-12 11:20:04,284 - client_19 - INFO - Epoch 1/2 - Loss: 1.4596
2025-05-12 11:20:05,296 - client_19 - INFO - Epoch 2/2 - Loss: 0.8526
2025-05-12 11:20:05,297 - client_19 - INFO - Client 19 sending full delta weights
2025-05-12 11:20:05,300 - client_19 - INFO - Sent 250184 bytes to server (weights size: 250032 bytes, client data size: 478, sparse: False)
2025-05-12 11:20:05,308 - client_19 - INFO - Data transmission successful
2025-05-12 11:21:30,648 - client_19 - INFO - Client 19 started with algorithm: fedewma, model: lenet5
2025-05-12 11:21:35,075 - client_19 - INFO - Epoch 1/2 - Loss: 0.4463
2025-05-12 11:21:36,442 - client_19 - INFO - Epoch 2/2 - Loss: 0.2388
2025-05-12 11:21:36,445 - client_19 - INFO - Client 19 sending full delta weights
2025-05-12 11:21:36,447 - client_19 - INFO - Sent 250184 bytes to server (weights size: 250032 bytes, client data size: 478, sparse: False)
2025-05-12 11:21:36,458 - client_19 - INFO - Data transmission successful
2025-05-12 11:21:43,216 - client_19 - INFO - Client 19 started with algorithm: fedewma, model: lenet5
2025-05-12 11:21:46,906 - client_19 - INFO - Epoch 1/2 - Loss: 0.2826
2025-05-12 11:21:47,656 - client_19 - INFO - Epoch 2/2 - Loss: 0.1793
2025-05-12 11:21:47,657 - client_19 - INFO - Client 19 sending full delta weights
2025-05-12 11:21:47,660 - client_19 - INFO - Sent 250184 bytes to server (weights size: 250032 bytes, client data size: 478, sparse: False)
2025-05-12 11:21:47,670 - client_19 - INFO - Data transmission successful
2025-05-12 11:22:39,258 - client_19 - INFO - Client 19 started with algorithm: fedewma, model: lenet5
2025-05-12 11:22:44,093 - client_19 - INFO - Epoch 1/2 - Loss: 0.3480
2025-05-12 11:22:45,989 - client_19 - INFO - Epoch 2/2 - Loss: 0.1595
2025-05-12 11:22:45,990 - client_19 - INFO - Client 19 sending full delta weights
2025-05-12 11:22:45,993 - client_19 - INFO - Sent 250184 bytes to server (weights size: 250032 bytes, client data size: 478, sparse: False)
2025-05-12 11:22:46,000 - client_19 - INFO - Data transmission successful
2025-05-12 11:23:12,316 - client_19 - INFO - Client 19 started with algorithm: fedewma, model: lenet5
2025-05-12 11:23:17,109 - client_19 - INFO - Epoch 1/2 - Loss: 0.3059
2025-05-12 11:23:18,925 - client_19 - INFO - Epoch 2/2 - Loss: 0.1622
2025-05-12 11:23:18,926 - client_19 - INFO - Client 19 sending full delta weights
2025-05-12 11:23:18,929 - client_19 - INFO - Sent 250184 bytes to server (weights size: 250032 bytes, client data size: 478, sparse: False)
2025-05-12 11:23:18,938 - client_19 - INFO - Data transmission successful
2025-05-12 11:25:04,260 - client_19 - INFO - Client 19 started with algorithm: fedewma, model: lenet5
2025-05-12 11:25:08,394 - client_19 - INFO - Epoch 1/2 - Loss: 0.2549
2025-05-12 11:25:09,504 - client_19 - INFO - Epoch 2/2 - Loss: 0.1095
2025-05-12 11:25:09,505 - client_19 - INFO - Client 19 sending full delta weights
2025-05-12 11:25:09,508 - client_19 - INFO - Sent 250184 bytes to server (weights size: 250032 bytes, client data size: 478, sparse: False)
2025-05-12 11:25:09,515 - client_19 - INFO - Data transmission successful
2025-05-12 11:25:26,645 - client_19 - INFO - Client 19 started with algorithm: fedewma, model: lenet5
2025-05-12 11:25:30,676 - client_19 - INFO - Epoch 1/2 - Loss: 0.1617
2025-05-12 11:25:31,876 - client_19 - INFO - Epoch 2/2 - Loss: 0.0922
2025-05-12 11:25:31,877 - client_19 - INFO - Client 19 sending full delta weights
2025-05-12 11:25:31,880 - client_19 - INFO - Sent 250184 bytes to server (weights size: 250032 bytes, client data size: 478, sparse: False)
2025-05-12 11:25:31,890 - client_19 - INFO - Data transmission successful
2025-05-12 11:25:58,773 - client_19 - INFO - Client 19 started with algorithm: fedewma, model: lenet5
2025-05-12 11:26:02,816 - client_19 - INFO - Epoch 1/2 - Loss: 0.4339
2025-05-12 11:26:03,943 - client_19 - INFO - Epoch 2/2 - Loss: 0.1364
2025-05-12 11:26:03,944 - client_19 - INFO - Client 19 sending full delta weights
2025-05-12 11:26:03,947 - client_19 - INFO - Sent 250184 bytes to server (weights size: 250032 bytes, client data size: 478, sparse: False)
2025-05-12 11:26:03,956 - client_19 - INFO - Data transmission successful
2025-05-12 11:26:52,871 - client_19 - INFO - Client 19 started with algorithm: fedewma, model: lenet5
2025-05-12 11:26:57,268 - client_19 - INFO - Epoch 1/2 - Loss: 0.2167
2025-05-12 11:26:58,482 - client_19 - INFO - Epoch 2/2 - Loss: 0.0855
2025-05-12 11:26:58,485 - client_19 - INFO - Client 19 sending full delta weights
2025-05-12 11:26:58,488 - client_19 - INFO - Sent 250184 bytes to server (weights size: 250032 bytes, client data size: 478, sparse: False)
2025-05-12 11:26:58,497 - client_19 - INFO - Data transmission successful
2025-05-12 11:28:50,278 - client_19 - INFO - Client 19 started with algorithm: fedewma, model: lenet5
2025-05-12 11:28:54,265 - client_19 - INFO - Epoch 1/2 - Loss: 0.1685
2025-05-12 11:28:55,372 - client_19 - INFO - Epoch 2/2 - Loss: 0.0663
2025-05-12 11:28:55,373 - client_19 - INFO - Client 19 sending full delta weights
2025-05-12 11:28:55,376 - client_19 - INFO - Sent 250184 bytes to server (weights size: 250032 bytes, client data size: 478, sparse: False)
2025-05-12 11:28:55,385 - client_19 - INFO - Data transmission successful
2025-05-12 11:32:50,162 - client_19 - INFO - Client 19 started with algorithm: fedewma, model: lenet5
2025-05-12 11:32:54,496 - client_19 - INFO - Epoch 1/2 - Loss: 0.1123
2025-05-12 11:32:55,878 - client_19 - INFO - Epoch 2/2 - Loss: 0.0589
2025-05-12 11:32:55,880 - client_19 - INFO - Client 19 sending full delta weights
2025-05-12 11:32:55,882 - client_19 - INFO - Sent 250184 bytes to server (weights size: 250032 bytes, client data size: 478, sparse: False)
2025-05-12 11:32:55,892 - client_19 - INFO - Data transmission successful
2025-05-12 11:33:39,511 - client_19 - INFO - Client 19 started with algorithm: fedewma, model: lenet5
2025-05-12 11:33:43,001 - client_19 - INFO - Epoch 1/2 - Loss: 0.1265
2025-05-12 11:33:43,731 - client_19 - INFO - Epoch 2/2 - Loss: 0.0456
2025-05-12 11:33:43,732 - client_19 - INFO - Client 19 sending full delta weights
2025-05-12 11:33:43,737 - client_19 - INFO - Sent 250184 bytes to server (weights size: 250032 bytes, client data size: 478, sparse: False)
2025-05-12 11:33:43,744 - client_19 - INFO - Data transmission successful
2025-05-12 11:35:04,220 - client_19 - INFO - Client 19 started with algorithm: fedewma, model: lenet5
2025-05-12 11:35:08,029 - client_19 - INFO - Epoch 1/2 - Loss: 0.0865
2025-05-12 11:35:08,572 - client_19 - INFO - Epoch 2/2 - Loss: 0.0407
2025-05-12 11:35:08,572 - client_19 - INFO - Client 19 sending full delta weights
2025-05-12 11:35:08,575 - client_19 - INFO - Sent 250184 bytes to server (weights size: 250032 bytes, client data size: 478, sparse: False)
2025-05-12 11:35:08,580 - client_19 - INFO - Data transmission successful
2025-05-12 11:35:31,802 - client_19 - INFO - Client 19 started with algorithm: fedewma, model: lenet5
2025-05-12 11:35:35,225 - client_19 - INFO - Epoch 1/2 - Loss: 0.1116
2025-05-12 11:35:35,696 - client_19 - INFO - Epoch 2/2 - Loss: 0.0552
2025-05-12 11:35:35,696 - client_19 - INFO - Client 19 sending full delta weights
2025-05-12 11:35:35,699 - client_19 - INFO - Sent 250184 bytes to server (weights size: 250032 bytes, client data size: 478, sparse: False)
2025-05-12 11:35:35,706 - client_19 - INFO - Data transmission successful
2025-05-12 11:35:49,359 - client_19 - INFO - Client 19 started with algorithm: fedewma, model: lenet5
2025-05-12 11:35:53,421 - client_19 - INFO - Epoch 1/2 - Loss: 0.0850
2025-05-12 11:35:54,712 - client_19 - INFO - Epoch 2/2 - Loss: 0.0366
2025-05-12 11:35:54,713 - client_19 - INFO - Client 19 sending full delta weights
2025-05-12 11:35:54,716 - client_19 - INFO - Sent 250184 bytes to server (weights size: 250032 bytes, client data size: 478, sparse: False)
2025-05-12 11:35:54,728 - client_19 - INFO - Data transmission successful
2025-05-13 07:07:45,089 - client_19 - INFO - Client 19 started with algorithm: fedprox, model: lenet5
2025-05-13 07:07:47,401 - client_19 - INFO - Epoch 1/2 - Loss: 1.4290
2025-05-13 07:07:48,555 - client_19 - INFO - Epoch 2/2 - Loss: 0.8315
2025-05-13 07:07:48,559 - client_19 - INFO - Sent 250511 bytes to server (weights size: 250359 bytes, client data size: 478, sparse: False)
2025-05-13 07:07:48,564 - client_19 - INFO - Data transmission successful
2025-05-13 07:09:16,791 - client_19 - INFO - Client 19 started with algorithm: fedprox, model: lenet5
2025-05-13 07:09:19,586 - client_19 - INFO - Epoch 1/2 - Loss: 0.3918
2025-05-13 07:09:21,094 - client_19 - INFO - Epoch 2/2 - Loss: 0.2084
2025-05-13 07:09:21,097 - client_19 - INFO - Sent 250511 bytes to server (weights size: 250359 bytes, client data size: 478, sparse: False)
2025-05-13 07:09:21,104 - client_19 - INFO - Data transmission successful
2025-05-13 07:09:28,262 - client_19 - INFO - Client 19 started with algorithm: fedprox, model: lenet5
2025-05-13 07:09:29,951 - client_19 - INFO - Epoch 1/2 - Loss: 0.2811
2025-05-13 07:09:30,686 - client_19 - INFO - Epoch 2/2 - Loss: 0.1740
2025-05-13 07:09:30,689 - client_19 - INFO - Sent 250511 bytes to server (weights size: 250359 bytes, client data size: 478, sparse: False)
2025-05-13 07:09:30,696 - client_19 - INFO - Data transmission successful
2025-05-13 07:10:14,880 - client_19 - INFO - Client 19 started with algorithm: fedprox, model: lenet5
2025-05-13 07:10:16,745 - client_19 - INFO - Epoch 1/2 - Loss: 0.3216
2025-05-13 07:10:18,155 - client_19 - INFO - Epoch 2/2 - Loss: 0.1628
2025-05-13 07:10:18,159 - client_19 - INFO - Sent 250511 bytes to server (weights size: 250359 bytes, client data size: 478, sparse: False)
2025-05-13 07:10:18,169 - client_19 - INFO - Data transmission successful
2025-05-13 07:10:40,414 - client_19 - INFO - Client 19 started with algorithm: fedprox, model: lenet5
2025-05-13 07:10:41,982 - client_19 - INFO - Epoch 1/2 - Loss: 0.3147
2025-05-13 07:10:43,539 - client_19 - INFO - Epoch 2/2 - Loss: 0.1580
2025-05-13 07:10:43,542 - client_19 - INFO - Sent 250511 bytes to server (weights size: 250359 bytes, client data size: 478, sparse: False)
2025-05-13 07:10:43,550 - client_19 - INFO - Data transmission successful
2025-05-13 07:12:09,051 - client_19 - INFO - Client 19 started with algorithm: fedprox, model: lenet5
2025-05-13 07:12:10,885 - client_19 - INFO - Epoch 1/2 - Loss: 0.2335
2025-05-13 07:12:11,954 - client_19 - INFO - Epoch 2/2 - Loss: 0.1157
2025-05-13 07:12:11,957 - client_19 - INFO - Sent 250511 bytes to server (weights size: 250359 bytes, client data size: 478, sparse: False)
2025-05-13 07:12:11,965 - client_19 - INFO - Data transmission successful
2025-05-13 07:12:27,098 - client_19 - INFO - Client 19 started with algorithm: fedprox, model: lenet5
2025-05-13 07:12:28,411 - client_19 - INFO - Epoch 1/2 - Loss: 0.1877
2025-05-13 07:12:29,501 - client_19 - INFO - Epoch 2/2 - Loss: 0.0989
2025-05-13 07:12:29,505 - client_19 - INFO - Sent 250511 bytes to server (weights size: 250359 bytes, client data size: 478, sparse: False)
2025-05-13 07:12:29,512 - client_19 - INFO - Data transmission successful
2025-05-13 07:12:51,109 - client_19 - INFO - Client 19 started with algorithm: fedprox, model: lenet5
2025-05-13 07:12:52,714 - client_19 - INFO - Epoch 1/2 - Loss: 0.4140
2025-05-13 07:12:53,756 - client_19 - INFO - Epoch 2/2 - Loss: 0.1239
2025-05-13 07:12:53,759 - client_19 - INFO - Sent 250511 bytes to server (weights size: 250359 bytes, client data size: 478, sparse: False)
2025-05-13 07:12:53,765 - client_19 - INFO - Data transmission successful
2025-05-13 07:13:32,728 - client_19 - INFO - Client 19 started with algorithm: fedprox, model: lenet5
2025-05-13 07:13:34,470 - client_19 - INFO - Epoch 1/2 - Loss: 0.1992
2025-05-13 07:13:35,599 - client_19 - INFO - Epoch 2/2 - Loss: 0.0841
2025-05-13 07:13:35,602 - client_19 - INFO - Sent 250511 bytes to server (weights size: 250359 bytes, client data size: 478, sparse: False)
2025-05-13 07:13:35,610 - client_19 - INFO - Data transmission successful
2025-05-13 07:15:00,861 - client_19 - INFO - Client 19 started with algorithm: fedprox, model: lenet5
2025-05-13 07:15:02,346 - client_19 - INFO - Epoch 1/2 - Loss: 0.1440
2025-05-13 07:15:03,434 - client_19 - INFO - Epoch 2/2 - Loss: 0.0799
2025-05-13 07:15:03,438 - client_19 - INFO - Sent 250511 bytes to server (weights size: 250359 bytes, client data size: 478, sparse: False)
2025-05-13 07:15:03,447 - client_19 - INFO - Data transmission successful
2025-05-13 07:18:11,227 - client_19 - INFO - Client 19 started with algorithm: fedprox, model: lenet5
2025-05-13 07:18:12,893 - client_19 - INFO - Epoch 1/2 - Loss: 0.1429
2025-05-13 07:18:14,181 - client_19 - INFO - Epoch 2/2 - Loss: 0.0506
2025-05-13 07:18:14,184 - client_19 - INFO - Sent 250511 bytes to server (weights size: 250359 bytes, client data size: 478, sparse: False)
2025-05-13 07:18:14,193 - client_19 - INFO - Data transmission successful
2025-05-13 07:18:47,226 - client_19 - INFO - Client 19 started with algorithm: fedprox, model: lenet5
2025-05-13 07:18:48,098 - client_19 - INFO - Epoch 1/2 - Loss: 0.1170
2025-05-13 07:18:48,774 - client_19 - INFO - Epoch 2/2 - Loss: 0.0432
2025-05-13 07:18:48,777 - client_19 - INFO - Sent 250511 bytes to server (weights size: 250359 bytes, client data size: 478, sparse: False)
2025-05-13 07:18:48,783 - client_19 - INFO - Data transmission successful
2025-05-13 07:19:50,828 - client_19 - INFO - Client 19 started with algorithm: fedprox, model: lenet5
2025-05-13 07:19:52,125 - client_19 - INFO - Epoch 1/2 - Loss: 0.0893
2025-05-13 07:19:52,655 - client_19 - INFO - Epoch 2/2 - Loss: 0.0418
2025-05-13 07:19:52,658 - client_19 - INFO - Sent 250511 bytes to server (weights size: 250359 bytes, client data size: 478, sparse: False)
2025-05-13 07:19:52,663 - client_19 - INFO - Data transmission successful
2025-05-13 07:20:14,410 - client_19 - INFO - Client 19 started with algorithm: fedprox, model: lenet5
2025-05-13 07:20:15,385 - client_19 - INFO - Epoch 1/2 - Loss: 0.1011
2025-05-13 07:20:16,134 - client_19 - INFO - Epoch 2/2 - Loss: 0.0344
2025-05-13 07:20:16,137 - client_19 - INFO - Sent 250511 bytes to server (weights size: 250359 bytes, client data size: 478, sparse: False)
2025-05-13 07:20:16,144 - client_19 - INFO - Data transmission successful
2025-05-13 07:20:27,327 - client_19 - INFO - Client 19 started with algorithm: fedprox, model: lenet5
2025-05-13 07:20:28,953 - client_19 - INFO - Epoch 1/2 - Loss: 0.1035
2025-05-13 07:20:30,196 - client_19 - INFO - Epoch 2/2 - Loss: 0.0347
2025-05-13 07:20:30,199 - client_19 - INFO - Sent 250511 bytes to server (weights size: 250359 bytes, client data size: 478, sparse: False)
2025-05-13 07:20:30,208 - client_19 - INFO - Data transmission successful
2025-05-13 07:27:53,441 - client_19 - INFO - Client 19 started with algorithm: fedavg, model: lenet5
2025-05-13 07:27:55,152 - client_19 - INFO - Epoch 1/2 - Loss: 1.2768
2025-05-13 07:27:56,145 - client_19 - INFO - Epoch 2/2 - Loss: 0.7611
2025-05-13 07:27:56,148 - client_19 - INFO - Sent 250513 bytes to server (weights size: 250359 bytes, client data size: 478, sparse: False)
2025-05-13 07:27:56,155 - client_19 - INFO - Data transmission successful
2025-05-13 07:28:58,764 - client_19 - INFO - Client 19 started with algorithm: fedavg, model: lenet5
2025-05-13 07:29:00,423 - client_19 - INFO - Epoch 1/2 - Loss: 0.5336
2025-05-13 07:29:01,706 - client_19 - INFO - Epoch 2/2 - Loss: 0.2291
2025-05-13 07:29:01,709 - client_19 - INFO - Sent 250513 bytes to server (weights size: 250359 bytes, client data size: 478, sparse: False)
2025-05-13 07:29:01,717 - client_19 - INFO - Data transmission successful
2025-05-13 07:29:07,891 - client_19 - INFO - Client 19 started with algorithm: fedavg, model: lenet5
2025-05-13 07:29:08,724 - client_19 - INFO - Epoch 1/2 - Loss: 0.3784
2025-05-13 07:29:09,372 - client_19 - INFO - Epoch 2/2 - Loss: 0.2041
2025-05-13 07:29:09,376 - client_19 - INFO - Sent 250513 bytes to server (weights size: 250359 bytes, client data size: 478, sparse: False)
2025-05-13 07:29:09,382 - client_19 - INFO - Data transmission successful
2025-05-13 07:29:48,873 - client_19 - INFO - Client 19 started with algorithm: fedavg, model: lenet5
2025-05-13 07:29:50,364 - client_19 - INFO - Epoch 1/2 - Loss: 0.3525
2025-05-13 07:29:51,612 - client_19 - INFO - Epoch 2/2 - Loss: 0.1667
2025-05-13 07:29:51,617 - client_19 - INFO - Sent 250513 bytes to server (weights size: 250359 bytes, client data size: 478, sparse: False)
2025-05-13 07:29:51,629 - client_19 - INFO - Data transmission successful
2025-05-13 07:30:11,749 - client_19 - INFO - Client 19 started with algorithm: fedavg, model: lenet5
2025-05-13 07:30:13,152 - client_19 - INFO - Epoch 1/2 - Loss: 0.4055
2025-05-13 07:30:14,320 - client_19 - INFO - Epoch 2/2 - Loss: 0.1614
2025-05-13 07:30:14,323 - client_19 - INFO - Sent 250513 bytes to server (weights size: 250359 bytes, client data size: 478, sparse: False)
2025-05-13 07:30:14,331 - client_19 - INFO - Data transmission successful
2025-05-13 07:31:33,059 - client_19 - INFO - Client 19 started with algorithm: fedavg, model: lenet5
2025-05-13 07:31:34,396 - client_19 - INFO - Epoch 1/2 - Loss: 0.3933
2025-05-13 07:31:35,376 - client_19 - INFO - Epoch 2/2 - Loss: 0.1461
2025-05-13 07:31:35,379 - client_19 - INFO - Sent 250513 bytes to server (weights size: 250359 bytes, client data size: 478, sparse: False)
2025-05-13 07:31:35,387 - client_19 - INFO - Data transmission successful
2025-05-13 07:31:48,792 - client_19 - INFO - Client 19 started with algorithm: fedavg, model: lenet5
2025-05-13 07:31:50,006 - client_19 - INFO - Epoch 1/2 - Loss: 0.2263
2025-05-13 07:31:51,028 - client_19 - INFO - Epoch 2/2 - Loss: 0.1106
2025-05-13 07:31:51,032 - client_19 - INFO - Sent 250513 bytes to server (weights size: 250359 bytes, client data size: 478, sparse: False)
2025-05-13 07:31:51,040 - client_19 - INFO - Data transmission successful
2025-05-13 07:32:10,925 - client_19 - INFO - Client 19 started with algorithm: fedavg, model: lenet5
2025-05-13 07:32:12,202 - client_19 - INFO - Epoch 1/2 - Loss: 0.6792
2025-05-13 07:32:13,253 - client_19 - INFO - Epoch 2/2 - Loss: 0.2507
2025-05-13 07:32:13,257 - client_19 - INFO - Sent 250513 bytes to server (weights size: 250359 bytes, client data size: 478, sparse: False)
2025-05-13 07:32:13,264 - client_19 - INFO - Data transmission successful
2025-05-13 07:32:50,407 - client_19 - INFO - Client 19 started with algorithm: fedavg, model: lenet5
2025-05-13 07:32:52,196 - client_19 - INFO - Epoch 1/2 - Loss: 0.2521
2025-05-13 07:32:53,299 - client_19 - INFO - Epoch 2/2 - Loss: 0.1062
2025-05-13 07:32:53,303 - client_19 - INFO - Sent 250513 bytes to server (weights size: 250359 bytes, client data size: 478, sparse: False)
2025-05-13 07:32:53,311 - client_19 - INFO - Data transmission successful
2025-05-13 07:34:15,118 - client_19 - INFO - Client 19 started with algorithm: fedavg, model: lenet5
2025-05-13 07:34:16,562 - client_19 - INFO - Epoch 1/2 - Loss: 0.1713
2025-05-13 07:34:17,572 - client_19 - INFO - Epoch 2/2 - Loss: 0.0876
2025-05-13 07:34:17,576 - client_19 - INFO - Sent 250513 bytes to server (weights size: 250359 bytes, client data size: 478, sparse: False)
2025-05-13 07:34:17,584 - client_19 - INFO - Data transmission successful
2025-05-13 07:37:05,168 - client_19 - INFO - Client 19 started with algorithm: fedavg, model: lenet5
2025-05-13 07:37:06,956 - client_19 - INFO - Epoch 1/2 - Loss: 0.1720
2025-05-13 07:37:08,259 - client_19 - INFO - Epoch 2/2 - Loss: 0.0752
2025-05-13 07:37:08,262 - client_19 - INFO - Sent 250513 bytes to server (weights size: 250359 bytes, client data size: 478, sparse: False)
2025-05-13 07:37:08,271 - client_19 - INFO - Data transmission successful
2025-05-13 07:37:38,690 - client_19 - INFO - Client 19 started with algorithm: fedavg, model: lenet5
2025-05-13 07:37:39,432 - client_19 - INFO - Epoch 1/2 - Loss: 0.1113
2025-05-13 07:37:40,067 - client_19 - INFO - Epoch 2/2 - Loss: 0.0535
2025-05-13 07:37:40,069 - client_19 - INFO - Sent 250513 bytes to server (weights size: 250359 bytes, client data size: 478, sparse: False)
2025-05-13 07:37:40,076 - client_19 - INFO - Data transmission successful
2025-05-13 07:38:38,181 - client_19 - INFO - Client 19 started with algorithm: fedavg, model: lenet5
2025-05-13 07:38:39,558 - client_19 - INFO - Epoch 1/2 - Loss: 0.1189
2025-05-13 07:38:40,213 - client_19 - INFO - Epoch 2/2 - Loss: 0.0506
2025-05-13 07:38:40,217 - client_19 - INFO - Sent 250513 bytes to server (weights size: 250359 bytes, client data size: 478, sparse: False)
2025-05-13 07:38:40,222 - client_19 - INFO - Data transmission successful
2025-05-13 07:39:02,429 - client_19 - INFO - Client 19 started with algorithm: fedavg, model: lenet5
2025-05-13 07:39:03,213 - client_19 - INFO - Epoch 1/2 - Loss: 0.1354
2025-05-13 07:39:03,686 - client_19 - INFO - Epoch 2/2 - Loss: 0.0502
2025-05-13 07:39:03,688 - client_19 - INFO - Sent 250513 bytes to server (weights size: 250359 bytes, client data size: 478, sparse: False)
2025-05-13 07:39:03,692 - client_19 - INFO - Data transmission successful
2025-05-13 07:39:15,173 - client_19 - INFO - Client 19 started with algorithm: fedavg, model: lenet5
2025-05-13 07:39:16,615 - client_19 - INFO - Epoch 1/2 - Loss: 0.2116
2025-05-13 07:39:17,747 - client_19 - INFO - Epoch 2/2 - Loss: 0.0591
2025-05-13 07:39:17,750 - client_19 - INFO - Sent 250513 bytes to server (weights size: 250359 bytes, client data size: 478, sparse: False)
2025-05-13 07:39:17,758 - client_19 - INFO - Data transmission successful
2025-05-13 14:34:32,981 - client_19 - INFO - Client 19 started with algorithm: fedewma, model: lenet5
2025-05-13 14:34:36,127 - client_19 - INFO - Epoch 1/2 - Loss: 1.4251
2025-05-13 14:34:36,994 - client_19 - INFO - Epoch 2/2 - Loss: 0.8364
2025-05-13 14:34:36,995 - client_19 - INFO - Client 19 sending full delta weights
2025-05-13 14:34:36,998 - client_19 - INFO - Sent 250184 bytes to server (weights size: 250032 bytes, client data size: 478, sparse: False)
2025-05-13 14:34:37,003 - client_19 - INFO - Data transmission successful
2025-05-13 14:35:49,850 - client_19 - INFO - Client 19 started with algorithm: fedewma, model: lenet5
2025-05-13 14:35:53,325 - client_19 - INFO - Epoch 1/2 - Loss: 0.3698
2025-05-13 14:35:54,488 - client_19 - INFO - Epoch 2/2 - Loss: 0.2080
2025-05-13 14:35:54,489 - client_19 - INFO - Client 19 sending full delta weights
2025-05-13 14:35:54,491 - client_19 - INFO - Sent 250184 bytes to server (weights size: 250032 bytes, client data size: 478, sparse: False)
2025-05-13 14:35:54,499 - client_19 - INFO - Data transmission successful
2025-05-13 14:36:00,523 - client_19 - INFO - Client 19 started with algorithm: fedewma, model: lenet5
2025-05-13 14:36:03,251 - client_19 - INFO - Epoch 1/2 - Loss: 0.2891
2025-05-13 14:36:03,926 - client_19 - INFO - Epoch 2/2 - Loss: 0.1789
2025-05-13 14:36:03,927 - client_19 - INFO - Client 19 sending full delta weights
2025-05-13 14:36:03,929 - client_19 - INFO - Sent 250184 bytes to server (weights size: 250032 bytes, client data size: 478, sparse: False)
2025-05-13 14:36:03,936 - client_19 - INFO - Data transmission successful
2025-05-13 14:36:47,334 - client_19 - INFO - Client 19 started with algorithm: fedewma, model: lenet5
2025-05-13 14:36:50,760 - client_19 - INFO - Epoch 1/2 - Loss: 0.3303
2025-05-13 14:36:52,046 - client_19 - INFO - Epoch 2/2 - Loss: 0.1585
2025-05-13 14:36:52,047 - client_19 - INFO - Client 19 sending full delta weights
2025-05-13 14:36:52,050 - client_19 - INFO - Sent 250184 bytes to server (weights size: 250032 bytes, client data size: 478, sparse: False)
2025-05-13 14:36:52,060 - client_19 - INFO - Data transmission successful
2025-05-13 14:37:14,382 - client_19 - INFO - Client 19 started with algorithm: fedewma, model: lenet5
2025-05-13 14:37:17,683 - client_19 - INFO - Epoch 1/2 - Loss: 0.3025
2025-05-13 14:37:18,879 - client_19 - INFO - Epoch 2/2 - Loss: 0.1418
2025-05-13 14:37:18,880 - client_19 - INFO - Client 19 sending full delta weights
2025-05-13 14:37:18,883 - client_19 - INFO - Sent 250184 bytes to server (weights size: 250032 bytes, client data size: 478, sparse: False)
2025-05-13 14:37:18,891 - client_19 - INFO - Data transmission successful
2025-05-13 14:38:49,206 - client_19 - INFO - Client 19 started with algorithm: fedewma, model: lenet5
2025-05-13 14:38:52,477 - client_19 - INFO - Epoch 1/2 - Loss: 0.2369
2025-05-13 14:38:53,399 - client_19 - INFO - Epoch 2/2 - Loss: 0.0988
2025-05-13 14:38:53,400 - client_19 - INFO - Client 19 sending full delta weights
2025-05-13 14:38:53,402 - client_19 - INFO - Sent 250184 bytes to server (weights size: 250032 bytes, client data size: 478, sparse: False)
2025-05-13 14:38:53,410 - client_19 - INFO - Data transmission successful
2025-05-13 14:39:08,424 - client_19 - INFO - Client 19 started with algorithm: fedewma, model: lenet5
2025-05-13 14:39:11,648 - client_19 - INFO - Epoch 1/2 - Loss: 0.1876
2025-05-13 14:39:12,661 - client_19 - INFO - Epoch 2/2 - Loss: 0.0928
2025-05-13 14:39:12,662 - client_19 - INFO - Client 19 sending full delta weights
2025-05-13 14:39:12,664 - client_19 - INFO - Sent 250184 bytes to server (weights size: 250032 bytes, client data size: 478, sparse: False)
2025-05-13 14:39:12,673 - client_19 - INFO - Data transmission successful
2025-05-13 14:39:35,847 - client_19 - INFO - Client 19 started with algorithm: fedewma, model: lenet5
2025-05-13 14:39:39,012 - client_19 - INFO - Epoch 1/2 - Loss: 0.1816
2025-05-13 14:39:39,959 - client_19 - INFO - Epoch 2/2 - Loss: 0.0850
2025-05-13 14:39:39,960 - client_19 - INFO - Client 19 sending full delta weights
2025-05-13 14:39:39,963 - client_19 - INFO - Sent 250184 bytes to server (weights size: 250032 bytes, client data size: 478, sparse: False)
2025-05-13 14:39:39,970 - client_19 - INFO - Data transmission successful
2025-05-13 14:40:22,378 - client_19 - INFO - Client 19 started with algorithm: fedewma, model: lenet5
2025-05-13 14:40:25,624 - client_19 - INFO - Epoch 1/2 - Loss: 0.2954
2025-05-13 14:40:26,732 - client_19 - INFO - Epoch 2/2 - Loss: 0.1040
2025-05-13 14:40:26,733 - client_19 - INFO - Client 19 sending full delta weights
2025-05-13 14:40:26,736 - client_19 - INFO - Sent 250184 bytes to server (weights size: 250032 bytes, client data size: 478, sparse: False)
2025-05-13 14:40:26,744 - client_19 - INFO - Data transmission successful
2025-05-13 14:42:01,598 - client_19 - INFO - Client 19 started with algorithm: fedewma, model: lenet5
2025-05-13 14:42:04,632 - client_19 - INFO - Epoch 1/2 - Loss: 0.1887
2025-05-13 14:42:05,605 - client_19 - INFO - Epoch 2/2 - Loss: 0.0716
2025-05-13 14:42:05,606 - client_19 - INFO - Client 19 sending full delta weights
2025-05-13 14:42:05,609 - client_19 - INFO - Sent 250184 bytes to server (weights size: 250032 bytes, client data size: 478, sparse: False)
2025-05-13 14:42:05,617 - client_19 - INFO - Data transmission successful
2025-05-13 14:45:27,759 - client_19 - INFO - Client 19 started with algorithm: fedewma, model: lenet5
2025-05-13 14:45:31,170 - client_19 - INFO - Epoch 1/2 - Loss: 0.1531
2025-05-13 14:45:32,463 - client_19 - INFO - Epoch 2/2 - Loss: 0.0635
2025-05-13 14:45:32,465 - client_19 - INFO - Client 19 sending full delta weights
2025-05-13 14:45:32,467 - client_19 - INFO - Sent 250184 bytes to server (weights size: 250032 bytes, client data size: 478, sparse: False)
2025-05-13 14:45:32,475 - client_19 - INFO - Data transmission successful
2025-05-13 14:46:09,861 - client_19 - INFO - Client 19 started with algorithm: fedewma, model: lenet5
2025-05-13 14:46:12,444 - client_19 - INFO - Epoch 1/2 - Loss: 0.0842
2025-05-13 14:46:13,073 - client_19 - INFO - Epoch 2/2 - Loss: 0.0413
2025-05-13 14:46:13,074 - client_19 - INFO - Client 19 sending full delta weights
2025-05-13 14:46:13,076 - client_19 - INFO - Sent 250184 bytes to server (weights size: 250032 bytes, client data size: 478, sparse: False)
2025-05-13 14:46:13,082 - client_19 - INFO - Data transmission successful
2025-05-13 14:47:21,751 - client_19 - INFO - Client 19 started with algorithm: fedewma, model: lenet5
2025-05-13 14:47:24,522 - client_19 - INFO - Epoch 1/2 - Loss: 0.1382
2025-05-13 14:47:24,987 - client_19 - INFO - Epoch 2/2 - Loss: 0.0509
2025-05-13 14:47:24,988 - client_19 - INFO - Client 19 sending full delta weights
2025-05-13 14:47:24,990 - client_19 - INFO - Sent 250184 bytes to server (weights size: 250032 bytes, client data size: 478, sparse: False)
2025-05-13 14:47:24,995 - client_19 - INFO - Data transmission successful
2025-05-13 14:47:45,166 - client_19 - INFO - Client 19 started with algorithm: fedewma, model: lenet5
2025-05-13 14:47:47,388 - client_19 - INFO - Epoch 1/2 - Loss: 0.1741
2025-05-13 14:47:47,738 - client_19 - INFO - Epoch 2/2 - Loss: 0.0453
2025-05-13 14:47:47,738 - client_19 - INFO - Client 19 sending full delta weights
2025-05-13 14:47:47,740 - client_19 - INFO - Sent 250184 bytes to server (weights size: 250032 bytes, client data size: 478, sparse: False)
2025-05-13 14:47:47,743 - client_19 - INFO - Data transmission successful
2025-05-13 14:47:59,869 - client_19 - INFO - Client 19 started with algorithm: fedewma, model: lenet5
2025-05-13 14:48:03,057 - client_19 - INFO - Epoch 1/2 - Loss: 0.1200
2025-05-13 14:48:04,161 - client_19 - INFO - Epoch 2/2 - Loss: 0.0477
2025-05-13 14:48:04,163 - client_19 - INFO - Client 19 sending full delta weights
2025-05-13 14:48:04,166 - client_19 - INFO - Sent 250184 bytes to server (weights size: 250032 bytes, client data size: 478, sparse: False)
2025-05-13 14:48:04,175 - client_19 - INFO - Data transmission successful
2025-05-13 15:15:03,685 - client_19 - INFO - Client 19 started with algorithm: fedewma, model: lenet5
2025-05-13 15:15:06,871 - client_19 - INFO - Epoch 1/2 - Loss: 1.4391
2025-05-13 15:15:07,735 - client_19 - INFO - Epoch 2/2 - Loss: 0.8390
2025-05-13 15:15:07,736 - client_19 - INFO - Client 19 sending full delta weights
2025-05-13 15:15:07,738 - client_19 - INFO - Sent 250184 bytes to server (weights size: 250032 bytes, client data size: 478, sparse: False)
2025-05-13 15:15:07,745 - client_19 - INFO - Data transmission successful
2025-05-13 15:16:22,033 - client_19 - INFO - Client 19 started with algorithm: fedewma, model: lenet5
2025-05-13 15:16:25,758 - client_19 - INFO - Epoch 1/2 - Loss: 0.3822
2025-05-13 15:16:26,998 - client_19 - INFO - Epoch 2/2 - Loss: 0.2263
2025-05-13 15:16:26,999 - client_19 - INFO - Client 19 sending full delta weights
2025-05-13 15:16:27,003 - client_19 - INFO - Sent 250184 bytes to server (weights size: 250032 bytes, client data size: 478, sparse: False)
2025-05-13 15:16:27,012 - client_19 - INFO - Data transmission successful
2025-05-13 15:16:33,209 - client_19 - INFO - Client 19 started with algorithm: fedewma, model: lenet5
2025-05-13 15:16:36,271 - client_19 - INFO - Epoch 1/2 - Loss: 0.2935
2025-05-13 15:16:36,947 - client_19 - INFO - Epoch 2/2 - Loss: 0.1865
2025-05-13 15:16:36,948 - client_19 - INFO - Client 19 sending full delta weights
2025-05-13 15:16:36,950 - client_19 - INFO - Sent 250184 bytes to server (weights size: 250032 bytes, client data size: 478, sparse: False)
2025-05-13 15:16:36,957 - client_19 - INFO - Data transmission successful
2025-05-13 15:17:24,647 - client_19 - INFO - Client 19 started with algorithm: fedewma, model: lenet5
2025-05-13 15:17:28,413 - client_19 - INFO - Epoch 1/2 - Loss: 0.3622
2025-05-13 15:17:29,774 - client_19 - INFO - Epoch 2/2 - Loss: 0.1648
2025-05-13 15:17:29,776 - client_19 - INFO - Client 19 sending full delta weights
2025-05-13 15:17:29,779 - client_19 - INFO - Sent 250184 bytes to server (weights size: 250032 bytes, client data size: 478, sparse: False)
2025-05-13 15:17:29,788 - client_19 - INFO - Data transmission successful
2025-05-13 15:17:52,429 - client_19 - INFO - Client 19 started with algorithm: fedewma, model: lenet5
2025-05-13 15:17:55,807 - client_19 - INFO - Epoch 1/2 - Loss: 0.3154
2025-05-13 15:17:56,986 - client_19 - INFO - Epoch 2/2 - Loss: 0.1505
2025-05-13 15:17:56,988 - client_19 - INFO - Client 19 sending full delta weights
2025-05-13 15:17:56,991 - client_19 - INFO - Sent 250184 bytes to server (weights size: 250032 bytes, client data size: 478, sparse: False)
2025-05-13 15:17:56,998 - client_19 - INFO - Data transmission successful
2025-05-13 15:19:31,033 - client_19 - INFO - Client 19 started with algorithm: fedewma, model: lenet5
2025-05-13 15:19:34,315 - client_19 - INFO - Epoch 1/2 - Loss: 0.2460
2025-05-13 15:19:35,265 - client_19 - INFO - Epoch 2/2 - Loss: 0.1131
2025-05-13 15:19:35,267 - client_19 - INFO - Client 19 sending full delta weights
2025-05-13 15:19:35,269 - client_19 - INFO - Sent 250184 bytes to server (weights size: 250032 bytes, client data size: 478, sparse: False)
2025-05-13 15:19:35,277 - client_19 - INFO - Data transmission successful
2025-05-13 15:19:50,270 - client_19 - INFO - Client 19 started with algorithm: fedewma, model: lenet5
2025-05-13 15:19:53,338 - client_19 - INFO - Epoch 1/2 - Loss: 0.2128
2025-05-13 15:19:54,369 - client_19 - INFO - Epoch 2/2 - Loss: 0.1025
2025-05-13 15:19:54,370 - client_19 - INFO - Client 19 sending full delta weights
2025-05-13 15:19:54,372 - client_19 - INFO - Sent 250184 bytes to server (weights size: 250032 bytes, client data size: 478, sparse: False)
2025-05-13 15:19:54,380 - client_19 - INFO - Data transmission successful
2025-05-13 15:20:17,854 - client_19 - INFO - Client 19 started with algorithm: fedewma, model: lenet5
2025-05-13 15:20:21,050 - client_19 - INFO - Epoch 1/2 - Loss: 0.2089
2025-05-13 15:20:21,994 - client_19 - INFO - Epoch 2/2 - Loss: 0.1043
2025-05-13 15:20:21,995 - client_19 - INFO - Client 19 sending full delta weights
2025-05-13 15:20:21,997 - client_19 - INFO - Sent 250184 bytes to server (weights size: 250032 bytes, client data size: 478, sparse: False)
2025-05-13 15:20:22,004 - client_19 - INFO - Data transmission successful
2025-05-13 15:21:05,018 - client_19 - INFO - Client 19 started with algorithm: fedewma, model: lenet5
2025-05-13 15:21:08,504 - client_19 - INFO - Epoch 1/2 - Loss: 0.2523
2025-05-13 15:21:09,571 - client_19 - INFO - Epoch 2/2 - Loss: 0.0864
2025-05-13 15:21:09,573 - client_19 - INFO - Client 19 sending full delta weights
2025-05-13 15:21:09,576 - client_19 - INFO - Sent 250184 bytes to server (weights size: 250032 bytes, client data size: 478, sparse: False)
2025-05-13 15:21:09,584 - client_19 - INFO - Data transmission successful
2025-05-13 15:22:49,041 - client_19 - INFO - Client 19 started with algorithm: fedewma, model: lenet5
2025-05-13 15:22:52,347 - client_19 - INFO - Epoch 1/2 - Loss: 0.1807
2025-05-13 15:22:53,327 - client_19 - INFO - Epoch 2/2 - Loss: 0.0627
2025-05-13 15:22:53,328 - client_19 - INFO - Client 19 sending full delta weights
2025-05-13 15:22:53,331 - client_19 - INFO - Sent 250184 bytes to server (weights size: 250032 bytes, client data size: 478, sparse: False)
2025-05-13 15:22:53,339 - client_19 - INFO - Data transmission successful
2025-05-13 15:26:36,847 - client_19 - INFO - Client 19 started with algorithm: fedewma, model: lenet5
2025-05-13 15:26:40,655 - client_19 - INFO - Epoch 1/2 - Loss: 0.1359
2025-05-13 15:26:41,917 - client_19 - INFO - Epoch 2/2 - Loss: 0.0551
2025-05-13 15:26:41,918 - client_19 - INFO - Client 19 sending full delta weights
2025-05-13 15:26:41,921 - client_19 - INFO - Sent 250184 bytes to server (weights size: 250032 bytes, client data size: 478, sparse: False)
2025-05-13 15:26:41,930 - client_19 - INFO - Data transmission successful
2025-05-13 15:27:21,256 - client_19 - INFO - Client 19 started with algorithm: fedewma, model: lenet5
2025-05-13 15:27:23,970 - client_19 - INFO - Epoch 1/2 - Loss: 0.0896
2025-05-13 15:27:24,607 - client_19 - INFO - Epoch 2/2 - Loss: 0.0421
2025-05-13 15:27:24,608 - client_19 - INFO - Client 19 sending full delta weights
2025-05-13 15:27:24,611 - client_19 - INFO - Sent 250184 bytes to server (weights size: 250032 bytes, client data size: 478, sparse: False)
2025-05-13 15:27:24,617 - client_19 - INFO - Data transmission successful
2025-05-13 15:28:35,981 - client_19 - INFO - Client 19 started with algorithm: fedewma, model: lenet5
2025-05-13 15:28:38,768 - client_19 - INFO - Epoch 1/2 - Loss: 0.1230
2025-05-13 15:28:39,245 - client_19 - INFO - Epoch 2/2 - Loss: 0.0505
2025-05-13 15:28:39,246 - client_19 - INFO - Client 19 sending full delta weights
2025-05-13 15:28:39,248 - client_19 - INFO - Sent 250184 bytes to server (weights size: 250032 bytes, client data size: 478, sparse: False)
2025-05-13 15:28:39,253 - client_19 - INFO - Data transmission successful
2025-05-13 15:28:59,748 - client_19 - INFO - Client 19 started with algorithm: fedewma, model: lenet5
2025-05-13 15:29:02,646 - client_19 - INFO - Epoch 1/2 - Loss: 0.1856
2025-05-13 15:29:03,108 - client_19 - INFO - Epoch 2/2 - Loss: 0.0525
2025-05-13 15:29:03,109 - client_19 - INFO - Client 19 sending full delta weights
2025-05-13 15:29:03,111 - client_19 - INFO - Sent 250184 bytes to server (weights size: 250032 bytes, client data size: 478, sparse: False)
2025-05-13 15:29:03,117 - client_19 - INFO - Data transmission successful
2025-05-13 15:29:15,220 - client_19 - INFO - Client 19 started with algorithm: fedewma, model: lenet5
2025-05-13 15:29:18,515 - client_19 - INFO - Epoch 1/2 - Loss: 0.1304
2025-05-13 15:29:19,683 - client_19 - INFO - Epoch 2/2 - Loss: 0.0386
2025-05-13 15:29:19,684 - client_19 - INFO - Client 19 sending full delta weights
2025-05-13 15:29:19,687 - client_19 - INFO - Sent 250184 bytes to server (weights size: 250032 bytes, client data size: 478, sparse: False)
2025-05-13 15:29:19,695 - client_19 - INFO - Data transmission successful
2025-05-13 15:54:12,447 - client_19 - INFO - Client 19 started with algorithm: fedewma, model: resnet18fashion
2025-05-13 15:55:57,132 - client_19 - INFO - Client 19 started with algorithm: fedewma, model: resnet18fashion
2025-05-13 15:57:23,121 - client_19 - INFO - Client 19 started with algorithm: fedewma, model: resnet18fashion
2025-05-13 15:57:35,442 - client_19 - INFO - Epoch 1/2 - Loss: 0.7504
2025-05-13 15:57:37,205 - client_19 - INFO - Epoch 2/2 - Loss: 0.5358
2025-05-13 15:57:37,206 - client_19 - INFO - Client 19 sending full delta weights
2025-05-13 15:57:37,213 - client_19 - INFO - Sent 716145 bytes to server (weights size: 715993 bytes, client data size: 1847, sparse: False)
2025-05-13 15:57:37,223 - client_19 - INFO - Data transmission successful
2025-05-13 15:59:50,531 - client_19 - INFO - Client 19 started with algorithm: fedewma, model: resnet18fashion
2025-05-13 16:00:05,693 - client_19 - INFO - Epoch 1/2 - Loss: 0.3880
2025-05-13 16:00:10,519 - client_19 - INFO - Epoch 2/2 - Loss: 0.3474
2025-05-13 16:00:10,522 - client_19 - INFO - Client 19 sending full delta weights
2025-05-13 16:00:10,530 - client_19 - INFO - Sent 716145 bytes to server (weights size: 715993 bytes, client data size: 1847, sparse: False)
2025-05-13 16:00:10,548 - client_19 - INFO - Data transmission successful
2025-05-13 16:00:13,130 - client_19 - INFO - Client 19 started with algorithm: fedewma, model: resnet18fashion
2025-05-13 16:00:23,125 - client_19 - INFO - Epoch 1/2 - Loss: 0.3720
2025-05-13 16:00:26,735 - client_19 - INFO - Epoch 2/2 - Loss: 0.3313
2025-05-13 16:00:26,736 - client_19 - INFO - Client 19 sending full delta weights
2025-05-13 16:00:26,744 - client_19 - INFO - Sent 716145 bytes to server (weights size: 715993 bytes, client data size: 1847, sparse: False)
2025-05-13 16:00:26,753 - client_19 - INFO - Data transmission successful
2025-05-13 16:01:29,232 - client_19 - INFO - Client 19 started with algorithm: fedewma, model: resnet18fashion
2025-05-13 16:01:43,193 - client_19 - INFO - Epoch 1/2 - Loss: 0.3294
2025-05-13 16:01:48,324 - client_19 - INFO - Epoch 2/2 - Loss: 0.2951
2025-05-13 16:01:48,325 - client_19 - INFO - Client 19 sending full delta weights
2025-05-13 16:01:48,331 - client_19 - INFO - Sent 716145 bytes to server (weights size: 715993 bytes, client data size: 1847, sparse: False)
2025-05-13 16:01:48,340 - client_19 - INFO - Data transmission successful
2025-05-13 16:02:18,851 - client_19 - INFO - Client 19 started with algorithm: fedewma, model: resnet18fashion
2025-05-13 16:02:32,032 - client_19 - INFO - Epoch 1/2 - Loss: 0.3318
2025-05-13 16:02:35,865 - client_19 - INFO - Epoch 2/2 - Loss: 0.2926
2025-05-13 16:02:35,866 - client_19 - INFO - Client 19 sending full delta weights
2025-05-13 16:02:35,872 - client_19 - INFO - Sent 716145 bytes to server (weights size: 715993 bytes, client data size: 1847, sparse: False)
2025-05-13 16:02:35,896 - client_19 - INFO - Data transmission successful
2025-05-13 16:04:56,304 - client_19 - INFO - Client 19 started with algorithm: fedewma, model: resnet18fashion
2025-05-13 16:05:09,070 - client_19 - INFO - Epoch 1/2 - Loss: 0.2871
2025-05-13 16:05:12,019 - client_19 - INFO - Epoch 2/2 - Loss: 0.2641
2025-05-13 16:05:12,019 - client_19 - INFO - Client 19 sending full delta weights
2025-05-13 16:05:12,026 - client_19 - INFO - Sent 716145 bytes to server (weights size: 715993 bytes, client data size: 1847, sparse: False)
2025-05-13 16:05:12,035 - client_19 - INFO - Data transmission successful
2025-05-13 16:05:29,150 - client_19 - INFO - Client 19 started with algorithm: fedewma, model: resnet18fashion
2025-05-13 16:05:40,957 - client_19 - INFO - Epoch 1/2 - Loss: 0.2761
2025-05-13 16:05:45,900 - client_19 - INFO - Epoch 2/2 - Loss: 0.2470
2025-05-13 16:05:45,901 - client_19 - INFO - Client 19 sending full delta weights
2025-05-13 16:05:45,910 - client_19 - INFO - Sent 716145 bytes to server (weights size: 715993 bytes, client data size: 1847, sparse: False)
2025-05-13 16:05:45,927 - client_19 - INFO - Data transmission successful
2025-05-13 16:06:17,834 - client_19 - INFO - Client 19 started with algorithm: fedewma, model: resnet18fashion
2025-05-13 16:06:30,598 - client_19 - INFO - Epoch 1/2 - Loss: 0.2658
2025-05-13 16:06:35,247 - client_19 - INFO - Epoch 2/2 - Loss: 0.2471
2025-05-13 16:06:35,249 - client_19 - INFO - Client 19 sending full delta weights
2025-05-13 16:06:35,256 - client_19 - INFO - Sent 716145 bytes to server (weights size: 715993 bytes, client data size: 1847, sparse: False)
2025-05-13 16:06:35,270 - client_19 - INFO - Data transmission successful
2025-05-13 16:07:51,375 - client_19 - INFO - Client 19 started with algorithm: fedewma, model: resnet18fashion
2025-05-13 16:08:06,079 - client_19 - INFO - Epoch 1/2 - Loss: 0.2563
2025-05-13 16:08:09,528 - client_19 - INFO - Epoch 2/2 - Loss: 0.2364
2025-05-13 16:08:09,529 - client_19 - INFO - Client 19 sending full delta weights
2025-05-13 16:08:09,536 - client_19 - INFO - Sent 716145 bytes to server (weights size: 715993 bytes, client data size: 1847, sparse: False)
2025-05-13 16:08:09,548 - client_19 - INFO - Data transmission successful
2025-05-13 16:11:22,728 - client_19 - INFO - Client 19 started with algorithm: fedewma, model: resnet18fashion
2025-05-13 16:11:35,489 - client_19 - INFO - Epoch 1/2 - Loss: 0.2510
2025-05-13 16:11:40,200 - client_19 - INFO - Epoch 2/2 - Loss: 0.2294
2025-05-13 16:11:40,201 - client_19 - INFO - Client 19 sending full delta weights
2025-05-13 16:11:40,207 - client_19 - INFO - Sent 716145 bytes to server (weights size: 715993 bytes, client data size: 1847, sparse: False)
2025-05-13 16:11:40,218 - client_19 - INFO - Data transmission successful
2025-05-13 16:17:41,301 - client_19 - INFO - Client 19 started with algorithm: fedewma, model: resnet18fashion
2025-05-13 16:17:55,344 - client_19 - INFO - Epoch 1/2 - Loss: 0.2331
2025-05-13 16:18:01,158 - client_19 - INFO - Epoch 2/2 - Loss: 0.2213
2025-05-13 16:18:01,159 - client_19 - INFO - Client 19 sending full delta weights
2025-05-13 16:18:01,167 - client_19 - INFO - Sent 716145 bytes to server (weights size: 715993 bytes, client data size: 1847, sparse: False)
2025-05-13 16:18:01,178 - client_19 - INFO - Data transmission successful
2025-05-13 16:19:09,032 - client_19 - INFO - Client 19 started with algorithm: fedewma, model: resnet18fashion
2025-05-13 16:19:17,827 - client_19 - INFO - Epoch 1/2 - Loss: 0.2194
2025-05-13 16:19:21,022 - client_19 - INFO - Epoch 2/2 - Loss: 0.2107
2025-05-13 16:19:21,023 - client_19 - INFO - Client 19 sending full delta weights
2025-05-13 16:19:21,029 - client_19 - INFO - Sent 716145 bytes to server (weights size: 715993 bytes, client data size: 1847, sparse: False)
2025-05-13 16:19:21,038 - client_19 - INFO - Data transmission successful
2025-05-13 16:21:44,503 - client_19 - INFO - Client 19 started with algorithm: fedewma, model: resnet18fashion
2025-05-13 16:21:56,961 - client_19 - INFO - Epoch 1/2 - Loss: 0.2159
2025-05-13 16:21:58,751 - client_19 - INFO - Epoch 2/2 - Loss: 0.2167
2025-05-13 16:21:58,751 - client_19 - INFO - Early stopping triggered at epoch 2: Loss increased from 0.2159 to 0.2167
2025-05-13 16:21:58,751 - client_19 - INFO - Client 19 sending full delta weights
2025-05-13 16:21:58,758 - client_19 - INFO - Sent 716145 bytes to server (weights size: 715993 bytes, client data size: 1847, sparse: False)
2025-05-13 16:21:58,767 - client_19 - INFO - Data transmission successful
2025-05-13 16:22:30,956 - client_19 - INFO - Client 19 started with algorithm: fedewma, model: resnet18fashion
2025-05-13 16:22:40,193 - client_19 - INFO - Epoch 1/2 - Loss: 0.2297
2025-05-13 16:22:43,695 - client_19 - INFO - Epoch 2/2 - Loss: 0.1919
2025-05-13 16:22:43,696 - client_19 - INFO - Client 19 sending full delta weights
2025-05-13 16:22:43,703 - client_19 - INFO - Sent 716145 bytes to server (weights size: 715993 bytes, client data size: 1847, sparse: False)
2025-05-13 16:22:43,712 - client_19 - INFO - Data transmission successful
2025-05-13 16:23:23,870 - client_19 - INFO - Client 19 started with algorithm: fedewma, model: resnet18fashion
2025-05-13 16:23:35,663 - client_19 - INFO - Epoch 1/2 - Loss: 0.2312
2025-05-13 16:23:38,211 - client_19 - INFO - Epoch 2/2 - Loss: 0.2082
2025-05-13 16:23:38,211 - client_19 - INFO - Client 19 sending full delta weights
2025-05-13 16:23:38,218 - client_19 - INFO - Sent 716145 bytes to server (weights size: 715993 bytes, client data size: 1847, sparse: False)
2025-05-13 16:23:38,227 - client_19 - INFO - Data transmission successful
2025-05-14 07:21:47,002 - client_19 - INFO - Client 19 started with algorithm: fedprox, model: resnet18fashion
2025-05-14 07:22:04,058 - client_19 - INFO - Epoch 1/2 - Loss: 0.7704
2025-05-14 07:22:06,642 - client_19 - INFO - Epoch 2/2 - Loss: 0.5450
2025-05-14 07:22:06,649 - client_19 - INFO - Sent 717496 bytes to server (weights size: 717344 bytes, client data size: 1847, sparse: False)
2025-05-14 07:22:06,660 - client_19 - INFO - Data transmission successful
2025-05-14 07:24:05,740 - client_19 - INFO - Client 19 started with algorithm: fedprox, model: resnet18fashion
2025-05-14 07:24:18,379 - client_19 - INFO - Epoch 1/2 - Loss: 0.3627
2025-05-14 07:24:23,868 - client_19 - INFO - Epoch 2/2 - Loss: 0.3338
2025-05-14 07:24:23,879 - client_19 - INFO - Sent 717496 bytes to server (weights size: 717344 bytes, client data size: 1847, sparse: False)
2025-05-14 07:24:23,897 - client_19 - INFO - Data transmission successful
2025-05-14 07:24:26,688 - client_19 - INFO - Client 19 started with algorithm: fedprox, model: resnet18fashion
2025-05-14 07:24:35,824 - client_19 - INFO - Epoch 1/2 - Loss: 0.3694
2025-05-14 07:24:39,152 - client_19 - INFO - Epoch 2/2 - Loss: 0.3291
2025-05-14 07:24:39,159 - client_19 - INFO - Sent 717496 bytes to server (weights size: 717344 bytes, client data size: 1847, sparse: False)
2025-05-14 07:24:39,168 - client_19 - INFO - Data transmission successful
2025-05-14 07:25:49,108 - client_19 - INFO - Client 19 started with algorithm: fedprox, model: resnet18fashion
2025-05-14 07:26:03,745 - client_19 - INFO - Epoch 1/2 - Loss: 0.3236
2025-05-14 07:26:11,838 - client_19 - INFO - Epoch 2/2 - Loss: 0.2893
2025-05-14 07:26:11,847 - client_19 - INFO - Sent 717496 bytes to server (weights size: 717344 bytes, client data size: 1847, sparse: False)
2025-05-14 07:26:11,860 - client_19 - INFO - Data transmission successful
2025-05-14 07:26:42,491 - client_19 - INFO - Client 19 started with algorithm: fedprox, model: resnet18fashion
2025-05-14 07:26:55,862 - client_19 - INFO - Epoch 1/2 - Loss: 0.3240
2025-05-14 07:27:02,082 - client_19 - INFO - Epoch 2/2 - Loss: 0.2804
2025-05-14 07:27:02,091 - client_19 - INFO - Sent 717496 bytes to server (weights size: 717344 bytes, client data size: 1847, sparse: False)
2025-05-14 07:27:02,104 - client_19 - INFO - Data transmission successful
2025-05-14 07:29:32,536 - client_19 - INFO - Client 19 started with algorithm: fedprox, model: resnet18fashion
2025-05-14 07:29:45,197 - client_19 - INFO - Epoch 1/2 - Loss: 0.2838
2025-05-14 07:29:49,094 - client_19 - INFO - Epoch 2/2 - Loss: 0.2631
2025-05-14 07:29:49,104 - client_19 - INFO - Sent 717496 bytes to server (weights size: 717344 bytes, client data size: 1847, sparse: False)
2025-05-14 07:29:49,114 - client_19 - INFO - Data transmission successful
2025-05-14 07:30:05,887 - client_19 - INFO - Client 19 started with algorithm: fedprox, model: resnet18fashion
2025-05-14 07:30:16,386 - client_19 - INFO - Epoch 1/2 - Loss: 0.2607
2025-05-14 07:30:22,293 - client_19 - INFO - Epoch 2/2 - Loss: 0.2504
2025-05-14 07:30:22,301 - client_19 - INFO - Sent 717496 bytes to server (weights size: 717344 bytes, client data size: 1847, sparse: False)
2025-05-14 07:30:22,316 - client_19 - INFO - Data transmission successful
2025-05-14 07:30:54,436 - client_19 - INFO - Client 19 started with algorithm: fedprox, model: resnet18fashion
2025-05-14 07:31:05,174 - client_19 - INFO - Epoch 1/2 - Loss: 0.2737
2025-05-14 07:31:10,805 - client_19 - INFO - Epoch 2/2 - Loss: 0.2531
2025-05-14 07:31:10,814 - client_19 - INFO - Sent 717496 bytes to server (weights size: 717344 bytes, client data size: 1847, sparse: False)
2025-05-14 07:31:10,826 - client_19 - INFO - Data transmission successful
2025-05-14 07:32:18,118 - client_19 - INFO - Client 19 started with algorithm: fedprox, model: resnet18fashion
2025-05-14 07:32:32,249 - client_19 - INFO - Epoch 1/2 - Loss: 0.2643
2025-05-14 07:32:36,717 - client_19 - INFO - Epoch 2/2 - Loss: 0.2487
2025-05-14 07:32:36,723 - client_19 - INFO - Sent 717496 bytes to server (weights size: 717344 bytes, client data size: 1847, sparse: False)
2025-05-14 07:32:36,735 - client_19 - INFO - Data transmission successful
2025-05-14 07:35:43,038 - client_19 - INFO - Client 19 started with algorithm: fedprox, model: resnet18fashion
2025-05-14 07:35:55,198 - client_19 - INFO - Epoch 1/2 - Loss: 0.2466
2025-05-14 07:36:01,395 - client_19 - INFO - Epoch 2/2 - Loss: 0.2180
2025-05-14 07:36:01,404 - client_19 - INFO - Sent 717496 bytes to server (weights size: 717344 bytes, client data size: 1847, sparse: False)
2025-05-14 07:36:01,413 - client_19 - INFO - Data transmission successful
2025-05-14 07:41:51,049 - client_19 - INFO - Client 19 started with algorithm: fedprox, model: resnet18fashion
2025-05-14 07:42:05,051 - client_19 - INFO - Epoch 1/2 - Loss: 0.2209
2025-05-14 07:42:12,241 - client_19 - INFO - Epoch 2/2 - Loss: 0.2162
2025-05-14 07:42:12,250 - client_19 - INFO - Sent 717496 bytes to server (weights size: 717344 bytes, client data size: 1847, sparse: False)
2025-05-14 07:42:12,263 - client_19 - INFO - Data transmission successful
2025-05-14 07:43:18,819 - client_19 - INFO - Client 19 started with algorithm: fedprox, model: resnet18fashion
2025-05-14 07:43:25,839 - client_19 - INFO - Epoch 1/2 - Loss: 0.2294
2025-05-14 07:43:30,295 - client_19 - INFO - Epoch 2/2 - Loss: 0.2057
2025-05-14 07:43:30,303 - client_19 - INFO - Sent 717496 bytes to server (weights size: 717344 bytes, client data size: 1847, sparse: False)
2025-05-14 07:43:30,313 - client_19 - INFO - Data transmission successful
2025-05-14 07:45:43,470 - client_19 - INFO - Client 19 started with algorithm: fedprox, model: resnet18fashion
2025-05-14 07:45:54,187 - client_19 - INFO - Epoch 1/2 - Loss: 0.2309
2025-05-14 07:45:57,625 - client_19 - INFO - Epoch 2/2 - Loss: 0.2071
2025-05-14 07:45:57,632 - client_19 - INFO - Sent 717496 bytes to server (weights size: 717344 bytes, client data size: 1847, sparse: False)
2025-05-14 07:45:57,642 - client_19 - INFO - Data transmission successful
2025-05-14 07:46:28,564 - client_19 - INFO - Client 19 started with algorithm: fedprox, model: resnet18fashion
2025-05-14 07:46:36,443 - client_19 - INFO - Epoch 1/2 - Loss: 0.2239
2025-05-14 07:46:40,684 - client_19 - INFO - Epoch 2/2 - Loss: 0.1992
2025-05-14 07:46:40,692 - client_19 - INFO - Sent 717496 bytes to server (weights size: 717344 bytes, client data size: 1847, sparse: False)
2025-05-14 07:46:40,704 - client_19 - INFO - Data transmission successful
2025-05-14 07:47:00,403 - client_19 - INFO - Client 19 started with algorithm: fedprox, model: resnet18fashion
2025-05-14 07:47:11,464 - client_19 - INFO - Epoch 1/2 - Loss: 0.2296
2025-05-14 07:47:15,109 - client_19 - INFO - Epoch 2/2 - Loss: 0.2045
2025-05-14 07:47:15,117 - client_19 - INFO - Sent 717496 bytes to server (weights size: 717344 bytes, client data size: 1847, sparse: False)
2025-05-14 07:47:15,127 - client_19 - INFO - Data transmission successful
2025-05-14 08:36:11,323 - client_19 - INFO - Client 19 started with algorithm: fedavg, model: resnet18fashion
2025-05-14 08:36:20,289 - client_19 - INFO - Epoch 1/2 - Loss: 0.8064
2025-05-14 08:36:27,394 - client_19 - INFO - Epoch 2/2 - Loss: 0.5359
2025-05-14 08:36:27,404 - client_19 - INFO - Sent 717498 bytes to server (weights size: 717344 bytes, client data size: 1847, sparse: False)
2025-05-14 08:36:27,425 - client_19 - INFO - Data transmission successful
2025-05-14 08:38:36,770 - client_19 - INFO - Client 19 started with algorithm: fedavg, model: resnet18fashion
2025-05-14 08:38:49,225 - client_19 - INFO - Epoch 1/2 - Loss: 0.3642
2025-05-14 08:38:54,152 - client_19 - INFO - Epoch 2/2 - Loss: 0.3141
2025-05-14 08:38:54,164 - client_19 - INFO - Sent 717498 bytes to server (weights size: 717344 bytes, client data size: 1847, sparse: False)
2025-05-14 08:38:54,183 - client_19 - INFO - Data transmission successful
2025-05-14 08:38:56,799 - client_19 - INFO - Client 19 started with algorithm: fedavg, model: resnet18fashion
2025-05-14 08:39:04,149 - client_19 - INFO - Epoch 1/2 - Loss: 0.3702
2025-05-14 08:39:07,287 - client_19 - INFO - Epoch 2/2 - Loss: 0.3332
2025-05-14 08:39:07,297 - client_19 - INFO - Sent 717498 bytes to server (weights size: 717344 bytes, client data size: 1847, sparse: False)
2025-05-14 08:39:07,309 - client_19 - INFO - Data transmission successful
2025-05-14 08:40:12,060 - client_19 - INFO - Client 19 started with algorithm: fedavg, model: resnet18fashion
2025-05-14 08:40:26,813 - client_19 - INFO - Epoch 1/2 - Loss: 0.3397
2025-05-14 08:40:33,124 - client_19 - INFO - Epoch 2/2 - Loss: 0.2885
2025-05-14 08:40:33,137 - client_19 - INFO - Sent 717498 bytes to server (weights size: 717344 bytes, client data size: 1847, sparse: False)
2025-05-14 08:40:33,154 - client_19 - INFO - Data transmission successful
2025-05-14 08:41:00,473 - client_19 - INFO - Client 19 started with algorithm: fedavg, model: resnet18fashion
2025-05-14 08:41:10,844 - client_19 - INFO - Epoch 1/2 - Loss: 0.3179
2025-05-14 08:41:14,405 - client_19 - INFO - Epoch 2/2 - Loss: 0.2823
2025-05-14 08:41:14,411 - client_19 - INFO - Sent 717498 bytes to server (weights size: 717344 bytes, client data size: 1847, sparse: False)
2025-05-14 08:41:14,420 - client_19 - INFO - Data transmission successful
2025-05-14 08:43:38,787 - client_19 - INFO - Client 19 started with algorithm: fedavg, model: resnet18fashion
2025-05-14 08:43:50,521 - client_19 - INFO - Epoch 1/2 - Loss: 0.2722
2025-05-14 08:43:54,141 - client_19 - INFO - Epoch 2/2 - Loss: 0.2534
2025-05-14 08:43:54,153 - client_19 - INFO - Sent 717498 bytes to server (weights size: 717344 bytes, client data size: 1847, sparse: False)
2025-05-14 08:43:54,168 - client_19 - INFO - Data transmission successful
2025-05-14 08:44:11,364 - client_19 - INFO - Client 19 started with algorithm: fedavg, model: resnet18fashion
2025-05-14 08:44:23,707 - client_19 - INFO - Epoch 1/2 - Loss: 0.2626
2025-05-14 08:44:29,658 - client_19 - INFO - Epoch 2/2 - Loss: 0.2202
2025-05-14 08:44:29,685 - client_19 - INFO - Sent 717498 bytes to server (weights size: 717344 bytes, client data size: 1847, sparse: False)
2025-05-14 08:44:29,700 - client_19 - INFO - Data transmission successful
2025-05-14 08:45:10,371 - client_19 - INFO - Client 19 started with algorithm: fedavg, model: resnet18fashion
2025-05-14 08:45:23,292 - client_19 - INFO - Epoch 1/2 - Loss: 0.2784
2025-05-14 08:45:28,788 - client_19 - INFO - Epoch 2/2 - Loss: 0.2306
2025-05-14 08:45:28,799 - client_19 - INFO - Sent 717498 bytes to server (weights size: 717344 bytes, client data size: 1847, sparse: False)
2025-05-14 08:45:30,331 - client_19 - INFO - Data transmission successful
2025-05-14 08:46:37,033 - client_19 - INFO - Client 19 started with algorithm: fedavg, model: resnet18fashion
2025-05-14 08:46:50,529 - client_19 - INFO - Epoch 1/2 - Loss: 0.2569
2025-05-14 08:46:54,198 - client_19 - INFO - Epoch 2/2 - Loss: 0.2277
2025-05-14 08:46:54,207 - client_19 - INFO - Sent 717498 bytes to server (weights size: 717344 bytes, client data size: 1847, sparse: False)
2025-05-14 08:46:54,219 - client_19 - INFO - Data transmission successful
2025-05-14 08:49:36,837 - client_19 - INFO - Client 19 started with algorithm: fedavg, model: resnet18fashion
2025-05-14 08:49:47,993 - client_19 - INFO - Epoch 1/2 - Loss: 0.2679
2025-05-14 08:49:52,157 - client_19 - INFO - Epoch 2/2 - Loss: 0.2099
2025-05-14 08:49:52,165 - client_19 - INFO - Sent 717498 bytes to server (weights size: 717344 bytes, client data size: 1847, sparse: False)
2025-05-14 08:49:52,175 - client_19 - INFO - Data transmission successful
2025-05-14 08:55:06,124 - client_19 - INFO - Client 19 started with algorithm: fedavg, model: resnet18fashion
2025-05-14 08:55:16,397 - client_19 - INFO - Epoch 1/2 - Loss: 0.2198
2025-05-14 08:55:25,506 - client_19 - INFO - Epoch 2/2 - Loss: 0.1988
2025-05-14 08:55:25,518 - client_19 - INFO - Sent 717498 bytes to server (weights size: 717344 bytes, client data size: 1847, sparse: False)
2025-05-14 08:55:25,548 - client_19 - INFO - Data transmission successful
2025-05-14 08:56:35,677 - client_19 - INFO - Client 19 started with algorithm: fedavg, model: resnet18fashion
2025-05-14 08:56:42,352 - client_19 - INFO - Epoch 1/2 - Loss: 0.2257
2025-05-14 08:56:45,297 - client_19 - INFO - Epoch 2/2 - Loss: 0.2286
2025-05-14 08:56:45,297 - client_19 - INFO - Early stopping triggered at epoch 2: Loss increased from 0.2257 to 0.2286
2025-05-14 08:56:45,306 - client_19 - INFO - Sent 717498 bytes to server (weights size: 717344 bytes, client data size: 1847, sparse: False)
2025-05-14 08:56:45,318 - client_19 - INFO - Data transmission successful
2025-05-14 08:58:40,869 - client_19 - INFO - Client 19 started with algorithm: fedavg, model: resnet18fashion
2025-05-14 08:58:49,796 - client_19 - INFO - Epoch 1/2 - Loss: 0.2220
2025-05-14 08:58:53,166 - client_19 - INFO - Epoch 2/2 - Loss: 0.2003
2025-05-14 08:58:53,174 - client_19 - INFO - Sent 717498 bytes to server (weights size: 717344 bytes, client data size: 1847, sparse: False)
2025-05-14 08:58:53,183 - client_19 - INFO - Data transmission successful
2025-05-14 08:59:22,351 - client_19 - INFO - Client 19 started with algorithm: fedavg, model: resnet18fashion
2025-05-14 08:59:32,328 - client_19 - INFO - Epoch 1/2 - Loss: 0.2184
2025-05-14 08:59:37,908 - client_19 - INFO - Epoch 2/2 - Loss: 0.1893
2025-05-14 08:59:37,917 - client_19 - INFO - Sent 717498 bytes to server (weights size: 717344 bytes, client data size: 1847, sparse: False)
2025-05-14 08:59:37,930 - client_19 - INFO - Data transmission successful
2025-05-14 08:59:52,346 - client_19 - INFO - Client 19 started with algorithm: fedavg, model: resnet18fashion
2025-05-14 09:00:02,684 - client_19 - INFO - Epoch 1/2 - Loss: 0.2039
2025-05-14 09:00:05,642 - client_19 - INFO - Epoch 2/2 - Loss: 0.2084
2025-05-14 09:00:05,642 - client_19 - INFO - Early stopping triggered at epoch 2: Loss increased from 0.2039 to 0.2084
2025-05-14 09:00:05,649 - client_19 - INFO - Sent 717498 bytes to server (weights size: 717344 bytes, client data size: 1847, sparse: False)
2025-05-14 09:00:05,660 - client_19 - INFO - Data transmission successful
