2025-05-12 11:20:19,325 - client_9 - INFO - Client 9 started with algorithm: fedewma, model: lenet5
2025-05-12 11:20:25,436 - client_9 - INFO - Epoch 1/2 - Loss: 0.0980
2025-05-12 11:20:27,598 - client_9 - INFO - Epoch 2/2 - Loss: 0.0040
2025-05-12 11:20:27,598 - client_9 - INFO - Client 9 sending full delta weights
2025-05-12 11:20:27,603 - client_9 - INFO - Sent 250184 bytes to server (weights size: 250032 bytes, client data size: 1588, sparse: False)
2025-05-12 11:20:27,608 - client_9 - INFO - Data transmission successful
2025-05-12 11:20:30,913 - client_9 - INFO - Client 9 started with algorithm: fedewma, model: lenet5
2025-05-12 11:20:38,500 - client_9 - INFO - Epoch 1/2 - Loss: 0.0396
2025-05-12 11:20:40,901 - client_9 - INFO - Epoch 2/2 - Loss: 0.0033
2025-05-12 11:20:40,904 - client_9 - INFO - Client 9 sending full delta weights
2025-05-12 11:20:40,906 - client_9 - INFO - Sent 250184 bytes to server (weights size: 250032 bytes, client data size: 1588, sparse: False)
2025-05-12 11:20:40,910 - client_9 - INFO - Data transmission successful
2025-05-12 11:20:52,858 - client_9 - INFO - Client 9 started with algorithm: fedewma, model: lenet5
2025-05-12 11:20:58,137 - client_9 - INFO - Epoch 1/2 - Loss: 0.0310
2025-05-12 11:21:00,095 - client_9 - INFO - Epoch 2/2 - Loss: 0.0041
2025-05-12 11:21:00,095 - client_9 - INFO - Client 9 sending full delta weights
2025-05-12 11:21:00,098 - client_9 - INFO - Sent 250184 bytes to server (weights size: 250032 bytes, client data size: 1588, sparse: False)
2025-05-12 11:21:00,104 - client_9 - INFO - Data transmission successful
2025-05-12 11:21:30,654 - client_9 - INFO - Client 9 started with algorithm: fedewma, model: lenet5
2025-05-12 11:21:37,675 - client_9 - INFO - Epoch 1/2 - Loss: 0.0264
2025-05-12 11:21:39,793 - client_9 - INFO - Epoch 2/2 - Loss: 0.0028
2025-05-12 11:21:39,793 - client_9 - INFO - Client 9 sending full delta weights
2025-05-12 11:21:39,796 - client_9 - INFO - Sent 250184 bytes to server (weights size: 250032 bytes, client data size: 1588, sparse: False)
2025-05-12 11:21:39,805 - client_9 - INFO - Data transmission successful
2025-05-12 11:22:39,259 - client_9 - INFO - Client 9 started with algorithm: fedewma, model: lenet5
2025-05-12 11:22:47,358 - client_9 - INFO - Epoch 1/2 - Loss: 0.0188
2025-05-12 11:22:49,280 - client_9 - INFO - Epoch 2/2 - Loss: 0.0024
2025-05-12 11:22:49,280 - client_9 - INFO - Client 9 sending full delta weights
2025-05-12 11:22:49,283 - client_9 - INFO - Sent 250184 bytes to server (weights size: 250032 bytes, client data size: 1588, sparse: False)
2025-05-12 11:22:49,289 - client_9 - INFO - Data transmission successful
2025-05-12 11:22:51,554 - client_9 - INFO - Client 9 started with algorithm: fedewma, model: lenet5
2025-05-12 11:22:57,258 - client_9 - INFO - Epoch 1/2 - Loss: 0.0160
2025-05-12 11:22:58,730 - client_9 - INFO - Epoch 2/2 - Loss: 0.0025
2025-05-12 11:22:58,731 - client_9 - INFO - Client 9 sending full delta weights
2025-05-12 11:22:58,734 - client_9 - INFO - Sent 250184 bytes to server (weights size: 250032 bytes, client data size: 1588, sparse: False)
2025-05-12 11:22:58,742 - client_9 - INFO - Data transmission successful
2025-05-12 11:23:59,225 - client_9 - INFO - Client 9 started with algorithm: fedewma, model: lenet5
2025-05-12 11:24:06,556 - client_9 - INFO - Epoch 1/2 - Loss: 0.0160
2025-05-12 11:24:09,675 - client_9 - INFO - Epoch 2/2 - Loss: 0.0025
2025-05-12 11:24:09,675 - client_9 - INFO - Client 9 sending full delta weights
2025-05-12 11:24:09,678 - client_9 - INFO - Sent 250184 bytes to server (weights size: 250032 bytes, client data size: 1588, sparse: False)
2025-05-12 11:24:09,686 - client_9 - INFO - Data transmission successful
2025-05-12 11:26:17,841 - client_9 - INFO - Client 9 started with algorithm: fedewma, model: lenet5
2025-05-12 11:26:23,078 - client_9 - INFO - Epoch 1/2 - Loss: 0.0220
2025-05-12 11:26:24,599 - client_9 - INFO - Epoch 2/2 - Loss: 0.0016
2025-05-12 11:26:24,599 - client_9 - INFO - Client 9 sending full delta weights
2025-05-12 11:26:24,604 - client_9 - INFO - Sent 250184 bytes to server (weights size: 250032 bytes, client data size: 1588, sparse: False)
2025-05-12 11:26:24,609 - client_9 - INFO - Data transmission successful
2025-05-12 11:29:00,763 - client_9 - INFO - Client 9 started with algorithm: fedewma, model: lenet5
2025-05-12 11:29:06,889 - client_9 - INFO - Epoch 1/2 - Loss: 0.0145
2025-05-12 11:29:08,144 - client_9 - INFO - Epoch 2/2 - Loss: 0.0015
2025-05-12 11:29:08,144 - client_9 - INFO - Client 9 sending full delta weights
2025-05-12 11:29:08,146 - client_9 - INFO - Sent 250184 bytes to server (weights size: 250032 bytes, client data size: 1588, sparse: False)
2025-05-12 11:29:08,152 - client_9 - INFO - Data transmission successful
2025-05-12 11:29:31,095 - client_9 - INFO - Client 9 started with algorithm: fedewma, model: lenet5
2025-05-12 11:29:36,658 - client_9 - INFO - Epoch 1/2 - Loss: 0.0159
2025-05-12 11:29:37,989 - client_9 - INFO - Epoch 2/2 - Loss: 0.0015
2025-05-12 11:29:37,989 - client_9 - INFO - Client 9 sending full delta weights
2025-05-12 11:29:37,991 - client_9 - INFO - Sent 250184 bytes to server (weights size: 250032 bytes, client data size: 1588, sparse: False)
2025-05-12 11:29:37,995 - client_9 - INFO - Data transmission successful
2025-05-12 11:29:40,006 - client_9 - INFO - Client 9 started with algorithm: fedewma, model: lenet5
2025-05-12 11:29:45,327 - client_9 - INFO - Epoch 1/2 - Loss: 0.0111
2025-05-12 11:29:47,310 - client_9 - INFO - Epoch 2/2 - Loss: 0.0014
2025-05-12 11:29:47,310 - client_9 - INFO - Client 9 sending full delta weights
2025-05-12 11:29:47,313 - client_9 - INFO - Sent 250184 bytes to server (weights size: 250032 bytes, client data size: 1588, sparse: False)
2025-05-12 11:29:47,320 - client_9 - INFO - Data transmission successful
2025-05-12 11:31:03,657 - client_9 - INFO - Client 9 started with algorithm: fedewma, model: lenet5
2025-05-12 11:31:09,870 - client_9 - INFO - Epoch 1/2 - Loss: 0.0152
2025-05-12 11:31:11,731 - client_9 - INFO - Epoch 2/2 - Loss: 0.0016
2025-05-12 11:31:11,731 - client_9 - INFO - Client 9 sending full delta weights
2025-05-12 11:31:11,735 - client_9 - INFO - Sent 250184 bytes to server (weights size: 250032 bytes, client data size: 1588, sparse: False)
2025-05-12 11:31:11,741 - client_9 - INFO - Data transmission successful
2025-05-12 11:32:37,491 - client_9 - INFO - Client 9 started with algorithm: fedewma, model: lenet5
2025-05-12 11:32:44,540 - client_9 - INFO - Epoch 1/2 - Loss: 0.0125
2025-05-12 11:32:46,857 - client_9 - INFO - Epoch 2/2 - Loss: 0.0013
2025-05-12 11:32:46,858 - client_9 - INFO - Client 9 sending full delta weights
2025-05-12 11:32:46,860 - client_9 - INFO - Sent 250184 bytes to server (weights size: 250032 bytes, client data size: 1588, sparse: False)
2025-05-12 11:32:46,865 - client_9 - INFO - Data transmission successful
2025-05-12 11:33:49,066 - client_9 - INFO - Client 9 started with algorithm: fedewma, model: lenet5
2025-05-12 11:33:54,857 - client_9 - INFO - Epoch 1/2 - Loss: 0.0127
2025-05-12 11:33:56,741 - client_9 - INFO - Epoch 2/2 - Loss: 0.0013
2025-05-12 11:33:56,741 - client_9 - INFO - Client 9 sending full delta weights
2025-05-12 11:33:56,744 - client_9 - INFO - Sent 250184 bytes to server (weights size: 250032 bytes, client data size: 1588, sparse: False)
2025-05-12 11:33:56,748 - client_9 - INFO - Data transmission successful
2025-05-12 11:34:00,033 - client_9 - INFO - Client 9 started with algorithm: fedewma, model: lenet5
2025-05-12 11:34:05,194 - client_9 - INFO - Epoch 1/2 - Loss: 0.0119
2025-05-12 11:34:07,066 - client_9 - INFO - Epoch 2/2 - Loss: 0.0015
2025-05-12 11:34:07,066 - client_9 - INFO - Client 9 sending full delta weights
2025-05-12 11:34:07,071 - client_9 - INFO - Sent 250184 bytes to server (weights size: 250032 bytes, client data size: 1588, sparse: False)
2025-05-12 11:34:07,074 - client_9 - INFO - Data transmission successful
2025-05-12 11:35:40,180 - client_9 - INFO - Client 9 started with algorithm: fedewma, model: lenet5
2025-05-12 11:35:45,480 - client_9 - INFO - Epoch 1/2 - Loss: 0.0072
2025-05-12 11:35:47,011 - client_9 - INFO - Epoch 2/2 - Loss: 0.0012
2025-05-12 11:35:47,012 - client_9 - INFO - Client 9 sending full delta weights
2025-05-12 11:35:47,014 - client_9 - INFO - Sent 250184 bytes to server (weights size: 250032 bytes, client data size: 1588, sparse: False)
2025-05-12 11:35:47,022 - client_9 - INFO - Data transmission successful
2025-05-12 11:35:49,363 - client_9 - INFO - Client 9 started with algorithm: fedewma, model: lenet5
2025-05-12 11:35:55,848 - client_9 - INFO - Epoch 1/2 - Loss: 0.0077
2025-05-12 11:35:57,557 - client_9 - INFO - Epoch 2/2 - Loss: 0.0010
2025-05-12 11:35:57,558 - client_9 - INFO - Client 9 sending full delta weights
2025-05-12 11:35:57,560 - client_9 - INFO - Sent 250184 bytes to server (weights size: 250032 bytes, client data size: 1588, sparse: False)
2025-05-12 11:35:57,563 - client_9 - INFO - Data transmission successful
2025-05-12 11:37:23,919 - client_9 - INFO - Client 9 started with algorithm: fedewma, model: lenet5
2025-05-12 11:37:28,981 - client_9 - INFO - Epoch 1/2 - Loss: 0.0084
2025-05-12 11:37:29,928 - client_9 - INFO - Epoch 2/2 - Loss: 0.0014
2025-05-12 11:37:29,928 - client_9 - INFO - Client 9 sending full delta weights
2025-05-12 11:37:29,931 - client_9 - INFO - Sent 250184 bytes to server (weights size: 250032 bytes, client data size: 1588, sparse: False)
2025-05-12 11:37:29,935 - client_9 - INFO - Data transmission successful
2025-05-13 07:08:01,732 - client_9 - INFO - Client 9 started with algorithm: fedprox, model: lenet5
2025-05-13 07:08:05,564 - client_9 - INFO - Epoch 1/2 - Loss: 0.1027
2025-05-13 07:08:07,773 - client_9 - INFO - Epoch 2/2 - Loss: 0.0060
2025-05-13 07:08:07,775 - client_9 - INFO - Sent 250511 bytes to server (weights size: 250359 bytes, client data size: 1588, sparse: False)
2025-05-13 07:08:07,780 - client_9 - INFO - Data transmission successful
2025-05-13 07:08:12,032 - client_9 - INFO - Client 9 started with algorithm: fedprox, model: lenet5
2025-05-13 07:08:17,306 - client_9 - INFO - Epoch 1/2 - Loss: 0.0367
2025-05-13 07:08:20,128 - client_9 - INFO - Epoch 2/2 - Loss: 0.0037
2025-05-13 07:08:20,131 - client_9 - INFO - Sent 250511 bytes to server (weights size: 250359 bytes, client data size: 1588, sparse: False)
2025-05-13 07:08:20,136 - client_9 - INFO - Data transmission successful
2025-05-13 07:08:35,303 - client_9 - INFO - Client 9 started with algorithm: fedprox, model: lenet5
2025-05-13 07:08:40,030 - client_9 - INFO - Epoch 1/2 - Loss: 0.0316
2025-05-13 07:08:42,163 - client_9 - INFO - Epoch 2/2 - Loss: 0.0041
2025-05-13 07:08:42,166 - client_9 - INFO - Sent 250511 bytes to server (weights size: 250359 bytes, client data size: 1588, sparse: False)
2025-05-13 07:08:42,172 - client_9 - INFO - Data transmission successful
2025-05-13 07:09:16,796 - client_9 - INFO - Client 9 started with algorithm: fedprox, model: lenet5
2025-05-13 07:09:22,139 - client_9 - INFO - Epoch 1/2 - Loss: 0.0311
2025-05-13 07:09:24,302 - client_9 - INFO - Epoch 2/2 - Loss: 0.0029
2025-05-13 07:09:24,305 - client_9 - INFO - Sent 250511 bytes to server (weights size: 250359 bytes, client data size: 1588, sparse: False)
2025-05-13 07:09:24,310 - client_9 - INFO - Data transmission successful
2025-05-13 07:10:14,881 - client_9 - INFO - Client 9 started with algorithm: fedprox, model: lenet5
2025-05-13 07:10:19,870 - client_9 - INFO - Epoch 1/2 - Loss: 0.0177
2025-05-13 07:10:21,719 - client_9 - INFO - Epoch 2/2 - Loss: 0.0029
2025-05-13 07:10:21,721 - client_9 - INFO - Sent 250511 bytes to server (weights size: 250359 bytes, client data size: 1588, sparse: False)
2025-05-13 07:10:21,724 - client_9 - INFO - Data transmission successful
2025-05-13 07:10:24,253 - client_9 - INFO - Client 9 started with algorithm: fedprox, model: lenet5
2025-05-13 07:10:27,819 - client_9 - INFO - Epoch 1/2 - Loss: 0.0173
2025-05-13 07:10:29,778 - client_9 - INFO - Epoch 2/2 - Loss: 0.0027
2025-05-13 07:10:29,781 - client_9 - INFO - Sent 250511 bytes to server (weights size: 250359 bytes, client data size: 1588, sparse: False)
2025-05-13 07:10:29,786 - client_9 - INFO - Data transmission successful
2025-05-13 07:11:17,017 - client_9 - INFO - Client 9 started with algorithm: fedprox, model: lenet5
2025-05-13 07:11:22,301 - client_9 - INFO - Epoch 1/2 - Loss: 0.0213
2025-05-13 07:11:25,078 - client_9 - INFO - Epoch 2/2 - Loss: 0.0025
2025-05-13 07:11:25,081 - client_9 - INFO - Sent 250511 bytes to server (weights size: 250359 bytes, client data size: 1588, sparse: False)
2025-05-13 07:11:25,088 - client_9 - INFO - Data transmission successful
2025-05-13 07:13:05,339 - client_9 - INFO - Client 9 started with algorithm: fedprox, model: lenet5
2025-05-13 07:13:08,178 - client_9 - INFO - Epoch 1/2 - Loss: 0.0191
2025-05-13 07:13:10,198 - client_9 - INFO - Epoch 2/2 - Loss: 0.0021
2025-05-13 07:13:10,201 - client_9 - INFO - Sent 250511 bytes to server (weights size: 250359 bytes, client data size: 1588, sparse: False)
2025-05-13 07:13:10,205 - client_9 - INFO - Data transmission successful
2025-05-13 07:15:08,952 - client_9 - INFO - Client 9 started with algorithm: fedprox, model: lenet5
2025-05-13 07:15:12,511 - client_9 - INFO - Epoch 1/2 - Loss: 0.0162
2025-05-13 07:15:13,728 - client_9 - INFO - Epoch 2/2 - Loss: 0.0017
2025-05-13 07:15:13,731 - client_9 - INFO - Sent 250511 bytes to server (weights size: 250359 bytes, client data size: 1588, sparse: False)
2025-05-13 07:15:13,735 - client_9 - INFO - Data transmission successful
2025-05-13 07:15:32,179 - client_9 - INFO - Client 9 started with algorithm: fedprox, model: lenet5
2025-05-13 07:15:35,172 - client_9 - INFO - Epoch 1/2 - Loss: 0.0129
2025-05-13 07:15:36,493 - client_9 - INFO - Epoch 2/2 - Loss: 0.0018
2025-05-13 07:15:36,495 - client_9 - INFO - Sent 250511 bytes to server (weights size: 250359 bytes, client data size: 1588, sparse: False)
2025-05-13 07:15:36,498 - client_9 - INFO - Data transmission successful
2025-05-13 07:15:38,505 - client_9 - INFO - Client 9 started with algorithm: fedprox, model: lenet5
2025-05-13 07:15:41,475 - client_9 - INFO - Epoch 1/2 - Loss: 0.0102
2025-05-13 07:15:43,333 - client_9 - INFO - Epoch 2/2 - Loss: 0.0017
2025-05-13 07:15:43,336 - client_9 - INFO - Sent 250511 bytes to server (weights size: 250359 bytes, client data size: 1588, sparse: False)
2025-05-13 07:15:43,339 - client_9 - INFO - Data transmission successful
2025-05-13 07:16:42,139 - client_9 - INFO - Client 9 started with algorithm: fedprox, model: lenet5
2025-05-13 07:16:45,404 - client_9 - INFO - Epoch 1/2 - Loss: 0.0110
2025-05-13 07:16:47,434 - client_9 - INFO - Epoch 2/2 - Loss: 0.0015
2025-05-13 07:16:47,436 - client_9 - INFO - Sent 250511 bytes to server (weights size: 250359 bytes, client data size: 1588, sparse: False)
2025-05-13 07:16:47,440 - client_9 - INFO - Data transmission successful
2025-05-13 07:17:57,560 - client_9 - INFO - Client 9 started with algorithm: fedprox, model: lenet5
2025-05-13 07:18:04,183 - client_9 - INFO - Epoch 1/2 - Loss: 0.0131
2025-05-13 07:18:07,858 - client_9 - INFO - Epoch 2/2 - Loss: 0.0014
2025-05-13 07:18:07,861 - client_9 - INFO - Sent 250511 bytes to server (weights size: 250359 bytes, client data size: 1588, sparse: False)
2025-05-13 07:18:07,866 - client_9 - INFO - Data transmission successful
2025-05-13 07:18:54,183 - client_9 - INFO - Client 9 started with algorithm: fedprox, model: lenet5
2025-05-13 07:18:57,070 - client_9 - INFO - Epoch 1/2 - Loss: 0.0147
2025-05-13 07:18:58,871 - client_9 - INFO - Epoch 2/2 - Loss: 0.0014
2025-05-13 07:18:58,874 - client_9 - INFO - Sent 250511 bytes to server (weights size: 250359 bytes, client data size: 1588, sparse: False)
2025-05-13 07:18:58,879 - client_9 - INFO - Data transmission successful
2025-05-13 07:19:02,168 - client_9 - INFO - Client 9 started with algorithm: fedprox, model: lenet5
2025-05-13 07:19:04,769 - client_9 - INFO - Epoch 1/2 - Loss: 0.0119
2025-05-13 07:19:06,513 - client_9 - INFO - Epoch 2/2 - Loss: 0.0015
2025-05-13 07:19:06,515 - client_9 - INFO - Sent 250511 bytes to server (weights size: 250359 bytes, client data size: 1588, sparse: False)
2025-05-13 07:19:06,520 - client_9 - INFO - Data transmission successful
2025-05-13 07:20:20,829 - client_9 - INFO - Client 9 started with algorithm: fedprox, model: lenet5
2025-05-13 07:20:23,348 - client_9 - INFO - Epoch 1/2 - Loss: 0.0115
2025-05-13 07:20:25,037 - client_9 - INFO - Epoch 2/2 - Loss: 0.0013
2025-05-13 07:20:25,039 - client_9 - INFO - Sent 250511 bytes to server (weights size: 250359 bytes, client data size: 1588, sparse: False)
2025-05-13 07:20:25,044 - client_9 - INFO - Data transmission successful
2025-05-13 07:20:27,330 - client_9 - INFO - Client 9 started with algorithm: fedprox, model: lenet5
2025-05-13 07:20:31,162 - client_9 - INFO - Epoch 1/2 - Loss: 0.0096
2025-05-13 07:20:32,922 - client_9 - INFO - Epoch 2/2 - Loss: 0.0013
2025-05-13 07:20:32,925 - client_9 - INFO - Sent 250511 bytes to server (weights size: 250359 bytes, client data size: 1588, sparse: False)
2025-05-13 07:20:32,928 - client_9 - INFO - Data transmission successful
2025-05-13 07:21:40,910 - client_9 - INFO - Client 9 started with algorithm: fedprox, model: lenet5
2025-05-13 07:21:43,465 - client_9 - INFO - Epoch 1/2 - Loss: 0.0087
2025-05-13 07:21:44,498 - client_9 - INFO - Epoch 2/2 - Loss: 0.0014
2025-05-13 07:21:44,500 - client_9 - INFO - Sent 250511 bytes to server (weights size: 250359 bytes, client data size: 1588, sparse: False)
2025-05-13 07:21:44,503 - client_9 - INFO - Data transmission successful
2025-05-13 07:28:07,249 - client_9 - INFO - Client 9 started with algorithm: fedavg, model: lenet5
2025-05-13 07:28:10,340 - client_9 - INFO - Epoch 1/2 - Loss: 0.0503
2025-05-13 07:28:12,122 - client_9 - INFO - Epoch 2/2 - Loss: 0.0027
2025-05-13 07:28:12,125 - client_9 - INFO - Sent 250513 bytes to server (weights size: 250359 bytes, client data size: 1588, sparse: False)
2025-05-13 07:28:12,128 - client_9 - INFO - Data transmission successful
2025-05-13 07:28:15,527 - client_9 - INFO - Client 9 started with algorithm: fedavg, model: lenet5
2025-05-13 07:28:19,857 - client_9 - INFO - Epoch 1/2 - Loss: 0.0269
2025-05-13 07:28:22,375 - client_9 - INFO - Epoch 2/2 - Loss: 0.0030
2025-05-13 07:28:22,383 - client_9 - INFO - Sent 250513 bytes to server (weights size: 250359 bytes, client data size: 1588, sparse: False)
2025-05-13 07:28:22,389 - client_9 - INFO - Data transmission successful
2025-05-13 07:28:32,585 - client_9 - INFO - Client 9 started with algorithm: fedavg, model: lenet5
2025-05-13 07:28:35,556 - client_9 - INFO - Epoch 1/2 - Loss: 0.0307
2025-05-13 07:28:37,218 - client_9 - INFO - Epoch 2/2 - Loss: 0.0036
2025-05-13 07:28:37,221 - client_9 - INFO - Sent 250513 bytes to server (weights size: 250359 bytes, client data size: 1588, sparse: False)
2025-05-13 07:28:37,225 - client_9 - INFO - Data transmission successful
2025-05-13 07:28:58,768 - client_9 - INFO - Client 9 started with algorithm: fedavg, model: lenet5
2025-05-13 07:29:02,666 - client_9 - INFO - Epoch 1/2 - Loss: 0.0312
2025-05-13 07:29:04,594 - client_9 - INFO - Epoch 2/2 - Loss: 0.0028
2025-05-13 07:29:04,597 - client_9 - INFO - Sent 250513 bytes to server (weights size: 250359 bytes, client data size: 1588, sparse: False)
2025-05-13 07:29:04,603 - client_9 - INFO - Data transmission successful
2025-05-13 07:29:48,875 - client_9 - INFO - Client 9 started with algorithm: fedavg, model: lenet5
2025-05-13 07:29:53,226 - client_9 - INFO - Epoch 1/2 - Loss: 0.0244
2025-05-13 07:29:54,969 - client_9 - INFO - Epoch 2/2 - Loss: 0.0032
2025-05-13 07:29:54,976 - client_9 - INFO - Sent 250513 bytes to server (weights size: 250359 bytes, client data size: 1588, sparse: False)
2025-05-13 07:29:54,977 - client_9 - INFO - Data transmission successful
2025-05-13 07:29:57,145 - client_9 - INFO - Client 9 started with algorithm: fedavg, model: lenet5
2025-05-13 07:30:00,216 - client_9 - INFO - Epoch 1/2 - Loss: 0.0165
2025-05-13 07:30:01,912 - client_9 - INFO - Epoch 2/2 - Loss: 0.0032
2025-05-13 07:30:01,915 - client_9 - INFO - Sent 250513 bytes to server (weights size: 250359 bytes, client data size: 1588, sparse: False)
2025-05-13 07:30:01,921 - client_9 - INFO - Data transmission successful
2025-05-13 07:30:45,688 - client_9 - INFO - Client 9 started with algorithm: fedavg, model: lenet5
2025-05-13 07:30:49,504 - client_9 - INFO - Epoch 1/2 - Loss: 0.0210
2025-05-13 07:30:52,308 - client_9 - INFO - Epoch 2/2 - Loss: 0.0026
2025-05-13 07:30:52,311 - client_9 - INFO - Sent 250513 bytes to server (weights size: 250359 bytes, client data size: 1588, sparse: False)
2025-05-13 07:30:52,317 - client_9 - INFO - Data transmission successful
2025-05-13 07:32:24,373 - client_9 - INFO - Client 9 started with algorithm: fedavg, model: lenet5
2025-05-13 07:32:26,880 - client_9 - INFO - Epoch 1/2 - Loss: 0.0304
2025-05-13 07:32:28,142 - client_9 - INFO - Epoch 2/2 - Loss: 0.0021
2025-05-13 07:32:28,145 - client_9 - INFO - Sent 250513 bytes to server (weights size: 250359 bytes, client data size: 1588, sparse: False)
2025-05-13 07:32:28,148 - client_9 - INFO - Data transmission successful
2025-05-13 07:34:22,551 - client_9 - INFO - Client 9 started with algorithm: fedavg, model: lenet5
2025-05-13 07:34:25,698 - client_9 - INFO - Epoch 1/2 - Loss: 0.0213
2025-05-13 07:34:26,773 - client_9 - INFO - Epoch 2/2 - Loss: 0.0021
2025-05-13 07:34:26,775 - client_9 - INFO - Sent 250513 bytes to server (weights size: 250359 bytes, client data size: 1588, sparse: False)
2025-05-13 07:34:26,779 - client_9 - INFO - Data transmission successful
2025-05-13 07:34:44,514 - client_9 - INFO - Client 9 started with algorithm: fedavg, model: lenet5
2025-05-13 07:34:46,994 - client_9 - INFO - Epoch 1/2 - Loss: 0.0212
2025-05-13 07:34:48,216 - client_9 - INFO - Epoch 2/2 - Loss: 0.0024
2025-05-13 07:34:48,218 - client_9 - INFO - Sent 250513 bytes to server (weights size: 250359 bytes, client data size: 1588, sparse: False)
2025-05-13 07:34:48,221 - client_9 - INFO - Data transmission successful
2025-05-13 07:34:50,228 - client_9 - INFO - Client 9 started with algorithm: fedavg, model: lenet5
2025-05-13 07:34:53,052 - client_9 - INFO - Epoch 1/2 - Loss: 0.0093
2025-05-13 07:34:54,288 - client_9 - INFO - Epoch 2/2 - Loss: 0.0021
2025-05-13 07:34:54,291 - client_9 - INFO - Sent 250513 bytes to server (weights size: 250359 bytes, client data size: 1588, sparse: False)
2025-05-13 07:34:54,295 - client_9 - INFO - Data transmission successful
2025-05-13 07:35:48,258 - client_9 - INFO - Client 9 started with algorithm: fedavg, model: lenet5
2025-05-13 07:35:51,078 - client_9 - INFO - Epoch 1/2 - Loss: 0.0158
2025-05-13 07:35:53,069 - client_9 - INFO - Epoch 2/2 - Loss: 0.0016
2025-05-13 07:35:53,072 - client_9 - INFO - Sent 250513 bytes to server (weights size: 250359 bytes, client data size: 1588, sparse: False)
2025-05-13 07:35:53,075 - client_9 - INFO - Data transmission successful
2025-05-13 07:36:55,061 - client_9 - INFO - Client 9 started with algorithm: fedavg, model: lenet5
2025-05-13 07:36:59,560 - client_9 - INFO - Epoch 1/2 - Loss: 0.0136
2025-05-13 07:37:01,851 - client_9 - INFO - Epoch 2/2 - Loss: 0.0016
2025-05-13 07:37:01,854 - client_9 - INFO - Sent 250513 bytes to server (weights size: 250359 bytes, client data size: 1588, sparse: False)
2025-05-13 07:37:01,859 - client_9 - INFO - Data transmission successful
2025-05-13 07:37:45,142 - client_9 - INFO - Client 9 started with algorithm: fedavg, model: lenet5
2025-05-13 07:37:47,728 - client_9 - INFO - Epoch 1/2 - Loss: 0.0133
2025-05-13 07:37:49,399 - client_9 - INFO - Epoch 2/2 - Loss: 0.0012
2025-05-13 07:37:49,402 - client_9 - INFO - Sent 250513 bytes to server (weights size: 250359 bytes, client data size: 1588, sparse: False)
2025-05-13 07:37:49,405 - client_9 - INFO - Data transmission successful
2025-05-13 07:37:52,531 - client_9 - INFO - Client 9 started with algorithm: fedavg, model: lenet5
2025-05-13 07:37:54,773 - client_9 - INFO - Epoch 1/2 - Loss: 0.0135
2025-05-13 07:37:56,569 - client_9 - INFO - Epoch 2/2 - Loss: 0.0017
2025-05-13 07:37:56,572 - client_9 - INFO - Sent 250513 bytes to server (weights size: 250359 bytes, client data size: 1588, sparse: False)
2025-05-13 07:37:56,576 - client_9 - INFO - Data transmission successful
2025-05-13 07:39:08,163 - client_9 - INFO - Client 9 started with algorithm: fedavg, model: lenet5
2025-05-13 07:39:11,366 - client_9 - INFO - Epoch 1/2 - Loss: 0.0113
2025-05-13 07:39:12,869 - client_9 - INFO - Epoch 2/2 - Loss: 0.0012
2025-05-13 07:39:12,872 - client_9 - INFO - Sent 250513 bytes to server (weights size: 250359 bytes, client data size: 1588, sparse: False)
2025-05-13 07:39:12,877 - client_9 - INFO - Data transmission successful
2025-05-13 07:39:15,189 - client_9 - INFO - Client 9 started with algorithm: fedavg, model: lenet5
2025-05-13 07:39:18,762 - client_9 - INFO - Epoch 1/2 - Loss: 0.0083
2025-05-13 07:39:20,188 - client_9 - INFO - Epoch 2/2 - Loss: 0.0013
2025-05-13 07:39:20,190 - client_9 - INFO - Sent 250513 bytes to server (weights size: 250359 bytes, client data size: 1588, sparse: False)
2025-05-13 07:39:20,193 - client_9 - INFO - Data transmission successful
2025-05-13 07:40:19,447 - client_9 - INFO - Client 9 started with algorithm: fedavg, model: lenet5
2025-05-13 07:40:21,370 - client_9 - INFO - Epoch 1/2 - Loss: 0.0116
2025-05-13 07:40:22,294 - client_9 - INFO - Epoch 2/2 - Loss: 0.0017
2025-05-13 07:40:22,296 - client_9 - INFO - Sent 250513 bytes to server (weights size: 250359 bytes, client data size: 1588, sparse: False)
2025-05-13 07:40:22,299 - client_9 - INFO - Data transmission successful
2025-05-13 14:34:49,066 - client_9 - INFO - Client 9 started with algorithm: fedewma, model: lenet5
2025-05-13 14:34:54,264 - client_9 - INFO - Epoch 1/2 - Loss: 0.0925
2025-05-13 14:34:55,943 - client_9 - INFO - Epoch 2/2 - Loss: 0.0047
2025-05-13 14:34:55,943 - client_9 - INFO - Client 9 sending full delta weights
2025-05-13 14:34:55,946 - client_9 - INFO - Sent 250184 bytes to server (weights size: 250032 bytes, client data size: 1588, sparse: False)
2025-05-13 14:34:55,951 - client_9 - INFO - Data transmission successful
2025-05-13 14:34:59,154 - client_9 - INFO - Client 9 started with algorithm: fedewma, model: lenet5
2025-05-13 14:35:05,257 - client_9 - INFO - Epoch 1/2 - Loss: 0.0404
2025-05-13 14:35:07,378 - client_9 - INFO - Epoch 2/2 - Loss: 0.0034
2025-05-13 14:35:07,379 - client_9 - INFO - Client 9 sending full delta weights
2025-05-13 14:35:07,382 - client_9 - INFO - Sent 250184 bytes to server (weights size: 250032 bytes, client data size: 1588, sparse: False)
2025-05-13 14:35:07,388 - client_9 - INFO - Data transmission successful
2025-05-13 14:35:17,992 - client_9 - INFO - Client 9 started with algorithm: fedewma, model: lenet5
2025-05-13 14:35:22,128 - client_9 - INFO - Epoch 1/2 - Loss: 0.0270
2025-05-13 14:35:23,818 - client_9 - INFO - Epoch 2/2 - Loss: 0.0040
2025-05-13 14:35:23,819 - client_9 - INFO - Client 9 sending full delta weights
2025-05-13 14:35:23,821 - client_9 - INFO - Sent 250184 bytes to server (weights size: 250032 bytes, client data size: 1588, sparse: False)
2025-05-13 14:35:23,827 - client_9 - INFO - Data transmission successful
2025-05-13 14:35:49,854 - client_9 - INFO - Client 9 started with algorithm: fedewma, model: lenet5
2025-05-13 14:35:55,461 - client_9 - INFO - Epoch 1/2 - Loss: 0.0233
2025-05-13 14:35:57,216 - client_9 - INFO - Epoch 2/2 - Loss: 0.0032
2025-05-13 14:35:57,217 - client_9 - INFO - Client 9 sending full delta weights
2025-05-13 14:35:57,219 - client_9 - INFO - Sent 250184 bytes to server (weights size: 250032 bytes, client data size: 1588, sparse: False)
2025-05-13 14:35:57,225 - client_9 - INFO - Data transmission successful
2025-05-13 14:36:47,335 - client_9 - INFO - Client 9 started with algorithm: fedewma, model: lenet5
2025-05-13 14:36:53,443 - client_9 - INFO - Epoch 1/2 - Loss: 0.0212
2025-05-13 14:36:54,903 - client_9 - INFO - Epoch 2/2 - Loss: 0.0023
2025-05-13 14:36:54,904 - client_9 - INFO - Client 9 sending full delta weights
2025-05-13 14:36:54,906 - client_9 - INFO - Sent 250184 bytes to server (weights size: 250032 bytes, client data size: 1588, sparse: False)
2025-05-13 14:36:54,910 - client_9 - INFO - Data transmission successful
2025-05-13 14:36:57,069 - client_9 - INFO - Client 9 started with algorithm: fedewma, model: lenet5
2025-05-13 14:37:01,569 - client_9 - INFO - Epoch 1/2 - Loss: 0.0186
2025-05-13 14:37:03,337 - client_9 - INFO - Epoch 2/2 - Loss: 0.0025
2025-05-13 14:37:03,338 - client_9 - INFO - Client 9 sending full delta weights
2025-05-13 14:37:03,340 - client_9 - INFO - Sent 250184 bytes to server (weights size: 250032 bytes, client data size: 1588, sparse: False)
2025-05-13 14:37:03,345 - client_9 - INFO - Data transmission successful
2025-05-13 14:37:53,729 - client_9 - INFO - Client 9 started with algorithm: fedewma, model: lenet5
2025-05-13 14:37:59,402 - client_9 - INFO - Epoch 1/2 - Loss: 0.0183
2025-05-13 14:38:01,913 - client_9 - INFO - Epoch 2/2 - Loss: 0.0024
2025-05-13 14:38:01,913 - client_9 - INFO - Client 9 sending full delta weights
2025-05-13 14:38:01,916 - client_9 - INFO - Sent 250184 bytes to server (weights size: 250032 bytes, client data size: 1588, sparse: False)
2025-05-13 14:38:01,921 - client_9 - INFO - Data transmission successful
2025-05-13 14:39:52,556 - client_9 - INFO - Client 9 started with algorithm: fedewma, model: lenet5
2025-05-13 14:39:56,680 - client_9 - INFO - Epoch 1/2 - Loss: 0.0170
2025-05-13 14:39:57,995 - client_9 - INFO - Epoch 2/2 - Loss: 0.0016
2025-05-13 14:39:57,996 - client_9 - INFO - Client 9 sending full delta weights
2025-05-13 14:39:57,998 - client_9 - INFO - Sent 250184 bytes to server (weights size: 250032 bytes, client data size: 1588, sparse: False)
2025-05-13 14:39:58,002 - client_9 - INFO - Data transmission successful
2025-05-13 14:42:10,594 - client_9 - INFO - Client 9 started with algorithm: fedewma, model: lenet5
2025-05-13 14:42:15,484 - client_9 - INFO - Epoch 1/2 - Loss: 0.0131
2025-05-13 14:42:16,406 - client_9 - INFO - Epoch 2/2 - Loss: 0.0014
2025-05-13 14:42:16,406 - client_9 - INFO - Client 9 sending full delta weights
2025-05-13 14:42:16,408 - client_9 - INFO - Sent 250184 bytes to server (weights size: 250032 bytes, client data size: 1588, sparse: False)
2025-05-13 14:42:16,412 - client_9 - INFO - Data transmission successful
2025-05-13 14:42:36,467 - client_9 - INFO - Client 9 started with algorithm: fedewma, model: lenet5
2025-05-13 14:42:40,716 - client_9 - INFO - Epoch 1/2 - Loss: 0.0145
2025-05-13 14:42:41,914 - client_9 - INFO - Epoch 2/2 - Loss: 0.0015
2025-05-13 14:42:41,914 - client_9 - INFO - Client 9 sending full delta weights
2025-05-13 14:42:41,916 - client_9 - INFO - Sent 250184 bytes to server (weights size: 250032 bytes, client data size: 1588, sparse: False)
2025-05-13 14:42:41,919 - client_9 - INFO - Data transmission successful
2025-05-13 14:42:43,925 - client_9 - INFO - Client 9 started with algorithm: fedewma, model: lenet5
2025-05-13 14:42:48,068 - client_9 - INFO - Epoch 1/2 - Loss: 0.0140
2025-05-13 14:42:49,587 - client_9 - INFO - Epoch 2/2 - Loss: 0.0016
2025-05-13 14:42:49,588 - client_9 - INFO - Client 9 sending full delta weights
2025-05-13 14:42:49,590 - client_9 - INFO - Sent 250184 bytes to server (weights size: 250032 bytes, client data size: 1588, sparse: False)
2025-05-13 14:42:49,595 - client_9 - INFO - Data transmission successful
2025-05-13 14:43:54,961 - client_9 - INFO - Client 9 started with algorithm: fedewma, model: lenet5
2025-05-13 14:43:59,467 - client_9 - INFO - Epoch 1/2 - Loss: 0.0122
2025-05-13 14:44:01,261 - client_9 - INFO - Epoch 2/2 - Loss: 0.0012
2025-05-13 14:44:01,261 - client_9 - INFO - Client 9 sending full delta weights
2025-05-13 14:44:01,264 - client_9 - INFO - Sent 250184 bytes to server (weights size: 250032 bytes, client data size: 1588, sparse: False)
2025-05-13 14:44:01,268 - client_9 - INFO - Data transmission successful
2025-05-13 14:45:15,711 - client_9 - INFO - Client 9 started with algorithm: fedewma, model: lenet5
2025-05-13 14:45:22,408 - client_9 - INFO - Epoch 1/2 - Loss: 0.0107
2025-05-13 14:45:24,678 - client_9 - INFO - Epoch 2/2 - Loss: 0.0012
2025-05-13 14:45:24,679 - client_9 - INFO - Client 9 sending full delta weights
2025-05-13 14:45:24,681 - client_9 - INFO - Sent 250184 bytes to server (weights size: 250032 bytes, client data size: 1588, sparse: False)
2025-05-13 14:45:24,686 - client_9 - INFO - Data transmission successful
2025-05-13 14:46:18,038 - client_9 - INFO - Client 9 started with algorithm: fedewma, model: lenet5
2025-05-13 14:46:22,783 - client_9 - INFO - Epoch 1/2 - Loss: 0.0116
2025-05-13 14:46:24,325 - client_9 - INFO - Epoch 2/2 - Loss: 0.0013
2025-05-13 14:46:24,326 - client_9 - INFO - Client 9 sending full delta weights
2025-05-13 14:46:24,328 - client_9 - INFO - Sent 250184 bytes to server (weights size: 250032 bytes, client data size: 1588, sparse: False)
2025-05-13 14:46:24,332 - client_9 - INFO - Data transmission successful
2025-05-13 14:46:27,367 - client_9 - INFO - Client 9 started with algorithm: fedewma, model: lenet5
2025-05-13 14:46:31,498 - client_9 - INFO - Epoch 1/2 - Loss: 0.0125
2025-05-13 14:46:33,068 - client_9 - INFO - Epoch 2/2 - Loss: 0.0014
2025-05-13 14:46:33,068 - client_9 - INFO - Client 9 sending full delta weights
2025-05-13 14:46:33,071 - client_9 - INFO - Sent 250184 bytes to server (weights size: 250032 bytes, client data size: 1588, sparse: False)
2025-05-13 14:46:33,074 - client_9 - INFO - Data transmission successful
2025-05-13 14:47:52,214 - client_9 - INFO - Client 9 started with algorithm: fedewma, model: lenet5
2025-05-13 14:47:56,237 - client_9 - INFO - Epoch 1/2 - Loss: 0.0101
2025-05-13 14:47:57,586 - client_9 - INFO - Epoch 2/2 - Loss: 0.0011
2025-05-13 14:47:57,586 - client_9 - INFO - Client 9 sending full delta weights
2025-05-13 14:47:57,589 - client_9 - INFO - Sent 250184 bytes to server (weights size: 250032 bytes, client data size: 1588, sparse: False)
2025-05-13 14:47:57,593 - client_9 - INFO - Data transmission successful
2025-05-13 14:47:59,872 - client_9 - INFO - Client 9 started with algorithm: fedewma, model: lenet5
2025-05-13 14:48:05,131 - client_9 - INFO - Epoch 1/2 - Loss: 0.0099
2025-05-13 14:48:06,777 - client_9 - INFO - Epoch 2/2 - Loss: 0.0009
2025-05-13 14:48:06,777 - client_9 - INFO - Client 9 sending full delta weights
2025-05-13 14:48:06,779 - client_9 - INFO - Sent 250184 bytes to server (weights size: 250032 bytes, client data size: 1588, sparse: False)
2025-05-13 14:48:06,781 - client_9 - INFO - Data transmission successful
2025-05-13 14:49:20,837 - client_9 - INFO - Client 9 started with algorithm: fedewma, model: lenet5
2025-05-13 14:49:25,647 - client_9 - INFO - Epoch 1/2 - Loss: 0.0124
2025-05-13 14:49:26,427 - client_9 - INFO - Epoch 2/2 - Loss: 0.0013
2025-05-13 14:49:26,427 - client_9 - INFO - Client 9 sending full delta weights
2025-05-13 14:49:26,429 - client_9 - INFO - Sent 250184 bytes to server (weights size: 250032 bytes, client data size: 1588, sparse: False)
2025-05-13 14:49:26,431 - client_9 - INFO - Data transmission successful
2025-05-13 15:15:20,639 - client_9 - INFO - Client 9 started with algorithm: fedewma, model: lenet5
2025-05-13 15:15:25,618 - client_9 - INFO - Epoch 1/2 - Loss: 0.0885
2025-05-13 15:15:27,393 - client_9 - INFO - Epoch 2/2 - Loss: 0.0045
2025-05-13 15:15:27,394 - client_9 - INFO - Client 9 sending full delta weights
2025-05-13 15:15:27,396 - client_9 - INFO - Sent 250184 bytes to server (weights size: 250032 bytes, client data size: 1588, sparse: False)
2025-05-13 15:15:27,401 - client_9 - INFO - Data transmission successful
2025-05-13 15:15:30,613 - client_9 - INFO - Client 9 started with algorithm: fedewma, model: lenet5
2025-05-13 15:15:36,833 - client_9 - INFO - Epoch 1/2 - Loss: 0.0448
2025-05-13 15:15:38,960 - client_9 - INFO - Epoch 2/2 - Loss: 0.0033
2025-05-13 15:15:38,961 - client_9 - INFO - Client 9 sending full delta weights
2025-05-13 15:15:38,963 - client_9 - INFO - Sent 250184 bytes to server (weights size: 250032 bytes, client data size: 1588, sparse: False)
2025-05-13 15:15:38,967 - client_9 - INFO - Data transmission successful
2025-05-13 15:15:49,582 - client_9 - INFO - Client 9 started with algorithm: fedewma, model: lenet5
2025-05-13 15:15:53,867 - client_9 - INFO - Epoch 1/2 - Loss: 0.0272
2025-05-13 15:15:55,539 - client_9 - INFO - Epoch 2/2 - Loss: 0.0041
2025-05-13 15:15:55,539 - client_9 - INFO - Client 9 sending full delta weights
2025-05-13 15:15:55,542 - client_9 - INFO - Sent 250184 bytes to server (weights size: 250032 bytes, client data size: 1588, sparse: False)
2025-05-13 15:15:55,546 - client_9 - INFO - Data transmission successful
2025-05-13 15:16:22,036 - client_9 - INFO - Client 9 started with algorithm: fedewma, model: lenet5
2025-05-13 15:16:28,033 - client_9 - INFO - Epoch 1/2 - Loss: 0.0228
2025-05-13 15:16:29,985 - client_9 - INFO - Epoch 2/2 - Loss: 0.0032
2025-05-13 15:16:29,986 - client_9 - INFO - Client 9 sending full delta weights
2025-05-13 15:16:29,988 - client_9 - INFO - Sent 250184 bytes to server (weights size: 250032 bytes, client data size: 1588, sparse: False)
2025-05-13 15:16:29,994 - client_9 - INFO - Data transmission successful
2025-05-13 15:17:24,649 - client_9 - INFO - Client 9 started with algorithm: fedewma, model: lenet5
2025-05-13 15:17:29,445 - client_9 - INFO - Epoch 1/2 - Loss: 0.0181
2025-05-13 15:17:32,080 - client_9 - INFO - Epoch 2/2 - Loss: 0.0024
2025-05-13 15:17:32,080 - client_9 - INFO - Client 9 sending full delta weights
2025-05-13 15:17:32,083 - client_9 - INFO - Sent 250184 bytes to server (weights size: 250032 bytes, client data size: 1588, sparse: False)
2025-05-13 15:17:32,088 - client_9 - INFO - Data transmission successful
2025-05-13 15:17:34,716 - client_9 - INFO - Client 9 started with algorithm: fedewma, model: lenet5
2025-05-13 15:17:39,365 - client_9 - INFO - Epoch 1/2 - Loss: 0.0179
2025-05-13 15:17:41,014 - client_9 - INFO - Epoch 2/2 - Loss: 0.0026
2025-05-13 15:17:41,015 - client_9 - INFO - Client 9 sending full delta weights
2025-05-13 15:17:41,017 - client_9 - INFO - Sent 250184 bytes to server (weights size: 250032 bytes, client data size: 1588, sparse: False)
2025-05-13 15:17:41,021 - client_9 - INFO - Data transmission successful
2025-05-13 15:18:32,034 - client_9 - INFO - Client 9 started with algorithm: fedewma, model: lenet5
2025-05-13 15:18:38,246 - client_9 - INFO - Epoch 1/2 - Loss: 0.0200
2025-05-13 15:18:40,969 - client_9 - INFO - Epoch 2/2 - Loss: 0.0024
2025-05-13 15:18:40,969 - client_9 - INFO - Client 9 sending full delta weights
2025-05-13 15:18:40,972 - client_9 - INFO - Sent 250184 bytes to server (weights size: 250032 bytes, client data size: 1588, sparse: False)
2025-05-13 15:18:40,978 - client_9 - INFO - Data transmission successful
2025-05-13 15:20:34,485 - client_9 - INFO - Client 9 started with algorithm: fedewma, model: lenet5
2025-05-13 15:20:38,706 - client_9 - INFO - Epoch 1/2 - Loss: 0.0190
2025-05-13 15:20:39,986 - client_9 - INFO - Epoch 2/2 - Loss: 0.0018
2025-05-13 15:20:39,986 - client_9 - INFO - Client 9 sending full delta weights
2025-05-13 15:20:39,989 - client_9 - INFO - Sent 250184 bytes to server (weights size: 250032 bytes, client data size: 1588, sparse: False)
2025-05-13 15:20:39,993 - client_9 - INFO - Data transmission successful
2025-05-13 15:22:58,539 - client_9 - INFO - Client 9 started with algorithm: fedewma, model: lenet5
2025-05-13 15:23:04,165 - client_9 - INFO - Epoch 1/2 - Loss: 0.0133
2025-05-13 15:23:05,240 - client_9 - INFO - Epoch 2/2 - Loss: 0.0012
2025-05-13 15:23:05,240 - client_9 - INFO - Client 9 sending full delta weights
2025-05-13 15:23:05,242 - client_9 - INFO - Sent 250184 bytes to server (weights size: 250032 bytes, client data size: 1588, sparse: False)
2025-05-13 15:23:05,246 - client_9 - INFO - Data transmission successful
2025-05-13 15:23:26,639 - client_9 - INFO - Client 9 started with algorithm: fedewma, model: lenet5
2025-05-13 15:23:31,055 - client_9 - INFO - Epoch 1/2 - Loss: 0.0122
2025-05-13 15:23:32,302 - client_9 - INFO - Epoch 2/2 - Loss: 0.0014
2025-05-13 15:23:32,302 - client_9 - INFO - Client 9 sending full delta weights
2025-05-13 15:23:32,304 - client_9 - INFO - Sent 250184 bytes to server (weights size: 250032 bytes, client data size: 1588, sparse: False)
2025-05-13 15:23:32,307 - client_9 - INFO - Data transmission successful
2025-05-13 15:23:34,318 - client_9 - INFO - Client 9 started with algorithm: fedewma, model: lenet5
2025-05-13 15:23:38,909 - client_9 - INFO - Epoch 1/2 - Loss: 0.0124
2025-05-13 15:23:40,442 - client_9 - INFO - Epoch 2/2 - Loss: 0.0014
2025-05-13 15:23:40,443 - client_9 - INFO - Client 9 sending full delta weights
2025-05-13 15:23:40,445 - client_9 - INFO - Sent 250184 bytes to server (weights size: 250032 bytes, client data size: 1588, sparse: False)
2025-05-13 15:23:40,450 - client_9 - INFO - Data transmission successful
2025-05-13 15:24:48,777 - client_9 - INFO - Client 9 started with algorithm: fedewma, model: lenet5
2025-05-13 15:24:54,004 - client_9 - INFO - Epoch 1/2 - Loss: 0.0128
2025-05-13 15:24:56,118 - client_9 - INFO - Epoch 2/2 - Loss: 0.0013
2025-05-13 15:24:56,119 - client_9 - INFO - Client 9 sending full delta weights
2025-05-13 15:24:56,122 - client_9 - INFO - Sent 250184 bytes to server (weights size: 250032 bytes, client data size: 1588, sparse: False)
2025-05-13 15:24:56,127 - client_9 - INFO - Data transmission successful
2025-05-13 15:26:22,871 - client_9 - INFO - Client 9 started with algorithm: fedewma, model: lenet5
2025-05-13 15:26:31,238 - client_9 - INFO - Epoch 1/2 - Loss: 0.0103
2025-05-13 15:26:33,533 - client_9 - INFO - Epoch 2/2 - Loss: 0.0012
2025-05-13 15:26:33,533 - client_9 - INFO - Client 9 sending full delta weights
2025-05-13 15:26:33,536 - client_9 - INFO - Sent 250184 bytes to server (weights size: 250032 bytes, client data size: 1588, sparse: False)
2025-05-13 15:26:33,540 - client_9 - INFO - Data transmission successful
2025-05-13 15:27:29,505 - client_9 - INFO - Client 9 started with algorithm: fedewma, model: lenet5
2025-05-13 15:27:34,069 - client_9 - INFO - Epoch 1/2 - Loss: 0.0108
2025-05-13 15:27:35,901 - client_9 - INFO - Epoch 2/2 - Loss: 0.0011
2025-05-13 15:27:35,902 - client_9 - INFO - Client 9 sending full delta weights
2025-05-13 15:27:35,904 - client_9 - INFO - Sent 250184 bytes to server (weights size: 250032 bytes, client data size: 1588, sparse: False)
2025-05-13 15:27:35,909 - client_9 - INFO - Data transmission successful
2025-05-13 15:27:39,103 - client_9 - INFO - Client 9 started with algorithm: fedewma, model: lenet5
2025-05-13 15:27:43,376 - client_9 - INFO - Epoch 1/2 - Loss: 0.0135
2025-05-13 15:27:45,185 - client_9 - INFO - Epoch 2/2 - Loss: 0.0013
2025-05-13 15:27:45,185 - client_9 - INFO - Client 9 sending full delta weights
2025-05-13 15:27:45,188 - client_9 - INFO - Sent 250184 bytes to server (weights size: 250032 bytes, client data size: 1588, sparse: False)
2025-05-13 15:27:45,193 - client_9 - INFO - Data transmission successful
2025-05-13 15:29:07,137 - client_9 - INFO - Client 9 started with algorithm: fedewma, model: lenet5
2025-05-13 15:29:11,554 - client_9 - INFO - Epoch 1/2 - Loss: 0.0079
2025-05-13 15:29:13,033 - client_9 - INFO - Epoch 2/2 - Loss: 0.0010
2025-05-13 15:29:13,033 - client_9 - INFO - Client 9 sending full delta weights
2025-05-13 15:29:13,036 - client_9 - INFO - Sent 250184 bytes to server (weights size: 250032 bytes, client data size: 1588, sparse: False)
2025-05-13 15:29:13,040 - client_9 - INFO - Data transmission successful
2025-05-13 15:29:15,222 - client_9 - INFO - Client 9 started with algorithm: fedewma, model: lenet5
2025-05-13 15:29:20,800 - client_9 - INFO - Epoch 1/2 - Loss: 0.0099
2025-05-13 15:29:22,322 - client_9 - INFO - Epoch 2/2 - Loss: 0.0011
2025-05-13 15:29:22,322 - client_9 - INFO - Client 9 sending full delta weights
2025-05-13 15:29:22,324 - client_9 - INFO - Sent 250184 bytes to server (weights size: 250032 bytes, client data size: 1588, sparse: False)
2025-05-13 15:29:22,327 - client_9 - INFO - Data transmission successful
2025-05-13 15:30:40,543 - client_9 - INFO - Client 9 started with algorithm: fedewma, model: lenet5
2025-05-13 15:30:44,306 - client_9 - INFO - Epoch 1/2 - Loss: 0.0128
2025-05-13 15:30:45,347 - client_9 - INFO - Epoch 2/2 - Loss: 0.0012
2025-05-13 15:30:45,347 - client_9 - INFO - Client 9 sending full delta weights
2025-05-13 15:30:45,350 - client_9 - INFO - Sent 250184 bytes to server (weights size: 250032 bytes, client data size: 1588, sparse: False)
2025-05-13 15:30:45,354 - client_9 - INFO - Data transmission successful
2025-05-13 15:58:05,505 - client_9 - INFO - Client 9 started with algorithm: fedewma, model: resnet18fashion
2025-05-13 15:58:13,372 - client_9 - INFO - Epoch 1/2 - Loss: 0.9442
2025-05-13 15:58:16,583 - client_9 - INFO - Epoch 2/2 - Loss: 0.8418
2025-05-13 15:58:16,586 - client_9 - INFO - Client 9 sending full delta weights
2025-05-13 15:58:16,595 - client_9 - INFO - Sent 716145 bytes to server (weights size: 715993 bytes, client data size: 785, sparse: False)
2025-05-13 15:58:16,613 - client_9 - INFO - Data transmission successful
2025-05-13 15:58:22,192 - client_9 - INFO - Client 9 started with algorithm: fedewma, model: resnet18fashion
2025-05-13 15:58:31,196 - client_9 - INFO - Epoch 1/2 - Loss: 0.8734
2025-05-13 15:58:35,597 - client_9 - INFO - Epoch 2/2 - Loss: 0.6918
2025-05-13 15:58:35,603 - client_9 - INFO - Client 9 sending full delta weights
2025-05-13 15:58:35,612 - client_9 - INFO - Sent 716145 bytes to server (weights size: 715993 bytes, client data size: 785, sparse: False)
2025-05-13 15:58:35,643 - client_9 - INFO - Data transmission successful
2025-05-13 15:58:56,918 - client_9 - INFO - Client 9 started with algorithm: fedewma, model: resnet18fashion
2025-05-13 15:59:03,239 - client_9 - INFO - Epoch 1/2 - Loss: 0.8350
2025-05-13 15:59:05,155 - client_9 - INFO - Epoch 2/2 - Loss: 0.7055
2025-05-13 15:59:05,158 - client_9 - INFO - Client 9 sending full delta weights
2025-05-13 15:59:05,166 - client_9 - INFO - Sent 716145 bytes to server (weights size: 715993 bytes, client data size: 785, sparse: False)
2025-05-13 15:59:05,185 - client_9 - INFO - Data transmission successful
2025-05-13 15:59:50,535 - client_9 - INFO - Client 9 started with algorithm: fedewma, model: resnet18fashion
2025-05-13 15:59:59,700 - client_9 - INFO - Epoch 1/2 - Loss: 0.6970
2025-05-13 16:00:04,451 - client_9 - INFO - Epoch 2/2 - Loss: 0.6338
2025-05-13 16:00:04,454 - client_9 - INFO - Client 9 sending full delta weights
2025-05-13 16:00:04,464 - client_9 - INFO - Sent 716145 bytes to server (weights size: 715993 bytes, client data size: 785, sparse: False)
2025-05-13 16:00:04,489 - client_9 - INFO - Data transmission successful
2025-05-13 16:01:29,233 - client_9 - INFO - Client 9 started with algorithm: fedewma, model: resnet18fashion
2025-05-13 16:01:38,035 - client_9 - INFO - Epoch 1/2 - Loss: 0.6779
2025-05-13 16:01:42,211 - client_9 - INFO - Epoch 2/2 - Loss: 0.6431
2025-05-13 16:01:42,218 - client_9 - INFO - Client 9 sending full delta weights
2025-05-13 16:01:42,228 - client_9 - INFO - Sent 716145 bytes to server (weights size: 715993 bytes, client data size: 785, sparse: False)
2025-05-13 16:01:42,265 - client_9 - INFO - Data transmission successful
2025-05-13 16:01:50,349 - client_9 - INFO - Client 9 started with algorithm: fedewma, model: resnet18fashion
2025-05-13 16:01:58,196 - client_9 - INFO - Epoch 1/2 - Loss: 0.6394
2025-05-13 16:02:01,462 - client_9 - INFO - Epoch 2/2 - Loss: 0.5498
2025-05-13 16:02:01,466 - client_9 - INFO - Client 9 sending full delta weights
2025-05-13 16:02:01,475 - client_9 - INFO - Sent 716145 bytes to server (weights size: 715993 bytes, client data size: 785, sparse: False)
2025-05-13 16:02:01,500 - client_9 - INFO - Data transmission successful
2025-05-13 16:03:29,662 - client_9 - INFO - Client 9 started with algorithm: fedewma, model: resnet18fashion
2025-05-13 16:03:38,304 - client_9 - INFO - Epoch 1/2 - Loss: 0.6495
2025-05-13 16:03:42,029 - client_9 - INFO - Epoch 2/2 - Loss: 0.5736
2025-05-13 16:03:42,033 - client_9 - INFO - Client 9 sending full delta weights
2025-05-13 16:03:42,042 - client_9 - INFO - Sent 716145 bytes to server (weights size: 715993 bytes, client data size: 785, sparse: False)
2025-05-13 16:03:42,067 - client_9 - INFO - Data transmission successful
2025-05-13 16:06:51,653 - client_9 - INFO - Client 9 started with algorithm: fedewma, model: resnet18fashion
2025-05-13 16:06:59,138 - client_9 - INFO - Epoch 1/2 - Loss: 0.5580
2025-05-13 16:07:01,436 - client_9 - INFO - Epoch 2/2 - Loss: 0.5335
2025-05-13 16:07:01,442 - client_9 - INFO - Client 9 sending full delta weights
2025-05-13 16:07:01,452 - client_9 - INFO - Sent 716145 bytes to server (weights size: 715993 bytes, client data size: 785, sparse: False)
2025-05-13 16:07:01,476 - client_9 - INFO - Data transmission successful
2025-05-13 16:11:42,225 - client_9 - INFO - Client 9 started with algorithm: fedewma, model: resnet18fashion
2025-05-13 16:11:50,372 - client_9 - INFO - Epoch 1/2 - Loss: 0.5708
2025-05-13 16:11:53,308 - client_9 - INFO - Epoch 2/2 - Loss: 0.4561
2025-05-13 16:11:53,311 - client_9 - INFO - Client 9 sending full delta weights
2025-05-13 16:11:53,321 - client_9 - INFO - Sent 716145 bytes to server (weights size: 715993 bytes, client data size: 785, sparse: False)
2025-05-13 16:11:53,346 - client_9 - INFO - Data transmission successful
2025-05-13 16:12:33,729 - client_9 - INFO - Client 9 started with algorithm: fedewma, model: resnet18fashion
2025-05-13 16:12:42,063 - client_9 - INFO - Epoch 1/2 - Loss: 0.5165
2025-05-13 16:12:45,303 - client_9 - INFO - Epoch 2/2 - Loss: 0.4468
2025-05-13 16:12:45,305 - client_9 - INFO - Client 9 sending full delta weights
2025-05-13 16:12:45,314 - client_9 - INFO - Sent 716145 bytes to server (weights size: 715993 bytes, client data size: 785, sparse: False)
2025-05-13 16:12:45,330 - client_9 - INFO - Data transmission successful
2025-05-13 16:12:49,094 - client_9 - INFO - Client 9 started with algorithm: fedewma, model: resnet18fashion
2025-05-13 16:12:56,013 - client_9 - INFO - Epoch 1/2 - Loss: 0.5122
2025-05-13 16:12:58,633 - client_9 - INFO - Epoch 2/2 - Loss: 0.4565
2025-05-13 16:12:58,637 - client_9 - INFO - Client 9 sending full delta weights
2025-05-13 16:12:58,645 - client_9 - INFO - Sent 716145 bytes to server (weights size: 715993 bytes, client data size: 785, sparse: False)
2025-05-13 16:12:58,672 - client_9 - INFO - Data transmission successful
2025-05-13 16:14:52,500 - client_9 - INFO - Client 9 started with algorithm: fedewma, model: resnet18fashion
2025-05-13 16:14:59,451 - client_9 - INFO - Epoch 1/2 - Loss: 0.5348
2025-05-13 16:15:01,558 - client_9 - INFO - Epoch 2/2 - Loss: 0.4341
2025-05-13 16:15:01,560 - client_9 - INFO - Client 9 sending full delta weights
2025-05-13 16:15:01,569 - client_9 - INFO - Sent 716145 bytes to server (weights size: 715993 bytes, client data size: 785, sparse: False)
2025-05-13 16:15:01,585 - client_9 - INFO - Data transmission successful
2025-05-13 16:17:23,185 - client_9 - INFO - Client 9 started with algorithm: fedewma, model: resnet18fashion
2025-05-13 16:17:31,503 - client_9 - INFO - Epoch 1/2 - Loss: 0.4745
2025-05-13 16:17:34,988 - client_9 - INFO - Epoch 2/2 - Loss: 0.4056
2025-05-13 16:17:34,994 - client_9 - INFO - Client 9 sending full delta weights
2025-05-13 16:17:35,004 - client_9 - INFO - Sent 716145 bytes to server (weights size: 715993 bytes, client data size: 785, sparse: False)
2025-05-13 16:17:35,036 - client_9 - INFO - Data transmission successful
2025-05-13 16:19:23,044 - client_9 - INFO - Client 9 started with algorithm: fedewma, model: resnet18fashion
2025-05-13 16:19:30,702 - client_9 - INFO - Epoch 1/2 - Loss: 0.4693
2025-05-13 16:19:33,514 - client_9 - INFO - Epoch 2/2 - Loss: 0.4041
2025-05-13 16:19:33,516 - client_9 - INFO - Client 9 sending full delta weights
2025-05-13 16:19:33,525 - client_9 - INFO - Sent 716145 bytes to server (weights size: 715993 bytes, client data size: 785, sparse: False)
2025-05-13 16:19:33,547 - client_9 - INFO - Data transmission successful
2025-05-13 16:19:38,440 - client_9 - INFO - Client 9 started with algorithm: fedewma, model: resnet18fashion
2025-05-13 16:19:44,648 - client_9 - INFO - Epoch 1/2 - Loss: 0.5375
2025-05-13 16:19:46,459 - client_9 - INFO - Epoch 2/2 - Loss: 0.4331
2025-05-13 16:19:46,462 - client_9 - INFO - Client 9 sending full delta weights
2025-05-13 16:19:46,471 - client_9 - INFO - Sent 716145 bytes to server (weights size: 715993 bytes, client data size: 785, sparse: False)
2025-05-13 16:19:46,491 - client_9 - INFO - Data transmission successful
2025-05-13 16:22:45,720 - client_9 - INFO - Client 9 started with algorithm: fedewma, model: resnet18fashion
2025-05-13 16:23:17,903 - client_9 - INFO - Epoch 1/2 - Loss: 0.5631
2025-05-13 16:23:19,723 - client_9 - INFO - Epoch 2/2 - Loss: 0.4147
2025-05-13 16:23:19,724 - client_9 - INFO - Client 9 sending full delta weights
2025-05-13 16:23:19,733 - client_9 - INFO - Sent 716145 bytes to server (weights size: 715993 bytes, client data size: 785, sparse: False)
2025-05-13 16:23:19,749 - client_9 - INFO - Data transmission successful
2025-05-13 16:23:23,873 - client_9 - INFO - Client 9 started with algorithm: fedewma, model: resnet18fashion
2025-05-13 16:23:31,824 - client_9 - INFO - Epoch 1/2 - Loss: 0.5130
2025-05-13 16:23:34,987 - client_9 - INFO - Epoch 2/2 - Loss: 0.4292
2025-05-13 16:23:34,991 - client_9 - INFO - Client 9 sending full delta weights
2025-05-13 16:23:35,000 - client_9 - INFO - Sent 716145 bytes to server (weights size: 715993 bytes, client data size: 785, sparse: False)
2025-05-13 16:23:35,022 - client_9 - INFO - Data transmission successful
2025-05-13 16:25:53,526 - client_9 - INFO - Client 9 started with algorithm: fedewma, model: resnet18fashion
2025-05-13 16:26:00,021 - client_9 - INFO - Epoch 1/2 - Loss: 0.4810
2025-05-13 16:26:01,952 - client_9 - INFO - Epoch 2/2 - Loss: 0.4292
2025-05-13 16:26:01,955 - client_9 - INFO - Client 9 sending full delta weights
2025-05-13 16:26:01,964 - client_9 - INFO - Sent 716145 bytes to server (weights size: 715993 bytes, client data size: 785, sparse: False)
2025-05-13 16:26:01,985 - client_9 - INFO - Data transmission successful
2025-05-14 07:22:27,815 - client_9 - INFO - Client 9 started with algorithm: fedprox, model: resnet18fashion
2025-05-14 07:22:34,255 - client_9 - INFO - Epoch 1/2 - Loss: 0.9131
2025-05-14 07:22:38,466 - client_9 - INFO - Epoch 2/2 - Loss: 0.7920
2025-05-14 07:22:38,476 - client_9 - INFO - Sent 717496 bytes to server (weights size: 717344 bytes, client data size: 785, sparse: False)
2025-05-14 07:22:38,497 - client_9 - INFO - Data transmission successful
2025-05-14 07:22:43,630 - client_9 - INFO - Client 9 started with algorithm: fedprox, model: resnet18fashion
2025-05-14 07:22:51,167 - client_9 - INFO - Epoch 1/2 - Loss: 0.9023
2025-05-14 07:22:56,306 - client_9 - INFO - Epoch 2/2 - Loss: 0.7384
2025-05-14 07:22:56,318 - client_9 - INFO - Sent 717496 bytes to server (weights size: 717344 bytes, client data size: 785, sparse: False)
2025-05-14 07:22:56,346 - client_9 - INFO - Data transmission successful
2025-05-14 07:23:14,370 - client_9 - INFO - Client 9 started with algorithm: fedprox, model: resnet18fashion
2025-05-14 07:23:18,457 - client_9 - INFO - Epoch 1/2 - Loss: 0.8064
2025-05-14 07:23:20,852 - client_9 - INFO - Epoch 2/2 - Loss: 0.6890
2025-05-14 07:23:20,873 - client_9 - INFO - Sent 717496 bytes to server (weights size: 717344 bytes, client data size: 785, sparse: False)
2025-05-14 07:23:20,914 - client_9 - INFO - Data transmission successful
2025-05-14 07:24:05,744 - client_9 - INFO - Client 9 started with algorithm: fedprox, model: resnet18fashion
2025-05-14 07:24:12,491 - client_9 - INFO - Epoch 1/2 - Loss: 0.8365
2025-05-14 07:24:17,399 - client_9 - INFO - Epoch 2/2 - Loss: 0.6226
2025-05-14 07:24:17,411 - client_9 - INFO - Sent 717496 bytes to server (weights size: 717344 bytes, client data size: 785, sparse: False)
2025-05-14 07:24:17,441 - client_9 - INFO - Data transmission successful
2025-05-14 07:25:49,111 - client_9 - INFO - Client 9 started with algorithm: fedprox, model: resnet18fashion
2025-05-14 07:25:57,173 - client_9 - INFO - Epoch 1/2 - Loss: 0.6705
2025-05-14 07:26:02,981 - client_9 - INFO - Epoch 2/2 - Loss: 0.5945
2025-05-14 07:26:02,995 - client_9 - INFO - Sent 717496 bytes to server (weights size: 717344 bytes, client data size: 785, sparse: False)
2025-05-14 07:26:03,027 - client_9 - INFO - Data transmission successful
2025-05-14 07:26:13,873 - client_9 - INFO - Client 9 started with algorithm: fedprox, model: resnet18fashion
2025-05-14 07:26:20,044 - client_9 - INFO - Epoch 1/2 - Loss: 0.6208
2025-05-14 07:26:24,483 - client_9 - INFO - Epoch 2/2 - Loss: 0.5315
2025-05-14 07:26:24,496 - client_9 - INFO - Sent 717496 bytes to server (weights size: 717344 bytes, client data size: 785, sparse: False)
2025-05-14 07:26:24,518 - client_9 - INFO - Data transmission successful
2025-05-14 07:27:58,192 - client_9 - INFO - Client 9 started with algorithm: fedprox, model: resnet18fashion
2025-05-14 07:28:04,534 - client_9 - INFO - Epoch 1/2 - Loss: 0.6016
2025-05-14 07:28:09,923 - client_9 - INFO - Epoch 2/2 - Loss: 0.5532
2025-05-14 07:28:09,933 - client_9 - INFO - Sent 717496 bytes to server (weights size: 717344 bytes, client data size: 785, sparse: False)
2025-05-14 07:28:09,950 - client_9 - INFO - Data transmission successful
2025-05-14 07:31:24,122 - client_9 - INFO - Client 9 started with algorithm: fedprox, model: resnet18fashion
2025-05-14 07:31:28,744 - client_9 - INFO - Epoch 1/2 - Loss: 0.6539
2025-05-14 07:31:31,243 - client_9 - INFO - Epoch 2/2 - Loss: 0.5194
2025-05-14 07:31:31,254 - client_9 - INFO - Sent 717496 bytes to server (weights size: 717344 bytes, client data size: 785, sparse: False)
2025-05-14 07:31:31,274 - client_9 - INFO - Data transmission successful
2025-05-14 07:36:03,423 - client_9 - INFO - Client 9 started with algorithm: fedprox, model: resnet18fashion
2025-05-14 07:36:08,808 - client_9 - INFO - Epoch 1/2 - Loss: 0.5402
2025-05-14 07:36:12,284 - client_9 - INFO - Epoch 2/2 - Loss: 0.4847
2025-05-14 07:36:12,297 - client_9 - INFO - Sent 717496 bytes to server (weights size: 717344 bytes, client data size: 785, sparse: False)
2025-05-14 07:36:12,322 - client_9 - INFO - Data transmission successful
2025-05-14 07:36:56,044 - client_9 - INFO - Client 9 started with algorithm: fedprox, model: resnet18fashion
2025-05-14 07:37:02,512 - client_9 - INFO - Epoch 1/2 - Loss: 0.5411
2025-05-14 07:37:06,007 - client_9 - INFO - Epoch 2/2 - Loss: 0.4324
2025-05-14 07:37:06,017 - client_9 - INFO - Sent 717496 bytes to server (weights size: 717344 bytes, client data size: 785, sparse: False)
2025-05-14 07:37:06,037 - client_9 - INFO - Data transmission successful
2025-05-14 07:37:10,300 - client_9 - INFO - Client 9 started with algorithm: fedprox, model: resnet18fashion
2025-05-14 07:37:15,027 - client_9 - INFO - Epoch 1/2 - Loss: 0.5271
2025-05-14 07:37:18,148 - client_9 - INFO - Epoch 2/2 - Loss: 0.4412
2025-05-14 07:37:18,160 - client_9 - INFO - Sent 717496 bytes to server (weights size: 717344 bytes, client data size: 785, sparse: False)
2025-05-14 07:37:18,184 - client_9 - INFO - Data transmission successful
2025-05-14 07:39:11,563 - client_9 - INFO - Client 9 started with algorithm: fedprox, model: resnet18fashion
2025-05-14 07:39:16,999 - client_9 - INFO - Epoch 1/2 - Loss: 0.5119
2025-05-14 07:39:19,855 - client_9 - INFO - Epoch 2/2 - Loss: 0.4706
2025-05-14 07:39:19,869 - client_9 - INFO - Sent 717496 bytes to server (weights size: 717344 bytes, client data size: 785, sparse: False)
2025-05-14 07:39:19,889 - client_9 - INFO - Data transmission successful
2025-05-14 07:41:32,448 - client_9 - INFO - Client 9 started with algorithm: fedprox, model: resnet18fashion
2025-05-14 07:41:39,263 - client_9 - INFO - Epoch 1/2 - Loss: 0.4615
2025-05-14 07:41:43,764 - client_9 - INFO - Epoch 2/2 - Loss: 0.4233
2025-05-14 07:41:43,780 - client_9 - INFO - Sent 717496 bytes to server (weights size: 717344 bytes, client data size: 785, sparse: False)
2025-05-14 07:41:43,810 - client_9 - INFO - Data transmission successful
2025-05-14 07:43:32,318 - client_9 - INFO - Client 9 started with algorithm: fedprox, model: resnet18fashion
2025-05-14 07:43:37,771 - client_9 - INFO - Epoch 1/2 - Loss: 0.5158
2025-05-14 07:43:41,675 - client_9 - INFO - Epoch 2/2 - Loss: 0.4305
2025-05-14 07:43:41,687 - client_9 - INFO - Sent 717496 bytes to server (weights size: 717344 bytes, client data size: 785, sparse: False)
2025-05-14 07:43:41,711 - client_9 - INFO - Data transmission successful
2025-05-14 07:43:47,297 - client_9 - INFO - Client 9 started with algorithm: fedprox, model: resnet18fashion
2025-05-14 07:43:50,920 - client_9 - INFO - Epoch 1/2 - Loss: 0.4538
2025-05-14 07:43:53,195 - client_9 - INFO - Epoch 2/2 - Loss: 0.4365
2025-05-14 07:43:53,205 - client_9 - INFO - Sent 717496 bytes to server (weights size: 717344 bytes, client data size: 785, sparse: False)
2025-05-14 07:43:53,241 - client_9 - INFO - Data transmission successful
2025-05-14 07:46:42,709 - client_9 - INFO - Client 9 started with algorithm: fedprox, model: resnet18fashion
2025-05-14 07:46:48,836 - client_9 - INFO - Epoch 1/2 - Loss: 0.5615
2025-05-14 07:46:53,892 - client_9 - INFO - Epoch 2/2 - Loss: 0.4237
2025-05-14 07:46:53,908 - client_9 - INFO - Sent 717496 bytes to server (weights size: 717344 bytes, client data size: 785, sparse: False)
2025-05-14 07:46:53,938 - client_9 - INFO - Data transmission successful
2025-05-14 07:47:00,405 - client_9 - INFO - Client 9 started with algorithm: fedprox, model: resnet18fashion
2025-05-14 07:47:06,831 - client_9 - INFO - Epoch 1/2 - Loss: 0.4322
2025-05-14 07:47:10,827 - client_9 - INFO - Epoch 2/2 - Loss: 0.4150
2025-05-14 07:47:10,839 - client_9 - INFO - Sent 717496 bytes to server (weights size: 717344 bytes, client data size: 785, sparse: False)
2025-05-14 07:47:10,861 - client_9 - INFO - Data transmission successful
2025-05-14 07:49:34,856 - client_9 - INFO - Client 9 started with algorithm: fedprox, model: resnet18fashion
2025-05-14 07:49:38,793 - client_9 - INFO - Epoch 1/2 - Loss: 0.5601
2025-05-14 07:49:41,307 - client_9 - INFO - Epoch 2/2 - Loss: 0.4452
2025-05-14 07:49:41,319 - client_9 - INFO - Sent 717496 bytes to server (weights size: 717344 bytes, client data size: 785, sparse: False)
2025-05-14 07:49:41,345 - client_9 - INFO - Data transmission successful
2025-05-14 08:36:50,103 - client_9 - INFO - Client 9 started with algorithm: fedavg, model: resnet18fashion
2025-05-14 08:37:00,269 - client_9 - INFO - Epoch 1/2 - Loss: 0.8482
2025-05-14 08:37:04,098 - client_9 - INFO - Epoch 2/2 - Loss: 0.7222
2025-05-14 08:37:04,110 - client_9 - INFO - Sent 717498 bytes to server (weights size: 717344 bytes, client data size: 785, sparse: False)
2025-05-14 08:37:04,140 - client_9 - INFO - Data transmission successful
2025-05-14 08:37:08,130 - client_9 - INFO - Client 9 started with algorithm: fedavg, model: resnet18fashion
2025-05-14 08:37:15,973 - client_9 - INFO - Epoch 1/2 - Loss: 0.8717
2025-05-14 08:37:21,713 - client_9 - INFO - Epoch 2/2 - Loss: 0.7880
2025-05-14 08:37:21,725 - client_9 - INFO - Sent 717498 bytes to server (weights size: 717344 bytes, client data size: 785, sparse: False)
2025-05-14 08:37:21,743 - client_9 - INFO - Data transmission successful
2025-05-14 08:37:40,810 - client_9 - INFO - Client 9 started with algorithm: fedavg, model: resnet18fashion
2025-05-14 08:37:44,680 - client_9 - INFO - Epoch 1/2 - Loss: 0.7740
2025-05-14 08:37:46,722 - client_9 - INFO - Epoch 2/2 - Loss: 0.6845
2025-05-14 08:37:46,733 - client_9 - INFO - Sent 717498 bytes to server (weights size: 717344 bytes, client data size: 785, sparse: False)
2025-05-14 08:37:46,756 - client_9 - INFO - Data transmission successful
2025-05-14 08:38:36,774 - client_9 - INFO - Client 9 started with algorithm: fedavg, model: resnet18fashion
2025-05-14 08:38:43,855 - client_9 - INFO - Epoch 1/2 - Loss: 0.9024
2025-05-14 08:38:48,284 - client_9 - INFO - Epoch 2/2 - Loss: 0.6263
2025-05-14 08:38:48,295 - client_9 - INFO - Sent 717498 bytes to server (weights size: 717344 bytes, client data size: 785, sparse: False)
2025-05-14 08:38:48,320 - client_9 - INFO - Data transmission successful
2025-05-14 08:40:12,062 - client_9 - INFO - Client 9 started with algorithm: fedavg, model: resnet18fashion
2025-05-14 08:40:18,621 - client_9 - INFO - Epoch 1/2 - Loss: 0.7424
2025-05-14 08:40:26,433 - client_9 - INFO - Epoch 2/2 - Loss: 0.5718
2025-05-14 08:40:26,447 - client_9 - INFO - Sent 717498 bytes to server (weights size: 717344 bytes, client data size: 785, sparse: False)
2025-05-14 08:40:26,477 - client_9 - INFO - Data transmission successful
2025-05-14 08:40:35,167 - client_9 - INFO - Client 9 started with algorithm: fedavg, model: resnet18fashion
2025-05-14 08:40:40,566 - client_9 - INFO - Epoch 1/2 - Loss: 0.6662
2025-05-14 08:40:44,129 - client_9 - INFO - Epoch 2/2 - Loss: 0.5501
2025-05-14 08:40:44,140 - client_9 - INFO - Sent 717498 bytes to server (weights size: 717344 bytes, client data size: 785, sparse: False)
2025-05-14 08:40:44,164 - client_9 - INFO - Data transmission successful
2025-05-14 08:42:02,079 - client_9 - INFO - Client 9 started with algorithm: fedavg, model: resnet18fashion
2025-05-14 08:42:07,692 - client_9 - INFO - Epoch 1/2 - Loss: 0.5256
2025-05-14 08:42:13,984 - client_9 - INFO - Epoch 2/2 - Loss: 0.4923
2025-05-14 08:42:13,997 - client_9 - INFO - Sent 717498 bytes to server (weights size: 717344 bytes, client data size: 785, sparse: False)
2025-05-14 08:42:14,014 - client_9 - INFO - Data transmission successful
2025-05-14 08:45:44,308 - client_9 - INFO - Client 9 started with algorithm: fedavg, model: resnet18fashion
2025-05-14 08:45:49,231 - client_9 - INFO - Epoch 1/2 - Loss: 0.6737
2025-05-14 08:45:51,343 - client_9 - INFO - Epoch 2/2 - Loss: 0.4964
2025-05-14 08:45:51,362 - client_9 - INFO - Sent 717498 bytes to server (weights size: 717344 bytes, client data size: 785, sparse: False)
2025-05-14 08:45:51,387 - client_9 - INFO - Data transmission successful
2025-05-14 08:49:54,183 - client_9 - INFO - Client 9 started with algorithm: fedavg, model: resnet18fashion
2025-05-14 08:49:59,407 - client_9 - INFO - Epoch 1/2 - Loss: 0.5166
2025-05-14 08:50:02,718 - client_9 - INFO - Epoch 2/2 - Loss: 0.4532
2025-05-14 08:50:02,732 - client_9 - INFO - Sent 717498 bytes to server (weights size: 717344 bytes, client data size: 785, sparse: False)
2025-05-14 08:50:02,759 - client_9 - INFO - Data transmission successful
2025-05-14 08:50:40,754 - client_9 - INFO - Client 9 started with algorithm: fedavg, model: resnet18fashion
2025-05-14 08:50:47,268 - client_9 - INFO - Epoch 1/2 - Loss: 0.5310
2025-05-14 08:50:50,417 - client_9 - INFO - Epoch 2/2 - Loss: 0.4851
2025-05-14 08:50:50,429 - client_9 - INFO - Sent 717498 bytes to server (weights size: 717344 bytes, client data size: 785, sparse: False)
2025-05-14 08:50:50,459 - client_9 - INFO - Data transmission successful
2025-05-14 08:50:54,586 - client_9 - INFO - Client 9 started with algorithm: fedavg, model: resnet18fashion
2025-05-14 08:50:59,153 - client_9 - INFO - Epoch 1/2 - Loss: 0.4582
2025-05-14 08:51:01,942 - client_9 - INFO - Epoch 2/2 - Loss: 0.4080
2025-05-14 08:51:01,953 - client_9 - INFO - Sent 717498 bytes to server (weights size: 717344 bytes, client data size: 785, sparse: False)
2025-05-14 08:51:01,980 - client_9 - INFO - Data transmission successful
2025-05-14 08:52:37,689 - client_9 - INFO - Client 9 started with algorithm: fedavg, model: resnet18fashion
2025-05-14 08:52:41,826 - client_9 - INFO - Epoch 1/2 - Loss: 0.4775
2025-05-14 08:52:44,208 - client_9 - INFO - Epoch 2/2 - Loss: 0.4130
2025-05-14 08:52:44,220 - client_9 - INFO - Sent 717498 bytes to server (weights size: 717344 bytes, client data size: 785, sparse: False)
2025-05-14 08:52:44,235 - client_9 - INFO - Data transmission successful
2025-05-14 08:54:48,303 - client_9 - INFO - Client 9 started with algorithm: fedavg, model: resnet18fashion
2025-05-14 08:54:55,339 - client_9 - INFO - Epoch 1/2 - Loss: 0.5222
2025-05-14 08:54:59,244 - client_9 - INFO - Epoch 2/2 - Loss: 0.4564
2025-05-14 08:54:59,257 - client_9 - INFO - Sent 717498 bytes to server (weights size: 717344 bytes, client data size: 785, sparse: False)
2025-05-14 08:54:59,287 - client_9 - INFO - Data transmission successful
2025-05-14 08:56:47,322 - client_9 - INFO - Client 9 started with algorithm: fedavg, model: resnet18fashion
2025-05-14 08:56:53,096 - client_9 - INFO - Epoch 1/2 - Loss: 0.5080
2025-05-14 08:56:56,147 - client_9 - INFO - Epoch 2/2 - Loss: 0.4294
2025-05-14 08:56:56,157 - client_9 - INFO - Sent 717498 bytes to server (weights size: 717344 bytes, client data size: 785, sparse: False)
2025-05-14 08:56:56,179 - client_9 - INFO - Data transmission successful
2025-05-14 08:57:01,031 - client_9 - INFO - Client 9 started with algorithm: fedavg, model: resnet18fashion
2025-05-14 08:57:04,446 - client_9 - INFO - Epoch 1/2 - Loss: 0.4706
2025-05-14 08:57:06,484 - client_9 - INFO - Epoch 2/2 - Loss: 0.4302
2025-05-14 08:57:06,494 - client_9 - INFO - Sent 717498 bytes to server (weights size: 717344 bytes, client data size: 785, sparse: False)
2025-05-14 08:57:06,517 - client_9 - INFO - Data transmission successful
2025-05-14 08:59:40,005 - client_9 - INFO - Client 9 started with algorithm: fedavg, model: resnet18fashion
2025-05-14 08:59:44,080 - client_9 - INFO - Epoch 1/2 - Loss: 0.5579
2025-05-14 08:59:46,514 - client_9 - INFO - Epoch 2/2 - Loss: 0.4267
2025-05-14 08:59:46,524 - client_9 - INFO - Sent 717498 bytes to server (weights size: 717344 bytes, client data size: 785, sparse: False)
2025-05-14 08:59:46,567 - client_9 - INFO - Data transmission successful
2025-05-14 08:59:52,348 - client_9 - INFO - Client 9 started with algorithm: fedavg, model: resnet18fashion
2025-05-14 08:59:58,358 - client_9 - INFO - Epoch 1/2 - Loss: 0.4571
2025-05-14 09:00:02,126 - client_9 - INFO - Epoch 2/2 - Loss: 0.4356
2025-05-14 09:00:02,138 - client_9 - INFO - Sent 717498 bytes to server (weights size: 717344 bytes, client data size: 785, sparse: False)
2025-05-14 09:00:02,167 - client_9 - INFO - Data transmission successful
2025-05-14 09:02:19,166 - client_9 - INFO - Client 9 started with algorithm: fedavg, model: resnet18fashion
2025-05-14 09:02:23,900 - client_9 - INFO - Epoch 1/2 - Loss: 0.5687
2025-05-14 09:02:26,416 - client_9 - INFO - Epoch 2/2 - Loss: 0.4303
2025-05-14 09:02:26,434 - client_9 - INFO - Sent 717498 bytes to server (weights size: 717344 bytes, client data size: 785, sparse: False)
2025-05-14 09:02:26,467 - client_9 - INFO - Data transmission successful
