2025-05-12 11:20:30,917 - client_10 - INFO - Client 10 started with algorithm: fedewma, model: lenet5
2025-05-12 11:20:36,541 - client_10 - INFO - Epoch 1/2 - Loss: 0.3767
2025-05-12 11:20:38,898 - client_10 - INFO - Epoch 2/2 - Loss: 0.1646
2025-05-12 11:20:38,900 - client_10 - INFO - Client 10 sending full delta weights
2025-05-12 11:20:38,905 - client_10 - INFO - Sent 250184 bytes to server (weights size: 250032 bytes, client data size: 856, sparse: False)
2025-05-12 11:20:38,912 - client_10 - INFO - Data transmission successful
2025-05-12 11:21:53,730 - client_10 - INFO - Client 10 started with algorithm: fedewma, model: lenet5
2025-05-12 11:21:59,407 - client_10 - INFO - Epoch 1/2 - Loss: 0.1368
2025-05-12 11:22:01,823 - client_10 - INFO - Epoch 2/2 - Loss: 0.0716
2025-05-12 11:22:01,826 - client_10 - INFO - Client 10 sending full delta weights
2025-05-12 11:22:01,828 - client_10 - INFO - Sent 250184 bytes to server (weights size: 250032 bytes, client data size: 856, sparse: False)
2025-05-12 11:22:01,837 - client_10 - INFO - Data transmission successful
2025-05-12 11:22:39,261 - client_10 - INFO - Client 10 started with algorithm: fedewma, model: lenet5
2025-05-12 11:22:45,657 - client_10 - INFO - Epoch 1/2 - Loss: 0.1109
2025-05-12 11:22:47,774 - client_10 - INFO - Epoch 2/2 - Loss: 0.0641
2025-05-12 11:22:47,775 - client_10 - INFO - Client 10 sending full delta weights
2025-05-12 11:22:47,778 - client_10 - INFO - Sent 250184 bytes to server (weights size: 250032 bytes, client data size: 856, sparse: False)
2025-05-12 11:22:47,787 - client_10 - INFO - Data transmission successful
2025-05-12 11:25:04,256 - client_10 - INFO - Client 10 started with algorithm: fedewma, model: lenet5
2025-05-12 11:25:09,232 - client_10 - INFO - Epoch 1/2 - Loss: 0.1141
2025-05-12 11:25:10,683 - client_10 - INFO - Epoch 2/2 - Loss: 0.0514
2025-05-12 11:25:10,685 - client_10 - INFO - Client 10 sending full delta weights
2025-05-12 11:25:10,689 - client_10 - INFO - Sent 250184 bytes to server (weights size: 250032 bytes, client data size: 856, sparse: False)
2025-05-12 11:25:10,696 - client_10 - INFO - Data transmission successful
2025-05-12 11:26:42,463 - client_10 - INFO - Client 10 started with algorithm: fedewma, model: lenet5
2025-05-12 11:26:47,856 - client_10 - INFO - Epoch 1/2 - Loss: 0.0929
2025-05-12 11:26:49,728 - client_10 - INFO - Epoch 2/2 - Loss: 0.0417
2025-05-12 11:26:49,729 - client_10 - INFO - Client 10 sending full delta weights
2025-05-12 11:26:49,732 - client_10 - INFO - Sent 250184 bytes to server (weights size: 250032 bytes, client data size: 856, sparse: False)
2025-05-12 11:26:49,739 - client_10 - INFO - Data transmission successful
2025-05-12 11:27:27,550 - client_10 - INFO - Client 10 started with algorithm: fedewma, model: lenet5
2025-05-12 11:27:32,292 - client_10 - INFO - Epoch 1/2 - Loss: 0.0743
2025-05-12 11:27:33,643 - client_10 - INFO - Epoch 2/2 - Loss: 0.0396
2025-05-12 11:27:33,644 - client_10 - INFO - Client 10 sending full delta weights
2025-05-12 11:27:33,646 - client_10 - INFO - Sent 250184 bytes to server (weights size: 250032 bytes, client data size: 856, sparse: False)
2025-05-12 11:27:33,655 - client_10 - INFO - Data transmission successful
2025-05-12 11:27:37,229 - client_10 - INFO - Client 10 started with algorithm: fedewma, model: lenet5
2025-05-12 11:27:41,871 - client_10 - INFO - Epoch 1/2 - Loss: 0.0631
2025-05-12 11:27:43,404 - client_10 - INFO - Epoch 2/2 - Loss: 0.0347
2025-05-12 11:27:43,405 - client_10 - INFO - Client 10 sending full delta weights
2025-05-12 11:27:43,408 - client_10 - INFO - Sent 250184 bytes to server (weights size: 250032 bytes, client data size: 856, sparse: False)
2025-05-12 11:27:43,415 - client_10 - INFO - Data transmission successful
2025-05-12 11:28:04,513 - client_10 - INFO - Client 10 started with algorithm: fedewma, model: lenet5
2025-05-12 11:28:09,981 - client_10 - INFO - Epoch 1/2 - Loss: 0.0653
2025-05-12 11:28:12,027 - client_10 - INFO - Epoch 2/2 - Loss: 0.0362
2025-05-12 11:28:12,028 - client_10 - INFO - Client 10 sending full delta weights
2025-05-12 11:28:12,031 - client_10 - INFO - Sent 250184 bytes to server (weights size: 250032 bytes, client data size: 856, sparse: False)
2025-05-12 11:28:12,041 - client_10 - INFO - Data transmission successful
2025-05-12 11:31:14,280 - client_10 - INFO - Client 10 started with algorithm: fedewma, model: lenet5
2025-05-12 11:31:19,760 - client_10 - INFO - Epoch 1/2 - Loss: 0.0675
2025-05-12 11:31:22,442 - client_10 - INFO - Epoch 2/2 - Loss: 0.0301
2025-05-12 11:31:22,444 - client_10 - INFO - Client 10 sending full delta weights
2025-05-12 11:31:22,446 - client_10 - INFO - Sent 250184 bytes to server (weights size: 250032 bytes, client data size: 856, sparse: False)
2025-05-12 11:31:22,457 - client_10 - INFO - Data transmission successful
2025-05-12 11:34:30,564 - client_10 - INFO - Client 10 started with algorithm: fedewma, model: lenet5
2025-05-12 11:34:36,130 - client_10 - INFO - Epoch 1/2 - Loss: 0.0617
2025-05-12 11:34:38,231 - client_10 - INFO - Epoch 2/2 - Loss: 0.0212
2025-05-12 11:34:38,232 - client_10 - INFO - Client 10 sending full delta weights
2025-05-12 11:34:38,237 - client_10 - INFO - Sent 250184 bytes to server (weights size: 250032 bytes, client data size: 856, sparse: False)
2025-05-12 11:34:38,244 - client_10 - INFO - Data transmission successful
2025-05-12 11:34:52,315 - client_10 - INFO - Client 10 started with algorithm: fedewma, model: lenet5
2025-05-12 11:34:57,608 - client_10 - INFO - Epoch 1/2 - Loss: 0.0608
2025-05-12 11:34:59,255 - client_10 - INFO - Epoch 2/2 - Loss: 0.0208
2025-05-12 11:34:59,256 - client_10 - INFO - Client 10 sending full delta weights
2025-05-12 11:34:59,259 - client_10 - INFO - Sent 250184 bytes to server (weights size: 250032 bytes, client data size: 856, sparse: False)
2025-05-12 11:34:59,266 - client_10 - INFO - Data transmission successful
2025-05-12 11:35:31,801 - client_10 - INFO - Client 10 started with algorithm: fedewma, model: lenet5
2025-05-12 11:35:35,689 - client_10 - INFO - Epoch 1/2 - Loss: 0.0477
2025-05-12 11:35:36,577 - client_10 - INFO - Epoch 2/2 - Loss: 0.0230
2025-05-12 11:35:36,578 - client_10 - INFO - Client 10 sending full delta weights
2025-05-12 11:35:36,580 - client_10 - INFO - Sent 250184 bytes to server (weights size: 250032 bytes, client data size: 856, sparse: False)
2025-05-12 11:35:36,587 - client_10 - INFO - Data transmission successful
2025-05-12 11:36:50,214 - client_10 - INFO - Client 10 started with algorithm: fedewma, model: lenet5
2025-05-12 11:36:55,884 - client_10 - INFO - Epoch 1/2 - Loss: 0.0527
2025-05-12 11:36:58,438 - client_10 - INFO - Epoch 2/2 - Loss: 0.0156
2025-05-12 11:36:58,439 - client_10 - INFO - Client 10 sending full delta weights
2025-05-12 11:36:58,442 - client_10 - INFO - Sent 250184 bytes to server (weights size: 250032 bytes, client data size: 856, sparse: False)
2025-05-12 11:36:58,450 - client_10 - INFO - Data transmission successful
2025-05-13 07:08:12,035 - client_10 - INFO - Client 10 started with algorithm: fedprox, model: lenet5
2025-05-13 07:08:14,688 - client_10 - INFO - Epoch 1/2 - Loss: 0.3803
2025-05-13 07:08:16,515 - client_10 - INFO - Epoch 2/2 - Loss: 0.1681
2025-05-13 07:08:16,518 - client_10 - INFO - Sent 250511 bytes to server (weights size: 250359 bytes, client data size: 856, sparse: False)
2025-05-13 07:08:16,521 - client_10 - INFO - Data transmission successful
2025-05-13 07:09:37,343 - client_10 - INFO - Client 10 started with algorithm: fedprox, model: lenet5
2025-05-13 07:09:40,421 - client_10 - INFO - Epoch 1/2 - Loss: 0.1332
2025-05-13 07:09:42,508 - client_10 - INFO - Epoch 2/2 - Loss: 0.0727
2025-05-13 07:09:42,512 - client_10 - INFO - Sent 250511 bytes to server (weights size: 250359 bytes, client data size: 856, sparse: False)
2025-05-13 07:09:42,520 - client_10 - INFO - Data transmission successful
2025-05-13 07:10:14,883 - client_10 - INFO - Client 10 started with algorithm: fedprox, model: lenet5
2025-05-13 07:10:17,939 - client_10 - INFO - Epoch 1/2 - Loss: 0.1158
2025-05-13 07:10:20,122 - client_10 - INFO - Epoch 2/2 - Loss: 0.0654
2025-05-13 07:10:20,126 - client_10 - INFO - Sent 250511 bytes to server (weights size: 250359 bytes, client data size: 856, sparse: False)
2025-05-13 07:10:20,132 - client_10 - INFO - Data transmission successful
2025-05-13 07:12:09,048 - client_10 - INFO - Client 10 started with algorithm: fedprox, model: lenet5
2025-05-13 07:12:11,769 - client_10 - INFO - Epoch 1/2 - Loss: 0.1002
2025-05-13 07:12:13,139 - client_10 - INFO - Epoch 2/2 - Loss: 0.0514
2025-05-13 07:12:13,142 - client_10 - INFO - Sent 250511 bytes to server (weights size: 250359 bytes, client data size: 856, sparse: False)
2025-05-13 07:12:13,149 - client_10 - INFO - Data transmission successful
2025-05-13 07:13:25,153 - client_10 - INFO - Client 10 started with algorithm: fedprox, model: lenet5
2025-05-13 07:13:27,933 - client_10 - INFO - Epoch 1/2 - Loss: 0.0862
2025-05-13 07:13:29,620 - client_10 - INFO - Epoch 2/2 - Loss: 0.0433
2025-05-13 07:13:29,624 - client_10 - INFO - Sent 250511 bytes to server (weights size: 250359 bytes, client data size: 856, sparse: False)
2025-05-13 07:13:29,630 - client_10 - INFO - Data transmission successful
2025-05-13 07:13:58,755 - client_10 - INFO - Client 10 started with algorithm: fedprox, model: lenet5
2025-05-13 07:14:00,765 - client_10 - INFO - Epoch 1/2 - Loss: 0.0802
2025-05-13 07:14:02,042 - client_10 - INFO - Epoch 2/2 - Loss: 0.0395
2025-05-13 07:14:02,045 - client_10 - INFO - Sent 250511 bytes to server (weights size: 250359 bytes, client data size: 856, sparse: False)
2025-05-13 07:14:02,050 - client_10 - INFO - Data transmission successful
2025-05-13 07:14:05,628 - client_10 - INFO - Client 10 started with algorithm: fedprox, model: lenet5
2025-05-13 07:14:07,552 - client_10 - INFO - Epoch 1/2 - Loss: 0.0691
2025-05-13 07:14:08,987 - client_10 - INFO - Epoch 2/2 - Loss: 0.0354
2025-05-13 07:14:08,990 - client_10 - INFO - Sent 250511 bytes to server (weights size: 250359 bytes, client data size: 856, sparse: False)
2025-05-13 07:14:08,996 - client_10 - INFO - Data transmission successful
2025-05-13 07:14:24,565 - client_10 - INFO - Client 10 started with algorithm: fedprox, model: lenet5
2025-05-13 07:14:26,232 - client_10 - INFO - Epoch 1/2 - Loss: 0.0618
2025-05-13 07:14:28,432 - client_10 - INFO - Epoch 2/2 - Loss: 0.0355
2025-05-13 07:14:28,436 - client_10 - INFO - Sent 250511 bytes to server (weights size: 250359 bytes, client data size: 856, sparse: False)
2025-05-13 07:14:28,446 - client_10 - INFO - Data transmission successful
2025-05-13 07:16:49,983 - client_10 - INFO - Client 10 started with algorithm: fedprox, model: lenet5
2025-05-13 07:16:52,861 - client_10 - INFO - Epoch 1/2 - Loss: 0.0615
2025-05-13 07:16:55,284 - client_10 - INFO - Epoch 2/2 - Loss: 0.0277
2025-05-13 07:16:55,287 - client_10 - INFO - Sent 250511 bytes to server (weights size: 250359 bytes, client data size: 856, sparse: False)
2025-05-13 07:16:55,295 - client_10 - INFO - Data transmission successful
2025-05-13 07:19:25,281 - client_10 - INFO - Client 10 started with algorithm: fedprox, model: lenet5
2025-05-13 07:19:28,640 - client_10 - INFO - Epoch 1/2 - Loss: 0.0584
2025-05-13 07:19:30,592 - client_10 - INFO - Epoch 2/2 - Loss: 0.0289
2025-05-13 07:19:30,595 - client_10 - INFO - Sent 250511 bytes to server (weights size: 250359 bytes, client data size: 856, sparse: False)
2025-05-13 07:19:30,602 - client_10 - INFO - Data transmission successful
2025-05-13 07:19:41,992 - client_10 - INFO - Client 10 started with algorithm: fedprox, model: lenet5
2025-05-13 07:19:44,549 - client_10 - INFO - Epoch 1/2 - Loss: 0.0630
2025-05-13 07:19:46,129 - client_10 - INFO - Epoch 2/2 - Loss: 0.0199
2025-05-13 07:19:46,133 - client_10 - INFO - Sent 250511 bytes to server (weights size: 250359 bytes, client data size: 856, sparse: False)
2025-05-13 07:19:46,138 - client_10 - INFO - Data transmission successful
2025-05-13 07:20:14,409 - client_10 - INFO - Client 10 started with algorithm: fedprox, model: lenet5
2025-05-13 07:20:16,049 - client_10 - INFO - Epoch 1/2 - Loss: 0.0497
2025-05-13 07:20:17,087 - client_10 - INFO - Epoch 2/2 - Loss: 0.0239
2025-05-13 07:20:17,091 - client_10 - INFO - Sent 250511 bytes to server (weights size: 250359 bytes, client data size: 856, sparse: False)
2025-05-13 07:20:17,094 - client_10 - INFO - Data transmission successful
2025-05-13 07:21:14,244 - client_10 - INFO - Client 10 started with algorithm: fedprox, model: lenet5
2025-05-13 07:21:17,174 - client_10 - INFO - Epoch 1/2 - Loss: 0.0583
2025-05-13 07:21:19,842 - client_10 - INFO - Epoch 2/2 - Loss: 0.0186
2025-05-13 07:21:19,846 - client_10 - INFO - Sent 250511 bytes to server (weights size: 250359 bytes, client data size: 856, sparse: False)
2025-05-13 07:21:19,857 - client_10 - INFO - Data transmission successful
2025-05-13 07:28:15,530 - client_10 - INFO - Client 10 started with algorithm: fedavg, model: lenet5
2025-05-13 07:28:17,994 - client_10 - INFO - Epoch 1/2 - Loss: 0.3544
2025-05-13 07:28:20,187 - client_10 - INFO - Epoch 2/2 - Loss: 0.1487
2025-05-13 07:28:20,191 - client_10 - INFO - Sent 250513 bytes to server (weights size: 250359 bytes, client data size: 856, sparse: False)
2025-05-13 07:28:20,200 - client_10 - INFO - Data transmission successful
2025-05-13 07:29:15,639 - client_10 - INFO - Client 10 started with algorithm: fedavg, model: lenet5
2025-05-13 07:29:17,902 - client_10 - INFO - Epoch 1/2 - Loss: 0.1788
2025-05-13 07:29:19,939 - client_10 - INFO - Epoch 2/2 - Loss: 0.0797
2025-05-13 07:29:19,942 - client_10 - INFO - Sent 250513 bytes to server (weights size: 250359 bytes, client data size: 856, sparse: False)
2025-05-13 07:29:19,949 - client_10 - INFO - Data transmission successful
2025-05-13 07:29:48,877 - client_10 - INFO - Client 10 started with algorithm: fedavg, model: lenet5
2025-05-13 07:29:51,530 - client_10 - INFO - Epoch 1/2 - Loss: 0.1135
2025-05-13 07:29:53,387 - client_10 - INFO - Epoch 2/2 - Loss: 0.0668
2025-05-13 07:29:53,390 - client_10 - INFO - Sent 250513 bytes to server (weights size: 250359 bytes, client data size: 856, sparse: False)
2025-05-13 07:29:53,397 - client_10 - INFO - Data transmission successful
2025-05-13 07:31:33,057 - client_10 - INFO - Client 10 started with algorithm: fedavg, model: lenet5
2025-05-13 07:31:35,178 - client_10 - INFO - Epoch 1/2 - Loss: 0.1255
2025-05-13 07:31:36,473 - client_10 - INFO - Epoch 2/2 - Loss: 0.0560
2025-05-13 07:31:36,476 - client_10 - INFO - Sent 250513 bytes to server (weights size: 250359 bytes, client data size: 856, sparse: False)
2025-05-13 07:31:36,482 - client_10 - INFO - Data transmission successful
2025-05-13 07:32:43,167 - client_10 - INFO - Client 10 started with algorithm: fedavg, model: lenet5
2025-05-13 07:32:45,766 - client_10 - INFO - Epoch 1/2 - Loss: 0.1239
2025-05-13 07:32:47,400 - client_10 - INFO - Epoch 2/2 - Loss: 0.0501
2025-05-13 07:32:47,404 - client_10 - INFO - Sent 250513 bytes to server (weights size: 250359 bytes, client data size: 856, sparse: False)
2025-05-13 07:32:47,411 - client_10 - INFO - Data transmission successful
2025-05-13 07:33:17,215 - client_10 - INFO - Client 10 started with algorithm: fedavg, model: lenet5
2025-05-13 07:33:19,080 - client_10 - INFO - Epoch 1/2 - Loss: 0.0964
2025-05-13 07:33:20,249 - client_10 - INFO - Epoch 2/2 - Loss: 0.0425
2025-05-13 07:33:20,252 - client_10 - INFO - Sent 250513 bytes to server (weights size: 250359 bytes, client data size: 856, sparse: False)
2025-05-13 07:33:20,258 - client_10 - INFO - Data transmission successful
2025-05-13 07:33:23,606 - client_10 - INFO - Client 10 started with algorithm: fedavg, model: lenet5
2025-05-13 07:33:25,292 - client_10 - INFO - Epoch 1/2 - Loss: 0.0750
2025-05-13 07:33:27,091 - client_10 - INFO - Epoch 2/2 - Loss: 0.0412
2025-05-13 07:33:27,094 - client_10 - INFO - Sent 250513 bytes to server (weights size: 250359 bytes, client data size: 856, sparse: False)
2025-05-13 07:33:27,110 - client_10 - INFO - Data transmission successful
2025-05-13 07:33:41,923 - client_10 - INFO - Client 10 started with algorithm: fedavg, model: lenet5
2025-05-13 07:33:44,986 - client_10 - INFO - Epoch 1/2 - Loss: 0.0803
2025-05-13 07:33:47,144 - client_10 - INFO - Epoch 2/2 - Loss: 0.0391
2025-05-13 07:33:47,147 - client_10 - INFO - Sent 250513 bytes to server (weights size: 250359 bytes, client data size: 856, sparse: False)
2025-05-13 07:33:47,158 - client_10 - INFO - Data transmission successful
2025-05-13 07:35:55,547 - client_10 - INFO - Client 10 started with algorithm: fedavg, model: lenet5
2025-05-13 07:35:58,141 - client_10 - INFO - Epoch 1/2 - Loss: 0.0770
2025-05-13 07:36:00,597 - client_10 - INFO - Epoch 2/2 - Loss: 0.0318
2025-05-13 07:36:00,601 - client_10 - INFO - Sent 250513 bytes to server (weights size: 250359 bytes, client data size: 856, sparse: False)
2025-05-13 07:36:00,609 - client_10 - INFO - Data transmission successful
2025-05-13 07:38:13,254 - client_10 - INFO - Client 10 started with algorithm: fedavg, model: lenet5
2025-05-13 07:38:15,816 - client_10 - INFO - Epoch 1/2 - Loss: 0.0739
2025-05-13 07:38:17,639 - client_10 - INFO - Epoch 2/2 - Loss: 0.0241
2025-05-13 07:38:17,643 - client_10 - INFO - Sent 250513 bytes to server (weights size: 250359 bytes, client data size: 856, sparse: False)
2025-05-13 07:38:17,650 - client_10 - INFO - Data transmission successful
2025-05-13 07:38:28,117 - client_10 - INFO - Client 10 started with algorithm: fedavg, model: lenet5
2025-05-13 07:38:30,521 - client_10 - INFO - Epoch 1/2 - Loss: 0.0806
2025-05-13 07:38:32,338 - client_10 - INFO - Epoch 2/2 - Loss: 0.0237
2025-05-13 07:38:32,349 - client_10 - INFO - Sent 250513 bytes to server (weights size: 250359 bytes, client data size: 856, sparse: False)
2025-05-13 07:38:32,361 - client_10 - INFO - Data transmission successful
2025-05-13 07:39:02,428 - client_10 - INFO - Client 10 started with algorithm: fedavg, model: lenet5
2025-05-13 07:39:03,835 - client_10 - INFO - Epoch 1/2 - Loss: 0.0508
2025-05-13 07:39:04,656 - client_10 - INFO - Epoch 2/2 - Loss: 0.0243
2025-05-13 07:39:04,658 - client_10 - INFO - Sent 250513 bytes to server (weights size: 250359 bytes, client data size: 856, sparse: False)
2025-05-13 07:39:04,662 - client_10 - INFO - Data transmission successful
2025-05-13 07:39:55,395 - client_10 - INFO - Client 10 started with algorithm: fedavg, model: lenet5
2025-05-13 07:39:57,950 - client_10 - INFO - Epoch 1/2 - Loss: 0.0660
2025-05-13 07:40:00,200 - client_10 - INFO - Epoch 2/2 - Loss: 0.0227
2025-05-13 07:40:00,203 - client_10 - INFO - Sent 250513 bytes to server (weights size: 250359 bytes, client data size: 856, sparse: False)
2025-05-13 07:40:00,211 - client_10 - INFO - Data transmission successful
2025-05-13 14:34:59,157 - client_10 - INFO - Client 10 started with algorithm: fedewma, model: lenet5
2025-05-13 14:35:03,555 - client_10 - INFO - Epoch 1/2 - Loss: 0.3705
2025-05-13 14:35:05,691 - client_10 - INFO - Epoch 2/2 - Loss: 0.1672
2025-05-13 14:35:05,692 - client_10 - INFO - Client 10 sending full delta weights
2025-05-13 14:35:05,696 - client_10 - INFO - Sent 250184 bytes to server (weights size: 250032 bytes, client data size: 856, sparse: False)
2025-05-13 14:35:05,702 - client_10 - INFO - Data transmission successful
2025-05-13 14:36:09,414 - client_10 - INFO - Client 10 started with algorithm: fedewma, model: lenet5
2025-05-13 14:36:13,588 - client_10 - INFO - Epoch 1/2 - Loss: 0.1346
2025-05-13 14:36:15,500 - client_10 - INFO - Epoch 2/2 - Loss: 0.0692
2025-05-13 14:36:15,501 - client_10 - INFO - Client 10 sending full delta weights
2025-05-13 14:36:15,504 - client_10 - INFO - Sent 250184 bytes to server (weights size: 250032 bytes, client data size: 856, sparse: False)
2025-05-13 14:36:15,512 - client_10 - INFO - Data transmission successful
2025-05-13 14:36:47,339 - client_10 - INFO - Client 10 started with algorithm: fedewma, model: lenet5
2025-05-13 14:36:51,807 - client_10 - INFO - Epoch 1/2 - Loss: 0.1102
2025-05-13 14:36:53,629 - client_10 - INFO - Epoch 2/2 - Loss: 0.0647
2025-05-13 14:36:53,630 - client_10 - INFO - Client 10 sending full delta weights
2025-05-13 14:36:53,632 - client_10 - INFO - Sent 250184 bytes to server (weights size: 250032 bytes, client data size: 856, sparse: False)
2025-05-13 14:36:53,639 - client_10 - INFO - Data transmission successful
2025-05-13 14:38:49,203 - client_10 - INFO - Client 10 started with algorithm: fedewma, model: lenet5
2025-05-13 14:38:53,258 - client_10 - INFO - Epoch 1/2 - Loss: 0.0967
2025-05-13 14:38:54,502 - client_10 - INFO - Epoch 2/2 - Loss: 0.0522
2025-05-13 14:38:54,503 - client_10 - INFO - Client 10 sending full delta weights
2025-05-13 14:38:54,505 - client_10 - INFO - Sent 250184 bytes to server (weights size: 250032 bytes, client data size: 856, sparse: False)
2025-05-13 14:38:54,511 - client_10 - INFO - Data transmission successful
2025-05-13 14:40:13,587 - client_10 - INFO - Client 10 started with algorithm: fedewma, model: lenet5
2025-05-13 14:40:17,814 - client_10 - INFO - Epoch 1/2 - Loss: 0.0858
2025-05-13 14:40:19,362 - client_10 - INFO - Epoch 2/2 - Loss: 0.0432
2025-05-13 14:40:19,363 - client_10 - INFO - Client 10 sending full delta weights
2025-05-13 14:40:19,366 - client_10 - INFO - Sent 250184 bytes to server (weights size: 250032 bytes, client data size: 856, sparse: False)
2025-05-13 14:40:19,372 - client_10 - INFO - Data transmission successful
2025-05-13 14:40:51,799 - client_10 - INFO - Client 10 started with algorithm: fedewma, model: lenet5
2025-05-13 14:40:55,490 - client_10 - INFO - Epoch 1/2 - Loss: 0.0744
2025-05-13 14:40:56,660 - client_10 - INFO - Epoch 2/2 - Loss: 0.0396
2025-05-13 14:40:56,661 - client_10 - INFO - Client 10 sending full delta weights
2025-05-13 14:40:56,663 - client_10 - INFO - Sent 250184 bytes to server (weights size: 250032 bytes, client data size: 856, sparse: False)
2025-05-13 14:40:56,669 - client_10 - INFO - Data transmission successful
2025-05-13 14:41:00,069 - client_10 - INFO - Client 10 started with algorithm: fedewma, model: lenet5
2025-05-13 14:41:03,648 - client_10 - INFO - Epoch 1/2 - Loss: 0.0696
2025-05-13 14:41:04,965 - client_10 - INFO - Epoch 2/2 - Loss: 0.0379
2025-05-13 14:41:04,965 - client_10 - INFO - Client 10 sending full delta weights
2025-05-13 14:41:04,968 - client_10 - INFO - Sent 250184 bytes to server (weights size: 250032 bytes, client data size: 856, sparse: False)
2025-05-13 14:41:04,974 - client_10 - INFO - Data transmission successful
2025-05-13 14:41:22,852 - client_10 - INFO - Client 10 started with algorithm: fedewma, model: lenet5
2025-05-13 14:41:27,002 - client_10 - INFO - Epoch 1/2 - Loss: 0.0663
2025-05-13 14:41:28,714 - client_10 - INFO - Epoch 2/2 - Loss: 0.0320
2025-05-13 14:41:28,715 - client_10 - INFO - Client 10 sending full delta weights
2025-05-13 14:41:28,717 - client_10 - INFO - Sent 250184 bytes to server (weights size: 250032 bytes, client data size: 856, sparse: False)
2025-05-13 14:41:28,725 - client_10 - INFO - Data transmission successful
2025-05-13 14:44:03,703 - client_10 - INFO - Client 10 started with algorithm: fedewma, model: lenet5
2025-05-13 14:44:08,043 - client_10 - INFO - Epoch 1/2 - Loss: 0.0676
2025-05-13 14:44:10,247 - client_10 - INFO - Epoch 2/2 - Loss: 0.0299
2025-05-13 14:44:10,248 - client_10 - INFO - Client 10 sending full delta weights
2025-05-13 14:44:10,251 - client_10 - INFO - Sent 250184 bytes to server (weights size: 250032 bytes, client data size: 856, sparse: False)
2025-05-13 14:44:10,258 - client_10 - INFO - Data transmission successful
2025-05-13 14:46:53,447 - client_10 - INFO - Client 10 started with algorithm: fedewma, model: lenet5
2025-05-13 14:46:57,758 - client_10 - INFO - Epoch 1/2 - Loss: 0.0508
2025-05-13 14:46:59,627 - client_10 - INFO - Epoch 2/2 - Loss: 0.0235
2025-05-13 14:46:59,628 - client_10 - INFO - Client 10 sending full delta weights
2025-05-13 14:46:59,631 - client_10 - INFO - Sent 250184 bytes to server (weights size: 250032 bytes, client data size: 856, sparse: False)
2025-05-13 14:46:59,638 - client_10 - INFO - Data transmission successful
2025-05-13 14:47:12,003 - client_10 - INFO - Client 10 started with algorithm: fedewma, model: lenet5
2025-05-13 14:47:15,979 - client_10 - INFO - Epoch 1/2 - Loss: 0.0504
2025-05-13 14:47:17,401 - client_10 - INFO - Epoch 2/2 - Loss: 0.0225
2025-05-13 14:47:17,402 - client_10 - INFO - Client 10 sending full delta weights
2025-05-13 14:47:17,405 - client_10 - INFO - Sent 250184 bytes to server (weights size: 250032 bytes, client data size: 856, sparse: False)
2025-05-13 14:47:17,411 - client_10 - INFO - Data transmission successful
2025-05-13 14:47:45,165 - client_10 - INFO - Client 10 started with algorithm: fedewma, model: lenet5
2025-05-13 14:47:48,185 - client_10 - INFO - Epoch 1/2 - Loss: 0.0541
2025-05-13 14:47:48,940 - client_10 - INFO - Epoch 2/2 - Loss: 0.0256
2025-05-13 14:47:48,960 - client_10 - INFO - Client 10 sending full delta weights
2025-05-13 14:47:48,963 - client_10 - INFO - Sent 250184 bytes to server (weights size: 250032 bytes, client data size: 856, sparse: False)
2025-05-13 14:47:48,967 - client_10 - INFO - Data transmission successful
2025-05-13 14:48:51,742 - client_10 - INFO - Client 10 started with algorithm: fedewma, model: lenet5
2025-05-13 14:48:56,279 - client_10 - INFO - Epoch 1/2 - Loss: 0.0403
2025-05-13 14:48:58,548 - client_10 - INFO - Epoch 2/2 - Loss: 0.0167
2025-05-13 14:48:58,549 - client_10 - INFO - Client 10 sending full delta weights
2025-05-13 14:48:58,552 - client_10 - INFO - Sent 250184 bytes to server (weights size: 250032 bytes, client data size: 856, sparse: False)
2025-05-13 14:48:58,559 - client_10 - INFO - Data transmission successful
2025-05-13 15:15:30,616 - client_10 - INFO - Client 10 started with algorithm: fedewma, model: lenet5
2025-05-13 15:15:34,997 - client_10 - INFO - Epoch 1/2 - Loss: 0.3886
2025-05-13 15:15:37,089 - client_10 - INFO - Epoch 2/2 - Loss: 0.1661
2025-05-13 15:15:37,090 - client_10 - INFO - Client 10 sending full delta weights
2025-05-13 15:15:37,092 - client_10 - INFO - Sent 250184 bytes to server (weights size: 250032 bytes, client data size: 856, sparse: False)
2025-05-13 15:15:37,101 - client_10 - INFO - Data transmission successful
2025-05-13 15:16:42,511 - client_10 - INFO - Client 10 started with algorithm: fedewma, model: lenet5
2025-05-13 15:16:47,107 - client_10 - INFO - Epoch 1/2 - Loss: 0.1357
2025-05-13 15:16:49,767 - client_10 - INFO - Epoch 2/2 - Loss: 0.0699
2025-05-13 15:16:49,768 - client_10 - INFO - Client 10 sending full delta weights
2025-05-13 15:16:49,771 - client_10 - INFO - Sent 250184 bytes to server (weights size: 250032 bytes, client data size: 856, sparse: False)
2025-05-13 15:16:49,780 - client_10 - INFO - Data transmission successful
2025-05-13 15:17:24,650 - client_10 - INFO - Client 10 started with algorithm: fedewma, model: lenet5
2025-05-13 15:17:29,530 - client_10 - INFO - Epoch 1/2 - Loss: 0.1139
2025-05-13 15:17:31,367 - client_10 - INFO - Epoch 2/2 - Loss: 0.0640
2025-05-13 15:17:31,369 - client_10 - INFO - Client 10 sending full delta weights
2025-05-13 15:17:31,371 - client_10 - INFO - Sent 250184 bytes to server (weights size: 250032 bytes, client data size: 856, sparse: False)
2025-05-13 15:17:31,378 - client_10 - INFO - Data transmission successful
2025-05-13 15:19:31,030 - client_10 - INFO - Client 10 started with algorithm: fedewma, model: lenet5
2025-05-13 15:19:35,071 - client_10 - INFO - Epoch 1/2 - Loss: 0.1055
2025-05-13 15:19:36,360 - client_10 - INFO - Epoch 2/2 - Loss: 0.0501
2025-05-13 15:19:36,361 - client_10 - INFO - Client 10 sending full delta weights
2025-05-13 15:19:36,363 - client_10 - INFO - Sent 250184 bytes to server (weights size: 250032 bytes, client data size: 856, sparse: False)
2025-05-13 15:19:36,369 - client_10 - INFO - Data transmission successful
2025-05-13 15:20:55,882 - client_10 - INFO - Client 10 started with algorithm: fedewma, model: lenet5
2025-05-13 15:21:00,343 - client_10 - INFO - Epoch 1/2 - Loss: 0.0875
2025-05-13 15:21:01,918 - client_10 - INFO - Epoch 2/2 - Loss: 0.0421
2025-05-13 15:21:01,918 - client_10 - INFO - Client 10 sending full delta weights
2025-05-13 15:21:01,921 - client_10 - INFO - Sent 250184 bytes to server (weights size: 250032 bytes, client data size: 856, sparse: False)
2025-05-13 15:21:01,927 - client_10 - INFO - Data transmission successful
2025-05-13 15:21:34,815 - client_10 - INFO - Client 10 started with algorithm: fedewma, model: lenet5
2025-05-13 15:21:38,717 - client_10 - INFO - Epoch 1/2 - Loss: 0.0788
2025-05-13 15:21:39,886 - client_10 - INFO - Epoch 2/2 - Loss: 0.0379
2025-05-13 15:21:39,887 - client_10 - INFO - Client 10 sending full delta weights
2025-05-13 15:21:39,889 - client_10 - INFO - Sent 250184 bytes to server (weights size: 250032 bytes, client data size: 856, sparse: False)
2025-05-13 15:21:39,894 - client_10 - INFO - Data transmission successful
2025-05-13 15:21:43,204 - client_10 - INFO - Client 10 started with algorithm: fedewma, model: lenet5
2025-05-13 15:21:46,912 - client_10 - INFO - Epoch 1/2 - Loss: 0.0735
2025-05-13 15:21:48,210 - client_10 - INFO - Epoch 2/2 - Loss: 0.0387
2025-05-13 15:21:48,211 - client_10 - INFO - Client 10 sending full delta weights
2025-05-13 15:21:48,214 - client_10 - INFO - Sent 250184 bytes to server (weights size: 250032 bytes, client data size: 856, sparse: False)
2025-05-13 15:21:48,220 - client_10 - INFO - Data transmission successful
2025-05-13 15:22:06,628 - client_10 - INFO - Client 10 started with algorithm: fedewma, model: lenet5
2025-05-13 15:22:10,858 - client_10 - INFO - Epoch 1/2 - Loss: 0.0547
2025-05-13 15:22:12,603 - client_10 - INFO - Epoch 2/2 - Loss: 0.0406
2025-05-13 15:22:12,604 - client_10 - INFO - Client 10 sending full delta weights
2025-05-13 15:22:12,607 - client_10 - INFO - Sent 250184 bytes to server (weights size: 250032 bytes, client data size: 856, sparse: False)
2025-05-13 15:22:12,614 - client_10 - INFO - Data transmission successful
2025-05-13 15:24:58,697 - client_10 - INFO - Client 10 started with algorithm: fedewma, model: lenet5
2025-05-13 15:25:03,256 - client_10 - INFO - Epoch 1/2 - Loss: 0.0751
2025-05-13 15:25:05,564 - client_10 - INFO - Epoch 2/2 - Loss: 0.0289
2025-05-13 15:25:05,565 - client_10 - INFO - Client 10 sending full delta weights
2025-05-13 15:25:05,569 - client_10 - INFO - Sent 250184 bytes to server (weights size: 250032 bytes, client data size: 856, sparse: False)
2025-05-13 15:25:05,577 - client_10 - INFO - Data transmission successful
2025-05-13 15:28:06,071 - client_10 - INFO - Client 10 started with algorithm: fedewma, model: lenet5
2025-05-13 15:28:11,003 - client_10 - INFO - Epoch 1/2 - Loss: 0.0517
2025-05-13 15:28:12,837 - client_10 - INFO - Epoch 2/2 - Loss: 0.0193
2025-05-13 15:28:12,839 - client_10 - INFO - Client 10 sending full delta weights
2025-05-13 15:28:12,841 - client_10 - INFO - Sent 250184 bytes to server (weights size: 250032 bytes, client data size: 856, sparse: False)
2025-05-13 15:28:12,849 - client_10 - INFO - Data transmission successful
2025-05-13 15:28:25,874 - client_10 - INFO - Client 10 started with algorithm: fedewma, model: lenet5
2025-05-13 15:28:30,165 - client_10 - INFO - Epoch 1/2 - Loss: 0.0543
2025-05-13 15:28:31,575 - client_10 - INFO - Epoch 2/2 - Loss: 0.0215
2025-05-13 15:28:31,576 - client_10 - INFO - Client 10 sending full delta weights
2025-05-13 15:28:31,578 - client_10 - INFO - Sent 250184 bytes to server (weights size: 250032 bytes, client data size: 856, sparse: False)
2025-05-13 15:28:31,585 - client_10 - INFO - Data transmission successful
2025-05-13 15:28:59,747 - client_10 - INFO - Client 10 started with algorithm: fedewma, model: lenet5
2025-05-13 15:29:03,058 - client_10 - INFO - Epoch 1/2 - Loss: 0.0535
2025-05-13 15:29:03,754 - client_10 - INFO - Epoch 2/2 - Loss: 0.0198
2025-05-13 15:29:03,755 - client_10 - INFO - Client 10 sending full delta weights
2025-05-13 15:29:03,758 - client_10 - INFO - Sent 250184 bytes to server (weights size: 250032 bytes, client data size: 856, sparse: False)
2025-05-13 15:29:03,762 - client_10 - INFO - Data transmission successful
2025-05-13 15:30:09,920 - client_10 - INFO - Client 10 started with algorithm: fedewma, model: lenet5
2025-05-13 15:30:14,575 - client_10 - INFO - Epoch 1/2 - Loss: 0.0361
2025-05-13 15:30:16,833 - client_10 - INFO - Epoch 2/2 - Loss: 0.0157
2025-05-13 15:30:16,834 - client_10 - INFO - Client 10 sending full delta weights
2025-05-13 15:30:16,837 - client_10 - INFO - Sent 250184 bytes to server (weights size: 250032 bytes, client data size: 856, sparse: False)
2025-05-13 15:30:16,847 - client_10 - INFO - Data transmission successful
2025-05-13 15:58:22,196 - client_10 - INFO - Client 10 started with algorithm: fedewma, model: resnet18fashion
2025-05-13 15:58:34,944 - client_10 - INFO - Epoch 1/2 - Loss: 0.3611
2025-05-13 15:58:39,998 - client_10 - INFO - Epoch 2/2 - Loss: 0.2767
2025-05-13 15:58:39,999 - client_10 - INFO - Client 10 sending full delta weights
2025-05-13 15:58:40,008 - client_10 - INFO - Sent 716145 bytes to server (weights size: 715993 bytes, client data size: 1549, sparse: False)
2025-05-13 15:58:40,021 - client_10 - INFO - Data transmission successful
2025-05-13 16:00:28,762 - client_10 - INFO - Client 10 started with algorithm: fedewma, model: resnet18fashion
2025-05-13 16:00:41,234 - client_10 - INFO - Epoch 1/2 - Loss: 0.2680
2025-05-13 16:00:45,951 - client_10 - INFO - Epoch 2/2 - Loss: 0.2203
2025-05-13 16:00:45,952 - client_10 - INFO - Client 10 sending full delta weights
2025-05-13 16:00:45,960 - client_10 - INFO - Sent 716145 bytes to server (weights size: 715993 bytes, client data size: 1549, sparse: False)
2025-05-13 16:00:45,971 - client_10 - INFO - Data transmission successful
2025-05-13 16:01:29,237 - client_10 - INFO - Client 10 started with algorithm: fedewma, model: resnet18fashion
2025-05-13 16:01:41,935 - client_10 - INFO - Epoch 1/2 - Loss: 0.2415
2025-05-13 16:01:47,744 - client_10 - INFO - Epoch 2/2 - Loss: 0.2142
2025-05-13 16:01:47,746 - client_10 - INFO - Client 10 sending full delta weights
2025-05-13 16:01:47,755 - client_10 - INFO - Sent 716145 bytes to server (weights size: 715993 bytes, client data size: 1549, sparse: False)
2025-05-13 16:01:47,786 - client_10 - INFO - Data transmission successful
2025-05-13 16:04:56,301 - client_10 - INFO - Client 10 started with algorithm: fedewma, model: resnet18fashion
2025-05-13 16:05:07,751 - client_10 - INFO - Epoch 1/2 - Loss: 0.2359
2025-05-13 16:05:11,511 - client_10 - INFO - Epoch 2/2 - Loss: 0.1928
2025-05-13 16:05:11,513 - client_10 - INFO - Client 10 sending full delta weights
2025-05-13 16:05:11,520 - client_10 - INFO - Sent 716145 bytes to server (weights size: 715993 bytes, client data size: 1549, sparse: False)
2025-05-13 16:05:11,533 - client_10 - INFO - Data transmission successful
2025-05-13 16:07:28,420 - client_10 - INFO - Client 10 started with algorithm: fedewma, model: resnet18fashion
2025-05-13 16:07:42,530 - client_10 - INFO - Epoch 1/2 - Loss: 0.2117
2025-05-13 16:07:48,192 - client_10 - INFO - Epoch 2/2 - Loss: 0.1935
2025-05-13 16:07:48,194 - client_10 - INFO - Client 10 sending full delta weights
2025-05-13 16:07:48,204 - client_10 - INFO - Sent 716145 bytes to server (weights size: 715993 bytes, client data size: 1549, sparse: False)
2025-05-13 16:07:48,221 - client_10 - INFO - Data transmission successful
2025-05-13 16:08:49,999 - client_10 - INFO - Client 10 started with algorithm: fedewma, model: resnet18fashion
2025-05-13 16:09:04,043 - client_10 - INFO - Epoch 1/2 - Loss: 0.2017
2025-05-13 16:09:08,310 - client_10 - INFO - Epoch 2/2 - Loss: 0.1638
2025-05-13 16:09:08,310 - client_10 - INFO - Client 10 sending full delta weights
2025-05-13 16:09:08,317 - client_10 - INFO - Sent 716145 bytes to server (weights size: 715993 bytes, client data size: 1549, sparse: False)
2025-05-13 16:09:08,328 - client_10 - INFO - Data transmission successful
2025-05-13 16:09:10,336 - client_10 - INFO - Client 10 started with algorithm: fedewma, model: resnet18fashion
2025-05-13 16:09:22,315 - client_10 - INFO - Epoch 1/2 - Loss: 0.1923
2025-05-13 16:09:26,121 - client_10 - INFO - Epoch 2/2 - Loss: 0.1858
2025-05-13 16:09:26,123 - client_10 - INFO - Client 10 sending full delta weights
2025-05-13 16:09:26,131 - client_10 - INFO - Sent 716145 bytes to server (weights size: 715993 bytes, client data size: 1549, sparse: False)
2025-05-13 16:09:26,150 - client_10 - INFO - Data transmission successful
2025-05-13 16:10:04,351 - client_10 - INFO - Client 10 started with algorithm: fedewma, model: resnet18fashion
2025-05-13 16:10:17,143 - client_10 - INFO - Epoch 1/2 - Loss: 0.1899
2025-05-13 16:10:22,947 - client_10 - INFO - Epoch 2/2 - Loss: 0.1616
2025-05-13 16:10:22,949 - client_10 - INFO - Client 10 sending full delta weights
2025-05-13 16:10:22,957 - client_10 - INFO - Sent 716145 bytes to server (weights size: 715993 bytes, client data size: 1549, sparse: False)
2025-05-13 16:10:22,975 - client_10 - INFO - Data transmission successful
2025-05-13 16:15:04,718 - client_10 - INFO - Client 10 started with algorithm: fedewma, model: resnet18fashion
2025-05-13 16:15:17,708 - client_10 - INFO - Epoch 1/2 - Loss: 0.1902
2025-05-13 16:15:22,020 - client_10 - INFO - Epoch 2/2 - Loss: 0.1557
2025-05-13 16:15:22,021 - client_10 - INFO - Client 10 sending full delta weights
2025-05-13 16:15:22,027 - client_10 - INFO - Sent 716145 bytes to server (weights size: 715993 bytes, client data size: 1549, sparse: False)
2025-05-13 16:15:22,036 - client_10 - INFO - Data transmission successful
2025-05-13 16:20:25,185 - client_10 - INFO - Client 10 started with algorithm: fedewma, model: resnet18fashion
2025-05-13 16:20:38,292 - client_10 - INFO - Epoch 1/2 - Loss: 0.1987
2025-05-13 16:20:44,712 - client_10 - INFO - Epoch 2/2 - Loss: 0.1577
2025-05-13 16:20:44,714 - client_10 - INFO - Client 10 sending full delta weights
2025-05-13 16:20:44,722 - client_10 - INFO - Sent 716145 bytes to server (weights size: 715993 bytes, client data size: 1549, sparse: False)
2025-05-13 16:20:44,741 - client_10 - INFO - Data transmission successful
2025-05-13 16:21:08,528 - client_10 - INFO - Client 10 started with algorithm: fedewma, model: resnet18fashion
2025-05-13 16:21:30,246 - client_10 - INFO - Epoch 1/2 - Loss: 0.1804
2025-05-13 16:21:42,476 - client_10 - INFO - Epoch 2/2 - Loss: 0.1595
2025-05-13 16:21:42,476 - client_10 - INFO - Client 10 sending full delta weights
2025-05-13 16:21:42,485 - client_10 - INFO - Sent 716145 bytes to server (weights size: 715993 bytes, client data size: 1549, sparse: False)
2025-05-13 16:21:42,498 - client_10 - INFO - Data transmission successful
2025-05-13 16:22:30,955 - client_10 - INFO - Client 10 started with algorithm: fedewma, model: resnet18fashion
2025-05-13 16:22:39,208 - client_10 - INFO - Epoch 1/2 - Loss: 0.1843
2025-05-13 16:22:42,818 - client_10 - INFO - Epoch 2/2 - Loss: 0.1521
2025-05-13 16:22:42,819 - client_10 - INFO - Client 10 sending full delta weights
2025-05-13 16:22:42,828 - client_10 - INFO - Sent 716145 bytes to server (weights size: 715993 bytes, client data size: 1549, sparse: False)
2025-05-13 16:22:42,844 - client_10 - INFO - Data transmission successful
2025-05-13 16:24:57,498 - client_10 - INFO - Client 10 started with algorithm: fedewma, model: resnet18fashion
2025-05-13 16:25:10,379 - client_10 - INFO - Epoch 1/2 - Loss: 0.1784
2025-05-13 16:25:16,181 - client_10 - INFO - Epoch 2/2 - Loss: 0.1489
2025-05-13 16:25:16,183 - client_10 - INFO - Client 10 sending full delta weights
2025-05-13 16:25:16,192 - client_10 - INFO - Sent 716145 bytes to server (weights size: 715993 bytes, client data size: 1549, sparse: False)
2025-05-13 16:25:16,211 - client_10 - INFO - Data transmission successful
2025-05-14 07:22:43,634 - client_10 - INFO - Client 10 started with algorithm: fedprox, model: resnet18fashion
2025-05-14 07:22:56,654 - client_10 - INFO - Epoch 1/2 - Loss: 0.3611
2025-05-14 07:23:02,257 - client_10 - INFO - Epoch 2/2 - Loss: 0.2669
2025-05-14 07:23:02,267 - client_10 - INFO - Sent 717496 bytes to server (weights size: 717344 bytes, client data size: 1549, sparse: False)
2025-05-14 07:23:02,280 - client_10 - INFO - Data transmission successful
2025-05-14 07:24:41,185 - client_10 - INFO - Client 10 started with algorithm: fedprox, model: resnet18fashion
2025-05-14 07:24:54,797 - client_10 - INFO - Epoch 1/2 - Loss: 0.2794
2025-05-14 07:25:02,264 - client_10 - INFO - Epoch 2/2 - Loss: 0.2272
2025-05-14 07:25:02,273 - client_10 - INFO - Sent 717496 bytes to server (weights size: 717344 bytes, client data size: 1549, sparse: False)
2025-05-14 07:25:02,287 - client_10 - INFO - Data transmission successful
2025-05-14 07:25:49,112 - client_10 - INFO - Client 10 started with algorithm: fedprox, model: resnet18fashion
2025-05-14 07:26:02,597 - client_10 - INFO - Epoch 1/2 - Loss: 0.2323
2025-05-14 07:26:11,048 - client_10 - INFO - Epoch 2/2 - Loss: 0.2096
2025-05-14 07:26:11,057 - client_10 - INFO - Sent 717496 bytes to server (weights size: 717344 bytes, client data size: 1549, sparse: False)
2025-05-14 07:26:11,074 - client_10 - INFO - Data transmission successful
2025-05-14 07:29:32,531 - client_10 - INFO - Client 10 started with algorithm: fedprox, model: resnet18fashion
2025-05-14 07:29:43,869 - client_10 - INFO - Epoch 1/2 - Loss: 0.2586
2025-05-14 07:29:48,455 - client_10 - INFO - Epoch 2/2 - Loss: 0.1777
2025-05-14 07:29:48,464 - client_10 - INFO - Sent 717496 bytes to server (weights size: 717344 bytes, client data size: 1549, sparse: False)
2025-05-14 07:29:48,477 - client_10 - INFO - Data transmission successful
2025-05-14 07:31:56,447 - client_10 - INFO - Client 10 started with algorithm: fedprox, model: resnet18fashion
2025-05-14 07:32:09,187 - client_10 - INFO - Epoch 1/2 - Loss: 0.2098
2025-05-14 07:32:15,004 - client_10 - INFO - Epoch 2/2 - Loss: 0.1727
2025-05-14 07:32:15,022 - client_10 - INFO - Sent 717496 bytes to server (weights size: 717344 bytes, client data size: 1549, sparse: False)
2025-05-14 07:32:15,037 - client_10 - INFO - Data transmission successful
2025-05-14 07:33:15,340 - client_10 - INFO - Client 10 started with algorithm: fedprox, model: resnet18fashion
2025-05-14 07:33:25,657 - client_10 - INFO - Epoch 1/2 - Loss: 0.1993
2025-05-14 07:33:30,618 - client_10 - INFO - Epoch 2/2 - Loss: 0.1679
2025-05-14 07:33:30,625 - client_10 - INFO - Sent 717496 bytes to server (weights size: 717344 bytes, client data size: 1549, sparse: False)
2025-05-14 07:33:30,634 - client_10 - INFO - Data transmission successful
2025-05-14 07:33:32,640 - client_10 - INFO - Client 10 started with algorithm: fedprox, model: resnet18fashion
2025-05-14 07:33:40,829 - client_10 - INFO - Epoch 1/2 - Loss: 0.2092
2025-05-14 07:33:45,962 - client_10 - INFO - Epoch 2/2 - Loss: 0.1671
2025-05-14 07:33:45,972 - client_10 - INFO - Sent 717496 bytes to server (weights size: 717344 bytes, client data size: 1549, sparse: False)
2025-05-14 07:33:45,994 - client_10 - INFO - Data transmission successful
2025-05-14 07:34:28,026 - client_10 - INFO - Client 10 started with algorithm: fedprox, model: resnet18fashion
2025-05-14 07:34:39,205 - client_10 - INFO - Epoch 1/2 - Loss: 0.2027
2025-05-14 07:34:46,579 - client_10 - INFO - Epoch 2/2 - Loss: 0.1724
2025-05-14 07:34:46,589 - client_10 - INFO - Sent 717496 bytes to server (weights size: 717344 bytes, client data size: 1549, sparse: False)
2025-05-14 07:34:46,601 - client_10 - INFO - Data transmission successful
2025-05-14 07:39:23,547 - client_10 - INFO - Client 10 started with algorithm: fedprox, model: resnet18fashion
2025-05-14 07:39:35,738 - client_10 - INFO - Epoch 1/2 - Loss: 0.1980
2025-05-14 07:39:41,382 - client_10 - INFO - Epoch 2/2 - Loss: 0.1567
2025-05-14 07:39:41,394 - client_10 - INFO - Sent 717496 bytes to server (weights size: 717344 bytes, client data size: 1549, sparse: False)
2025-05-14 07:39:41,408 - client_10 - INFO - Data transmission successful
2025-05-14 07:44:31,256 - client_10 - INFO - Client 10 started with algorithm: fedprox, model: resnet18fashion
2025-05-14 07:44:46,146 - client_10 - INFO - Epoch 1/2 - Loss: 0.2007
2025-05-14 07:44:53,052 - client_10 - INFO - Epoch 2/2 - Loss: 0.1508
2025-05-14 07:44:53,061 - client_10 - INFO - Sent 717496 bytes to server (weights size: 717344 bytes, client data size: 1549, sparse: False)
2025-05-14 07:44:53,077 - client_10 - INFO - Data transmission successful
2025-05-14 07:45:16,920 - client_10 - INFO - Client 10 started with algorithm: fedprox, model: resnet18fashion
2025-05-14 07:45:34,403 - client_10 - INFO - Epoch 1/2 - Loss: 0.1781
2025-05-14 07:45:41,415 - client_10 - INFO - Epoch 2/2 - Loss: 0.1403
2025-05-14 07:45:41,426 - client_10 - INFO - Sent 717496 bytes to server (weights size: 717344 bytes, client data size: 1549, sparse: False)
2025-05-14 07:45:41,445 - client_10 - INFO - Data transmission successful
2025-05-14 07:46:28,563 - client_10 - INFO - Client 10 started with algorithm: fedprox, model: resnet18fashion
2025-05-14 07:46:35,123 - client_10 - INFO - Epoch 1/2 - Loss: 0.1838
2025-05-14 07:46:39,356 - client_10 - INFO - Epoch 2/2 - Loss: 0.1483
2025-05-14 07:46:39,367 - client_10 - INFO - Sent 717496 bytes to server (weights size: 717344 bytes, client data size: 1549, sparse: False)
2025-05-14 07:46:39,385 - client_10 - INFO - Data transmission successful
2025-05-14 07:48:36,219 - client_10 - INFO - Client 10 started with algorithm: fedprox, model: resnet18fashion
2025-05-14 07:48:48,467 - client_10 - INFO - Epoch 1/2 - Loss: 0.1749
2025-05-14 07:48:56,013 - client_10 - INFO - Epoch 2/2 - Loss: 0.1558
2025-05-14 07:48:56,023 - client_10 - INFO - Sent 717496 bytes to server (weights size: 717344 bytes, client data size: 1549, sparse: False)
2025-05-14 07:48:56,048 - client_10 - INFO - Data transmission successful
2025-05-14 08:37:08,134 - client_10 - INFO - Client 10 started with algorithm: fedavg, model: resnet18fashion
2025-05-14 08:37:22,281 - client_10 - INFO - Epoch 1/2 - Loss: 0.3517
2025-05-14 08:37:29,205 - client_10 - INFO - Epoch 2/2 - Loss: 0.2762
2025-05-14 08:37:29,215 - client_10 - INFO - Sent 717498 bytes to server (weights size: 717344 bytes, client data size: 1549, sparse: False)
2025-05-14 08:37:29,234 - client_10 - INFO - Data transmission successful
2025-05-14 08:39:09,317 - client_10 - INFO - Client 10 started with algorithm: fedavg, model: resnet18fashion
2025-05-14 08:39:19,844 - client_10 - INFO - Epoch 1/2 - Loss: 0.2678
2025-05-14 08:39:25,253 - client_10 - INFO - Epoch 2/2 - Loss: 0.2237
2025-05-14 08:39:25,262 - client_10 - INFO - Sent 717498 bytes to server (weights size: 717344 bytes, client data size: 1549, sparse: False)
2025-05-14 08:39:25,276 - client_10 - INFO - Data transmission successful
2025-05-14 08:40:12,065 - client_10 - INFO - Client 10 started with algorithm: fedavg, model: resnet18fashion
2025-05-14 08:40:23,975 - client_10 - INFO - Epoch 1/2 - Loss: 0.2498
2025-05-14 08:40:32,128 - client_10 - INFO - Epoch 2/2 - Loss: 0.1905
2025-05-14 08:40:32,137 - client_10 - INFO - Sent 717498 bytes to server (weights size: 717344 bytes, client data size: 1549, sparse: False)
2025-05-14 08:40:32,154 - client_10 - INFO - Data transmission successful
2025-05-14 08:43:38,783 - client_10 - INFO - Client 10 started with algorithm: fedavg, model: resnet18fashion
2025-05-14 08:43:49,532 - client_10 - INFO - Epoch 1/2 - Loss: 0.2348
2025-05-14 08:43:53,580 - client_10 - INFO - Epoch 2/2 - Loss: 0.1900
2025-05-14 08:43:53,589 - client_10 - INFO - Sent 717498 bytes to server (weights size: 717344 bytes, client data size: 1549, sparse: False)
2025-05-14 08:43:53,607 - client_10 - INFO - Data transmission successful
2025-05-14 08:46:15,227 - client_10 - INFO - Client 10 started with algorithm: fedavg, model: resnet18fashion
2025-05-14 08:46:28,231 - client_10 - INFO - Epoch 1/2 - Loss: 0.2094
2025-05-14 08:46:33,909 - client_10 - INFO - Epoch 2/2 - Loss: 0.1753
2025-05-14 08:46:33,918 - client_10 - INFO - Sent 717498 bytes to server (weights size: 717344 bytes, client data size: 1549, sparse: False)
2025-05-14 08:46:33,931 - client_10 - INFO - Data transmission successful
2025-05-14 08:47:29,911 - client_10 - INFO - Client 10 started with algorithm: fedavg, model: resnet18fashion
2025-05-14 08:47:39,951 - client_10 - INFO - Epoch 1/2 - Loss: 0.2115
2025-05-14 08:47:43,925 - client_10 - INFO - Epoch 2/2 - Loss: 0.1735
2025-05-14 08:47:43,933 - client_10 - INFO - Sent 717498 bytes to server (weights size: 717344 bytes, client data size: 1549, sparse: False)
2025-05-14 08:47:43,942 - client_10 - INFO - Data transmission successful
2025-05-14 08:47:45,946 - client_10 - INFO - Client 10 started with algorithm: fedavg, model: resnet18fashion
2025-05-14 08:47:52,848 - client_10 - INFO - Epoch 1/2 - Loss: 0.2001
2025-05-14 08:47:58,095 - client_10 - INFO - Epoch 2/2 - Loss: 0.1685
2025-05-14 08:47:58,105 - client_10 - INFO - Sent 717498 bytes to server (weights size: 717344 bytes, client data size: 1549, sparse: False)
2025-05-14 08:47:58,128 - client_10 - INFO - Data transmission successful
2025-05-14 08:48:30,046 - client_10 - INFO - Client 10 started with algorithm: fedavg, model: resnet18fashion
2025-05-14 08:48:41,253 - client_10 - INFO - Epoch 1/2 - Loss: 0.1951
2025-05-14 08:48:48,521 - client_10 - INFO - Epoch 2/2 - Loss: 0.1659
2025-05-14 08:48:48,533 - client_10 - INFO - Sent 717498 bytes to server (weights size: 717344 bytes, client data size: 1549, sparse: False)
2025-05-14 08:48:48,551 - client_10 - INFO - Data transmission successful
2025-05-14 08:52:47,231 - client_10 - INFO - Client 10 started with algorithm: fedavg, model: resnet18fashion
2025-05-14 08:52:57,204 - client_10 - INFO - Epoch 1/2 - Loss: 0.2103
2025-05-14 08:53:02,489 - client_10 - INFO - Epoch 2/2 - Loss: 0.1638
2025-05-14 08:53:02,497 - client_10 - INFO - Sent 717498 bytes to server (weights size: 717344 bytes, client data size: 1549, sparse: False)
2025-05-14 08:53:02,506 - client_10 - INFO - Data transmission successful
2025-05-14 08:57:40,534 - client_10 - INFO - Client 10 started with algorithm: fedavg, model: resnet18fashion
2025-05-14 08:57:53,291 - client_10 - INFO - Epoch 1/2 - Loss: 0.2140
2025-05-14 08:58:01,376 - client_10 - INFO - Epoch 2/2 - Loss: 0.1533
2025-05-14 08:58:01,386 - client_10 - INFO - Sent 717498 bytes to server (weights size: 717344 bytes, client data size: 1549, sparse: False)
2025-05-14 08:58:01,406 - client_10 - INFO - Data transmission successful
2025-05-14 08:58:23,143 - client_10 - INFO - Client 10 started with algorithm: fedavg, model: resnet18fashion
2025-05-14 08:58:33,989 - client_10 - INFO - Epoch 1/2 - Loss: 0.1757
2025-05-14 08:58:38,842 - client_10 - INFO - Epoch 2/2 - Loss: 0.1458
2025-05-14 08:58:38,851 - client_10 - INFO - Sent 717498 bytes to server (weights size: 717344 bytes, client data size: 1549, sparse: False)
2025-05-14 08:58:38,864 - client_10 - INFO - Data transmission successful
2025-05-14 08:59:22,351 - client_10 - INFO - Client 10 started with algorithm: fedavg, model: resnet18fashion
2025-05-14 08:59:31,316 - client_10 - INFO - Epoch 1/2 - Loss: 0.1811
2025-05-14 08:59:36,860 - client_10 - INFO - Epoch 2/2 - Loss: 0.1481
2025-05-14 08:59:36,872 - client_10 - INFO - Sent 717498 bytes to server (weights size: 717344 bytes, client data size: 1549, sparse: False)
2025-05-14 08:59:36,893 - client_10 - INFO - Data transmission successful
2025-05-14 09:01:16,594 - client_10 - INFO - Client 10 started with algorithm: fedavg, model: resnet18fashion
2025-05-14 09:01:30,764 - client_10 - INFO - Epoch 1/2 - Loss: 0.1765
2025-05-14 09:01:35,731 - client_10 - INFO - Epoch 2/2 - Loss: 0.1594
2025-05-14 09:01:35,741 - client_10 - INFO - Sent 717498 bytes to server (weights size: 717344 bytes, client data size: 1549, sparse: False)
2025-05-14 09:01:35,759 - client_10 - INFO - Data transmission successful
